INFO 2017-06-07 10:15:51,619 [main]: Config file: config/MyConfig.properties
INFO 2017-06-07 10:15:51,621 [main]: Workload config file: /home/ubuntu/linkbench/config/FBWorkload.properties
INFO 2017-06-07 10:15:51,623 [main]: Starting loaders 10
INFO 2017-06-07 10:15:51,623 [main]: Using random seed -411923253621 since load_random_seed not specified
INFO 2017-06-07 10:15:51,691 [main]: Loading real distribution data from /home/ubuntu/linkbench/config/Distribution.dat
INFO 2017-06-07 10:15:52,207 [main]: Will generate graph nodes during loading
INFO 2017-06-07 10:15:52,258 [Thread-10]: Starting loader thread  #10 loading nodes
INFO 2017-06-07 10:15:53,326 [Thread-3]: Starting loader thread  #3 loading links
INFO 2017-06-07 10:15:53,471 [Thread-6]: Starting loader thread  #6 loading links
INFO 2017-06-07 10:15:53,561 [Thread-5]: Starting loader thread  #5 loading links
INFO 2017-06-07 10:15:53,601 [Thread-8]: Starting loader thread  #8 loading links
INFO 2017-06-07 10:15:53,632 [Thread-0]: Starting loader thread  #0 loading links
INFO 2017-06-07 10:15:53,651 [Thread-4]: Starting loader thread  #4 loading links
INFO 2017-06-07 10:15:53,664 [Thread-9]: Starting loader thread  #9 loading links
INFO 2017-06-07 10:15:53,924 [Thread-1]: Starting loader thread  #1 loading links
INFO 2017-06-07 10:15:53,980 [Thread-2]: Starting loader thread  #2 loading links
INFO 2017-06-07 10:15:54,046 [Thread-7]: Starting loader thread  #7 loading links
INFO 2017-06-07 10:15:54,604 [Thread-1]: 16960/1000000 id1s loaded (1.7% complete) at 7217.02 id1s/sec avg. 54411 links loaded at 23153.62 links/sec avg.
INFO 2017-06-07 10:15:55,482 [Thread-3]: 29248/1000000 id1s loaded (2.9% complete) at 9057.91 id1s/sec avg. 118061 links loaded at 36562.71 links/sec avg.
INFO 2017-06-07 10:15:55,809 [Thread-4]: 37440/1000000 id1s loaded (3.7% complete) at 10528.68 id1s/sec avg. 151753 links loaded at 42675.20 links/sec avg.
INFO 2017-06-07 10:15:56,682 [Thread-6]: 55872/1000000 id1s loaded (5.6% complete) at 12617.89 id1s/sec avg. 215176 links loaded at 48594.40 links/sec avg.
INFO 2017-06-07 10:15:57,372 [Thread-8]: 72256/1000000 id1s loaded (7.2% complete) at 14115.26 id1s/sec avg. 259433 links loaded at 50680.41 links/sec avg.
INFO 2017-06-07 10:15:57,676 [Thread-2]: 82496/1000000 id1s loaded (8.2% complete) at 15212.24 id1s/sec avg. 302473 links loaded at 55775.95 links/sec avg.
INFO 2017-06-07 10:15:58,559 [Thread-4]: 100928/1000000 id1s loaded (10.1% complete) at 16005.07 id1s/sec avg. 360273 links loaded at 57131.78 links/sec avg.
INFO 2017-06-07 10:15:59,199 [Thread-0]: 111168/1000000 id1s loaded (11.1% complete) at 16004.61 id1s/sec avg. 405071 links loaded at 58317.16 links/sec avg.
INFO 2017-06-07 10:15:59,618 [Thread-7]: 123456/1000000 id1s loaded (12.3% complete) at 16764.80 id1s/sec avg. 472258 links loaded at 64130.64 links/sec avg.
INFO 2017-06-07 10:15:59,910 [Thread-5]: 131648/1000000 id1s loaded (13.2% complete) at 17193.16 id1s/sec avg. 502947 links loaded at 65684.60 links/sec avg.
INFO 2017-06-07 10:16:00,471 [Thread-0]: 143936/1000000 id1s loaded (14.4% complete) at 17514.72 id1s/sec avg. 550388 links loaded at 66973.47 links/sec avg.
INFO 2017-06-07 10:16:01,541 [Thread-3]: 168512/1000000 id1s loaded (16.9% complete) at 18142.98 id1s/sec avg. 603143 links loaded at 64937.88 links/sec avg.
INFO 2017-06-07 10:16:02,144 [Thread-0]: 182848/1000000 id1s loaded (18.3% complete) at 18486.30 id1s/sec avg. 655113 links loaded at 66233.24 links/sec avg.
INFO 2017-06-07 10:16:02,658 [Thread-6]: 197184/1000000 id1s loaded (19.7% complete) at 18950.89 id1s/sec avg. 700575 links loaded at 67330.61 links/sec avg.
INFO 2017-06-07 10:16:03,117 [Thread-0]: 209472/1000000 id1s loaded (20.9% complete) at 19283.07 id1s/sec avg. 764572 links loaded at 70383.14 links/sec avg.
INFO 2017-06-07 10:16:03,751 [Thread-3]: 221760/1000000 id1s loaded (22.2% complete) at 19286.83 id1s/sec avg. 800961 links loaded at 69660.90 links/sec avg.
INFO 2017-06-07 10:16:04,273 [Thread-5]: 236096/1000000 id1s loaded (23.6% complete) at 19641.93 id1s/sec avg. 866561 links loaded at 72093.26 links/sec avg.
INFO 2017-06-07 10:16:04,873 [Thread-0]: 244288/1000000 id1s loaded (24.4% complete) at 19357.21 id1s/sec avg. 900677 links loaded at 71369.02 links/sec avg.
INFO 2017-06-07 10:16:05,055 [Thread-4]: 254528/1000000 id1s loaded (25.5% complete) at 19883.45 id1s/sec avg. 950636 links loaded at 74262.64 links/sec avg.
INFO 2017-06-07 10:16:07,684 [Thread-5]: 272960/1000000 id1s loaded (27.3% complete) at 17689.07 id1s/sec avg. 1006289 links loaded at 65212.17 links/sec avg.
INFO 2017-06-07 10:16:08,882 [Thread-9]: 279104/1000000 id1s loaded (27.9% complete) at 16785.18 id1s/sec avg. 1051034 links loaded at 63208.68 links/sec avg.
INFO 2017-06-07 10:16:10,417 [Thread-4]: 295488/1000000 id1s loaded (29.5% complete) at 16267.78 id1s/sec avg. 1102074 links loaded at 60673.53 links/sec avg.
INFO 2017-06-07 10:16:12,803 [Thread-4]: 313920/1000000 id1s loaded (31.4% complete) at 15275.91 id1s/sec avg. 1156195 links loaded at 56262.53 links/sec avg.
INFO 2017-06-07 10:16:13,924 [Thread-9]: 322112/1000000 id1s loaded (32.2% complete) at 14863.73 id1s/sec avg. 1206823 links loaded at 55688.39 links/sec avg.
INFO 2017-06-07 10:16:14,512 [Thread-1]: 328256/1000000 id1s loaded (32.8% complete) at 14747.78 id1s/sec avg. 1273778 links loaded at 57227.87 links/sec avg.
INFO 2017-06-07 10:16:14,938 [Thread-6]: 334400/1000000 id1s loaded (33.4% complete) at 14741.02 id1s/sec avg. 1304948 links loaded at 57524.71 links/sec avg.
INFO 2017-06-07 10:16:16,635 [Thread-7]: 348736/1000000 id1s loaded (34.9% complete) at 14303.60 id1s/sec avg. 1359071 links loaded at 55743.04 links/sec avg.
INFO 2017-06-07 10:16:17,701 [Thread-6]: 358976/1000000 id1s loaded (35.9% complete) at 14106.81 id1s/sec avg. 1413095 links loaded at 55530.91 links/sec avg.
INFO 2017-06-07 10:16:18,276 [Thread-4]: 369216/1000000 id1s loaded (36.9% complete) at 14188.06 id1s/sec avg. 1473716 links loaded at 56631.29 links/sec avg.
INFO 2017-06-07 10:16:20,090 [Thread-1]: 381504/1000000 id1s loaded (38.2% complete) at 13705.42 id1s/sec avg. 1503967 links loaded at 54029.57 links/sec avg.
INFO 2017-06-07 10:16:20,783 [Thread-8]: 391744/1000000 id1s loaded (39.2% complete) at 13730.95 id1s/sec avg. 1551637 links loaded at 54386.15 links/sec avg.
INFO 2017-06-07 10:16:22,440 [Thread-6]: 404032/1000000 id1s loaded (40.4% complete) at 13384.30 id1s/sec avg. 1600877 links loaded at 53032.00 links/sec avg.
INFO 2017-06-07 10:16:23,210 [Thread-1]: 410176/1000000 id1s loaded (41.0% complete) at 13249.86 id1s/sec avg. 1665571 links loaded at 53802.73 links/sec avg.
INFO 2017-06-07 10:16:25,278 [Thread-5]: 420416/1000000 id1s loaded (42.0% complete) at 12730.23 id1s/sec avg. 1703237 links loaded at 51574.17 links/sec avg.
INFO 2017-06-07 10:16:26,845 [Thread-3]: 438848/1000000 id1s loaded (43.9% complete) at 12686.77 id1s/sec avg. 1757868 links loaded at 50818.65 links/sec avg.
INFO 2017-06-07 10:16:28,287 [Thread-7]: 449088/1000000 id1s loaded (44.9% complete) at 12462.90 id1s/sec avg. 1806931 links loaded at 50145.17 links/sec avg.
INFO 2017-06-07 10:16:28,909 [Thread-0]: 457280/1000000 id1s loaded (45.7% complete) at 12475.24 id1s/sec avg. 1862058 links loaded at 50799.56 links/sec avg.
INFO 2017-06-07 10:16:29,558 [Thread-5]: 465472/1000000 id1s loaded (46.5% complete) at 12477.47 id1s/sec avg. 1903961 links loaded at 51037.69 links/sec avg.
INFO 2017-06-07 10:16:30,449 [Thread-0]: 473664/1000000 id1s loaded (47.4% complete) at 12400.88 id1s/sec avg. 1951988 links loaded at 51104.51 links/sec avg.
INFO 2017-06-07 10:16:31,531 [Thread-2]: 485952/1000000 id1s loaded (48.6% complete) at 12372.43 id1s/sec avg. 2000347 links loaded at 50929.22 links/sec avg.
INFO 2017-06-07 10:16:33,542 [Thread-0]: 500288/1000000 id1s loaded (50.0% complete) at 12116.74 id1s/sec avg. 2065793 links loaded at 50032.53 links/sec avg.
INFO 2017-06-07 10:16:34,085 [Thread-3]: 510528/1000000 id1s loaded (51.1% complete) at 12204.25 id1s/sec avg. 2107079 links loaded at 50370.03 links/sec avg.
INFO 2017-06-07 10:16:34,734 [Thread-8]: 514624/1000000 id1s loaded (51.5% complete) at 12114.50 id1s/sec avg. 2204037 links loaded at 51884.11 links/sec avg.
INFO 2017-06-07 10:16:35,484 [Thread-1]: 522816/1000000 id1s loaded (52.3% complete) at 12093.82 id1s/sec avg. 2250441 links loaded at 52057.39 links/sec avg.
INFO 2017-06-07 10:16:36,610 [Thread-0]: 535104/1000000 id1s loaded (53.5% complete) at 12063.58 id1s/sec avg. 2316021 links loaded at 52213.20 links/sec avg.
INFO 2017-06-07 10:16:37,478 [Thread-9]: 541248/1000000 id1s loaded (54.1% complete) at 11967.89 id1s/sec avg. 2351178 links loaded at 51988.46 links/sec avg.
INFO 2017-06-07 10:16:38,567 [Thread-7]: 549440/1000000 id1s loaded (54.9% complete) at 11863.37 id1s/sec avg. 2400524 links loaded at 51831.50 links/sec avg.
INFO 2017-06-07 10:16:39,382 [Thread-5]: 565824/1000000 id1s loaded (56.6% complete) at 12005.86 id1s/sec avg. 2450448 links loaded at 51994.48 links/sec avg.
INFO 2017-06-07 10:16:41,082 [Thread-4]: 580160/1000000 id1s loaded (58.0% complete) at 11881.46 id1s/sec avg. 2505775 links loaded at 51317.35 links/sec avg.
INFO 2017-06-07 10:16:41,634 [Thread-7]: 592448/1000000 id1s loaded (59.2% complete) at 11997.49 id1s/sec avg. 2565770 links loaded at 51958.65 links/sec avg.
INFO 2017-06-07 10:16:42,829 [Thread-2]: 604736/1000000 id1s loaded (60.5% complete) at 11956.98 id1s/sec avg. 2601861 links loaded at 51444.58 links/sec avg.
INFO 2017-06-07 10:16:44,096 [Thread-7]: 617024/1000000 id1s loaded (61.7% complete) at 11901.78 id1s/sec avg. 2656136 links loaded at 51234.23 links/sec avg.
INFO 2017-06-07 10:16:45,558 [Thread-3]: 629312/1000000 id1s loaded (62.9% complete) at 11805.87 id1s/sec avg. 2700717 links loaded at 50665.36 links/sec avg.
INFO 2017-06-07 10:16:46,033 [Thread-8]: 641600/1000000 id1s loaded (64.2% complete) at 11930.09 id1s/sec avg. 2761884 links loaded at 51355.22 links/sec avg.
INFO 2017-06-07 10:16:47,100 [Thread-4]: 649792/1000000 id1s loaded (65.0% complete) at 11847.36 id1s/sec avg. 2800474 links loaded at 51059.75 links/sec avg.
INFO 2017-06-07 10:16:48,432 [Thread-8]: 666176/1000000 id1s loaded (66.6% complete) at 11858.31 id1s/sec avg. 2852178 links loaded at 50770.37 links/sec avg.
INFO 2017-06-07 10:16:48,936 [Thread-6]: 670272/1000000 id1s loaded (67.0% complete) at 11825.34 id1s/sec avg. 2903254 links loaded at 51220.94 links/sec avg.
INFO 2017-06-07 10:16:50,305 [Thread-0]: 680512/1000000 id1s loaded (68.1% complete) at 11722.46 id1s/sec avg. 2964647 links loaded at 51068.82 links/sec avg.
INFO 2017-06-07 10:16:51,160 [Thread-4]: 688704/1000000 id1s loaded (68.9% complete) at 11691.38 id1s/sec avg. 3018854 links loaded at 51247.80 links/sec avg.
INFO 2017-06-07 10:16:51,433 [Thread-2]: 694848/1000000 id1s loaded (69.5% complete) at 11741.26 id1s/sec avg. 3058970 links loaded at 51689.25 links/sec avg.
INFO 2017-06-07 10:16:52,947 [Thread-8]: 707136/1000000 id1s loaded (70.7% complete) at 11650.84 id1s/sec avg. 3102245 links loaded at 51112.88 links/sec avg.
INFO 2017-06-07 10:16:53,941 [Thread-4]: 717376/1000000 id1s loaded (71.7% complete) at 11629.10 id1s/sec avg. 3151500 links loaded at 51087.73 links/sec avg.
INFO 2017-06-07 10:16:54,880 [Thread-3]: 725568/1000000 id1s loaded (72.6% complete) at 11585.73 id1s/sec avg. 3200760 links loaded at 51109.12 links/sec avg.
INFO 2017-06-07 10:16:55,252 [Thread-7]: 731712/1000000 id1s loaded (73.2% complete) at 11615.03 id1s/sec avg. 3263345 links loaded at 51801.59 links/sec avg.
INFO 2017-06-07 10:16:56,095 [Thread-3]: 741952/1000000 id1s loaded (74.2% complete) at 11621.69 id1s/sec avg. 3300115 links loaded at 51691.91 links/sec avg.
INFO 2017-06-07 10:16:57,478 [Thread-3]: 754240/1000000 id1s loaded (75.4% complete) at 11563.84 id1s/sec avg. 3353392 links loaded at 51413.47 links/sec avg.
INFO 2017-06-07 10:16:58,657 [Thread-7]: 766528/1000000 id1s loaded (76.7% complete) at 11543.57 id1s/sec avg. 3405001 links loaded at 51277.82 links/sec avg.
INFO 2017-06-07 10:16:59,649 [Thread-4]: 780864/1000000 id1s loaded (78.1% complete) at 11586.21 id1s/sec avg. 3453518 links loaded at 51242.18 links/sec avg.
INFO 2017-06-07 10:17:01,272 [Thread-2]: 795200/1000000 id1s loaded (79.5% complete) at 11521.63 id1s/sec avg. 3516850 links loaded at 50955.55 links/sec avg.
INFO 2017-06-07 10:17:01,969 [Thread-0]: 803392/1000000 id1s loaded (80.3% complete) at 11523.78 id1s/sec avg. 3551148 links loaded at 50937.35 links/sec avg.
INFO 2017-06-07 10:17:03,065 [Thread-1]: 815680/1000000 id1s loaded (81.6% complete) at 11518.95 id1s/sec avg. 3606081 links loaded at 50924.72 links/sec avg.
INFO 2017-06-07 10:17:04,389 [Thread-2]: 832064/1000000 id1s loaded (83.2% complete) at 11534.82 id1s/sec avg. 3651709 links loaded at 50623.26 links/sec avg.
INFO 2017-06-07 10:17:05,827 [Thread-3]: 848448/1000000 id1s loaded (84.8% complete) at 11532.06 id1s/sec avg. 3703691 links loaded at 50340.36 links/sec avg.
INFO 2017-06-07 10:17:06,460 [Thread-8]: 856640/1000000 id1s loaded (85.7% complete) at 11543.92 id1s/sec avg. 3754288 links loaded at 50592.10 links/sec avg.
INFO 2017-06-07 10:17:07,369 [Thread-4]: 870976/1000000 id1s loaded (87.1% complete) at 11595.23 id1s/sec avg. 3803759 links loaded at 50639.14 links/sec avg.
INFO 2017-06-07 10:17:08,813 [Thread-7]: 887360/1000000 id1s loaded (88.7% complete) at 11590.39 id1s/sec avg. 3867214 links loaded at 50512.20 links/sec avg.
INFO 2017-06-07 10:17:09,989 [Thread-6]: 899648/1000000 id1s loaded (90.0% complete) at 11573.12 id1s/sec avg. 3904176 links loaded at 50223.53 links/sec avg.
INFO 2017-06-07 10:17:10,316 [Thread-1]: 905792/1000000 id1s loaded (90.6% complete) at 11603.35 id1s/sec avg. 3952384 links loaded at 50630.70 links/sec avg.
INFO 2017-06-07 10:17:12,010 [Thread-1]: 924224/1000000 id1s loaded (92.4% complete) at 11588.14 id1s/sec avg. 4003512 links loaded at 50197.00 links/sec avg.
INFO 2017-06-07 10:17:12,678 [Thread-2]: 932416/1000000 id1s loaded (93.2% complete) at 11593.75 id1s/sec avg. 4055661 links loaded at 50428.49 links/sec avg.
INFO 2017-06-07 10:17:14,068 [Thread-8]: 946752/1000000 id1s loaded (94.7% complete) at 11571.86 id1s/sec avg. 4101099 links loaded at 50126.49 links/sec avg.
INFO 2017-06-07 10:17:14,797 [Thread-1]: 961088/1000000 id1s loaded (96.1% complete) at 11643.34 id1s/sec avg. 4165873 links loaded at 50468.51 links/sec avg.
INFO 2017-06-07 10:17:15,347 [Thread-5]: 971328/1000000 id1s loaded (97.1% complete) at 11689.51 id1s/sec avg. 5159350 links loaded at 62090.52 links/sec avg.
INFO 2017-06-07 10:17:16,007 [Thread-0]: ThreadID = 0 LOAD_LINKS_BULK totalOps = 450 totalErrors = 0 ops = 450 sampleDuration = 82370ms samples = 450 mean = 130886.16 min = 9285 25% = 27756 50% = 92564 75% = 177264 90% = 317674 95% = 387781 99% = 587422 max = 778203
INFO 2017-06-07 10:17:16,007 [Thread-0]: ThreadID = 0 LOAD_COUNTS_BULK totalOps = 77 totalErrors = 0 ops = 77 sampleDuration = 82370ms samples = 77 mean = 297822.7 min = 71929 25% = 122451 50% = 240083 75% = 347388 90% = 516010 95% = 697056 99% = 1682366 max = 1682366
INFO 2017-06-07 10:17:16,008 [Thread-0]: ThreadID = 0 LOAD_LINKS_BULK_NLINKS totalOps = 450 totalErrors = 0 ops = 450 sampleDuration = 82370ms samples = 450 mean = 1022.18 min = 203 25% = 1024 50% = 1024 75% = 1024 90% = 1024 95% = 1024 99% = 1024 max = 1024
INFO 2017-06-07 10:17:16,008 [Thread-0]: ThreadID = 0 LOAD_COUNTS_BULK_NLINKS totalOps = 77 totalErrors = 0 ops = 77 sampleDuration = 82370ms samples = 77 mean = 1022.91 min = 940 25% = 1024 50% = 1024 75% = 1024 90% = 1024 95% = 1024 99% = 1024 max = 1024
INFO 2017-06-07 10:17:16,011 [Thread-3]: ThreadID = 3 LOAD_LINKS_BULK totalOps = 389 totalErrors = 0 ops = 389 sampleDuration = 82683ms samples = 389 mean = 148678.02 min = 8518 25% = 37562 50% = 100383 75% = 208128 90% = 363191 95% = 460834 99% = 650922 max = 732606
INFO 2017-06-07 10:17:16,011 [Thread-3]: ThreadID = 3 LOAD_COUNTS_BULK totalOps = 83 totalErrors = 0 ops = 83 sampleDuration = 82683ms samples = 83 mean = 293151.99 min = 26845 25% = 114091 50% = 223183 75% = 372517 90% = 562606 95% = 662969 99% = 1840761 max = 1840761
INFO 2017-06-07 10:17:16,011 [Thread-3]: ThreadID = 3 LOAD_LINKS_BULK_NLINKS totalOps = 389 totalErrors = 0 ops = 389 sampleDuration = 82683ms samples = 389 mean = 1023.31 min = 754 25% = 1024 50% = 1024 75% = 1024 90% = 1024 95% = 1024 99% = 1024 max = 1024
INFO 2017-06-07 10:17:16,011 [Thread-3]: ThreadID = 3 LOAD_COUNTS_BULK_NLINKS totalOps = 83 totalErrors = 0 ops = 83 sampleDuration = 82683ms samples = 83 mean = 1013.55 min = 157 25% = 1024 50% = 1024 75% = 1024 90% = 1024 95% = 1024 99% = 1024 max = 1024
INFO 2017-06-07 10:17:16,011 [Thread-1]: 985664/1000000 id1s loaded (98.6% complete) at 11768.00 id1s/sec avg. 5200127 links loaded at 62085.14 links/sec avg.
INFO 2017-06-07 10:17:16,173 [Thread-1]: ThreadID = 1 LOAD_LINKS_BULK totalOps = 441 totalErrors = 0 ops = 441 sampleDuration = 82249ms samples = 441 mean = 133052.58 min = 9213 25% = 32291 50% = 88171 75% = 181153 90% = 326989 95% = 416822 99% = 599683 max = 860630
INFO 2017-06-07 10:17:16,173 [Thread-1]: ThreadID = 1 LOAD_COUNTS_BULK totalOps = 77 totalErrors = 0 ops = 77 sampleDuration = 82249ms samples = 77 mean = 300161.31 min = 48149 25% = 120405 50% = 241884 75% = 364513 90% = 617570 95% = 652585 99% = 1853159 max = 1853159
INFO 2017-06-07 10:17:16,174 [Thread-1]: ThreadID = 1 LOAD_LINKS_BULK_NLINKS totalOps = 441 totalErrors = 0 ops = 441 sampleDuration = 82249ms samples = 441 mean = 1022.42 min = 327 25% = 1024 50% = 1024 75% = 1024 90% = 1024 95% = 1024 99% = 1024 max = 1024
INFO 2017-06-07 10:17:16,174 [Thread-1]: ThreadID = 1 LOAD_COUNTS_BULK_NLINKS totalOps = 77 totalErrors = 0 ops = 77 sampleDuration = 82249ms samples = 77 mean = 1021.36 min = 821 25% = 1024 50% = 1024 75% = 1024 90% = 1024 95% = 1024 99% = 1024 max = 1024
INFO 2017-06-07 10:17:16,470 [Thread-6]: ThreadID = 6 LOAD_LINKS_BULK totalOps = 451 totalErrors = 0 ops = 451 sampleDuration = 82999ms samples = 451 mean = 130383.36 min = 9430 25% = 29362 50% = 91406 75% = 181034 90% = 304659 95% = 388977 99% = 566136 max = 743293
INFO 2017-06-07 10:17:16,470 [Thread-8]: ThreadID = 8 LOAD_LINKS_BULK totalOps = 448 totalErrors = 0 ops = 448 sampleDuration = 82869ms samples = 448 mean = 132042.03 min = 9582 25% = 31568 50% = 91521 75% = 182553 90% = 316318 95% = 403609 99% = 605127 max = 736628
INFO 2017-06-07 10:17:16,471 [Thread-6]: ThreadID = 6 LOAD_COUNTS_BULK totalOps = 79 totalErrors = 0 ops = 79 sampleDuration = 82999ms samples = 79 mean = 299743.22 min = 48735 25% = 120608 50% = 237072 75% = 381975 90% = 545650 95% = 686217 99% = 1841795 max = 1841795
INFO 2017-06-07 10:17:16,471 [Thread-8]: ThreadID = 8 LOAD_COUNTS_BULK totalOps = 76 totalErrors = 0 ops = 76 sampleDuration = 82869ms samples = 76 mean = 305236.57 min = 23615 25% = 141892 50% = 242246 75% = 364656 90% = 617752 95% = 652157 99% = 1726257 max = 1726257
INFO 2017-06-07 10:17:16,471 [Thread-6]: ThreadID = 6 LOAD_LINKS_BULK_NLINKS totalOps = 451 totalErrors = 0 ops = 451 sampleDuration = 82999ms samples = 451 mean = 1022.51 min = 353 25% = 1024 50% = 1024 75% = 1024 90% = 1024 95% = 1024 99% = 1024 max = 1024
INFO 2017-06-07 10:17:16,471 [Thread-8]: ThreadID = 8 LOAD_LINKS_BULK_NLINKS totalOps = 448 totalErrors = 0 ops = 448 sampleDuration = 82869ms samples = 448 mean = 1022.52 min = 359 25% = 1024 50% = 1024 75% = 1024 90% = 1024 95% = 1024 99% = 1024 max = 1024
INFO 2017-06-07 10:17:16,471 [Thread-6]: ThreadID = 6 LOAD_COUNTS_BULK_NLINKS totalOps = 79 totalErrors = 0 ops = 79 sampleDuration = 82999ms samples = 79 mean = 1017.9 min = 542 25% = 1024 50% = 1024 75% = 1024 90% = 1024 95% = 1024 99% = 1024 max = 1024
INFO 2017-06-07 10:17:16,471 [Thread-4]: ThreadID = 4 LOAD_LINKS_BULK totalOps = 442 totalErrors = 0 ops = 442 sampleDuration = 82820ms samples = 442 mean = 135415.66 min = 9402 25% = 29187 50% = 95713 75% = 188900 90% = 325783 95% = 397130 99% = 506857 max = 1768722
INFO 2017-06-07 10:17:16,471 [Thread-8]: ThreadID = 8 LOAD_COUNTS_BULK_NLINKS totalOps = 76 totalErrors = 0 ops = 76 sampleDuration = 82869ms samples = 76 mean = 1017.49 min = 529 25% = 1024 50% = 1024 75% = 1024 90% = 1024 95% = 1024 99% = 1024 max = 1024
INFO 2017-06-07 10:17:16,471 [Thread-4]: ThreadID = 4 LOAD_COUNTS_BULK totalOps = 77 totalErrors = 0 ops = 77 sampleDuration = 82820ms samples = 77 mean = 292005.3 min = 64402 25% = 125721 50% = 231656 75% = 373718 90% = 596606 95% = 669722 99% = 1305305 max = 1305305
INFO 2017-06-07 10:17:16,471 [Thread-4]: ThreadID = 4 LOAD_LINKS_BULK_NLINKS totalOps = 442 totalErrors = 0 ops = 442 sampleDuration = 82820ms samples = 442 mean = 1022.94 min = 555 25% = 1024 50% = 1024 75% = 1024 90% = 1024 95% = 1024 99% = 1024 max = 1024
INFO 2017-06-07 10:17:16,472 [Thread-4]: ThreadID = 4 LOAD_COUNTS_BULK_NLINKS totalOps = 77 totalErrors = 0 ops = 77 sampleDuration = 82820ms samples = 77 mean = 1023.69 min = 1000 25% = 1024 50% = 1024 75% = 1024 90% = 1024 95% = 1024 99% = 1024 max = 1024
INFO 2017-06-07 10:17:16,785 [Thread-2]: ThreadID = 2 LOAD_LINKS_BULK totalOps = 418 totalErrors = 0 ops = 418 sampleDuration = 82805ms samples = 418 mean = 142140.59 min = 9397 25% = 37942 50% = 104132 75% = 198201 90% = 338456 95% = 389902 99% = 591040 max = 1055464
INFO 2017-06-07 10:17:16,785 [Thread-2]: ThreadID = 2 LOAD_COUNTS_BULK totalOps = 79 totalErrors = 0 ops = 79 sampleDuration = 82805ms samples = 79 mean = 290267.29 min = 63946 25% = 128609 50% = 222028 75% = 356070 90% = 572386 95% = 737182 99% = 1775469 max = 1775469
INFO 2017-06-07 10:17:16,786 [Thread-2]: ThreadID = 2 LOAD_LINKS_BULK_NLINKS totalOps = 418 totalErrors = 0 ops = 418 sampleDuration = 82805ms samples = 418 mean = 1022.03 min = 199 25% = 1024 50% = 1024 75% = 1024 90% = 1024 95% = 1024 99% = 1024 max = 1024
INFO 2017-06-07 10:17:16,786 [Thread-2]: ThreadID = 2 LOAD_COUNTS_BULK_NLINKS totalOps = 79 totalErrors = 0 ops = 79 sampleDuration = 82805ms samples = 79 mean = 1019.28 min = 651 25% = 1024 50% = 1024 75% = 1024 90% = 1024 95% = 1024 99% = 1024 max = 1024
INFO 2017-06-07 10:17:16,875 [Thread-5]: ThreadID = 5 LOAD_LINKS_BULK totalOps = 1190 totalErrors = 0 ops = 1190 sampleDuration = 83314ms samples = 1190 mean = 55623.26 min = 9148 25% = 13755 50% = 22943 75% = 74467 90% = 131915 95% = 202175 99% = 395600 max = 702910
INFO 2017-06-07 10:17:16,876 [Thread-5]: ThreadID = 5 LOAD_COUNTS_BULK totalOps = 52 totalErrors = 0 ops = 52 sampleDuration = 83314ms samples = 52 mean = 312647.23 min = 7386 25% = 127469 50% = 209115 75% = 450181 90% = 618955 95% = 842525 99% = 1640003 max = 1640003
INFO 2017-06-07 10:17:16,876 [Thread-5]: ThreadID = 5 LOAD_LINKS_BULK_NLINKS totalOps = 1190 totalErrors = 0 ops = 1190 sampleDuration = 83314ms samples = 1190 mean = 1023.47 min = 390 25% = 1024 50% = 1024 75% = 1024 90% = 1024 95% = 1024 99% = 1024 max = 1024
INFO 2017-06-07 10:17:16,876 [Thread-5]: ThreadID = 5 LOAD_COUNTS_BULK_NLINKS totalOps = 52 totalErrors = 0 ops = 52 sampleDuration = 83314ms samples = 52 mean = 1007.42 min = 162 25% = 1024 50% = 1024 75% = 1024 90% = 1024 95% = 1024 99% = 1024 max = 1024
INFO 2017-06-07 10:17:16,978 [Thread-9]: ThreadID = 9 LOAD_LINKS_BULK totalOps = 428 totalErrors = 0 ops = 428 sampleDuration = 83314ms samples = 428 mean = 140505.24 min = 9483 25% = 34436 50% = 100101 75% = 189255 90% = 308919 95% = 449616 99% = 612548 max = 1855154
INFO 2017-06-07 10:17:16,978 [Thread-9]: ThreadID = 9 LOAD_COUNTS_BULK totalOps = 81 totalErrors = 0 ops = 81 sampleDuration = 83314ms samples = 81 mean = 279939.1 min = 14412 25% = 122274 50% = 245811 75% = 345612 90% = 537215 95% = 634774 99% = 1474095 max = 1474095
INFO 2017-06-07 10:17:16,980 [Thread-7]: 1000000/1000000 id1s loaded (100.0% complete) at 11802.61 id1s/sec avg. 5249370 links loaded at 61956.28 links/sec avg.
INFO 2017-06-07 10:17:16,986 [Thread-9]: ThreadID = 9 LOAD_LINKS_BULK_NLINKS totalOps = 428 totalErrors = 0 ops = 428 sampleDuration = 83314ms samples = 428 mean = 1023.99 min = 1019 25% = 1024 50% = 1024 75% = 1024 90% = 1024 95% = 1024 99% = 1024 max = 1024
INFO 2017-06-07 10:17:16,986 [Thread-9]: ThreadID = 9 LOAD_COUNTS_BULK_NLINKS totalOps = 81 totalErrors = 0 ops = 81 sampleDuration = 83314ms samples = 81 mean = 1012.48 min = 91 25% = 1024 50% = 1024 75% = 1024 90% = 1024 95% = 1024 99% = 1024 max = 1024
INFO 2017-06-07 10:17:17,076 [Thread-7]: ThreadID = 7 LOAD_LINKS_BULK totalOps = 475 totalErrors = 0 ops = 475 sampleDuration = 83030ms samples = 475 mean = 125021.8 min = 9208 25% = 26894 50% = 82101 75% = 169676 90% = 314629 95% = 422278 99% = 537219 max = 665206
INFO 2017-06-07 10:17:17,077 [Thread-7]: ThreadID = 7 LOAD_COUNTS_BULK totalOps = 78 totalErrors = 0 ops = 78 sampleDuration = 83030ms samples = 78 mean = 296876.29 min = 77570 25% = 126276 50% = 248813 75% = 377131 90% = 538567 95% = 648611 99% = 1655294 max = 1655294
INFO 2017-06-07 10:17:17,077 [Thread-7]: ThreadID = 7 LOAD_LINKS_BULK_NLINKS totalOps = 475 totalErrors = 0 ops = 475 sampleDuration = 83030ms samples = 475 mean = 1022.44 min = 283 25% = 1024 50% = 1024 75% = 1024 90% = 1024 95% = 1024 99% = 1024 max = 1024
INFO 2017-06-07 10:17:17,077 [Thread-7]: ThreadID = 7 LOAD_COUNTS_BULK_NLINKS totalOps = 78 totalErrors = 0 ops = 78 sampleDuration = 83030ms samples = 78 mean = 1013.31 min = 190 25% = 1024 50% = 1024 75% = 1024 90% = 1024 95% = 1024 99% = 1024 max = 1024
INFO 2017-06-07 10:17:32,280 [Thread-10]: Loading of nodes [1,1000001) done
INFO 2017-06-07 10:17:32,280 [Thread-10]: ThreadID = 10 LOAD_NODE_BULK totalOps = 977 totalErrors = 0 ops = 977 sampleDuration = 98328ms samples = 977 mean = 97741.58 min = 15099 25% = 26008 50% = 72024 75% = 120917 90% = 165749 95% = 256322 99% = 545233 max = 1619352
INFO 2017-06-07 10:17:32,283 [main]: LOAD_NODE_BULK count = 977  p25 = [25,26]ms  p50 = [71,72]ms  p75 = [100,200]ms  p95 = [200,300]ms  p99 = [500,600]ms  max = 1619.352ms  mean = 97.742ms
INFO 2017-06-07 10:17:32,283 [main]: LOAD_LINKS_BULK count = 5132  p25 = [22,23]ms  p50 = [74,75]ms  p75 = [100,200]ms  p95 = [300,400]ms  p99 = [500,600]ms  max = 1855.154ms  mean = 116.592ms
INFO 2017-06-07 10:17:32,284 [main]: LOAD_COUNTS_BULK count = 759  p25 = [100,200]ms  p50 = [200,300]ms  p75 = [300,400]ms  p95 = [600,700]ms  p99 = [1000,2000]ms  max = 1853.159ms  mean = 296.125ms
INFO 2017-06-07 10:17:32,286 [main]: LOAD PHASE COMPLETED.  Loaded 1000000 nodes (Expected 1000000). Loaded 5249370 links (5.25 links per node).  Took 100.0 seconds.  Links/second = 52481
INFO 2017-06-07 10:17:32,286 [main]: Skipping request phase per the cmdline arg
