2017-06-07 10:15:39 procs -----------memory---------- ---swap-- -----io---- -system-- ------cpu-----
2017-06-07 10:15:39  r  b   swpd   free   buff  cache   si   so    bi    bo   in   cs us sy id wa st
2017-06-07 10:15:39  2  0      0 15110128  42752 880752    0    0   120    18  108  208  1  1 98  0  0
2017-06-07 10:15:40  0  0      0 15109848  42752 880752    0    0     0     0  699 1766  1  0 99  0  0
2017-06-07 10:15:41  0  0      0 15109880  42752 880752    0    0     0     0 1037 2304  1  0 99  0  0
2017-06-07 10:15:42  0  0      0 15109848  42752 880756    0    0     0     0  473  814  0  0 100  0  0
2017-06-07 10:15:43  0  0      0 15107820  42752 880756    0    0     0     0 2556 5647  2  1 97  0  0
2017-06-07 10:15:44  0  0      0 15107836  42752 880756    0    0     0     0  917 1832  1  0 99  0  0
2017-06-07 10:15:45  0  0      0 15108532  42776 880772    0    0     0   176 2229 5591  3  0 97  0  0
2017-06-07 10:15:46  0  0      0 15108364  42776 880776    0    0     0     4 1099 2337  1  0 98  0  0
2017-06-07 10:15:47  0  0      0 15108276  42776 880768    0    0     0     0  629  938  0  0 99  0  0
2017-06-07 10:15:48  0  0      0 15108244  42776 880772    0    0     0     0  356  629  0  0 100  0  0
2017-06-07 10:15:49  0  0      0 15108060  42776 880772    0    0     0     0  960 1765  1  0 99  0  0
2017-06-07 10:15:50  0  0      0 15108956  42788 880832    0    0     0    76  605  897  0  1 99  0  0
2017-06-07 10:15:51  0  1      0 15061272  43100 901428    0    0 21372     0 2087 2279  2  1 95  2  0
2017-06-07 10:15:52  2  0      0 14959668  43108 904628    0    0  2660     0 1514 2596  8  1 90  0  0
2017-06-07 10:15:53  7  0      0 14934828  43172 908344    0    0  4788   376 2530 3314  6  1 92  1  0
2017-06-07 10:15:54  2  8      0 14782364  43808 933960    0    0 26300  4268 5462 6683 12  2 66 20  0
2017-06-07 10:15:55  1  9      0 14652808  44080 971412    0    0 22416 14552 5062 5881 10  3 63 25  0
2017-06-07 10:15:56  1  8      0 14520692  44380 1003748    0    0 21860 10300 5374 6264 12  3 61 25  0
2017-06-07 10:15:57  3  8      0 14428572  44712 1038792    0    0 24992 11880 5335 6626 12  2 63 23  0
2017-06-07 10:15:58  2  6      0 14357592  45016 1076820    0    0 26036 11160 5446 6496 12  2 65 22  0
2017-06-07 10:15:59  7  3      0 14287800  45336 1112392    0    0 25224 11012 5082 6532 13  2 66 19  0
2017-06-07 10:16:00 procs -----------memory---------- ---swap-- -----io---- -system-- ------cpu-----
2017-06-07 10:16:00  r  b   swpd   free   buff  cache   si   so    bi    bo   in   cs us sy id wa st
2017-06-07 10:16:00  4  8      0 14227224  45604 1145220    0    0 22372 10628 4792 7179 11  2 65 22  0
2017-06-07 10:16:01  8  3      0 14157432  45952 1181028    0    0 25508 11112 5535 7149 12  2 61 26  0
2017-06-07 10:16:02  2  4      0 14085588  46252 1221100    0    0 27012 12788 5888 6825 12  1 66 21  0
2017-06-07 10:16:03  7  5      0 14005408  46632 1263836    0    0 30812 13352 6200 8053 14  2 60 24  0
2017-06-07 10:16:04  2  5      0 13930176  46964 1305484    0    0 28992 12168 5436 6875 12  2 59 28  0
2017-06-07 10:16:05  3  2      0 13886284  47416 1331976    0    0 15536 24560 4627 6442  7  1 73 19  0
2017-06-07 10:16:06  0  1      0 13871764  49296 1337856    0    0  5128 16472 6771 11474  2  2 90  6  0
2017-06-07 10:16:07  1  1      0 13853188  50648 1347348    0    0  8440 15348 6065 9509  4  2 87  8  0
2017-06-07 10:16:08  2  0      0 13841692  52248 1358144    0    0  8836 20604 7122 12465  6  2 85  6  0
2017-06-07 10:16:09  0  1      0 13814712  53752 1369412    0    0 11056 13108 6936 10806  6  1 83 10  0
2017-06-07 10:16:10  1  2      0 13779612  55200 1390228    0    0 12696 19060 7422 11782  5  2 83 11  0
2017-06-07 10:16:11  5  2      0 13753032  56608 1405212    0    0 12508 17188 6886 11281  6  2 82 10  0
2017-06-07 10:16:12  2  3      0 13714068  58288 1421628    0    0 13520 12724 10629 22167 13  3 76  8  0
2017-06-07 10:16:13  1  1      0 13693868  59616 1433048    0    0  9724 15136 6727 10740  6  2 84  8  0
2017-06-07 10:16:14  1  5      0 13666968  61288 1445312    0    0 10912 15272 7877 12937  7  2 84  8  0
2017-06-07 10:16:15  1  1      0 13658004  63164 1457360    0    0  9656 16160 8353 14009  6  2 84  8  0
2017-06-07 10:16:16  7  3      0 13623920  64468 1473912    0    0 14940 14768 8242 13827 10  2 77 11  0
2017-06-07 10:16:17  0  1      0 13589492  65916 1494752    0    0 13020 19856 7426 12237  8  2 81 10  0
2017-06-07 10:16:18  1  0      0 13562760  67140 1507700    0    0 10420 17956 6650 10421  6  2 81 12  0
2017-06-07 10:16:19  1  2      0 13549320  68592 1520816    0    0 10556 13108 7088 11229  5  1 83 11  0
2017-06-07 10:16:20  1  0      0 13520124  69984 1534324    0    0 14276 13856 7451 11923  9  2 78 11  0
2017-06-07 10:16:21 procs -----------memory---------- ---swap-- -----io---- -system-- ------cpu-----
2017-06-07 10:16:21  r  b   swpd   free   buff  cache   si   so    bi    bo   in   cs us sy id wa st
2017-06-07 10:16:21  1  1      0 13497696  71816 1544748    0    0 10368 18384 7735 12378  6  2 84  9  0
2017-06-07 10:16:22  0  1      0 13474128  73408 1563844    0    0 13920 16652 7756 12268  7  2 81 10  0
2017-06-07 10:16:23  0  1      0 13448560  74680 1574608    0    0 10320 21804 6436 9801  4  2 85  9  0
2017-06-07 10:16:24  0  2      0 13424828  74956 1577108    0    0   420 36484 10029 20491  8  3 84  5  0
2017-06-07 10:16:25  6  6      0 13393064  75180 1592356    0    0 15648 16996 10016 20137 15  3 59 23  0
2017-06-07 10:16:26  1  7      0 13374064  75376 1607524    0    0 10064 37288 5969 9614  8  2 75 15  0
2017-06-07 10:16:27 16 10      0 13345000  75580 1626528    0    0 14416 26104 9631 19594 14  3 68 14  0
2017-06-07 10:16:28  3  5      0 13320252  75788 1642984    0    0 14304 29468 6039 9707  9  2 72 17  0
2017-06-07 10:16:29  9  3      0 13285436  76076 1666340    0    0 20016 28360 6017 8522 11  1 67 20  0
2017-06-07 10:16:30  4  8      0 13253408  76284 1684168    0    0 11968 29808 9201 17202 15  3 64 18  0
2017-06-07 10:16:31  2 10      0 13223732  76500 1701676    0    0 17344 19156 9215 18524 16  3 61 21  0
2017-06-07 10:16:32 16  1      0 13195112  76756 1719788    0    0 13232 31340 9466 18093 18  3 64 15  0
2017-06-07 10:16:33  1  7      0 13175356  76936 1735064    0    0 10688 33756 8607 16270 11  2 69 18  0
2017-06-07 10:16:34  1  1      0 13137268  77180 1755828    0    0 19104 20548 10691 19656 16  3 58 23  0
2017-06-07 10:16:35  0  8      0 13107800  77344 1770412    0    0 11056 32128 5752 9656  7  1 73 18  0
2017-06-07 10:16:36  2  7      0 13098364  77572 1791224    0    0 16288 22068 6884 12002 14  2 62 22  0
2017-06-07 10:16:37  1  1      0 13082208  77772 1800120    0    0  6784 33084 5538 8355  6  1 76 17  0
2017-06-07 10:16:38  2  7      0 13054468  77948 1816488    0    0 11696 29480 5241 7404  8  1 70 21  0
2017-06-07 10:16:39  0  6      0 13010328  78200 1841676    0    0 20624 27856 5818 7932  9  1 69 20  0
2017-06-07 10:16:40  2 12      0 12988100  78396 1853000    0    0 10208 31984 4799 6898  4  1 77 18  0
2017-06-07 10:16:41  1 10      0 12919544  78676 1877260    0    0 19396 25016 11268 24342 19  3 58 21  0
2017-06-07 10:16:42 procs -----------memory---------- ---swap-- -----io---- -system-- ------cpu-----
2017-06-07 10:16:42  r  b   swpd   free   buff  cache   si   so    bi    bo   in   cs us sy id wa st
2017-06-07 10:16:42  7  1      0 12897364  78912 1892180    0    0  9640 33240 8491 16126 11  2 71 16  0
2017-06-07 10:16:43  8  3      0 12872528  79152 1905936    0    0 12736 26128 6942 11686 10  2 71 16  0
2017-06-07 10:16:44  0  1      0 12845160  79352 1924308    0    0 14048 29900 5720 8531 10  2 68 20  0
2017-06-07 10:16:45  4 10      0 12818200  79576 1948244    0    0 19008 23472 10075 17332 16  2 61 20  0
2017-06-07 10:16:46  0  1      0 12794372  79824 1967380    0    0 19360 19208 16559 31392 21  3 61 15  0
2017-06-07 10:16:47  2  9      0 12749932  80068 1988140    0    0 16592 29468 11836 22037 13  2 70 14  0
2017-06-07 10:16:48  1  7      0 12692224  80312 2011264    0    0 22016 19284 16149 32452 23  4 59 14  0
2017-06-07 10:16:49  3  0      0 12688844  80572 2029564    0    0 15412 29780 17560 32722 19  3 64 15  0
2017-06-07 10:16:50  2  3      0 12638280  80804 2047592    0    0 16020 23304 9849 17992 13  2 69 16  0
2017-06-07 10:16:51  2  0      0 12614784  81076 2067676    0    0 14864 30680 11683 20836 13  2 74 11  0
2017-06-07 10:16:52  0  1      0 12573116  81380 2084852    0    0 16548 24336 15422 32190 21  4 63 12  0
2017-06-07 10:16:53  3  9      0 12522104  81644 2105172    0    0 15648 31172 16647 32439 21  3 64 12  0
2017-06-07 10:16:54 18  1      0 12492644  81924 2123576    0    0 18544 21856 14770 27936 19  2 62 17  0
2017-06-07 10:16:55  1  1      0 12470380  82148 2143480    0    0 15440 29420 12435 23842 21  4 58 17  0
2017-06-07 10:16:56  1  1      0 12476932  82396 2160296    0    0 16800 18096 13917 25884 19  4 62 14  0
2017-06-07 10:16:57  5  0      0 12464260  82596 2175240    0    0 13392 28308 8996 15414 11  2 72 15  0
2017-06-07 10:16:58  6  5      0 12446284  82836 2195456    0    0 15684 33644 10655 18697 11  2 71 16  0
2017-06-07 10:16:59  1  2      0 12434120  83072 2209648    0    0 12640 27892 11872 21866 13  2 70 16  0
2017-06-07 10:17:00  0  1      0 12411168  83284 2232804    0    0 17984 29720 11135 19009 12  2 70 16  0
2017-06-07 10:17:01  5  7      0 12387156  83600 2251716    0    0 17216 23900 14964 29180 15  2 70 12  0
2017-06-07 10:17:02  4  7      0 12370768  83868 2271772    0    0 15824 28876 13137 24291 11  2 70 16  0
2017-06-07 10:17:03 procs -----------memory---------- ---swap-- -----io---- -system-- ------cpu-----
2017-06-07 10:17:03  r  b   swpd   free   buff  cache   si   so    bi    bo   in   cs us sy id wa st
2017-06-07 10:17:03  2  0      0 12354772  84112 2288004    0    0 17056 25888 11815 21469 12  2 72 14  0
2017-06-07 10:17:04  1  1      0 12335028  84352 2309548    0    0 16848 24084 14436 27215 17  3 66 13  0
2017-06-07 10:17:05  6  2      0 12326416  84616 2323516    0    0 12544 31056 8113 14169 11  1 76 11  0
2017-06-07 10:17:06 11  0      0 12303000  84968 2347696    0    0 20048 20916 13236 27547 18  2 70 10  0
2017-06-07 10:17:07  1  6      0 12284908  85200 2364584    0    0 12496 34436 8050 14762 10  1 74 14  0
2017-06-07 10:17:08  2  6      0 12271512  85504 2381676    0    0 16080 22412 16440 30758 15  2 73 10  0
2017-06-07 10:17:09  3  9      0 12254432  85736 2400100    0    0 13904 31412 9466 16995 11  1 72 15  0
2017-06-07 10:17:10  3  6      0 12237356  85996 2420756    0    0 15952 22140 13647 26631 15  3 70 13  0
2017-06-07 10:17:11  3  2      0 12222408  86264 2432700    0    0 13744 25232 9524 17571 12  1 71 15  0
2017-06-07 10:17:12  4  6      0 12203348  86528 2452728    0    0 14192 30116 14727 26713 14  2 69 15  0
2017-06-07 10:17:13  1  1      0 12187652  86872 2471732    0    0 17328 23468 12194 22368 16  2 70 12  0
2017-06-07 10:17:14  8  2      0 12170160  87184 2491844    0    0 15504 25620 15399 29532 13  2 74 10  0
2017-06-07 10:17:15  7  2      0 12150864  87584 2509628    0    0 18064 24316 13695 26738 14  2 71 13  0
2017-06-07 10:17:16  6  0      0 12140376  87892 2521988    0    0  7872 39276 6483 10760  7  2 79 12  0
2017-06-07 10:17:17  1  2      0 12132936  88216 2532356    0    0   992 34412 4770 7901  6  1 90  3  0
2017-06-07 10:17:18  0  1      0 12131188  88468 2537340    0    0   208 38620 3125 4662  3  1 92  4  0
2017-06-07 10:17:19  2  1      0 12126956  88724 2542720    0    0   464 37724 2792 3996  3  1 93  4  0
2017-06-07 10:17:20  0  1      0 12121560  89020 2552188    0    0   144 40084 2823 3994  3  1 93  3  0
2017-06-07 10:17:21  1  1      0 12120288  89276 2557604    0    0   336 39120 3282 4743  3  1 92  4  0
2017-06-07 10:17:22  1  1      0 12119540  89540 2562204    0    0   240 35208 3160 4592  4  1 92  3  0
2017-06-07 10:17:23  2  1      0 12117436  89820 2568128    0    0   432 41968 3338 4984  3  1 92  4  0
2017-06-07 10:17:24 procs -----------memory---------- ---swap-- -----io---- -system-- ------cpu-----
2017-06-07 10:17:24  r  b   swpd   free   buff  cache   si   so    bi    bo   in   cs us sy id wa st
2017-06-07 10:17:24  1  2      0 12112796  90096 2576624    0    0   192 31448 2158 3409  4  1 93  3  0
2017-06-07 10:17:25  1  1      0 12111316  90348 2581896    0    0   432 40428 3163 4624  3  1 92  4  0
2017-06-07 10:17:26  1  1      0 12104616  90652 2594692    0    0    48 32652 1724 2472  5  1 93  2  0
2017-06-07 10:17:27  2  0      0 12098856  91016 2603284    0    0   484 42944 2575 3872  5  1 92  3  0
2017-06-07 10:17:28  0  2      0 12091244  91360 2616820    0    0   464 34804 1759 2498  5  1 93  2  0
2017-06-07 10:17:29  1  1      0 12085656  91752 2625312    0    0   352 53000 2571 4134  4  1 91  3  0
2017-06-07 10:17:30  0  1      0 12080676  92096 2634456    0    0   464 35144 2151 3305  5  1 93  2  0
2017-06-07 10:17:31  0  1      0 12075980  92440 2643376    0    0   448 44004 2248 3485  5  1 92  3  0
2017-06-07 10:17:32  0  1      0 12354096  92680 2648472    0    0   416 31792 1854 2859  3  1 94  2  0
2017-06-07 10:17:33  0  0      0 12354176  92752 2648932    0    0   352 11360  707 1049  0  0 99  1  0
2017-06-07 10:17:34  0  0      0 12348168  92800 2655052    0    0  6064  6824 1067 1575  0  0 98  1  0
2017-06-07 10:17:35  0  0      0 12342324  92880 2660808    0    0  5824 13128 1055 1690  0  0 98  1  0
2017-06-07 10:17:36  0  0      0 12336016  92944 2667128    0    0  6368  6776 1025 1515  0  0 98  1  0
2017-06-07 10:17:37  0  0      0 12328808  92992 2674044    0    0  6688  6624  913 1432  0  0 99  1  0
2017-06-07 10:17:38  0  1      0 12323856  93024 2678840    0    0  5024  6448  913 1363  0  0 99  1  0
2017-06-07 10:17:39  1  0      0 12322924  93072 2679776    0    0   736  6680  802 1096  0  0 99  1  0
2017-06-07 10:17:40  0  0      0 12316632  93120 2686232    0    0  6400  6660 1282 1871  1  0 98  1  0
2017-06-07 10:17:41  0  0      0 12310852  93168 2692320    0    0  5936  6644 1180 1745  0  0 98  1  0
2017-06-07 10:17:42  1  0      0 12305380  93216 2697744    0    0  5840  6656 1135 1682  1  0 98  1  0
2017-06-07 10:17:43  0  0      0 12298784  93264 2704344    0    0  6320  6648 1069 1618  0  0 98  1  0
2017-06-07 10:17:44  0  0      0 12293304  93336 2709700    0    0  5232  6672  908 1547  1  0 98  1  0
2017-06-07 10:17:45 procs -----------memory---------- ---swap-- -----io---- -system-- ------cpu-----
2017-06-07 10:17:45  r  b   swpd   free   buff  cache   si   so    bi    bo   in   cs us sy id wa st
2017-06-07 10:17:45  1  1      0 12292776  93360 2710168    0    0   560  3780  382  573  0  0 100  0  0
2017-06-07 10:17:46  0  0      0 12287320  93392 2715432    0    0  5136  2884  729 1234  0  0 99  1  0
2017-06-07 10:17:47  0  0      0 12281848  93440 2720908    0    0  5440  6652 1154 1856  0  0 98  1  0
2017-06-07 10:17:48  0  0      0 12276344  93496 2726132    0    0  5376  6632 1217 1969  1  0 98  1  0
2017-06-07 10:17:49  0  0      0 12270788  93544 2731720    0    0  5968  6656 1287 2037  0  0 98  1  0
2017-06-07 10:17:50  0  0      0 12264540  93592 2737728    0    0  5728  6632 1271 1970  0  0 98  1  0
2017-06-07 10:17:51  0  0      0 12259300  93672 2743864    0    0  5584 13112 1617 2597  0  0 97  2  0
2017-06-07 10:17:52  1  0      0 12258168  93704 2744288    0    0   512  6500  712 1029  0  0 99  1  0
2017-06-07 10:17:53  0  0      0 12251876  93760 2750768    0    0  6240  6656 1080 1801  0  0 98  1  0
2017-06-07 10:17:54  1  1      0 12245412  93784 2757276    0    0  6400  3548  773 1352  0  0 98  1  0
2017-06-07 10:17:55  0  0      0 12240376  93816 2762232    0    0  5056  3260  792 1463  0  0 99  1  0
2017-06-07 10:17:56  0  0      0 12234772  93864 2768204    0    0  5616  6648 1012 1819  0  0 98  1  0
2017-06-07 10:17:57  0  0      0 12229020  93912 2773548    0    0  5264  6768 1082 1867  1  0 98  1  0
2017-06-07 10:17:58  0  0      0 12223672  94000 2778552    0    0  5232 13104 1245 2347  0  0 97  2  0
2017-06-07 10:17:59  0  1      0 12222340  94064 2780180    0    0  1472 12948 1047 1662  0  0 98  2  0
2017-06-07 10:18:00  0  0      0 12217704  94104 2784612    0    0  4128  6624 1053 2006  1  1 98  1  0
2017-06-07 10:18:01  1  0      0 12211192  94152 2790160    0    0  5472  6652 1208 1847  1  1 98  1  0
2017-06-07 10:18:02  0  0      0 12206504  94192 2794540    0    0  4272  6596  983 1935  0  0 98  1  0
2017-06-07 10:18:03  0  0      0 12202504  94240 2798600    0    0  4016  6616 1212 1918  0  1 98  1  0
2017-06-07 10:18:04  0  0      0 12197620  94288 2803292    0    0  4880  6640 1198 1855  0  0 98  1  0
2017-06-07 10:18:05  0  0      0 12193100  94336 2807964    0    0  4608  6652 1288 2023  0  0 98  1  0
2017-06-07 10:18:06 procs -----------memory---------- ---swap-- -----io---- -system-- ------cpu-----
2017-06-07 10:18:06  r  b   swpd   free   buff  cache   si   so    bi    bo   in   cs us sy id wa st
2017-06-07 10:18:06  2  1      0 12190180  94432 2810632    0    0  2816 19424 1601 2671  0  0 97  2  0
2017-06-07 10:18:07  0  0      0 12187560  94480 2813548    0    0  2224  6740  946 1459  0  0 98  1  0
2017-06-07 10:18:08  0  1      0 12182320  94528 2818476    0    0  4800  5888  855 1677  0  0 99  1  0
2017-06-07 10:18:09  1  0      0 12177592  94544 2823172    0    0  4576  2820  575 1156  0  0 99  1  0
2017-06-07 10:18:10  0  0      0 12172400  94584 2828000    0    0  5008  4712 1116 1870  0  0 98  1  0
2017-06-07 10:18:11  0  0      0 12167968  94632 2832684    0    0  4416  6656 1222 2075  1  0 98  1  0
2017-06-07 10:18:12  0  0      0 12162464  94712 2838148    0    0  5296 13060 1400 2606  1  1 97  2  0
2017-06-07 10:18:13  0  1      0 12158604  94744 2842032    0    0  3808  6472  951 1755  0  0 98  1  0
2017-06-07 10:18:14  0  1      0 12157472  94840 2842964    0    0   944 18260 1052 2365  0  0 98  2  0
2017-06-07 10:18:15  0  0      0 12151644  94864 2848672    0    0  5424  1472  707 1403  0  0 99  1  0
2017-06-07 10:18:16  0  0      0 12146884  94944 2853300    0    0  4688 13108 1259 2583  0  0 97  2  0
2017-06-07 10:18:17  0  0      0 12141968  94992 2858004    0    0  4640  6584 1062 1732  0  0 98  1  0
2017-06-07 10:18:18  1  0      0 12137208  95072 2863080    0    0  4832 13128 1571 2767  1  1 97  2  0
2017-06-07 10:18:19  0  0      0 12131488  95144 2868584    0    0  5328 13088 1594 2848  1  0 97  2  0
2017-06-07 10:18:20  0  1      0 12131208  95224 2868720    0    0     0 15880 1249 2365  0  0 98  2  0
2017-06-07 10:18:21  0  1      0 12125644  95288 2874264    0    0  5264  8892 1198 2081  0  0 98  2  0
2017-06-07 10:18:22  0  0      0 12121520  95348 2878148    0    0  3712  7936 1107 2173  0  0 98  1  0
2017-06-07 10:18:23  0  0      0 12117244  95396 2882456    0    0  4368  6648  973 1842  1  0 97  2  0
2017-06-07 10:18:24  0  0      0 12113228  95436 2886492    0    0  4080  6664  754 1675  0  0 98  1  0
2017-06-07 10:18:25  0  0      0 12108484  95476 2891072    0    0  4576  6604  966 1934  0  1 98  1  0
2017-06-07 10:18:26  1  1      0 12105616  95548 2894400    0    0  2976 13016 1343 2508  0  0 98  2  0
2017-06-07 10:18:27 procs -----------memory---------- ---swap-- -----io---- -system-- ------cpu-----
2017-06-07 10:18:27  r  b   swpd   free   buff  cache   si   so    bi    bo   in   cs us sy id wa st
2017-06-07 10:18:27  0  0      0 12103972  95596 2895700    0    0  1184  6756  756 1373  0  0 99  1  0
2017-06-07 10:18:28  1  1      0 12099368  95628 2900396    0    0  4592  4044  672 1550  0  0 99  1  0
2017-06-07 10:18:29  0  0      0 12095272  95660 2904292    0    0  3776  2756 1302 2057  1  0 98  1  0
2017-06-07 10:18:30  0  0      0 12090764  95732 2908812    0    0  4576 13128 1253 2537  1  0 97  2  0
2017-06-07 10:18:31  0  0      0 12086780  95780 2913388    0    0  4064  6636  785 1696  0  0 98  1  0
2017-06-07 10:18:32  0  0      0 12082548  95828 2917480    0    0  4208  6608  832 1755  0  0 98  1  0
2017-06-07 10:18:33  0  0      0 12078224  95868 2921288    0    0  4064  6632  813 1861  0  0 98  1  0
2017-06-07 10:18:34  0  1      0 12075544  95900 2924236    0    0  2880  6472  951 1761  0  0 99  1  0
2017-06-07 10:18:35  0  0      0 12073224  95940 2926336    0    0  1776  6608  745 1643  0  0 98  1  0
2017-06-07 10:18:36  1  0      0 12069116  95988 2930568    0    0  4144  6184  982 2000  0  1 98  1  0
2017-06-07 10:18:37  0  1      0 12065240  96020 2934396    0    0  3744  2788  773 1403  1  0 99  1  0
2017-06-07 10:18:38  0  0      0 12060760  96052 2938796    0    0  4720  4436 1001 1609  0  0 98  1  0
2017-06-07 10:18:39  0  0      0 12057784  96100 2942792    0    0  3776  6664 1048 1838  0  0 98  1  0
2017-06-07 10:18:40  1  0      0 12052976  96140 2947524    0    0  4400  6608 1192 1992  0  1 98  1  0
2017-06-07 10:18:41  0  1      0 12050016  96172 2950536    0    0  3152  6472 1132 1860  0  0 98  1  0
2017-06-07 10:18:42  0  0      0 12048652  96220 2951740    0    0   928  6600  813 1299  0  0 99  1  0
2017-06-07 10:18:43  0  0      0 12045024  96268 2955428    0    0  3584  6616 1294 2141  0  0 98  1  0
2017-06-07 10:18:44  0  0      0 12041164  96316 2959280    0    0  3760  6592 1140 1975  0  0 98  1  0
2017-06-07 10:18:45  0  1      0 12037380  96364 2962776    0    0  3584  5764  954 1847  0  0 98  1  0
2017-06-07 10:18:46  0  1      0 12033504  96380 2966940    0    0  3776  2916  667 1314  0  0 99  1  0
2017-06-07 10:18:47  1  0      0 12030248  96428 2969736    0    0  3056  4672  910 1944  0  0 98  1  0
2017-06-07 10:18:48 procs -----------memory---------- ---swap-- -----io---- -system-- ------cpu-----
2017-06-07 10:18:48  r  b   swpd   free   buff  cache   si   so    bi    bo   in   cs us sy id wa st
2017-06-07 10:18:48  0  0      0 12026884  96468 2973760    0    0  3536  6604 1019 2005  0  0 98  1  0
2017-06-07 10:18:49  0  1      0 12025628  96500 2974256    0    0   704  6472  823 1429  0  0 99  1  0
2017-06-07 10:18:50  0  0      0 12022404  96572 2977532    0    0  3088 13060 1587 2829  0  0 97  2  0
2017-06-07 10:18:51  0  1      0 12019040  96636 2980948    0    0  3200 10476 1323 2504  0  1 97  2  0
2017-06-07 10:18:52  0  0      0 12016824  96668 2983188    0    0  2016  2684  761 1355  0  0 99  1  0
2017-06-07 10:18:53  0  0      0 12016668  96708 2983268    0    0     0  6488  832 1310  0  0 99  1  0
2017-06-07 10:18:54  1  0      0 12016668  96748 2983340    0    0     0  6488  751 1082  0  0 99  1  0
2017-06-07 10:18:55  0  0      0 12016380  96788 2983380    0    0     0  6488  690 1203  0  0 99  1  0
2017-06-07 10:18:56  0  0      0 12016380  96828 2983400    0    0     0  6484  944 1321  0  0 99  1  0
2017-06-07 10:18:57  0  0      0 12016256  96868 2983476    0    0     0  6512  770 1335  0  0 99  1  0
2017-06-07 10:18:58  0  0      0 12016164  96892 2983576    0    0     0  1008  318  525  0  0 100  0  0
2017-06-07 10:18:59  0  0      0 12016008  96900 2983604    0    0     0    16  263  411  0  0 100  0  0
2017-06-07 10:19:00  0  0      0 12015744  96900 2983612    0    0     0     0  343  887  0  0 100  0  0
2017-06-07 10:19:01  0  0      0 12015216  96900 2983612    0    0     0     0  369  435  0  0 100  0  0
2017-06-07 10:19:02  0  0      0 12014828  96900 2983632    0    0     0    64  288  382  0  0 100  0  0
2017-06-07 10:19:03  0  0      0 12014860  96900 2983636    0    0     0     0  209  356  0  0 100  0  0
2017-06-07 10:19:04  0  0      0 12014828  96900 2983636    0    0     0     0  226  336  0  0 100  0  0
2017-06-07 10:19:05  0  0      0 12014892  96900 2983636    0    0     0     0  213  362  0  0 100  0  0
2017-06-07 10:19:06  0  0      0 12014860  96900 2983636    0    0     0     0  228  375  0  0 100  0  0
2017-06-07 10:19:07  0  0      0 12015212  96908 2983636    0    0     0    40  195  320  0  0 100  0  0
2017-06-07 10:19:08  0  0      0 12015092  96908 2983652    0    0     0     0  139  242  0  0 100  0  0
2017-06-07 10:19:09 procs -----------memory---------- ---swap-- -----io---- -system-- ------cpu-----
2017-06-07 10:19:09  r  b   swpd   free   buff  cache   si   so    bi    bo   in   cs us sy id wa st
2017-06-07 10:19:09  0  0      0 12015092  96908 2983652    0    0     0     0  208  357  0  0 100  0  0
2017-06-07 10:19:10  0  0      0 12015116  96908 2983660    0    0     0     0  285  404  0  0 100  0  0
2017-06-07 10:19:11  0  0      0 12015116  96908 2983660    0    0     0     0  215  436  0  0 100  0  0
2017-06-07 10:19:12  0  0      0 12015084  96908 2983664    0    0     0     8  360  634  0  0 100  0  0
2017-06-07 10:19:13  0  0      0 12015044  96908 2983676    0    0     0     0  239  440  0  0 100  0  0
2017-06-07 10:19:14  0  0      0 12015044  96908 2983680    0    0     0     0  139  268  0  0 100  0  0
2017-06-07 10:19:15  0  0      0 12015044  96908 2983680    0    0     0     0  120  233  0  0 100  0  0
2017-06-07 10:19:16  0  0      0 12015044  96908 2983680    0    0     0     0  191  289  0  0 100  0  0
2017-06-07 10:19:17  0  0      0 12015044  96916 2983680    0    0     0    32  217  366  0  0 100  0  0
2017-06-07 10:19:18  0  0      0 12015108  96916 2983680    0    0     0     0  122  217  0  0 100  0  0
2017-06-07 10:19:19  0  0      0 12014860  96916 2983680    0    0     0     0  215  383  0  0 100  0  0
2017-06-07 10:19:20  0  0      0 12014720  96916 2983680    0    0     0     0  152  291  0  0 100  0  0
2017-06-07 10:19:21  0  0      0 12014720  96916 2983684    0    0     0     0  131  243  0  0 100  0  0
2017-06-07 10:19:22  0  0      0 12014720  96916 2983688    0    0     0     0  198  369  0  0 100  0  0
2017-06-07 10:19:23  0  0      0 12014720  96916 2983688    0    0     0     0  356  694  0  0 100  0  0
2017-06-07 10:19:24  0  0      0 12014720  96916 2983688    0    0     0     0  216  429  0  0 100  0  0
2017-06-07 10:19:25  0  0      0 12014752  96916 2983688    0    0     0     0  227  431  0  0 100  0  0
2017-06-07 10:19:26  0  0      0 12014752  96916 2983688    0    0     0     0  150  255  0  0 100  0  0
2017-06-07 10:19:27  0  0      0 12014752  96924 2983688    0    0     0    16  113  224  0  0 100  0  0
2017-06-07 10:19:28  0  0      0 12014784  96924 2983688    0    0     0     0   88  193  0  0 100  0  0
2017-06-07 10:19:29  0  0      0 12014784  96924 2983688    0    0     0     0  161  296  0  0 100  0  0
2017-06-07 10:19:30 procs -----------memory---------- ---swap-- -----io---- -system-- ------cpu-----
2017-06-07 10:19:30  r  b   swpd   free   buff  cache   si   so    bi    bo   in   cs us sy id wa st
2017-06-07 10:19:30  0  0      0 12014816  96924 2983688    0    0     0     0  136  291  0  0 100  0  0
2017-06-07 10:19:31  0  0      0 12014784  96924 2983692    0    0     0     0  305  515  0  0 100  0  0
2017-06-07 10:19:32  0  0      0 12014816  96924 2983692    0    0     0     8  268  467  0  0 100  0  0
2017-06-07 10:19:33  0  0      0 12014816  96924 2983692    0    0     0     0  182  356  0  0 100  0  0
2017-06-07 10:19:34  0  0      0 12014880  96924 2983692    0    0     0     0  132  249  0  0 100  0  0
2017-06-07 10:19:35  0  0      0 12014888  96932 2983700    0    0     0    44  159  289  0  0 100  0  0
2017-06-07 10:19:36  0  0      0 12014856  96932 2983700    0    0     0     0  128  234  0  0 100  0  0
2017-06-07 10:19:37  0  0      0 12014824  96932 2983704    0    0     0    16  182  314  0  0 100  0  0
2017-06-07 10:19:38  0  0      0 12014856  96932 2983704    0    0     0     0  306  534  0  0 100  0  0
2017-06-07 10:19:39  0  0      0 12014848  96932 2983712    0    0     0     4  290  487  0  0 100  0  0
2017-06-07 10:19:40  0  0      0 12014848  96932 2983716    0    0     0     0  234  399  0  0 100  0  0
2017-06-07 10:19:41  0  0      0 12014816  96932 2983716    0    0     0     0  185  326  0  0 100  0  0
2017-06-07 10:19:42  0  0      0 12014816  96940 2983716    0    0     0    96  208  330  0  0 100  0  0
2017-06-07 10:19:43  0  0      0 12014816  96940 2983716    0    0     0     0  148  277  0  0 100  0  0
2017-06-07 10:19:44  0  0      0 12014752  96940 2983716    0    0     0     0  138  260  0  0 100  0  0
2017-06-07 10:19:45  0  0      0 12014752  96940 2983716    0    0     0     0  174  350  0  0 100  0  0
2017-06-07 10:19:46  0  0      0 12014720  96940 2983716    0    0     0     0  220  411  0  0 100  0  0
2017-06-07 10:19:47  0  0      0 12014720  96940 2983716    0    0     0     4  195  369  0  0 100  0  0
2017-06-07 10:19:48  0  0      0 12014688  96940 2983716    0    0     0     0  191  376  0  0 100  0  0
2017-06-07 10:19:49  0  0      0 12014720  96940 2983720    0    0     0     0  194  327  0  0 100  0  0
2017-06-07 10:19:50  0  0      0 12014720  96940 2983724    0    0     0     0  141  257  0  0 100  0  0
2017-06-07 10:19:51 procs -----------memory---------- ---swap-- -----io---- -system-- ------cpu-----
2017-06-07 10:19:51  r  b   swpd   free   buff  cache   si   so    bi    bo   in   cs us sy id wa st
2017-06-07 10:19:51  0  0      0 12014688  96948 2983728    0    0     0    56  125  240  0  0 100  0  0
2017-06-07 10:19:52  0  0      0 12014720  96948 2983728    0    0     0     0  133  262  0  0 100  0  0
2017-06-07 10:19:53  0  0      0 12014688  96948 2983728    0    0     0     0  217  399  0  0 100  0  0
2017-06-07 10:19:54  0  0      0 12014656  96948 2983728    0    0     0     0  183  325  0  0 100  0  0
2017-06-07 10:19:55  0  0      0 12014752  96948 2983728    0    0     0     0  192  313  0  0 100  0  0
2017-06-07 10:19:56  0  0      0 12014720  96948 2983728    0    0     0     0  246  348  0  0 100  0  0
2017-06-07 10:19:57  0  0      0 12014720  96948 2983728    0    0     0     4  176  346  0  0 100  0  0
2017-06-07 10:19:58  0  0      0 12014720  96948 2983732    0    0     0     0  161  298  0  0 100  0  0
2017-06-07 10:19:59  0  0      0 12014720  96948 2983732    0    0     0     0  198  334  0  0 100  0  0
2017-06-07 10:20:00  0  0      0 12014720  96948 2983732    0    0     0     0  431  926  0  0 100  0  0
2017-06-07 10:20:01  0  0      0 12014688  96948 2983736    0    0     0     0  357  447  0  0 100  0  0
2017-06-07 10:20:02  0  0      0 12014392  96956 2983760    0    0     0    64  220  358  0  0 100  0  0
2017-06-07 10:20:03  0  0      0 12014392  96956 2983760    0    0     0     0  178  292  0  0 100  0  0
2017-06-07 10:20:04  0  0      0 12014392  96956 2983760    0    0     0     0  129  232  0  0 100  0  0
2017-06-07 10:20:05  0  0      0 12014448  96956 2983768    0    0     0     0  216  369  0  0 100  0  0
2017-06-07 10:20:06  0  0      0 12014416  96956 2983768    0    0     0     0  274  446  0  0 100  0  0
2017-06-07 10:20:07  0  0      0 12014624  96956 2983836    0    0     0     0  205  330  0  0 100  0  0
2017-06-07 10:20:08  0  0      0 12018796  96972 2983860    0    0     0   132  307  476  0  0 100  0  0
2017-06-07 10:20:09  0  0      0 12019316  96972 2983592    0    0     0     0  204  393  0  0 100  0  0
2017-06-07 10:20:10  0  0      0 12019380  96972 2983592    0    0     0     0  185  359  0  0 100  0  0
2017-06-07 10:20:11  0  0      0 12019444  96972 2983592    0    0     0     0  145  278  0  0 100  0  0
2017-06-07 10:20:12 procs -----------memory---------- ---swap-- -----io---- -system-- ------cpu-----
2017-06-07 10:20:12  r  b   swpd   free   buff  cache   si   so    bi    bo   in   cs us sy id wa st
2017-06-07 10:20:12  0  0      0 12019444  96972 2983592    0    0     0   128  203  271  0  0 100  0  0
2017-06-07 10:20:13  0  0      0 12019412  96972 2983592    0    0     0     0  160  297  0  0 100  0  0
2017-06-07 10:20:14  0  0      0 12019412  96980 2983592    0    0     0    76  175  275  0  0 100  0  0
2017-06-07 10:20:15  0  0      0 12019444  96980 2983592    0    0     0     0  151  246  0  0 100  0  0
2017-06-07 10:20:16  0  0      0 12019412  96980 2983592    0    0     0     0  165  316  0  0 100  0  0
2017-06-07 10:20:17  0  0      0 12019256  96980 2983596    0    0     0     0  186  390  0  0 100  0  0
2017-06-07 10:20:18  0  0      0 12019256  96980 2983596    0    0     0     0  209  362  0  0 100  0  0
2017-06-07 10:20:19  0  0      0 12019224  96980 2983596    0    0     0     0  210  316  0  0 100  0  0
2017-06-07 10:20:20  0  0      0 12019256  96980 2983596    0    0     0     0  168  272  0  0 100  0  0
2017-06-07 10:20:21  0  0      0 12019256  96988 2983596    0    0     0    44  162  277  0  0 100  0  0
2017-06-07 10:20:22  0  0      0 12019256  96988 2983596    0    0     0     0  147  270  0  0 100  0  0
2017-06-07 10:20:23  0  0      0 12019224  96988 2983596    0    0     0     0  121  259  0  0 100  0  0
2017-06-07 10:20:24  0  0      0 12019224  96988 2983596    0    0     0     0  173  329  0  0 100  0  0
2017-06-07 10:20:25  0  0      0 12019256  96988 2983596    0    0     0     0  298  512  0  0 100  0  0
2017-06-07 10:20:26  0  0      0 12019224  96988 2983604    0    0     0     0  270  426  0  0 100  0  0
2017-06-07 10:20:27  0  0      0 12019224  96988 2983604    0    0     0     0  159  290  0  0 100  0  0
2017-06-07 10:20:28  0  0      0 12019224  96988 2983604    0    0     0     0  108  218  0  0 100  0  0
2017-06-07 10:20:29  0  0      0 12019224  96988 2983604    0    0     0     0  142  267  0  0 100  0  0
2017-06-07 10:20:30  0  0      0 12019192  96988 2983604    0    0     0     0  115  219  0  0 100  0  0
2017-06-07 10:20:31  0  0      0 12019192  96996 2983604    0    0     0    16  133  230  0  0 100  0  0
2017-06-07 10:20:32  0  0      0 12019224  96996 2983604    0    0     0     0  253  416  0  0 100  0  0
2017-06-07 10:20:33 procs -----------memory---------- ---swap-- -----io---- -system-- ------cpu-----
2017-06-07 10:20:33  r  b   swpd   free   buff  cache   si   so    bi    bo   in   cs us sy id wa st
2017-06-07 10:20:33  1  0      0 12019192  96996 2983604    0    0     0     0  292  545  0  0 100  0  0
2017-06-07 10:20:34  0  0      0 12019224  96996 2983604    0    0     0     0  196  373  0  0 100  0  0
2017-06-07 10:20:35  0  0      0 12019224  96996 2983608    0    0     0     0  215  345  0  0 100  0  0
2017-06-07 10:20:36  0  0      0 12019224  96996 2983608    0    0     0     0  150  247  0  0 100  0  0
2017-06-07 10:20:37  0  0      0 12019256  96996 2983608    0    0     0     0  159  277  0  0 100  0  0
2017-06-07 10:20:38  0  0      0 12019288  96996 2983608    0    0     0     0  161  264  0  0 100  0  0
2017-06-07 10:20:39  0  0      0 12019320  96996 2983608    0    0     0     0  227  306  0  0 100  0  0
2017-06-07 10:20:40  0  0      0 12019352  97004 2983608    0    0     0    12  223  372  0  0 100  0  0
2017-06-07 10:20:41  0  0      0 12019320  97004 2983608    0    0     0     0  247  418  0  0 100  0  0
2017-06-07 10:20:42  0  0      0 12019320  97004 2983608    0    0     0     0  171  315  0  0 100  0  0
2017-06-07 10:20:43  0  0      0 12019320  97004 2983608    0    0     0     0  186  327  0  0 100  0  0
2017-06-07 10:20:44  0  0      0 12019320  97008 2983608    0    0     0    96  175  235  0  0 100  0  0
2017-06-07 10:20:45  0  0      0 12019288  97008 2983612    0    0     0     0  114  229  0  0 100  0  0
2017-06-07 10:20:46  0  0      0 12019288  97008 2983612    0    0     0     0  112  211  0  0 100  0  0
2017-06-07 10:20:47  0  0      0 12019288  97008 2983612    0    0     0     0  124  229  0  0 100  0  0
2017-06-07 10:20:48  0  0      0 12019256  97008 2983612    0    0     0     0  199  367  0  0 100  0  0
2017-06-07 10:20:49  0  0      0 12019288  97016 2983612    0    0     0    56  288  493  0  0 100  0  0
2017-06-07 10:20:50  0  0      0 12019256  97016 2983612    0    0     0     0  198  344  0  0 100  0  0
2017-06-07 10:20:51  0  0      0 12019256  97016 2983612    0    0     0     0  168  329  0  0 100  0  0
2017-06-07 10:20:52  0  0      0 12019240  97016 2983612    0    0     0     0  160  321  0  0 100  0  0
2017-06-07 10:20:53  0  0      0 12019240  97016 2983616    0    0     0     0  200  386  0  0 100  0  0
2017-06-07 10:20:54 procs -----------memory---------- ---swap-- -----io---- -system-- ------cpu-----
2017-06-07 10:20:54  r  b   swpd   free   buff  cache   si   so    bi    bo   in   cs us sy id wa st
2017-06-07 10:20:54  1  0      0 12019240  97016 2983616    0    0     0    48  179  329  0  0 100  0  0
2017-06-07 10:20:55  0  0      0 12019240  97016 2983616    0    0     0     0  249  405  0  0 100  0  0
2017-06-07 10:20:56  0  0      0 12019240  97016 2983616    0    0     0     0  198  378  0  0 100  0  0
2017-06-07 10:20:57  0  0      0 12019240  97016 2983616    0    0     0     0  148  300  0  0 100  0  0
2017-06-07 10:20:58  0  0      0 12019240  97024 2983616    0    0     0    24  105  220  0  0 100  0  0
2017-06-07 10:20:59  0  0      0 12019256  97024 2983616    0    0     0     0  172  303  0  0 100  0  0
2017-06-07 10:21:00  0  0      0 12019256  97024 2983616    0    0     0     0  555 1067  1  0 99  0  0
2017-06-07 10:21:01  0  0      0 12018848  97024 2983620    0    0     0     0  486  593  0  0 100  0  0
2017-06-07 10:21:02  0  0      0 12018728  97024 2983628    0    0     0     0  251  438  0  0 100  0  0
2017-06-07 10:21:03  0  0      0 12018728  97024 2983628    0    0     0    32  191  342  0  0 100  0  0
2017-06-07 10:21:04  0  0      0 12018852  97024 2983628    0    0     0     0  172  311  0  0 100  0  0
2017-06-07 10:21:05  0  0      0 12018916  97024 2983628    0    0     0     0  179  307  0  0 100  0  0
2017-06-07 10:21:06  0  0      0 12018916  97032 2983628    0    0     0    80  159  311  0  0 100  0  0
2017-06-07 10:21:07  0  0      0 12018820  97032 2983628    0    0     0     0  313  501  0  0 100  0  0
2017-06-07 10:21:08  0  0      0 12019008  97032 2983624    0    0     0     0  255  494  0  0 100  0  0
2017-06-07 10:21:09  0  0      0 12018976  97032 2983624    0    0     0     0  280  480  0  0 100  0  0
2017-06-07 10:21:10  0  0      0 12018976  97032 2983624    0    0     0     0  168  317  0  0 100  0  0
2017-06-07 10:21:11  0  0      0 12018976  97032 2983624    0    0     0    72  157  256  0  0 100  0  0
2017-06-07 10:21:12  0  0      0 12018976  97032 2983628    0    0     0     0  119  225  0  0 100  0  0
2017-06-07 10:21:13  0  0      0 12019008  97032 2983628    0    0     0     0  174  323  0  0 100  0  0
2017-06-07 10:21:14  0  0      0 12018976  97032 2983628    0    0     0     0  146  285  0  0 100  0  0
2017-06-07 10:21:15 procs -----------memory---------- ---swap-- -----io---- -system-- ------cpu-----
2017-06-07 10:21:15  r  b   swpd   free   buff  cache   si   so    bi    bo   in   cs us sy id wa st
2017-06-07 10:21:15  1  0      0 12018976  97032 2983628    0    0     0     0  134  272  0  0 100  0  0
2017-06-07 10:21:16  0  0      0 12019008  97032 2983628    0    0     0     0  212  415  0  0 100  0  0
2017-06-07 10:21:17  0  0      0 12018944  97040 2983628    0    0     0    12  249  479  0  0 100  0  0
2017-06-07 10:21:18  0  0      0 12018912  97040 2983628    0    0     0     0  213  405  0  0 100  0  0
2017-06-07 10:21:19  0  0      0 12018912  97040 2983628    0    0     0     0  160  315  0  0 100  0  0
2017-06-07 10:21:20  0  0      0 12018880  97040 2983628    0    0     0     0  163  296  0  0 100  0  0
2017-06-07 10:21:21  0  0      0 12018912  97040 2983632    0    0     0     0  158  282  0  0 100  0  0
2017-06-07 10:21:22  0  0      0 12018912  97040 2983632    0    0     0     0  129  248  0  0 100  0  0
2017-06-07 10:21:23  0  0      0 12018912  97040 2983632    0    0     0     0  142  264  0  0 100  0  0
2017-06-07 10:21:24  0  0      0 12018912  97040 2983632    0    0     0     0  187  366  0  0 100  0  0
2017-06-07 10:21:25  0  0      0 12018880  97040 2983632    0    0     0     0  225  426  0  0 100  0  0
2017-06-07 10:21:26  0  0      0 12018912  97048 2983632    0    0     0    12  186  346  0  0 100  0  0
2017-06-07 10:21:27  0  0      0 12018912  97048 2983632    0    0     0     0  166  304  0  0 100  0  0
2017-06-07 10:21:28  0  0      0 12018944  97048 2983632    0    0     0     0  103  215  0  0 100  0  0
2017-06-07 10:21:29  0  0      0 12018944  97048 2983632    0    0     0     0  136  262  0  0 100  0  0
2017-06-07 10:21:30  0  0      0 12018944  97048 2983636    0    0     0     0  152  279  0  0 100  0  0
2017-06-07 10:21:31  0  0      0 12018976  97048 2983636    0    0     0     0  190  355  0  0 100  0  0
2017-06-07 10:21:32  0  0      0 12018976  97048 2983636    0    0     0     0  329  625  0  0 100  0  0
2017-06-07 10:21:33  0  0      0 12018912  97048 2983636    0    0     0     0  304  590  0  0 100  0  0
2017-06-07 10:21:34  0  0      0 12018880  97048 2983636    0    0     0     0  200  366  0  0 100  0  0
2017-06-07 10:21:35  0  0      0 12018848  97056 2983636    0    0     0    12  153  285  0  0 100  0  0
2017-06-07 10:21:36 procs -----------memory---------- ---swap-- -----io---- -system-- ------cpu-----
2017-06-07 10:21:36  r  b   swpd   free   buff  cache   si   so    bi    bo   in   cs us sy id wa st
2017-06-07 10:21:36  1  0      0 12018848  97056 2983636    0    0     0     0  113  229  0  0 100  0  0
2017-06-07 10:21:37  0  0      0 12018880  97056 2983640    0    0     0     0  165  354  0  0 100  0  0
2017-06-07 10:21:38  0  0      0 12018848  97056 2983640    0    0     0     0  264  360  0  0 100  0  0
2017-06-07 10:21:39  0  0      0 12018880  97056 2983644    0    0     0     0  231  383  0  0 100  0  0
2017-06-07 10:21:40  0  0      0 12018912  97056 2983644    0    0     0     0  252  440  0  0 100  0  0
2017-06-07 10:21:41  0  0      0 12018912  97056 2983644    0    0     0     0  177  343  0  0 100  0  0
2017-06-07 10:21:42  0  0      0 12018912  97064 2983644    0    0     0    80  186  323  0  0 100  0  0
2017-06-07 10:21:43  0  0      0 12018880  97064 2983644    0    0     0     0  208  327  0  0 100  0  0
2017-06-07 10:21:44  0  0      0 12018912  97064 2983644    0    0     0     0  175  319  0  0 100  0  0
2017-06-07 10:21:45  0  0      0 12018912  97064 2983644    0    0     0     0  141  283  0  0 100  0  0
2017-06-07 10:21:46  0  0      0 12018928  97064 2983644    0    0     0     0  139  279  0  0 100  0  0
2017-06-07 10:21:47  0  0      0 12018912  97064 2983644    0    0     0    40  192  365  0  0 100  0  0
2017-06-07 10:21:48  0  0      0 12018944  97064 2983648    0    0     0     0  240  474  0  0 100  0  0
2017-06-07 10:21:49  0  0      0 12018912  97064 2983648    0    0     0     0  228  443  0  0 100  0  0
2017-06-07 10:21:50  0  0      0 12018944  97064 2983648    0    0     0     0  210  391  0  0 100  0  0
2017-06-07 10:21:51  0  0      0 12018944  97064 2983648    0    0     0     0  153  299  0  0 100  0  0
2017-06-07 10:21:52  1  0      0 12018944  97072 2983640    0    0     0   104  164  301  0  0 100  0  0
2017-06-07 10:21:53  0  0      0 12018912  97072 2983648    0    0     0     0  164  279  0  0 100  0  0
2017-06-07 10:21:54  0  0      0 12018912  97072 2983648    0    0     0     0  142  262  0  0 100  0  0
2017-06-07 10:21:55  0  0      0 12018912  97072 2983648    0    0     0     0  194  357  0  0 100  0  0
2017-06-07 10:21:56  0  0      0 12018880  97072 2983648    0    0     0     0  184  346  0  0 100  0  0
2017-06-07 10:21:57 procs -----------memory---------- ---swap-- -----io---- -system-- ------cpu-----
2017-06-07 10:21:57  r  b   swpd   free   buff  cache   si   so    bi    bo   in   cs us sy id wa st
2017-06-07 10:21:57  0  0      0 12018848  97072 2983652    0    0     0     0  229  342  0  0 100  0  0
2017-06-07 10:21:58  0  0      0 12018848  97080 2983652    0    0     0    60  149  266  0  0 100  0  0
2017-06-07 10:21:59  0  0      0 12018848  97080 2983652    0    0     0    36  134  215  0  0 100  0  0
2017-06-07 10:22:00  0  0      0 12019144  97080 2983652    0    0     0     0  378  817  1  0 99  0  0
2017-06-07 10:22:01  0  0      0 12018112  97080 2983652    0    0     0     0  296  410  0  0 100  0  0
2017-06-07 10:22:02  0  0      0 12018340  97080 2983568    0    0     0     0  183  356  0  0 100  0  0
2017-06-07 10:22:03  0  0      0 12018340  97080 2983568    0    0     0     0  365  604  0  0 100  0  0
2017-06-07 10:22:04  0  0      0 12018372  97088 2983560    0    0     0    64  258  455  0  0 100  0  0
2017-06-07 10:22:05  1  0      0 12016852  97088 2983568    0    0     0     0 1337 2679  3  0 97  0  0
2017-06-07 10:22:06  0  0      0 12016732  97088 2983568    0    0     0    64 11176 22590 19  1 80  0  0
2017-06-07 10:22:07  0  0      0 12016064  97088 2983572    0    0     0     0 10710 21875 18  1 81  0  0
2017-06-07 10:22:08 16  0      0 12014440  97088 2983508    0    0   256   288 9296 26613 20  2 79  0  0
2017-06-07 10:22:09  1  0      0 12013760  97088 2983780    0    0     0     0 8421 24871 19  1 80  0  0
2017-06-07 10:22:10 16  0      0 12013548  97088 2983780    0    0     0     0 10837 22310 20  1 79  0  0
2017-06-07 10:22:11 16  0      0 12014316  97088 2983716    0    0     0     0 10068 21405 18  1 81  0  0
2017-06-07 10:22:12  0  0      0 12014368  97096 2983716    0    0     0    96 9933 24454 20  1 79  0  0
2017-06-07 10:22:13  0  0      0 12014364  97096 2983720    0    0     0     0 10610 22151 18  1 80  0  0
2017-06-07 10:22:14  0  0      0 12013844  97096 2983720    0    0     0     0 10667 23028 19  1 80  0  0
2017-06-07 10:22:15  1  0      0 12013852  97096 2983720    0    0     0     0 11689 23270 19  1 80  0  0
2017-06-07 10:22:16  0  0      0 11988972  97096 2983808    0    0    16     0 8601 17181 11  2 87  0  0
2017-06-07 10:22:17  0  0      0 11988256  97096 2983892    0    0     0    84  563  943  1  0 99  0  0
2017-06-07 10:22:18 procs -----------memory---------- ---swap-- -----io---- -system-- ------cpu-----
2017-06-07 10:22:18  r  b   swpd   free   buff  cache   si   so    bi    bo   in   cs us sy id wa st
2017-06-07 10:22:18  1  0      0 11988224  97104 2983892    0    0     0    56  510  962  1  0 99  0  0
2017-06-07 10:22:19  0  0      0 11988192  97104 2983892    0    0     0     0  400  687  0  0 100  0  0
2017-06-07 10:22:20  0  0      0 11988192  97104 2983892    0    0     0     0  662 1101  0  0 99  0  0
2017-06-07 10:22:21  0  0      0 11988192  97104 2983892    0    0     0     0  365  623  0  0 100  0  0
2017-06-07 10:22:22  0  0      0 11988436  97104 2983892    0    0     0     0  490  917  1  0 99  0  0
2017-06-07 10:22:23  0  0      0 11988220  97104 2983892    0    0     0    48  479  888  1  0 99  0  0
2017-06-07 10:22:24  0  0      0 11988316  97104 2983892    0    0     0     0  490  905  1  0 99  0  0
2017-06-07 10:22:25  0  0      0 11988672  97104 2983896    0    0     0     0  337  558  1  0 99  0  0
2017-06-07 10:22:26  0  0      0 11988504  97104 2983896    0    0     0     0  526 1215  1  0 99  0  0
2017-06-07 10:22:27  0  0      0 11988472  97112 2983896    0    0     0    44  346  899  0  0 100  0  0
2017-06-07 10:22:28  0  0      0 11988472  97112 2983896    0    0     0     0  444 1343  1  0 99  0  0
2017-06-07 10:22:29  0  0      0 11988344  97112 2983896    0    0     0    36  511 1034  1  0 99  0  0
2017-06-07 10:22:30  0  0      0 11988892  97112 2983896    0    0     0     0  486  952  1  0 99  0  0
2017-06-07 10:22:31  0  0      0 11988564  97112 2983896    0    0     0     0  282  778  0  0 100  0  0
2017-06-07 10:22:32  0  0      0 11988580  97112 2983896    0    0     0     0  427 1259  1  0 99  0  0
2017-06-07 10:22:33  0  0      0 11988596  97112 2983896    0    0     0     0  323  859  0  0 100  0  0
2017-06-07 10:22:34  0  0      0 11988596  97112 2983900    0    0     0     0  621 1587  1  0 99  0  0
2017-06-07 10:22:35  0  0      0 11988564  97120 2983900    0    0     0    60  519 1486  0  0 100  0  0
2017-06-07 10:22:36  0  0      0 11988596  97120 2983900    0    0     0     0  530 1410  1  0 99  0  0
2017-06-07 10:22:37  0  0      0 11988596  97120 2983900    0    0     0     0  293  797  0  0 100  0  0
2017-06-07 10:22:38  0  0      0 11988596  97120 2983900    0    0     0    36  440 1294  1  0 99  0  0
2017-06-07 10:22:39 procs -----------memory---------- ---swap-- -----io---- -system-- ------cpu-----
2017-06-07 10:22:39  r  b   swpd   free   buff  cache   si   so    bi    bo   in   cs us sy id wa st
2017-06-07 10:22:39  1  0      0 11988596  97136 2983884    0    0     0   132  285  772  0  0 99  0  0
2017-06-07 10:22:40  0  0      0 11988564  97136 2983904    0    0     0     0  465 1341  1  0 99  0  0
2017-06-07 10:22:41  0  0      0 11988564  97136 2983904    0    0     0     0  624 1333  0  0 99  0  0
2017-06-07 10:22:42  0  0      0 11988564  97136 2983904    0    0     0     0  555 1516  1  0 99  0  0
2017-06-07 10:22:43  0  0      0 11988564  97136 2983908    0    0     0    44  335  859  0  0 100  0  0
2017-06-07 10:22:44  0  0      0 11988564  97136 2983908    0    0     0     0  488 1010  1  0 99  0  0
2017-06-07 10:22:45  0  0      0 11988564  97144 2983900    0    0     0    84  711 1183  0  0 99  0  0
2017-06-07 10:22:46  0  0      0 11988464  97144 2983920    0    0     0     0  603 1350  0  0 99  0  0
2017-06-07 10:22:47  0  0      0 11988464  97144 2983920    0    0     0     0  440 1340  0  0 99  0  0
2017-06