2017-06-07 10:40:47 Linux 4.4.0-78-generic (ubuntu) 	Wednesday 07 June 2017 	_x86_64_	(16 CPU)
2017-06-07 10:40:47 
2017-06-07 10:40:47 Device:         rrqm/s   wrqm/s     r/s     w/s    rkB/s    wkB/s avgrq-sz avgqu-sz   await r_await w_await  svctm  %util
2017-06-07 10:40:47 sda               6.74     5.58   16.52    2.65   790.62   179.54   101.24     0.14    7.43    1.83   42.38   0.76   1.46
2017-06-07 10:40:47 scd0              0.00     0.00    0.03    0.00     0.10     0.00     6.46     0.00    0.41    0.41    0.00   0.41   0.00
2017-06-07 10:40:47 
2017-06-07 10:40:48 Device:         rrqm/s   wrqm/s     r/s     w/s    rkB/s    wkB/s avgrq-sz avgqu-sz   await r_await w_await  svctm  %util
2017-06-07 10:40:48 sda               0.00     0.00    2.00    0.00    12.00     0.00    12.00     0.00    0.00    0.00    0.00   0.00   0.00
2017-06-07 10:40:48 scd0              0.00     0.00    0.00    0.00     0.00     0.00     0.00     0.00    0.00    0.00    0.00   0.00   0.00
2017-06-07 10:40:48 
2017-06-07 10:40:49 Device:         rrqm/s   wrqm/s     r/s     w/s    rkB/s    wkB/s avgrq-sz avgqu-sz   await r_await w_await  svctm  %util
2017-06-07 10:40:49 sda               0.00     0.00    1.00    0.00    16.00     0.00    32.00     0.00    0.00    0.00    0.00   0.00   0.00
2017-06-07 10:40:49 scd0              0.00     0.00    0.00    0.00     0.00     0.00     0.00     0.00    0.00    0.00    0.00   0.00   0.00
2017-06-07 10:40:49 
2017-06-07 10:40:50 Device:         rrqm/s   wrqm/s     r/s     w/s    rkB/s    wkB/s avgrq-sz avgqu-sz   await r_await w_await  svctm  %util
2017-06-07 10:40:50 sda               0.00     0.00    0.00    0.00     0.00     0.00     0.00     0.00    0.00    0.00    0.00   0.00   0.00
2017-06-07 10:40:50 scd0              0.00     0.00    0.00    0.00     0.00     0.00     0.00     0.00    0.00    0.00    0.00   0.00   0.00
2017-06-07 10:40:50 
2017-06-07 10:40:51 Device:         rrqm/s   wrqm/s     r/s     w/s    rkB/s    wkB/s avgrq-sz avgqu-sz   await r_await w_await  svctm  %util
2017-06-07 10:40:51 sda               0.00     0.00    0.00    0.00     0.00     0.00     0.00     0.00    0.00    0.00    0.00   0.00   0.00
2017-06-07 10:40:51 scd0              0.00     0.00    0.00    0.00     0.00     0.00     0.00     0.00    0.00    0.00    0.00   0.00   0.00
2017-06-07 10:40:51 
2017-06-07 10:40:52 Device:         rrqm/s   wrqm/s     r/s     w/s    rkB/s    wkB/s avgrq-sz avgqu-sz   await r_await w_await  svctm  %util
2017-06-07 10:40:52 sda               0.00     0.00    1.98    0.00    31.68     0.00    32.00     0.00    0.00    0.00    0.00   0.00   0.00
2017-06-07 10:40:52 scd0              0.00     0.00    0.00    0.00     0.00     0.00     0.00     0.00    0.00    0.00    0.00   0.00   0.00
2017-06-07 10:40:52 
2017-06-07 10:40:53 Device:         rrqm/s   wrqm/s     r/s     w/s    rkB/s    wkB/s avgrq-sz avgqu-sz   await r_await w_await  svctm  %util
2017-06-07 10:40:53 sda               0.00    10.00    0.00    2.00     0.00    48.00    48.00     0.00    2.00    0.00    2.00   2.00   0.40
2017-06-07 10:40:53 scd0              0.00     0.00    0.00    0.00     0.00     0.00     0.00     0.00    0.00    0.00    0.00   0.00   0.00
2017-06-07 10:40:53 
2017-06-07 10:40:54 Device:         rrqm/s   wrqm/s     r/s     w/s    rkB/s    wkB/s avgrq-sz avgqu-sz   await r_await w_await  svctm  %util
2017-06-07 10:40:54 sda               0.00     0.00    0.00    0.00     0.00     0.00     0.00     0.00    0.00    0.00    0.00   0.00   0.00
2017-06-07 10:40:54 scd0              0.00     0.00    0.00    0.00     0.00     0.00     0.00     0.00    0.00    0.00    0.00   0.00   0.00
2017-06-07 10:40:54 
2017-06-07 10:40:55 Device:         rrqm/s   wrqm/s     r/s     w/s    rkB/s    wkB/s avgrq-sz avgqu-sz   await r_await w_await  svctm  %util
2017-06-07 10:40:55 sda               0.00     0.00    0.00    0.00     0.00     0.00     0.00     0.00    0.00    0.00    0.00   0.00   0.00
2017-06-07 10:40:55 scd0              0.00     0.00    0.00    0.00     0.00     0.00     0.00     0.00    0.00    0.00    0.00   0.00   0.00
2017-06-07 10:40:55 
2017-06-07 10:40:56 Device:         rrqm/s   wrqm/s     r/s     w/s    rkB/s    wkB/s avgrq-sz avgqu-sz   await r_await w_await  svctm  %util
2017-06-07 10:40:56 sda               0.00     0.00    0.00    0.00     0.00     0.00     0.00     0.00    0.00    0.00    0.00   0.00   0.00
2017-06-07 10:40:56 scd0              0.00     0.00    0.00    0.00     0.00     0.00     0.00     0.00    0.00    0.00    0.00   0.00   0.00
2017-06-07 10:40:56 
2017-06-07 10:40:57 Device:         rrqm/s   wrqm/s     r/s     w/s    rkB/s    wkB/s avgrq-sz avgqu-sz   await r_await w_await  svctm  %util
2017-06-07 10:40:57 sda               0.00     0.00    0.00    0.00     0.00     0.00     0.00     0.00    0.00    0.00    0.00   0.00   0.00
2017-06-07 10:40:57 scd0              0.00     0.00    0.00    0.00     0.00     0.00     0.00     0.00    0.00    0.00    0.00   0.00   0.00
2017-06-07 10:40:57 
2017-06-07 10:40:58 Device:         rrqm/s   wrqm/s     r/s     w/s    rkB/s    wkB/s avgrq-sz avgqu-sz   await r_await w_await  svctm  %util
2017-06-07 10:40:58 sda               0.00     0.00    0.00    0.00     0.00     0.00     0.00     0.00    0.00    0.00    0.00   0.00   0.00
2017-06-07 10:40:58 scd0              0.00     0.00    0.00    0.00     0.00     0.00     0.00     0.00    0.00    0.00    0.00   0.00   0.00
2017-06-07 10:40:58 
2017-06-07 10:40:59 Device:         rrqm/s   wrqm/s     r/s     w/s    rkB/s    wkB/s avgrq-sz avgqu-sz   await r_await w_await  svctm  %util
2017-06-07 10:40:59 sda               0.00     0.00    0.00    0.00     0.00     0.00     0.00     0.00    0.00    0.00    0.00   0.00   0.00
2017-06-07 10:40:59 scd0              0.00     0.00    0.00    0.00     0.00     0.00     0.00     0.00    0.00    0.00    0.00   0.00   0.00
2017-06-07 10:40:59 
2017-06-07 10:41:00 Device:         rrqm/s   wrqm/s     r/s     w/s    rkB/s    wkB/s avgrq-sz avgqu-sz   await r_await w_await  svctm  %util
2017-06-07 10:41:00 sda               0.00     0.00    0.00    0.00     0.00     0.00     0.00     0.00    0.00    0.00    0.00   0.00   0.00
2017-06-07 10:41:00 scd0              0.00     0.00    0.00    0.00     0.00     0.00     0.00     0.00    0.00    0.00    0.00   0.00   0.00
2017-06-07 10:41:00 
2017-06-07 10:41:01 Device:         rrqm/s   wrqm/s     r/s     w/s    rkB/s    wkB/s avgrq-sz avgqu-sz   await r_await w_await  svctm  %util
2017-06-07 10:41:01 sda               0.00     2.00    0.00    2.00     0.00    16.00    16.00     0.00    0.00    0.00    0.00   0.00   0.00
2017-06-07 10:41:01 scd0              0.00     0.00    0.00    0.00     0.00     0.00     0.00     0.00    0.00    0.00    0.00   0.00   0.00
2017-06-07 10:41:01 
2017-06-07 10:41:02 Device:         rrqm/s   wrqm/s     r/s     w/s    rkB/s    wkB/s avgrq-sz avgqu-sz   await r_await w_await  svctm  %util
2017-06-07 10:41:02 sda               0.00     0.00    0.00    0.00     0.00     0.00     0.00     0.00    0.00    0.00    0.00   0.00   0.00
2017-06-07 10:41:02 scd0              0.00     0.00    0.00    0.00     0.00     0.00     0.00     0.00    0.00    0.00    0.00   0.00   0.00
2017-06-07 10:41:02 
2017-06-07 10:41:03 Device:         rrqm/s   wrqm/s     r/s     w/s    rkB/s    wkB/s avgrq-sz avgqu-sz   await r_await w_await  svctm  %util
2017-06-07 10:41:03 sda               0.00     0.00    0.00    0.00     0.00     0.00     0.00     0.00    0.00    0.00    0.00   0.00   0.00
2017-06-07 10:41:03 scd0              0.00     0.00    0.00    0.00     0.00     0.00     0.00     0.00    0.00    0.00    0.00   0.00   0.00
2017-06-07 10:41:03 
2017-06-07 10:41:04 Device:         rrqm/s   wrqm/s     r/s     w/s    rkB/s    wkB/s avgrq-sz avgqu-sz   await r_await w_await  svctm  %util
2017-06-07 10:41:04 sda               0.00     0.00  545.00    0.00  4368.00     0.00    16.03     0.44    0.80    0.80    0.00   0.57  31.20
2017-06-07 10:41:04 scd0              0.00     0.00    0.00    0.00     0.00     0.00     0.00     0.00    0.00    0.00    0.00   0.00   0.00
2017-06-07 10:41:04 
2017-06-07 10:41:05 Device:         rrqm/s   wrqm/s     r/s     w/s    rkB/s    wkB/s avgrq-sz avgqu-sz   await r_await w_await  svctm  %util
2017-06-07 10:41:05 sda               0.00     0.00    0.00    0.00     0.00     0.00     0.00     0.00    0.00    0.00    0.00   0.00   0.00
2017-06-07 10:41:05 scd0              0.00     0.00    0.00    0.00     0.00     0.00     0.00     0.00    0.00    0.00    0.00   0.00   0.00
2017-06-07 10:41:05 
2017-06-07 10:41:06 Device:         rrqm/s   wrqm/s     r/s     w/s    rkB/s    wkB/s avgrq-sz avgqu-sz   await r_await w_await  svctm  %util
2017-06-07 10:41:06 sda               0.00     0.00    0.00    0.00     0.00     0.00     0.00     0.00    0.00    0.00    0.00   0.00   0.00
2017-06-07 10:41:06 scd0              0.00     0.00    0.00    0.00     0.00     0.00     0.00     0.00    0.00    0.00    0.00   0.00   0.00
2017-06-07 10:41:06 
2017-06-07 10:41:07 Device:         rrqm/s   wrqm/s     r/s     w/s    rkB/s    wkB/s avgrq-sz avgqu-sz   await r_await w_await  svctm  %util
2017-06-07 10:41:07 sda               0.00    21.00   15.00   34.00   552.00   220.00    31.51     0.56   11.35    1.33   15.76   1.06   5.20
2017-06-07 10:41:07 scd0              0.00     0.00    0.00    0.00     0.00     0.00     0.00     0.00    0.00    0.00    0.00   0.00   0.00
2017-06-07 10:41:07 
2017-06-07 10:41:08 Device:         rrqm/s   wrqm/s     r/s     w/s    rkB/s    wkB/s avgrq-sz avgqu-sz   await r_await w_await  svctm  %util
2017-06-07 10:41:08 sda               0.00     0.00    1.00    0.00     4.00     0.00     8.00     0.00    0.00    0.00    0.00   0.00   0.00
2017-06-07 10:41:08 scd0              0.00     0.00    0.00    0.00     0.00     0.00     0.00     0.00    0.00    0.00    0.00   0.00   0.00
2017-06-07 10:41:08 
2017-06-07 10:41:09 Device:         rrqm/s   wrqm/s     r/s     w/s    rkB/s    wkB/s avgrq-sz avgqu-sz   await r_await w_await  svctm  %util
2017-06-07 10:41:09 sda               0.00     0.00   24.00    0.00  1904.00     0.00   158.67     0.03    1.33    1.33    0.00   1.17   2.80
2017-06-07 10:41:09 scd0              0.00     0.00    0.00    0.00     0.00     0.00     0.00     0.00    0.00    0.00    0.00   0.00   0.00
2017-06-07 10:41:09 
2017-06-07 10:41:10 Device:         rrqm/s   wrqm/s     r/s     w/s    rkB/s    wkB/s avgrq-sz avgqu-sz   await r_await w_await  svctm  %util
2017-06-07 10:41:10 sda               0.00     0.00    0.00    0.00     0.00     0.00     0.00     0.00    0.00    0.00    0.00   0.00   0.00
2017-06-07 10:41:10 scd0              0.00     0.00    0.00    0.00     0.00     0.00     0.00     0.00    0.00    0.00    0.00   0.00   0.00
2017-06-07 10:41:10 
2017-06-07 10:41:11 Device:         rrqm/s   wrqm/s     r/s     w/s    rkB/s    wkB/s avgrq-sz avgqu-sz   await r_await w_await  svctm  %util
2017-06-07 10:41:11 sda               0.00     0.00    0.00    0.00     0.00     0.00     0.00     0.00    0.00    0.00    0.00   0.00   0.00
2017-06-07 10:41:11 scd0              0.00     0.00    0.00    0.00     0.00     0.00     0.00     0.00    0.00    0.00    0.00   0.00   0.00
2017-06-07 10:41:11 
2017-06-07 10:41:12 Device:         rrqm/s   wrqm/s     r/s     w/s    rkB/s    wkB/s avgrq-sz avgqu-sz   await r_await w_await  svctm  %util
2017-06-07 10:41:12 sda               0.00     0.00    0.00    0.00     0.00     0.00     0.00     0.00    0.00    0.00    0.00   0.00   0.00
2017-06-07 10:41:12 scd0              0.00     0.00    0.00    0.00     0.00     0.00     0.00     0.00    0.00    0.00    0.00   0.00   0.00
2017-06-07 10:41:12 
2017-06-07 10:41:13 Device:         rrqm/s   wrqm/s     r/s     w/s    rkB/s    wkB/s avgrq-sz avgqu-sz   await r_await w_await  svctm  %util
2017-06-07 10:41:13 sda               0.00    11.00    0.00    2.00     0.00    52.00    52.00     0.00    0.00    0.00    0.00   0.00   0.00
2017-06-07 10:41:13 scd0              0.00     0.00    0.00    0.00     0.00     0.00     0.00     0.00    0.00    0.00    0.00   0.00   0.00
2017-06-07 10:41:13 
2017-06-07 10:41:14 Device:         rrqm/s   wrqm/s     r/s     w/s    rkB/s    wkB/s avgrq-sz avgqu-sz   await r_await w_await  svctm  %util
2017-06-07 10:41:14 sda               0.00     0.00    0.00    0.00     0.00     0.00     0.00     0.00    0.00    0.00    0.00   0.00   0.00
2017-06-07 10:41:14 scd0              0.00     0.00    0.00    0.00     0.00     0.00     0.00     0.00    0.00    0.00    0.00   0.00   0.00
2017-06-07 10:41:14 
2017-06-07 10:41:15 Device:         rrqm/s   wrqm/s     r/s     w/s    rkB/s    wkB/s avgrq-sz avgqu-sz   await r_await w_await  svctm  %util
2017-06-07 10:41:15 sda               0.00     0.00    0.00    0.00     0.00     0.00     0.00     0.00    0.00    0.00    0.00   0.00   0.00
2017-06-07 10:41:15 scd0              0.00     0.00    0.00    0.00     0.00     0.00     0.00     0.00    0.00    0.00    0.00   0.00   0.00
2017-06-07 10:41:15 
2017-06-07 10:41:16 Device:         rrqm/s   wrqm/s     r/s     w/s    rkB/s    wkB/s avgrq-sz avgqu-sz   await r_await w_await  svctm  %util
2017-06-07 10:41:16 sda               0.00     0.00    0.00    0.00     0.00     0.00     0.00     0.00    0.00    0.00    0.00   0.00   0.00
2017-06-07 10:41:16 scd0              0.00     0.00    0.00    0.00     0.00     0.00     0.00     0.00    0.00    0.00    0.00   0.00   0.00
2017-06-07 10:41:16 
2017-06-07 10:41:17 Device:         rrqm/s   wrqm/s     r/s     w/s    rkB/s    wkB/s avgrq-sz avgqu-sz   await r_await w_await  svctm  %util
2017-06-07 10:41:17 sda               0.00     0.00    0.00    0.00     0.00     0.00     0.00     0.00    0.00    0.00    0.00   0.00   0.00
2017-06-07 10:41:17 scd0              0.00     0.00    0.00    0.00     0.00     0.00     0.00     0.00    0.00    0.00    0.00   0.00   0.00
2017-06-07 10:41:17 
2017-06-07 10:41:18 Device:         rrqm/s   wrqm/s     r/s     w/s    rkB/s    wkB/s avgrq-sz avgqu-sz   await r_await w_await  svctm  %util
2017-06-07 10:41:18 sda               0.00     0.00    0.00    0.00     0.00     0.00     0.00     0.00    0.00    0.00    0.00   0.00   0.00
2017-06-07 10:41:18 scd0              0.00     0.00    0.00    0.00     0.00     0.00     0.00     0.00    0.00    0.00    0.00   0.00   0.00
2017-06-07 10:41:18 
2017-06-07 10:41:19 Device:         rrqm/s   wrqm/s     r/s     w/s    rkB/s    wkB/s avgrq-sz avgqu-sz   await r_await w_await  svctm  %util
2017-06-07 10:41:19 sda               0.00     0.00    1.00    0.00     8.00     0.00    16.00     0.00    0.00    0.00    0.00   0.00   0.00
2017-06-07 10:41:19 scd0              0.00     0.00    0.00    0.00     0.00     0.00     0.00     0.00    0.00    0.00    0.00   0.00   0.00
2017-06-07 10:41:19 
2017-06-07 10:41:20 Device:         rrqm/s   wrqm/s     r/s     w/s    rkB/s    wkB/s avgrq-sz avgqu-sz   await r_await w_await  svctm  %util
2017-06-07 10:41:20 sda               0.00     1.00    0.00    2.00     0.00    12.00    12.00     0.00    2.00    0.00    2.00   2.00   0.40
2017-06-07 10:41:20 scd0              0.00     0.00    0.00    0.00     0.00     0.00     0.00     0.00    0.00    0.00    0.00   0.00   0.00
2017-06-07 10:41:20 
2017-06-07 10:41:21 Device:         rrqm/s   wrqm/s     r/s     w/s    rkB/s    wkB/s avgrq-sz avgqu-sz   await r_await w_await  svctm  %util
2017-06-07 10:41:21 sda               0.00     0.00    1.00    1.00   100.00     4.00   104.00     0.00    0.00    0.00    0.00   0.00   0.00
2017-06-07 10:41:21 scd0              0.00     0.00    0.00    0.00     0.00     0.00     0.00     0.00    0.00    0.00    0.00   0.00   0.00
2017-06-07 10:41:21 
2017-06-07 10:41:22 Device:         rrqm/s   wrqm/s     r/s     w/s    rkB/s    wkB/s avgrq-sz avgqu-sz   await r_await w_await  svctm  %util
2017-06-07 10:41:22 sda               0.00     0.00    0.00    0.00     0.00     0.00     0.00     0.00    0.00    0.00    0.00   0.00   0.00
2017-06-07 10:41:22 scd0              0.00     0.00    0.00    0.00     0.00     0.00     0.00     0.00    0.00    0.00    0.00   0.00   0.00
2017-06-07 10:41:22 
2017-06-07 10:41:23 Device:         rrqm/s   wrqm/s     r/s     w/s    rkB/s    wkB/s avgrq-sz avgqu-sz   await r_await w_await  svctm  %util
2017-06-07 10:41:23 sda               0.00     0.00    1.00    0.00     8.00     0.00    16.00     0.00    4.00    4.00    0.00   4.00   0.40
2017-06-07 10:41:23 scd0              0.00     0.00    0.00    0.00     0.00     0.00     0.00     0.00    0.00    0.00    0.00   0.00   0.00
2017-06-07 10:41:23 
2017-06-07 10:41:24 Device:         rrqm/s   wrqm/s     r/s     w/s    rkB/s    wkB/s avgrq-sz avgqu-sz   await r_await w_await  svctm  %util
2017-06-07 10:41:24 sda               0.00     0.00    0.00    0.00     0.00     0.00     0.00     0.00    0.00    0.00    0.00   0.00   0.00
2017-06-07 10:41:24 scd0              0.00     0.00    0.00    0.00     0.00     0.00     0.00     0.00    0.00    0.00    0.00   0.00   0.00
2017-06-07 10:41:24 
2017-06-07 10:41:25 Device:         rrqm/s   wrqm/s     r/s     w/s    rkB/s    wkB/s avgrq-sz avgqu-sz   await r_await w_await  svctm  %util
2017-06-07 10:41:25 sda               0.00     0.00    0.00    0.00     0.00     0.00     0.00     0.00    0.00    0.00    0.00   0.00   0.00
2017-06-07 10:41:25 scd0              0.00     0.00    0.00    0.00     0.00     0.00     0.00     0.00    0.00    0.00    0.00   0.00   0.00
2017-06-07 10:41:25 
2017-06-07 10:41:26 Device:         rrqm/s   wrqm/s     r/s     w/s    rkB/s    wkB/s avgrq-sz avgqu-sz   await r_await w_await  svctm  %util
2017-06-07 10:41:26 sda              86.00    29.00  461.00    2.00 19004.00   124.00    82.63     0.40    0.86    0.86    2.00   0.73  34.00
2017-06-07 10:41:26 scd0              0.00     0.00    0.00    0.00     0.00     0.00     0.00     0.00    0.00    0.00    0.00   0.00   0.00
2017-06-07 10:41:26 
2017-06-07 10:41:27 Device:         rrqm/s   wrqm/s     r/s     w/s    rkB/s    wkB/s avgrq-sz avgqu-sz   await r_await w_await  svctm  %util
2017-06-07 10:41:27 sda               0.00     0.00   10.00    2.00    92.00    48.00    23.33     0.03    2.33    0.40   12.00   2.33   2.80
2017-06-07 10:41:27 scd0              0.00     0.00    0.00    0.00     0.00     0.00     0.00     0.00    0.00    0.00    0.00   0.00   0.00
2017-06-07 10:41:27 
2017-06-07 10:41:28 Device:         rrqm/s   wrqm/s     r/s     w/s    rkB/s    wkB/s avgrq-sz avgqu-sz   await r_await w_await  svctm  %util
2017-06-07 10:41:28 sda               0.00     0.00    0.00    0.00     0.00     0.00     0.00     0.00    0.00    0.00    0.00   0.00   0.00
2017-06-07 10:41:28 scd0              0.00     0.00    0.00    0.00     0.00     0.00     0.00     0.00    0.00    0.00    0.00   0.00   0.00
2017-06-07 10:41:28 
2017-06-07 10:41:29 Device:         rrqm/s   wrqm/s     r/s     w/s    rkB/s    wkB/s avgrq-sz avgqu-sz   await r_await w_await  svctm  %util
2017-06-07 10:41:29 sda               0.00     0.00    0.00    0.00     0.00     0.00     0.00     0.00    0.00    0.00    0.00   0.00   0.00
2017-06-07 10:41:29 scd0              0.00     0.00    0.00    0.00     0.00     0.00     0.00     0.00    0.00    0.00    0.00   0.00   0.00
2017-06-07 10:41:29 
2017-06-07 10:41:30 Device:         rrqm/s   wrqm/s     r/s     w/s    rkB/s    wkB/s avgrq-sz avgqu-sz   await r_await w_await  svctm  %util
2017-06-07 10:41:30 sda               0.00     0.00    0.00    0.00     0.00     0.00     0.00     0.00    0.00    0.00    0.00   0.00   0.00
2017-06-07 10:41:30 scd0              0.00     0.00    0.00    0.00     0.00     0.00     0.00     0.00    0.00    0.00    0.00   0.00   0.00
2017-06-07 10:41:30 
2017-06-07 10:41:31 Device:         rrqm/s   wrqm/s     r/s     w/s    rkB/s    wkB/s avgrq-sz avgqu-sz   await r_await w_await  svctm  %util
2017-06-07 10:41:31 sda               0.00     0.00    0.00    0.00     0.00     0.00     0.00     0.00    0.00    0.00    0.00   0.00   0.00
2017-06-07 10:41:31 scd0              0.00     0.00    0.00    0.00     0.00     0.00     0.00     0.00    0.00    0.00    0.00   0.00   0.00
2017-06-07 10:41:31 
2017-06-07 10:41:32 Device:         rrqm/s   wrqm/s     r/s     w/s    rkB/s    wkB/s avgrq-sz avgqu-sz   await r_await w_await  svctm  %util
2017-06-07 10:41:32 sda               0.00    14.00    0.00    5.00     0.00    76.00    30.40     0.00    0.80    0.00    0.80   0.80   0.40
2017-06-07 10:41:32 scd0              0.00     0.00    0.00    0.00     0.00     0.00     0.00     0.00    0.00    0.00    0.00   0.00   0.00
2017-06-07 10:41:32 
2017-06-07 10:41:33 Device:         rrqm/s   wrqm/s     r/s     w/s    rkB/s    wkB/s avgrq-sz avgqu-sz   await r_await w_await  svctm  %util
2017-06-07 10:41:33 sda               0.00     0.00    0.00    0.00     0.00     0.00     0.00     0.00    0.00    0.00    0.00   0.00   0.00
2017-06-07 10:41:33 scd0              0.00     0.00    0.00    0.00     0.00     0.00     0.00     0.00    0.00    0.00    0.00   0.00   0.00
2017-06-07 10:41:33 
2017-06-07 10:41:34 Device:         rrqm/s   wrqm/s     r/s     w/s    rkB/s    wkB/s avgrq-sz avgqu-sz   await r_await w_await  svctm  %util
2017-06-07 10:41:34 sda               0.00     0.00    0.00    0.00     0.00     0.00     0.00     0.00    0.00    0.00    0.00   0.00   0.00
2017-06-07 10:41:34 scd0              0.00     0.00    0.00    0.00     0.00     0.00     0.00     0.00    0.00    0.00    0.00   0.00   0.00
2017-06-07 10:41:34 
2017-06-07 10:41:35 Device:         rrqm/s   wrqm/s     r/s     w/s    rkB/s    wkB/s avgrq-sz avgqu-sz   await r_await w_await  svctm  %util
2017-06-07 10:41:35 sda               0.00     0.00    0.00    0.00     0.00     0.00     0.00     0.00    0.00    0.00    0.00   0.00   0.00
2017-06-07 10:41:35 scd0              0.00     0.00    0.00    0.00     0.00     0.00     0.00     0.00    0.00    0.00    0.00   0.00   0.00
2017-06-07 10:41:35 
2017-06-07 10:41:36 Device:         rrqm/s   wrqm/s     r/s     w/s    rkB/s    wkB/s avgrq-sz avgqu-sz   await r_await w_await  svctm  %util
2017-06-07 10:41:36 sda               0.00     0.00    0.00    0.00     0.00     0.00     0.00     0.00    0.00    0.00    0.00   0.00   0.00
2017-06-07 10:41:36 scd0              0.00     0.00    0.00    0.00     0.00     0.00     0.00     0.00    0.00    0.00    0.00   0.00   0.00
2017-06-07 10:41:36 
2017-06-07 10:41:37 Device:         rrqm/s   wrqm/s     r/s     w/s    rkB/s    wkB/s avgrq-sz avgqu-sz   await r_await w_await  svctm  %util
2017-06-07 10:41:37 sda               0.00     0.00    0.00    0.00     0.00     0.00     0.00     0.00    0.00    0.00    0.00   0.00   0.00
2017-06-07 10:41:37 scd0              0.00     0.00    0.00    0.00     0.00     0.00     0.00     0.00    0.00    0.00    0.00   0.00   0.00
2017-06-07 10:41:37 
2017-06-07 10:41:38 Device:         rrqm/s   wrqm/s     r/s     w/s    rkB/s    wkB/s avgrq-sz avgqu-sz   await r_await w_await  svctm  %util
2017-06-07 10:41:38 sda               0.00     1.00    0.00    2.00     0.00    12.00    12.00     0.00    0.00    0.00    0.00   0.00   0.00
2017-06-07 10:41:38 scd0              0.00     0.00    0.00    0.00     0.00     0.00     0.00     0.00    0.00    0.00    0.00   0.00   0.00
2017-06-07 10:41:38 
2017-06-07 10:41:39 Device:         rrqm/s   wrqm/s     r/s     w/s    rkB/s    wkB/s avgrq-sz avgqu-sz   await r_await w_await  svctm  %util
2017-06-07 10:41:39 sda               0.00     0.00    0.00    0.00     0.00     0.00     0.00     0.00    0.00    0.00    0.00   0.00   0.00
2017-06-07 10:41:39 scd0              0.00     0.00    0.00    0.00     0.00     0.00     0.00     0.00    0.00    0.00    0.00   0.00   0.00
2017-06-07 10:41:39 
2017-06-07 10:41:40 Device:         rrqm/s   wrqm/s     r/s     w/s    rkB/s    wkB/s avgrq-sz avgqu-sz   await r_await w_await  svctm  %util
2017-06-07 10:41:40 sda               0.00     0.00    0.00    0.00     0.00     0.00     0.00     0.00    0.00    0.00    0.00   0.00   0.00
2017-06-07 10:41:40 scd0              0.00     0.00    0.00    0.00     0.00     0.00     0.00     0.00    0.00    0.00    0.00   0.00   0.00
2017-06-07 10:41:40 
2017-06-07 10:41:41 Device:         rrqm/s   wrqm/s     r/s     w/s    rkB/s    wkB/s avgrq-sz avgqu-sz   await r_await w_await  svctm  %util
2017-06-07 10:41:41 sda               0.00     0.00    0.00    0.00     0.00     0.00     0.00     0.00    0.00    0.00    0.00   0.00   0.00
2017-06-07 10:41:41 scd0              0.00     0.00    0.00    0.00     0.00     0.00     0.00     0.00    0.00    0.00    0.00   0.00   0.00
2017-06-07 10:41:41 
2017-06-07 10:41:42 Device:         rrqm/s   wrqm/s     r/s     w/s    rkB/s    wkB/s avgrq-sz avgqu-sz   await r_await w_await  svctm  %util
2017-06-07 10:41:42 sda               0.00     0.00    0.00    0.00     0.00     0.00     0.00     0.00    0.00    0.00    0.00   0.00   0.00
2017-06-07 10:41:42 scd0              0.00     0.00    0.00    0.00     0.00     0.00     0.00     0.00    0.00    0.00    0.00   0.00   0.00
2017-06-07 10:41:42 
2017-06-07 10:41:43 Device:         rrqm/s   wrqm/s     r/s     w/s    rkB/s    wkB/s avgrq-sz avgqu-sz   await r_await w_await  svctm  %util
2017-06-07 10:41:43 sda               0.00     0.00    0.00    0.00     0.00     0.00     0.00     0.00    0.00    0.00    0.00   0.00   0.00
2017-06-07 10:41:43 scd0              0.00     0.00    0.00    0.00     0.00     0.00     0.00     0.00    0.00    0.00    0.00   0.00   0.00
2017-06-07 10:41:43 
2017-06-07 10:41:44 Device:         rrqm/s   wrqm/s     r/s     w/s    rkB/s    wkB/s avgrq-sz avgqu-sz   await r_await w_await  svctm  %util
2017-06-07 10:41:44 sda               0.00     0.00    0.00    0.00     0.00     0.00     0.00     0.00    0.00    0.00    0.00   0.00   0.00
2017-06-07 10:41:44 scd0              0.00     0.00    0.00    0.00     0.00     0.00     0.00     0.00    0.00    0.00    0.00   0.00   0.00
2017-06-07 10:41:44 
2017-06-07 10:41:45 Device:         rrqm/s   wrqm/s     r/s     w/s    rkB/s    wkB/s avgrq-sz avgqu-sz   await r_await w_await  svctm  %util
2017-06-07 10:41:45 sda               0.00     0.00    0.00    0.00     0.00     0.00     0.00     0.00    0.00    0.00    0.00   0.00   0.00
2017-06-07 10:41:45 scd0              0.00     0.00    0.00    0.00     0.00     0.00     0.00     0.00    0.00    0.00    0.00   0.00   0.00
2017-06-07 10:41:45 
2017-06-07 10:41:46 Device:         rrqm/s   wrqm/s     r/s     w/s    rkB/s    wkB/s avgrq-sz avgqu-sz   await r_await w_await  svctm  %util
2017-06-07 10:41:46 sda               0.00     0.00    0.00    0.00     0.00     0.00     0.00     0.00    0.00    0.00    0.00   0.00   0.00
2017-06-07 10:41:46 scd0              0.00     0.00    0.00    0.00     0.00     0.00     0.00     0.00    0.00    0.00    0.00   0.00   0.00
2017-06-07 10:41:46 
2017-06-07 10:41:47 Device:         rrqm/s   wrqm/s     r/s     w/s    rkB/s    wkB/s avgrq-sz avgqu-sz   await r_await w_await  svctm  %util
2017-06-07 10:41:47 sda               0.00    11.00    0.00   35.00     0.00   184.00    10.51     0.52   14.74    0.00   14.74   0.80   2.80
2017-06-07 10:41:47 scd0              0.00     0.00    0.00    0.00     0.00     0.00     0.00     0.00    0.00    0.00    0.00   0.00   0.00
2017-06-07 10:41:47 
2017-06-07 10:41:48 Device:         rrqm/s   wrqm/s     r/s     w/s    rkB/s    wkB/s avgrq-sz avgqu-sz   await r_await w_await  svctm  %util
2017-06-07 10:41:48 sda               0.00     0.00    0.00    0.00     0.00     0.00     0.00     0.00    0.00    0.00    0.00   0.00   0.00
2017-06-07 10:41:48 scd0              0.00     0.00    0.00    0.00     0.00     0.00     0.00     0.00    0.00    0.00    0.00   0.00   0.00
2017-06-07 10:41:48 
2017-06-07 10:41:49 Device:         rrqm/s   wrqm/s     r/s     w/s    rkB/s    wkB/s avgrq-sz avgqu-sz   await r_await w_await  svctm  %util
2017-06-07 10:41:49 sda               0.00     0.00    0.00    0.00     0.00     0.00     0.00     0.00    0.00    0.00    0.00   0.00   0.00
2017-06-07 10:41:49 scd0              0.00     0.00    0.00    0.00     0.00     0.00     0.00     0.00    0.00    0.00    0.00   0.00   0.00
2017-06-07 10:41:49 
2017-06-07 10:41:50 Device:         rrqm/s   wrqm/s     r/s     w/s    rkB/s    wkB/s avgrq-sz avgqu-sz   await r_await w_await  svctm  %util
2017-06-07 10:41:50 sda               0.00     0.00    0.00    0.00     0.00     0.00     0.00     0.00    0.00    0.00    0.00   0.00   0.00
2017-06-07 10:41:50 scd0              0.00     0.00    0.00    0.00     0.00     0.00     0.00     0.00    0.00    0.00    0.00   0.00   0.00
2017-06-07 10:41:50 
2017-06-07 10:41:51 Device:         rrqm/s   wrqm/s     r/s     w/s    rkB/s    wkB/s avgrq-sz avgqu-sz   await r_await w_await  svctm  %util
2017-06-07 10:41:51 sda               0.00     0.00    0.00    0.00     0.00     0.00     0.00     0.00    0.00    0.00    0.00   0.00   0.00
2017-06-07 10:41:51 scd0              0.00     0.00    0.00    0.00     0.00     0.00     0.00     0.00    0.00    0.00    0.00   0.00   0.00
2017-06-07 10:41:51 
2017-06-07 10:41:52 Device:         rrqm/s   wrqm/s     r/s     w/s    rkB/s    wkB/s avgrq-sz avgqu-sz   await r_await w_await  svctm  %util
2017-06-07 10:41:52 sda               0.00     0.00    0.00    0.00     0.00     0.00     0.00     0.00    0.00    0.00    0.00   0.00   0.00
2017-06-07 10:41:52 scd0              0.00     0.00    0.00    0.00     0.00     0.00     0.00     0.00    0.00    0.00    0.00   0.00   0.00
2017-06-07 10:41:52 
2017-06-07 10:41:53 Device:         rrqm/s   wrqm/s     r/s     w/s    rkB/s    wkB/s avgrq-sz avgqu-sz   await r_await w_await  svctm  %util
2017-06-07 10:41:53 sda               0.00     0.00    0.00    0.00     0.00     0.00     0.00     0.00    0.00    0.00    0.00   0.00   0.00
2017-06-07 10:41:53 scd0              0.00     0.00    0.00    0.00     0.00     0.00     0.00     0.00    0.00    0.00    0.00   0.00   0.00
2017-06-07 10:41:53 
2017-06-07 10:41:54 Device:         rrqm/s   wrqm/s     r/s     w/s    rkB/s    wkB/s avgrq-sz avgqu-sz   await r_await w_await  svctm  %util
2017-06-07 10:41:54 sda               0.00     0.00    0.00    0.00     0.00     0.00     0.00     0.00    0.00    0.00    0.00   0.00   0.00
2017-06-07 10:41:54 scd0              0.00     0.00    0.00    0.00     0.00     0.00     0.00     0.00    0.00    0.00    0.00   0.00   0.00
2017-06-07 10:41:54 
2017-06-07 10:41:55 Device:         rrqm/s   wrqm/s     r/s     w/s    rkB/s    wkB/s avgrq-sz avgqu-sz   await r_await w_await  svctm  %util
2017-06-07 10:41:55 sda               0.00     0.00    0.00    0.00     0.00     0.00     0.00     0.00    0.00    0.00    0.00   0.00   0.00
2017-06-07 10:41:55 scd0              0.00     0.00    0.00    0.00     0.00     0.00     0.00     0.00    0.00    0.00    0.00   0.00   0.00
2017-06-07 10:41:55 
2017-06-07 10:41:56 Device:         rrqm/s   wrqm/s     r/s     w/s    rkB/s    wkB/s avgrq-sz avgqu-sz   await r_await w_await  svctm  %util
2017-06-07 10:41:56 sda               0.00     1.00    0.00    2.00     0.00    12.00    12.00     0.00    0.00    0.00    0.00   0.00   0.00
2017-06-07 10:41:56 scd0              0.00     0.00    0.00    0.00     0.00     0.00     0.00     0.00    0.00    0.00    0.00   0.00   0.00
2017-06-07 10:41:56 
2017-06-07 10:41:57 Device:         rrqm/s   wrqm/s     r/s     w/s    rkB/s    wkB/s avgrq-sz avgqu-sz   await r_await w_await  svctm  %util
2017-06-07 10:41:57 sda               0.00     0.00    0.00    1.00     0.00     4.00     8.00     0.00    0.00    0.00    0.00   0.00   0.00
2017-06-07 10:41:57 scd0              0.00     0.00    0.00    0.00     0.00     0.00     0.00     0.00    0.00    0.00    0.00   0.00   0.00
2017-06-07 10:41:57 
2017-06-07 10:41:58 Device:         rrqm/s   wrqm/s     r/s     w/s    rkB/s    wkB/s avgrq-sz avgqu-sz   await r_await w_await  svctm  %util
2017-06-07 10:41:58 sda               0.00     0.00    0.00    0.00     0.00     0.00     0.00     0.00    0.00    0.00    0.00   0.00   0.00
2017-06-07 10:41:58 scd0              0.00     0.00    0.00    0.00     0.00     0.00     0.00     0.00    0.00    0.00    0.00   0.00   0.00
2017-06-07 10:41:58 
2017-06-07 10:41:59 Device:         rrqm/s   wrqm/s     r/s     w/s    rkB/s    wkB/s avgrq-sz avgqu-sz   await r_await w_await  svctm  %util
2017-06-07 10:41:59 sda               0.00     0.00    0.00    0.00     0.00     0.00     0.00     0.00    0.00    0.00    0.00   0.00   0.00
2017-06-07 10:41:59 scd0              0.00     0.00    0.00    0.00     0.00     0.00     0.00     0.00    0.00    0.00    0.00   0.00   0.00
2017-06-07 10:41:59 
2017-06-07 10:42:00 Device:         rrqm/s   wrqm/s     r/s     w/s    rkB/s    wkB/s avgrq-sz avgqu-sz   await r_await w_await  svctm  %util
2017-06-07 10:42:00 sda               0.00     0.00    0.00    0.00     0.00     0.00     0.00     0.00    0.00    0.00    0.00   0.00   0.00
2017-06-07 10:42:00 scd0              0.00     0.00    0.00    0.00     0.00     0.00     0.00     0.00    0.00    0.00    0.00   0.00   0.00
2017-06-07 10:42:00 
2017-06-07 10:42:01 Device:         rrqm/s   wrqm/s     r/s     w/s    rkB/s    wkB/s avgrq-sz avgqu-sz   await r_await w_await  svctm  %util
2017-06-07 10:42:01 sda               0.00     0.00    0.00    0.00     0.00     0.00     0.00     0.00    0.00    0.00    0.00   0.00   0.00
2017-06-07 10:42:01 scd0              0.00     0.00    0.00    0.00     0.00     0.00     0.00     0.00    0.00    0.00    0.00   0.00   0.00
2017-06-07 10:42:01 
2017-06-07 10:42:02 Device:         rrqm/s   wrqm/s     r/s     w/s    rkB/s    wkB/s avgrq-sz avgqu-sz   await r_await w_await  svctm  %util
2017-06-07 10:42:02 sda               0.00    12.00    0.00    3.00     0.00    60.00    40.00     0.00    0.00    0.00    0.00   0.00   0.00
2017-06-07 10:42:02 scd0              0.00     0.00    0.00    0.00     0.00     0.00     0.00     0.00    0.00    0.00    0.00   0.00   0.00
2017-06-07 10:42:02 
2017-06-07 10:42:03 Device:         rrqm/s   wrqm/s     r/s     w/s    rkB/s    wkB/s avgrq-sz avgqu-sz   await r_await w_await  svctm  %util
2017-06-07 10:42:03 sda               0.00     0.00    0.00    0.00     0.00     0.00     0.00     0.00    0.00    0.00    0.00   0.00   0.00
2017-06-07 10:42:03 scd0              0.00     0.00    0.00    0.00     0.00     0.00     0.00     0.00    0.00    0.00    0.00   0.00   0.00
2017-06-07 10:42:03 
2017-06-07 10:42:04 Device:         rrqm/s   wrqm/s     r/s     w/s    rkB/s    wkB/s avgrq-sz avgqu-sz   await r_await w_await  svctm  %util
2017-06-07 10:42:04 sda               0.00     0.00    0.00    0.00     0.00     0.00     0.00     0.00    0.00    0.00    0.00   0.00   0.00
2017-06-07 10:42:04 scd0              0.00     0.00    0.00    0.00     0.00     0.00     0.00     0.00    0.00    0.00    0.00   0.00   0.00
2017-06-07 10:42:04 
2017-06-07 10:42:05 Device:         rrqm/s   wrqm/s     r/s     w/s    rkB/s    wkB/s avgrq-sz avgqu-sz   await r_await w_await  svctm  %util
2017-06-07 10:42:05 sda               0.00     0.00    0.00    0.00     0.00     0.00     0.00     0.00    0.00    0.00    0.00   0.00   0.00
2017-06-07 10:42:05 scd0              0.00     0.00    0.00    0.00     0.00     0.00     0.00     0.00    0.00    0.00    0.00   0.00   0.00
2017-06-07 10:42:05 
2017-06-07 10:42:06 Device:         rrqm/s   wrqm/s     r/s     w/s    rkB/s    wkB/s avgrq-sz avgqu-sz   await r_await w_await  svctm  %util
2017-06-07 10:42:06 sda               0.00     0.00    0.00    0.00     0.00     0.00     0.00     0.00    0.00    0.00    0.00   0.00   0.00
2017-06-07 10:42:06 scd0              0.00     0.00    0.00    0.00     0.00     0.00     0.00     0.00    0.00    0.00    0.00   0.00   0.00
2017-06-07 10:42:06 
2017-06-07 10:42:07 Device:         rrqm/s   wrqm/s     r/s     w/s    rkB/s    wkB/s avgrq-sz avgqu-sz   await r_await w_await  svctm  %util
2017-06-07 10:42:07 sda               0.00     0.00    0.00    1.00     0.00    16.00    32.00     0.02   20.00    0.00   20.00  20.00   2.00
2017-06-07 10:42:07 scd0              0.00     0.00    0.00    0.00     0.00     0.00     0.00     0.00    0.00    0.00    0.00   0.00   0.00
2017-06-07 10:42:07 
2017-06-07 10:42:08 Device:         rrqm/s   wrqm/s     r/s     w/s    rkB/s    wkB/s avgrq-sz avgqu-sz   await r_await w_await  svctm  %util
2017-06-07 10:42:08 sda               0.00     4.00    0.00    2.00     0.00    24.00    24.00     0.00    0.00    0.00    0.00   0.00   0.00
2017-06-07 10:42:08 scd0              0.00     0.00    0.00    0.00     0.00     0.00     0.00     0.00    0.00    0.00    0.00   0.00   0.00
2017-06-07 10:42:08 
2017-06-07 10:42:09 Device:         rrqm/s   wrqm/s     r/s     w/s    rkB/s    wkB/s avgrq-sz avgqu-sz   await r_await w_await  svctm  %util
2017-06-07 10:42:09 sda               0.00     0.00    0.00    0.00     0.00     0.00     0.00     0.00    0.00    0.00    0.00   0.00   0.00
2017-06-07 10:42:09 scd0              0.00     0.00    0.00    0.00     0.00     0.00     0.00     0.00    0.00    0.00    0.00   0.00   0.00
2017-06-07 10:42:09 
2017-06-07 10:42:10 Device:         rrqm/s   wrqm/s     r/s     w/s    rkB/s    wkB/s avgrq-sz avgqu-sz   await r_await w_await  svctm  %util
2017-06-07 10:42:10 sda               0.00     0.00    0.00    0.00     0.00     0.00     0.00     0.00    0.00    0.00    0.00   0.00   0.00
2017-06-07 10:42:10 scd0              0.00     0.00    0.00    0.00     0.00     0.00     0.00     0.00    0.00    0.00    0.00   0.00   0.00
2017-06-07 10:42:10 
2017-06-07 10:42:11 Device:         rrqm/s   wrqm/s     r/s     w/s    rkB/s    wkB/s avgrq-sz avgqu-sz   await r_await w_await  svctm  %util
2017-06-07 10:42:11 sda               0.00     0.00    0.00    0.00     0.00     0.00     0.00     0.00    0.00    0.00    0.00   0.00   0.00
2017-06-07 10:42:11 scd0              0.00     0.00    0.00    0.00     0.00     0.00     0.00     0.00    0.00    0.00    0.00   0.00   0.00
2017-06-07 10:42:11 
2017-06-07 10:42:12 Device:         rrqm/s   wrqm/s     r/s     w/s    rkB/s    wkB/s avgrq-sz avgqu-sz   await r_await w_await  svctm  %util
2017-06-07 10:42:12 sda               0.00     0.00    0.00    0.00     0.00     0.00     0.00     0.00    0.00    0.00    0.00   0.00   0.00
2017-06-07 10:42:12 scd0              0.00     0.00    0.00    0.00     0.00     0.00     0.00     0.00    0.00    0.00    0.00   0.00   0.00
2017-06-07 10:42:12 
2017-06-07 10:42:13 Device:         rrqm/s   wrqm/s     r/s     w/s    rkB/s    wkB/s avgrq-sz avgqu-sz   await r_await w_await  svctm  %util
2017-06-07 10:42:13 sda               0.00     0.00    0.00    0.00     0.00     0.00     0.00     0.00    0.00    0.00    0.00   0.00   0.00
2017-06-07 10:42:13 scd0              0.00     0.00    0.00    0.00     0.00     0.00     0.00     0.00    0.00    0.00    0.00   0.00   0.00
2017-06-07 10:42:13 
2017-06-07 10:42:14 Device:         rrqm/s   wrqm/s     r/s     w/s    rkB/s    wkB/s avgrq-sz avgqu-sz   await r_await w_await  svctm  %util
2017-06-07 10:42:14 sda               0.00     0.00    0.00    0.00     0.00     0.00     0.00     0.00    0.00    0.00    0.00   0.00   0.00
2017-06-07 10:42:14 scd0              0.00     0.00    0.00    0.00     0.00     0.00     0.00     0.00    0.00    0.00    0.00   0.00   0.00
2017-06-07 10:42:14 
2017-06-07 10:42:15 Device:         rrqm/s   wrqm/s     r/s     w/s    rkB/s    wkB/s avgrq-sz avgqu-sz   await r_await w_await  svctm  %util
2017-06-07 10:42:15 sda               0.00     2.00    1.00    2.00     4.00    16.00    13.33     0.01    2.67    8.00    0.00   2.67   0.80
2017-06-07 10:42:15 scd0              0.00     0.00    0.00    0.00     0.00     0.00     0.00     0.00    0.00    0.00    0.00   0.00   0.00
2017-06-07 10:42:15 
2017-06-07 10:42:16 Device:         rrqm/s   wrqm/s     r/s     w/s    rkB/s    wkB/s avgrq-sz avgqu-sz   await r_await w_await  svctm  %util
2017-06-07 10:42:16 sda               0.00     0.00    0.00    0.00     0.00     0.00     0.00     0.00    0.00    0.00    0.00   0.00   0.00
2017-06-07 10:42:16 scd0              0.00     0.00    0.00    0.00     0.00     0.00     0.00     0.00    0.00    0.00    0.00   0.00   0.00
2017-06-07 10:42:16 
2017-06-07 10:42:17 Device:         rrqm/s   wrqm/s     r/s     w/s    rkB/s    wkB/s avgrq-sz avgqu-sz   await r_await w_await  svctm  %util
2017-06-07 10:42:17 sda               0.00     0.00    0.00    0.00     0.00     0.00     0.00     0.00    0.00    0.00    0.00   0.00   0.00
2017-06-07 10:42:17 scd0              0.00     0.00    0.00    0.00     0.00     0.00     0.00     0.00    0.00    0.00    0.00   0.00   0.00
2017-06-07 10:42:17 
2017-06-07 10:42:18 Device:         rrqm/s   wrqm/s     r/s     w/s    rkB/s    wkB/s avgrq-sz avgqu-sz   await r_await w_await  svctm  %util
2017-06-07 10:42:18 sda               0.00     0.00    0.00    1.00     0.00    32.00    64.00     0.00    4.00    0.00    4.00   4.00   0.40
2017-06-07 10:42:18 scd0              0.00     0.00    0.00    0.00     0.00     0.00     0.00     0.00    0.00    0.00    0.00   0.00   0.00
2017-06-07 10:42:18 
2017-06-07 10:42:19 Device:         rrqm/s   wrqm/s     r/s     w/s    rkB/s    wkB/s avgrq-sz avgqu-sz   await r_await w_await  svctm  %util
2017-06-07 10:42:19 sda               0.00     0.00    0.00    0.00     0.00     0.00     0.00     0.00    0.00    0.00    0.00   0.00   0.00
2017-06-07 10:42:19 scd0              0.00     0.00    0.00    0.00     0.00     0.00     0.00     0.00    0.00    0.00    0.00   0.00   0.00
2017-06-07 10:42:19 
2017-06-07 10:42:20 Device:         rrqm/s   wrqm/s     r/s     w/s    rkB/s    wkB/s avgrq-sz avgqu-sz   await r_await w_await  svctm  %util
2017-06-07 10:42:20 sda               0.00    14.00    0.00    2.00     0.00    64.00    64.00     0.00    0.00    0.00    0.00   0.00   0.00
2017-06-07 10:42:20 scd0              0.00     0.00    0.00    0.00     0.00     0.00     0.00     0.00    0.00    0.00    0.00   0.00   0.00
2017-06-07 10:42:20 
2017-06-07 10:42:21 Device:         rrqm/s   wrqm/s     r/s     w/s    rkB/s    wkB/s avgrq-sz avgqu-sz   await r_await w_await  svctm  %util
2017-06-07 10:42:21 sda               0.00     0.00    0.00    0.00     0.00     0.00     0.00     0.00    0.00    0.00    0.00   0.00   0.00
2017-06-07 10:42:21 scd0              0.00     0.00    0.00    0.00     0.00     0.00     0.00     0.00    0.00    0.00    0.00   0.00   0.00
2017-06-07 10:42:21 
2017-06-07 10:42:22 Device:         rrqm/s   wrqm/s     r/s     w/s    rkB/s    wkB/s avgrq-sz avgqu-sz   await r_await w_await  svctm  %util
2017-06-07 10:42:22 sda               0.00     0.00    4.00    0.00   128.00     0.00    64.00     0.00    1.00    1.00    0.00   1.00   0.40
2017-06-07 10:42:22 scd0              0.00     0.00    0.00    0.00     0.00     0.00     0.00     0.00    0.00    0.00    0.00   0.00   0.00
2017-06-07 10:42:22 
2017-06-07 10:42:23 Device:         rrqm/s   wrqm/s     r/s     w/s    rkB/s    wkB/s avgrq-sz avgqu-sz   await r_await w_await  svctm  %util
2017-06-07 10:42:23 sda               0.00     0.00    0.00    0.00     0.00     0.00     0.00     0.00    0.00    0.00    0.00   0.00   0.00
2017-06-07 10:42:23 scd0              0.00     0.00    0.00    0.00     0.00     0.00     0.00     0.00    0.00    0.00    0.00   0.00   0.00
2017-06-07 10:42:23 
2017-06-07 10:42:24 Device:         rrqm/s   wrqm/s     r/s     w/s    rkB/s    wkB/s avgrq-sz avgqu-sz   await r_await w_await  svctm  %util
2017-06-07 10:42:24 sda               0.00     0.00    0.00    0.00     0.00     0.00     0.00     0.00    0.00    0.00    0.00   0.00   0.00
2017-06-07 10:42:24 scd0              0.00     0.00    0.00    0.00     0.00     0.00     0.00     0.00    0.00    0.00    0.00   0.00   0.00
2017-06-07 10:42:24 
2017-06-07 10:42:25 Device:         rrqm/s   wrqm/s     r/s     w/s    rkB/s    wkB/s avgrq-sz avgqu-sz   await r_await w_await  svctm  %util
2017-06-07 10:42:25 sda               0.00     0.00    0.00    0.00     0.00     0.00     0.00     0.00    0.00    0.00    0.00   0.00   0.00
2017-06-07 10:42:25 scd0              0.00     0.00    0.00    0.00     0.00     0.00     0.00     0.00    0.00    0.00    0.00   0.00   0.00
2017-06-07 10:42:25 
2017-06-07 10:42:26 Device:         rrqm/s   wrqm/s     r/s     w/s    rkB/s    wkB/s avgrq-sz avgqu-sz   await r_await w_await  svctm  %util
2017-06-07 10:42:26 sda               0.00     0.00    0.00    0.00     0.00     0.00     0.00     0.00    0.00    0.00    0.00   0.00   0.00
2017-06-07 10:42:26 scd0              0.00     0.00    0.00    0.00     0.00     0.00     0.00     0.00    0.00    0.00    0.00   0.00   0.00
2017-06-07 10:42:26 
2017-06-07 10:42:27 Device:         rrqm/s   wrqm/s     r/s     w/s    rkB/s    wkB/s avgrq-sz avgqu-sz   await r_await w_await  svctm  %util
2017-06-07 10:42:27 sda               0.00    10.00    0.00   30.00     0.00   160.00    10.67     0.28    9.20    0.00    9.20   1.33   4.00
2017-06-07 10:42:27 scd0              0.00     0.00    0.00    0.00     0.00     0.00     0.00     0.00    0.00    0.00    0.00   0.00   0.00
2017-06-07 10:42:27 
2017-06-07 10:42:28 Device:         rrqm/s   wrqm/s     r/s     w/s    rkB/s    wkB/s avgrq-sz avgqu-sz   await r_await w_await  svctm  %util
2017-06-07 10:42:28 sda               0.00     0.00    0.00    0.00     0.00     0.00     0.00     0.00    0.00    0.00    0.00   0.00   0.00
2017-06-07 10:42:28 scd0              0.00     0.00    0.00    0.00     0.00     0.00     0.00     0.00    0.00    0.00    0.00   0.00   0.00
2017-06-07 10:42:28 
2017-06-07 10:42:29 Device:         rrqm/s   wrqm/s     r/s     w/s    rkB/s    wkB/s avgrq-sz avgqu-sz   await r_await w_await  svctm  %util
2017-06-07 10:42:29 sda               0.00     0.00    0.00    0.00     0.00     0.00     0.00     0.00    0.00    0.00    0.00   0.00   0.00
2017-06-07 10:42:29 scd0              0.00     0.00    0.00    0.00     0.00     0.00     0.00     0.00    0.00    0.00    0.00   0.00   0.00
2017-06-07 10:42:29 
2017-06-07 10:42:30 Device:         rrqm/s   wrqm/s     r/s     w/s    rkB/s    wkB/s avgrq-sz avgqu-sz   await r_await w_await  svctm  %util
2017-06-07 10:42:30 sda               0.00     0.00    0.00    0.00     0.00     0.00     0.00     0.00    0.00    0.00    0.00   0.00   0.00
2017-06-07 10:42:30 scd0              0.00     0.00    0.00    0.00     0.00     0.00     0.00     0.00    0.00    0.00    0.00   0.00   0.00
2017-06-07 10:42:30 
2017-06-07 10:42:31 Device:         rrqm/s   wrqm/s     r/s     w/s    rkB/s    wkB/s avgrq-sz avgqu-sz   await r_await w_await  svctm  %util
2017-06-07 10:42:31 sda               0.00     0.00    0.00    0.00     0.00     0.00     0.00     0.00    0.00    0.00    0.00   0.00   0.00
2017-06-07 10:42:31 scd0              0.00     0.00    0.00    0.00     0.00     0.00     0.00     0.00    0.00    0.00    0.00   0.00   0.00
2017-06-07 10:42:31 
2017-06-07 10:42:32 Device:         rrqm/s   wrqm/s     r/s     w/s    rkB/s    wkB/s avgrq-sz avgqu-sz   await r_await w_await  svctm  %util
2017-06-07 10:42:32 sda               0.00     0.00    0.00    3.00     0.00    12.00     8.00     0.03   10.67    0.00   10.67   4.00   1.20
2017-06-07 10:42:32 scd0              0.00     0.00    0.00    0.00     0.00     0.00     0.00     0.00    0.00    0.00    0.00   0.00   0.00
2017-06-07 10:42:32 
2017-06-07 10:42:33 Device:         rrqm/s   wrqm/s     r/s     w/s    rkB/s    wkB/s avgrq-sz avgqu-sz   await r_await w_await  svctm  %util
2017-06-07 10:42:33 sda               0.00    11.00    0.00    2.00     0.00    52.00    52.00     0.00    2.00    0.00    2.00   2.00   0.40
2017-06-07 10:42:33 scd0              0.00     0.00    0.00    0.00     0.00     0.00     0.00     0.00    0.00    0.00    0.00   0.00   0.00
2017-06-07 10:42:33 
2017-06-07 10:42:34 Device:         rrqm/s   wrqm/s     r/s     w/s    rkB/s    wkB/s avgrq-sz avgqu-sz   await r_await w_await  svctm  %util
2017-06-07 10:42:34 sda               0.00     0.00    0.00    0.00     0.00     0.00     0.00     0.00    0.00    0.00    0.00   0.00   0.00
2017-06-07 10:42:34 scd0              0.00     0.00    0.00    0.00     0.00     0.00     0.00     0.00    0.00    0.00    0.00   0.00   0.00
2017-06-07 10:42:34 
2017-06-07 10:42:35 Device:         rrqm/s   wrqm/s     r/s     w/s    rkB/s    wkB/s avgrq-sz avgqu-sz   await r_await w_await  svctm  %util
2017-06-07 10:42:35 sda               0.00     0.00    0.00    0.00     0.00     0.00     0.00     0.00    0.00    0.00    0.00   0.00   0.00
2017-06-07 10:42:35 scd0              0.00     0.00    0.00    0.00     0.00     0.00     0.00     0.00    0.00    0.00    0.00   0.00   0.00
2017-06-07 10:42:35 
2017-06-07 10:42:36 Device:         rrqm/s   wrqm/s     r/s     w/s    rkB/s    wkB/s avgrq-sz avgqu-sz   await r_await w_await  svctm  %util
2017-06-07 10:42:36 sda               0.00     0.00    0.00    0.00     0.00     0.00     0.00     0.00    0.00    0.00    0.00   0.00   0.00
2017-06-07 10:42:36 scd0              0.00     0.00    0.00    0.00     0.00     0.00     0.00     0.00    0.00    0.00    0.00   0.00   0.00
2017-06-07 10:42:36 
2017-06-07 10:42:37 Device:         rrqm/s   wrqm/s     r/s     w/s    rkB/s    wkB/s avgrq-sz avgqu-sz   await r_await w_await  svctm  %util
2017-06-07 10:42:37 sda               0.00     0.00    0.00    0.00     0.00     0.00     0.00     0.00    0.00    0.00    0.00   0.00   0.00
2017-06-07 10:42:37 scd0              0.00     0.00    0.00    0.00     0.00     0.00     0.00     0.00    0.00    0.00    0.00   0.00   0.00
2017-06-07 10:42:37 
2017-06-07 10:42:38 Device:         rrqm/s   wrqm/s     r/s     w/s    rkB/s    wkB/s avgrq-sz avgqu-sz   await r_await w_await  svctm  %util
2017-06-07 10:42:38 sda               0.00     0.00    0.00    0.00     0.00     0.00     0.00     0.00    0.00    0.00    0.00   0.00   0.00
2017-06-07 10:42:38 scd0              0.00     0.00    0.00    0.00     0.00     0.00     0.00     0.00    0.00    0.00    0.00   0.00   0.00
2017-06-07 10:42:38 
2017-06-07 10:42:39 Device:         rrqm/s   wrqm/s     r/s     w/s    rkB/s    wkB/s avgrq-sz avgqu-sz   await r_await w_await  svctm  %util
2017-06-07 10:42:39 sda               0.00     0.00    0.00    0.00     0.00     0.00     0.00     0.00    0.00    0.00    0.00   0.00   0.00
2017-06-07 10:42:39 scd0              0.00     0.00    0.00    0.00     0.00     0.00     0.00     0.00    0.00    0.00    0.00   0.00   0.00
2017-06-07 10:42:39 
2017-06-07 10:42:40 Device:         rrqm/s   wrqm/s     r/s     w/s    rkB/s    wkB/s avgrq-sz avgqu-sz   await r_await w_await  svctm  %util
2017-06-07 10:42:40 sda               0.00     0.00    0.00    0.00     0.00     0.00     0.00     0.00    0.00    0.00    0.00   0.00   0.00
2017-06-07 10:42:40 scd0              0.00     0.00    0.00    0.00     0.00     0.00     0.00     0.00    0.00    0.00    0.00   0.00   0.00
2017-06-07 10:42:40 
2017-06-07 10:42:41 Device:         rrqm/s   wrqm/s     r/s     w/s    rkB/s    wkB/s avgrq-sz avgqu-sz   await r_await w_await  svctm  %util
2017-06-07 10:42:41 sda               0.00     0.00    0.00    0.00     0.00     0.00     0.00     0.00    0.00    0.00    0.00   0.00   0.00
2017-06-07 10:42:41 scd0              0.00     0.00    0.00    0.00     0.00     0.00     0.00     0.00    0.00    0.00    0.00   0.00   0.00
2017-06-07 10:42:41 
2017-06-07 10:42:42 Device:         rrqm/s   wrqm/s     r/s     w/s    rkB/s    wkB/s avgrq-sz avgqu-sz   await r_await w_await  svctm  %util
2017-06-07 10:42:42 sda               0.00    14.00    0.00    4.00     0.00   112.00    56.00     0.00    0.00    0.00    0.00   0.00   0.00
2017-06-07 10:42:42 scd0              0.00     0.00    0.00    0.00     0.00     0.00     0.00     0.00    0.00    0.00    0.00   0.00   0.00
2017-06-07 10:42:42 
2017-06-07 10:42:43 Device:         rrqm/s   wrqm/s     r/s     w/s    rkB/s    wkB/s avgrq-sz avgqu-sz   await r_await w_await  svctm  %util
2017-06-07 10:42:43 sda               0.00     0.00    0.00    0.00     0.00     0.00     0.00     0.00    0.00    0.00    0.00   0.00   0.00
2017-06-07 10:42:43 scd0              0.00     0.00    0.00    0.00     0.00     0.00     0.00     0.00    0.00    0.00    0.00   0.00   0.00
2017-06-07 10:42:43 
2017-06-07 10:42:44 Device:         rrqm/s   wrqm/s     r/s     w/s    rkB/s    wkB/s avgrq-sz avgqu-sz   await r_await w_await  svctm  %util
2017-06-07 10:42:44 sda               0.00     0.00    0.00    0.00     0.00     0.00     0.00     0.00    0.00    0.00    0.00   0.00   0.00
2017-06-07 10:42:44 scd0              0.00     0.00    0.00    0.00     0.00     0.00     0.00     0.00    0.00    0.00    0.00   0.00   0.00
2017-06-07 10:42:44 
2017-06-07 10:42:45 Device:         rrqm/s   wrqm/s     r/s     w/s    rkB/s    wkB/s avgrq-sz avgqu-sz   await r_await w_await  svctm  %util
2017-06-07 10:42:45 sda               0.00     0.00    0.00    0.00     0.00     0.00     0.00     0.00    0.00    0.00    0.00   0.00   0.00
2017-06-07 10:42:45 scd0              0.00     0.00    0.00    0.00     0.00     0.00     0.00     0.00    0.00    0.00    0.00   0.00   0.00
2017-06-07 10:42:45 
2017-06-07 10:42:46 Device:         rrqm/s   wrqm/s     r/s     w/s    rkB/s    wkB/s avgrq-sz avgqu-sz   await r_await w_await  svctm  %util
2017-06-07 10:42:46 sda               0.00     0.00    0.00    0.00     0.00     0.00     0.00     0.00    0.00    0.00    0.00   0.00   0.00
2017-06-07 10:42:46 scd0              0.00     0.00    0.00    0.00     0.00     0.00     0.00     0.00    0.00    0.00    0.00   0.00   0.00
2017-06-07 10:42:46 
2017-06-07 10:42:47 Device:         rrqm/s   wrqm/s     r/s     w/s    rkB/s    wkB/s avgrq-sz avgqu-sz   await r_await w_await  svctm  %util
2017-06-07 10:42:47 sda               0.00    10.00    0.00    2.00     0.00    48.00    48.00     0.00    0.00    0.00    0.00   0.00   0.00
2017-06-07 10:42:47 scd0              0.00     0.00    0.00    0.00     0.00     0.00     0.00     0.00    0.00    0.00    0.00   0.00   0.00
2017-06-07 10:42:47 
2017-06-07 10:42:48 Device:         rrqm/s   wrqm/s     r/s     w/s    rkB/s    wkB/s avgrq-sz avgqu-sz   await r_await w_await  svctm  %util
2017-06-07 10:42:48 sda               0.00     0.00    0.00    0.00     0.00     0.00     0.00     0.00    0.00    0.00    0.00   0.00   0.00
2017-06-07 10:42:48 scd0              0.00     0.00    0.00    0.00     0.00     0.00     0.00     0.00    0.00    0.00    0.00   0.00   0.00
2017-06-07 10:42:48 
2017-06-07 10:42:49 Device:         rrqm/s   wrqm/s     r/s     w/s    rkB/s    wkB/s avgrq-sz avgqu-sz   await r_await w_await  svctm  %util
2017-06-07 10:42:49 sda               0.00     0.00    0.00    0.00     0.00     0.00     0.00     0.00    0.00    0.00    0.00   0.00   0.00
2017-06-07 10:42:49 scd0              0.00     0.00    0.00    0.00     0.00     0.00     0.00     0.00    0.00    0.00    0.00   0.00   0.00
2017-06-07 10:42:49 
2017-06-07 10:42:50 Device:         rrqm/s   wrqm/s     r/s     w/s    rkB/s    wkB/s avgrq-sz avgqu-sz   await r_await w_await  svctm  %util
2017-06-07 10:42:50 sda               0.00     0.00    0.00    0.00     0.00     0.00     0.00     0.00    0.00    0.00    0.00   0.00   0.00
2017-06-07 10:42:50 scd0              0.00     0.00    0.00    0.00     0.00     0.00     0.00     0.00    0.00    0.00    0.00   0.00   0.00
2017-06-07 10:42:50 
2017-06-07 10:42:51 Device:         rrqm/s   wrqm/s     r/s     w/s    rkB/s    wkB/s avgrq-sz avgqu-sz   await r_await w_await  svctm  %util
2017-06-07 10:42:51 sda               0.00     0.00    0.00    0.00     0.00     0.00     0.00     0.00    0.00    0.00    0.00   0.00   0.00
2017-06-07 10:42:51 scd0              0.00     0.00    0.00    0.00     0.00     0.00     0.00     0.00    0.00    0.00    0.00   0.00   0.00
2017-06-07 10:42:51 
2017-06-07 10:42:52 Device:         rrqm/s   wrqm/s     r/s     w/s    rkB/s    wkB/s avgrq-sz avgqu-sz   await r_await w_await  svctm  %util
2017-06-07 10:42:52 sda               0.00     1.00    0.00    4.00     0.00    48.00    24.00     0.02    4.00    0.00    4.00   1.00   0.40
2017-06-07 10:42:52 scd0              0.00     0.00    0.00    0.00     0.00     0.00     0.00     0.00    0.00    0.00    0.00   0.00   0.00
2017-06-07 10:42:52 
2017-06-07 10:42:53 Device:         rrqm/s   wrqm/s     r/s     w/s    rkB/s    wkB/s avgrq-sz avgqu-sz   await r_await w_await  svctm  %util
2017-06-07 10:42:53 sda              29.00     0.00  173.00    0.00  2412.00     0.00    27.88     0.16    0.86    0.86    0.00   0.83  14.40
2017-06-07 10:42:53 scd0              0.00     0.00    0.00    0.00     0.00     0.00     0.00     0.00    0.00    0.00    0.00   0.00   0.00
2017-06-07 10:42:53 
2017-06-07 10:42:54 Device:         rrqm/s   wrqm/s     r/s     w/s    rkB/s    wkB/s avgrq-sz avgqu-sz   await r_await w_await  svctm  %util
2017-06-07 10:42:54 sda               0.00     0.00  151.00    0.00  2732.00     0.00    36.19     0.16    1.17    1.17    0.00   0.87  13.20
2017-06-07 10:42:54 scd0              0.00     0.00    0.00    0.00     0.00     0.00     0.00     0.00    0.00    0.00    0.00   0.00   0.00
2017-06-07 10:42:54 
2017-06-07 10:42:55 Device:         rrqm/s   wrqm/s     r/s     w/s    rkB/s    wkB/s avgrq-sz avgqu-sz   await r_await w_await  svctm  %util
2017-06-07 10:42:55 sda               0.00    52.00  566.00   59.00 10692.00  2224.00    41.33     1.01    1.59    1.55    1.97   0.74  46.00
2017-06-07 10:42:55 scd0              0.00     0.00    0.00    0.00     0.00     0.00     0.00     0.00    0.00    0.00    0.00   0.00   0.00
2017-06-07 10:42:55 
2017-06-07 10:42:56 Device:         rrqm/s   wrqm/s     r/s     w/s    rkB/s    wkB/s avgrq-sz avgqu-sz   await r_await w_await  svctm  %util
2017-06-07 10:42:56 sda               4.00   118.00 1162.00  123.00 21940.00  4368.00    40.95     5.56    4.33    4.35    4.13   0.77  98.40
2017-06-07 10:42:56 scd0              0.00     0.00    0.00    0.00     0.00     0.00     0.00     0.00    0.00    0.00    0.00   0.00   0.00
2017-06-07 10:42:56 
2017-06-07 10:42:57 Device:         rrqm/s   wrqm/s     r/s     w/s    rkB/s    wkB/s avgrq-sz avgqu-sz   await r_await w_await  svctm  %util
2017-06-07 10:42:57 sda               2.00   158.00 1037.00  165.00 20104.00 15816.00    59.77     6.67    5.52    5.37    6.45   0.83  99.60
2017-06-07 10:42:57 scd0              0.00     0.00    0.00    0.00     0.00     0.00     0.00     0.00    0.00    0.00    0.00   0.00   0.00
2017-06-07 10:42:57 
2017-06-07 10:42:58 Device:         rrqm/s   wrqm/s     r/s     w/s    rkB/s    wkB/s avgrq-sz avgqu-sz   await r_await w_await  svctm  %util
2017-06-07 10:42:58 sda               0.00   142.00  966.00  168.00 19572.00 13472.00    58.28     8.08    6.84    6.31    9.93   0.86  98.00
2017-06-07 10:42:58 scd0              0.00     0.00    0.00    0.00     0.00     0.00     0.00     0.00    0.00    0.00    0.00   0.00   0.00
2017-06-07 10:42:58 
2017-06-07 10:42:59 Device:         rrqm/s   wrqm/s     r/s     w/s    rkB/s    wkB/s avgrq-sz avgqu-sz   await r_await w_await  svctm  %util
2017-06-07 10:42:59 sda               3.00    61.00  543.00  376.00 10396.00 23012.00    72.71    10.05   11.28    8.38   15.47   1.09 100.00
2017-06-07 10:42:59 scd0              0.00     0.00    0.00    0.00     0.00     0.00     0.00     0.00    0.00    0.00    0.00   0.00   0.00
2017-06-07 10:42:59 
2017-06-07 10:43:00 Device:         rrqm/s   wrqm/s     r/s     w/s    rkB/s    wkB/s avgrq-sz avgqu-sz   await r_await w_await  svctm  %util
2017-06-07 10:43:00 sda               2.00   150.00  422.00  449.00  9068.00 30508.00    90.87     7.74    8.93    6.82   10.91   1.14  99.20
2017-06-07 10:43:00 scd0              0.00     0.00    0.00    0.00     0.00     0.00     0.00     0.00    0.00    0.00    0.00   0.00   0.00
2017-06-07 10:43:00 
2017-06-07 10:43:01 Device:         rrqm/s   wrqm/s     r/s     w/s    rkB/s    wkB/s avgrq-sz avgqu-sz   await r_await w_await  svctm  %util
2017-06-07 10:43:01 sda               1.00    71.00  525.00  409.00 10564.00 28068.00    82.72     7.37    7.91    5.78   10.65   1.04  96.80
2017-06-07 10:43:01 scd0              0.00     0.00    0.00    0.00     0.00     0.00     0.00     0.00    0.00    0.00    0.00   0.00   0.00
2017-06-07 10:43:01 
2017-06-07 10:43:02 Device:         rrqm/s   wrqm/s     r/s     w/s    rkB/s    wkB/s avgrq-sz avgqu-sz   await r_await w_await  svctm  %util
2017-06-07 10:43:02 sda               2.00    76.00  490.00  506.00 10236.00 29248.00    79.29     7.55    7.54    6.18    8.86   0.98  97.20
2017-06-07 10:43:02 scd0              0.00     0.00    0.00    0.00     0.00     0.00     0.00     0.00    0.00    0.00    0.00   0.00   0.00
2017-06-07 10:43:02 
2017-06-07 10:43:03 Device:         rrqm/s   wrqm/s     r/s     w/s    rkB/s    wkB/s avgrq-sz avgqu-sz   await r_await w_await  svctm  %util
2017-06-07 10:43:03 sda               1.00    74.00  501.00  533.00 10908.00 27624.00    74.53     7.14    6.85    6.14    7.51   0.94  97.60
2017-06-07 10:43:03 scd0              0.00     0.00    0.00    0.00     0.00     0.00     0.00     0.00    0.00    0.00    0.00   0.00   0.00
2017-06-07 10:43:03 
2017-06-07 10:43:04 Device:         rrqm/s   wrqm/s     r/s     w/s    rkB/s    wkB/s avgrq-sz avgqu-sz   await r_await w_await  svctm  %util
2017-06-07 10:43:04 sda               0.00    74.00  430.00  567.00  9160.00 25592.00    69.71     6.02    6.10    5.81    6.31   0.95  95.20
2017-06-07 10:43:04 scd0              0.00     0.00    0.00    0.00     0.00     0.00     0.00     0.00    0.00    0.00    0.00   0.00   0.00
2017-06-07 10:43:04 
2017-06-07 10:43:05 Device:         rrqm/s   wrqm/s     r/s     w/s    rkB/s    wkB/s avgrq-sz avgqu-sz   await r_await w_await  svctm  %util
2017-06-07 10:43:05 sda               1.00    70.00  422.00  593.00  9048.00 25640.00    68.35     7.20    7.11    7.11    7.12   0.97  98.40
2017-06-07 10:43:05 scd0              0.00     0.00    0.00    0.00     0.00     0.00     0.00     0.00    0.00    0.00    0.00   0.00   0.00
2017-06-07 10:43:05 
2017-06-07 10:43:06 Device:         rrqm/s   wrqm/s     r/s     w/s    rkB/s    wkB/s avgrq-sz avgqu-sz   await r_await w_await  svctm  %util
2017-06-07 10:43:06 sda               0.00    66.00  417.00  494.00  8664.00 22400.00    68.20     6.82    7.48    8.30    6.79   1.08  98.80
2017-06-07 10:43:06 scd0              0.00     0.00    0.00    0.00     0.00     0.00     0.00     0.00    0.00    0.00    0.00   0.00   0.00
2017-06-07 10:43:06 
2017-06-07 10:43:07 Device:         rrqm/s   wrqm/s     r/s     w/s    rkB/s    wkB/s avgrq-sz avgqu-sz   await r_await w_await  svctm  %util
2017-06-07 10:43:07 sda               0.00   115.00  352.00  668.00  6712.00 24388.00    60.98     8.75    8.59    8.14    8.83   0.96  98.00
2017-06-07 10:43:07 scd0              0.00     0.00    0.00    0.00     0.00     0.00     0.00     0.00    0.00    0.00    0.00   0.00   0.00
2017-06-07 10:43:07 
2017-06-07 10:43:08 Device:         rrqm/s   wrqm/s     r/s     w/s    rkB/s    wkB/s avgrq-sz avgqu-sz   await r_await w_await  svctm  %util
2017-06-07 10:43:08 sda               0.00    68.00  463.00  546.00  8908.00 22660.00    62.57     6.51    6.38    7.14    5.74   0.96  97.20
2017-06-07 10:43:08 scd0              0.00     0.00    0.00    0.00     0.00     0.00     0.00     0.00    0.00    0.00    0.00   0.00   0.00
2017-06-07 10:43:08 
2017-06-07 10:43:09 Device:         rrqm/s   wrqm/s     r/s     w/s    rkB/s    wkB/s avgrq-sz avgqu-sz   await r_await w_await  svctm  %util
2017-06-07 10:43:09 sda               1.00    62.00  447.00  566.00  9156.00 26332.00    70.07     7.11    7.00    7.23    6.82   0.98  99.20
2017-06-07 10:43:09 scd0              0.00     0.00    0.00    0.00     0.00     0.00     0.00     0.00    0.00    0.00    0.00   0.00   0.00
2017-06-07 10:43:09 
2017-06-07 10:43:10 Device:         rrqm/s   wrqm/s     r/s     w/s    rkB/s    wkB/s avgrq-sz avgqu-sz   await r_await w_await  svctm  %util
2017-06-07 10:43:10 sda               1.00   108.00  430.00  589.00  9420.00 33424.00    84.09     6.37    6.34    7.64    5.40   0.97  98.40
2017-06-07 10:43:10 scd0              0.00     0.00    0.00    0.00     0.00     0.00     0.00     0.00    0.00    0.00    0.00   0.00   0.00
2017-06-07 10:43:10 
2017-06-07 10:43:11 Device:         rrqm/s   wrqm/s     r/s     w/s    rkB/s    wkB/s avgrq-sz avgqu-sz   await r_await w_await  svctm  %util
2017-06-07 10:43:11 sda               3.00   120.00  482.00  551.00 10412.00 28128.00    74.62     5.92    5.73    7.25    4.41   0.95  98.40
2017-06-07 10:43:11 scd0              0.00     0.00    0.00    0.00     0.00     0.00     0.00     0.00    0.00    0.00    0.00   0.00   0.00
2017-06-07 10:43:11 
2017-06-07 10:43:12 Device:         rrqm/s   wrqm/s     r/s     w/s    rkB/s    wkB/s avgrq-sz avgqu-sz   await r_await w_await  svctm  %util
2017-06-07 10:43:12 sda               1.00    80.00  335.00  595.00  8144.00 25012.00    71.30     4.44    4.78    6.08    4.05   1.05  98.00
2017-06-07 10:43:12 scd0              0.00     0.00    0.00    0.00     0.00     0.00     0.00     0.00    0.00    0.00    0.00   0.00   0.00
2017-06-07 10:43:12 
2017-06-07 10:43:13 Device:         rrqm/s   wrqm/s     r/s     w/s    rkB/s    wkB/s avgrq-sz avgqu-sz   await r_await w_await  svctm  %util
2017-06-07 10:43:13 sda               4.00   222.00  312.00  636.00  7716.00 23896.00    66.69     4.90    5.15    7.09    4.20   1.03  98.00
2017-06-07 10:43:13 scd0              0.00     0.00    0.00    0.00     0.00     0.00     0.00     0.00    0.00    0.00    0.00   0.00   0.00
2017-06-07 10:43:13 
2017-06-07 10:43:14 Device:         rrqm/s   wrqm/s     r/s     w/s    rkB/s    wkB/s avgrq-sz avgqu-sz   await r_await w_await  svctm  %util
2017-06-07 10:43:14 sda               4.00   162.00  207.00  748.00  5264.00 31376.00    76.73     3.02    3.18    3.94    2.97   0.99  94.40
2017-06-07 10:43:14 scd0              0.00     0.00    0.00    0.00     0.00     0.00     0.00     0.00    0.00    0.00    0.00   0.00   0.00
2017-06-07 10:43:14 
2017-06-07 10:43:15 Device:         rrqm/s   wrqm/s     r/s     w/s    rkB/s    wkB/s avgrq-sz avgqu-sz   await r_await w_await  svctm  %util
2017-06-07 10:43:15 sda               4.00   179.00  261.00  767.00  6204.00 28960.00    68.41     2.68    2.61    2.73    2.57   0.93  95.20
2017-06-07 10:43:15 scd0              0.00     0.00    0.00    0.00     0.00     0.00     0.00     0.00    0.00    0.00    0.00   0.00   0.00
2017-06-07 10:43:15 
2017-06-07 10:43:16 Device:         rrqm/s   wrqm/s     r/s     w/s    rkB/s    wkB/s avgrq-sz avgqu-sz   await r_await w_await  svctm  %util
2017-06-07 10:43:16 sda               5.00   181.00  278.00  758.00  7780.00 29208.00    71.41     2.71    2.61    3.51    2.28   0.91  94.00
2017-06-07 10:43:16 scd0              0.00     0.00    0.00    0.00     0.00     0.00     0.00     0.00    0.00    0.00    0.00   0.00   0.00
2017-06-07 10:43:16 
2017-06-07 10:43:17 Device:         rrqm/s   wrqm/s     r/s     w/s    rkB/s    wkB/s avgrq-sz avgqu-sz   await r_await w_await  svctm  %util
2017-06-07 10:43:17 sda               1.00   165.00  225.00  762.00  5944.00 32296.00    77.49     2.53    2.56    3.24    2.36   0.94  92.80
2017-06-07 10:43:17 scd0              0.00     0.00    0.00    0.00     0.00     0.00     0.00     0.00    0.00    0.00    0.00   0.00   0.00
2017-06-07 10:43:17 
2017-06-07 10:43:18 Device:         rrqm/s   wrqm/s     r/s     w/s    rkB/s    wkB/s avgrq-sz avgqu-sz   await r_await w_await  svctm  %util
2017-06-07 10:43:18 sda               5.00   123.00  211.00  718.00  7324.00 24612.00    68.75     2.40    2.60    2.35    2.67   0.90  84.00
2017-06-07 10:43:18 scd0              0.00     0.00    0.00    0.00     0.00     0.00     0.00     0.00    0.00    0.00    0.00   0.00   0.00
2017-06-07 10:43:18 
2017-06-07 10:43:19 Device:         rrqm/s   wrqm/s     r/s     w/s    rkB/s    wkB/s avgrq-sz avgqu-sz   await r_await w_await  svctm  %util
2017-06-07 10:43:19 sda               0.00    48.00   92.00  344.00  5904.00 11644.00    80.50     1.28    2.94    0.91    3.48   1.06  46.00
2017-06-07 10:43:19 scd0              0.00     0.00    0.00    0.00     0.00     0.00     0.00     0.00    0.00    0.00    0.00   0.00   0.00
2017-06-07 10:43:19 
2017-06-07 10:43:20 Device:         rrqm/s   wrqm/s     r/s     w/s    rkB/s    wkB/s avgrq-sz avgqu-sz   await r_await w_await  svctm  %util
2017-06-07 10:43:20 sda               1.00    44.00  104.00  332.00  7476.00 11672.00    87.83     1.02    2.31    1.31    2.63   1.05  45.60
2017-06-07 10:43:20 scd0              0.00     0.00    0.00    0.00     0.00     0.00     0.00     0.00    0.00    0.00    0.00   0.00   0.00
2017-06-07 10:43:20 
2017-06-07 10:43:21 Device:         rrqm/s   wrqm/s     r/s     w/s    rkB/s    wkB/s avgrq-sz avgqu-sz   await r_await w_await  svctm  %util
2017-06-07 10:43:21 sda               0.00    60.00  107.00  351.00  7132.00 12984.00    87.84     1.20    2.58    0.97    3.07   0.96  44.00
2017-06-07 10:43:21 scd0              0.00     0.00    0.00    0.00     0.00     0.00     0.00     0.00    0.00    0.00    0.00   0.00   0.00
2017-06-07 10:43:21 
2017-06-07 10:43:22 Device:         rrqm/s   wrqm/s     r/s     w/s    rkB/s    wkB/s avgrq-sz avgqu-sz   await r_await w_await  svctm  %util
2017-06-07 10:43:22 sda               0.00    32.00   97.00  268.00  6992.00  7688.00    80.44     0.88    2.49    0.58    3.18   0.88  32.00
2017-06-07 10:43:22 scd0              0.00     0.00    0.00    0.00     0.00     0.00     0.00     0.00    0.00    0.00    0.00   0.00   0.00
2017-06-07 10:43:22 
2017-06-07 10:43:23 Device:         rrqm/s   wrqm/s     r/s     w/s    rkB/s    wkB/s avgrq-sz avgqu-sz   await r_await w_await  svctm  %util
2017-06-07 10:43:23 sda               1.00    47.00   98.00  355.00  6436.00 13204.00    86.71     1.34    2.78    0.90    3.30   1.09  49.20
2017-06-07 10:43:23 scd0              0.00     0.00    0.00    0.00     0.00     0.00     0.00     0.00    0.00    0.00    0.00   0.00   0.00
2017-06-07 10:43:23 
2017-06-07 10:43:24 Device:         rrqm/s   wrqm/s     r/s     w/s    rkB/s    wkB/s avgrq-sz avgqu-sz   await r_await w_await  svctm  %util
2017-06-07 10:43:24 sda               0.00    40.00  125.00  281.00  9492.00  8804.00    90.13     0.75    2.04    0.86    2.56   0.86  34.80
2017-06-07 10:43:24 scd0              0.00     0.00    0.00    0.00     0.00     0.00     0.00     0.00    0.00    0.00    0.00   0.00   0.00
2017-06-07 10:43:24 
2017-06-07 10:43:25 Device:         rrqm/s   wrqm/s     r/s     w/s    rkB/s    wkB/s avgrq-sz avgqu-sz   await r_await w_await  svctm  %util
2017-06-07 10:43:25 sda               0.00    39.00  107.00  235.00  8176.00  7720.00    92.96     0.64    1.87    0.82    2.35   0.87  29.60
2017-06-07 10:43:25 scd0              0.00     0.00    0.00    0.00     0.00     0.00     0.00     0.00    0.00    0.00    0.00   0.00   0.00
2017-06-07 10:43:25 
2017-06-07 10:43:26 Device:         rrqm/s   wrqm/s     r/s     w/s    rkB/s    wkB/s avgrq-sz avgqu-sz   await r_await w_await  svctm  %util
2017-06-07 10:43:26 sda               2.00    73.00   87.00  273.00  6784.00  9228.00    88.96     0.69    1.92    1.01    2.21   0.96  34.40
2017-06-07 10:43:26 scd0              0.00     0.00    0.00    0.00     0.00     0.00     0.00     0.00    0.00    0.00    0.00   0.00   0.00
2017-06-07 10:43:26 
2017-06-07 10:43:27 Device:         rrqm/s   wrqm/s     r/s     w/s    rkB/s    wkB/s avgrq-sz avgqu-sz   await r_await w_await  svctm  %util
2017-06-07 10:43:27 sda               1.00    77.00  110.00  195.00  8184.00  4108.00    80.60     0.72    2.36    1.49    2.85   1.10  33.60
2017-06-07 10:43:27 scd0              0.00     0.00    0.00    0.00     0.00     0.00     0.00     0.00    0.00    0.00    0.00   0.00   0.00
2017-06-07 10:43:27 
2017-06-07 10:43:28 Device:         rrqm/s   wrqm/s     r/s     w/s    rkB/s    wkB/s avgrq-sz avgqu-sz   await r_await w_await  svctm  %util
2017-06-07 10:43:28 sda               2.00    37.00   92.00  302.00  6784.00  9164.00    80.95     1.07    2.72    1.04    3.23   1.03  40.40
2017-06-07 10:43:28 scd0              0.00     0.00    0.00    0.00     0.00     0.00     0.00     0.00    0.00    0.00    0.00   0.00   0.00
2017-06-07 10:43:28 
2017-06-07 10:43:29 Device:         rrqm/s   wrqm/s     r/s     w/s    rkB/s    wkB/s avgrq-sz avgqu-sz   await r_await w_await  svctm  %util
2017-06-07 10:43:29 sda               0.00    40.00   97.00  198.00  7568.00  4692.00    83.12     0.50    1.69    0.74    2.16   0.83  24.40
2017-06-07 10:43:29 scd0              0.00     0.00    0.00    0.00     0.00     0.00     0.00     0.00    0.00    0.00    0.00   0.00   0.00
2017-06-07 10:43:29 
2017-06-07 10:43:30 Device:         rrqm/s   wrqm/s     r/s     w/s    rkB/s    wkB/s avgrq-sz avgqu-sz   await r_await w_await  svctm  %util
2017-06-07 10:43:30 sda               0.00    50.00  113.00  291.00  2016.00 13284.00    75.74     1.47    3.51    1.06    4.47   0.99  40.00
2017-06-07 10:43:30 scd0              0.00     0.00    0.00    0.00     0.00     0.00     0.00     0.00    0.00    0.00    0.00   0.00   0.00
2017-06-07 10:43:30 
2017-06-07 10:43:31 Device:         rrqm/s   wrqm/s     r/s     w/s    rkB/s    wkB/s avgrq-sz avgqu-sz   await r_await w_await  svctm  %util
2017-06-07 10:43:31 sda               0.00    13.00  181.00   19.00  4420.00  1980.00    64.00     0.30    1.74    0.86   10.11   0.88  17.60
2017-06-07 10:43:31 