2017-06-06 15:33:22 Linux 4.4.0-78-generic (ubuntu) 	Tuesday 06 June 2017 	_x86_64_	(16 CPU)
2017-06-06 15:33:22 
2017-06-06 15:33:22 Device:         rrqm/s   wrqm/s     r/s     w/s    rkB/s    wkB/s avgrq-sz avgqu-sz   await r_await w_await  svctm  %util
2017-06-06 15:33:22 sda               0.05     2.88    0.89    9.78    14.49   906.35   172.59     0.04    3.63    3.95    3.60   1.08   1.15
2017-06-06 15:33:22 scd0              0.00     0.00    0.00    0.00     0.00     0.00     6.46     0.00    0.41    0.41    0.00   0.41   0.00
2017-06-06 15:33:22 
2017-06-06 15:33:23 Device:         rrqm/s   wrqm/s     r/s     w/s    rkB/s    wkB/s avgrq-sz avgqu-sz   await r_await w_await  svctm  %util
2017-06-06 15:33:23 sda               0.00   104.00    1.00  274.00     8.00 37964.00   276.16     0.98    3.58    0.00    3.59   1.76  48.40
2017-06-06 15:33:23 scd0              0.00     0.00    0.00    0.00     0.00     0.00     0.00     0.00    0.00    0.00    0.00   0.00   0.00
2017-06-06 15:33:23 
2017-06-06 15:33:24 Device:         rrqm/s   wrqm/s     r/s     w/s    rkB/s    wkB/s avgrq-sz avgqu-sz   await r_await w_await  svctm  %util
2017-06-06 15:33:24 sda               0.00   109.00    0.00  313.00     0.00 43144.00   275.68     0.97    3.08    0.00    3.08   1.60  50.00
2017-06-06 15:33:24 scd0              0.00     0.00    0.00    0.00     0.00     0.00     0.00     0.00    0.00    0.00    0.00   0.00   0.00
2017-06-06 15:33:24 
2017-06-06 15:33:25 Device:         rrqm/s   wrqm/s     r/s     w/s    rkB/s    wkB/s avgrq-sz avgqu-sz   await r_await w_await  svctm  %util
2017-06-06 15:33:25 sda               0.00   103.00    0.00  305.00     0.00 39928.00   261.82     1.01    3.34    0.00    3.34   1.57  48.00
2017-06-06 15:33:25 scd0              0.00     0.00    0.00    0.00     0.00     0.00     0.00     0.00    0.00    0.00    0.00   0.00   0.00
2017-06-06 15:33:25 
2017-06-06 15:33:26 Device:         rrqm/s   wrqm/s     r/s     w/s    rkB/s    wkB/s avgrq-sz avgqu-sz   await r_await w_await  svctm  %util
2017-06-06 15:33:26 sda               0.00   110.00    0.00  323.00     0.00 43632.00   270.17     1.01    3.13    0.00    3.13   1.55  50.00
2017-06-06 15:33:26 scd0              0.00     0.00    0.00    0.00     0.00     0.00     0.00     0.00    0.00    0.00    0.00   0.00   0.00
2017-06-06 15:33:26 
2017-06-06 15:33:27 Device:         rrqm/s   wrqm/s     r/s     w/s    rkB/s    wkB/s avgrq-sz avgqu-sz   await r_await w_await  svctm  %util
2017-06-06 15:33:27 sda               0.00   102.00    0.00  281.00     0.00 37412.00   266.28     0.85    3.02    0.00    3.02   1.74  48.80
2017-06-06 15:33:27 scd0              0.00     0.00    0.00    0.00     0.00     0.00     0.00     0.00    0.00    0.00    0.00   0.00   0.00
2017-06-06 15:33:27 
2017-06-06 15:33:28 Device:         rrqm/s   wrqm/s     r/s     w/s    rkB/s    wkB/s avgrq-sz avgqu-sz   await r_await w_await  svctm  %util
2017-06-06 15:33:28 sda               0.00   110.00    0.00  318.00     0.00 41984.00   264.05     1.07    3.37    0.00    3.37   1.64  52.00
2017-06-06 15:33:28 scd0              0.00     0.00    0.00    0.00     0.00     0.00     0.00     0.00    0.00    0.00    0.00   0.00   0.00
2017-06-06 15:33:28 
2017-06-06 15:33:29 Device:         rrqm/s   wrqm/s     r/s     w/s    rkB/s    wkB/s avgrq-sz avgqu-sz   await r_await w_await  svctm  %util
2017-06-06 15:33:29 sda               0.00    96.00    0.00  303.00     0.00 45144.00   297.98     1.06    3.49    0.00    3.49   1.65  50.00
2017-06-06 15:33:29 scd0              0.00     0.00    0.00    0.00     0.00     0.00     0.00     0.00    0.00    0.00    0.00   0.00   0.00
2017-06-06 15:33:29 
2017-06-06 15:33:30 Device:         rrqm/s   wrqm/s     r/s     w/s    rkB/s    wkB/s avgrq-sz avgqu-sz   await r_await w_await  svctm  %util
2017-06-06 15:33:30 sda               0.00    60.00    0.00  170.00     0.00 18116.00   213.13     0.44    2.66    0.00    2.66   1.48  25.20
2017-06-06 15:33:30 scd0              0.00     0.00    0.00    0.00     0.00     0.00     0.00     0.00    0.00    0.00    0.00   0.00   0.00
2017-06-06 15:33:30 
2017-06-06 15:33:31 Device:         rrqm/s   wrqm/s     r/s     w/s    rkB/s    wkB/s avgrq-sz avgqu-sz   await r_await w_await  svctm  %util
2017-06-06 15:33:31 sda               0.00    70.00    0.00  204.00     0.00 33324.00   326.71     0.72    3.51    0.00    3.51   1.82  37.20
2017-06-06 15:33:31 scd0              0.00     0.00    0.00    0.00     0.00     0.00     0.00     0.00    0.00    0.00    0.00   0.00   0.00
2017-06-06 15:33:31 
2017-06-06 15:33:32 Device:         rrqm/s   wrqm/s     r/s     w/s    rkB/s    wkB/s avgrq-sz avgqu-sz   await r_await w_await  svctm  %util
2017-06-06 15:33:32 sda               0.00    53.00    0.00  153.00     0.00 31708.00   414.48     0.81    5.31    0.00    5.31   2.98  45.60
2017-06-06 15:33:32 scd0              0.00     0.00    0.00    0.00     0.00     0.00     0.00     0.00    0.00    0.00    0.00   0.00   0.00
2017-06-06 15:33:32 
2017-06-06 15:33:33 Device:         rrqm/s   wrqm/s     r/s     w/s    rkB/s    wkB/s avgrq-sz avgqu-sz   await r_await w_await  svctm  %util
2017-06-06 15:33:33 sda               0.00    73.00    0.00  220.00     0.00 31272.00   284.29     0.84    3.84    0.00    3.84   1.84  40.40
2017-06-06 15:33:33 scd0              0.00     0.00    0.00    0.00     0.00     0.00     0.00     0.00    0.00    0.00    0.00   0.00   0.00
2017-06-06 15:33:33 
2017-06-06 15:33:34 Device:         rrqm/s   wrqm/s     r/s     w/s    rkB/s    wkB/s avgrq-sz avgqu-sz   await r_await w_await  svctm  %util
2017-06-06 15:33:34 sda               0.00    60.00    0.00  181.00     0.00 25192.00   278.36     0.50    2.78    0.00    2.78   1.75  31.60
2017-06-06 15:33:34 scd0              0.00     0.00    0.00    0.00     0.00     0.00     0.00     0.00    0.00    0.00    0.00   0.00   0.00
2017-06-06 15:33:34 
2017-06-06 15:33:35 Device:         rrqm/s   wrqm/s     r/s     w/s    rkB/s    wkB/s avgrq-sz avgqu-sz   await r_await w_await  svctm  %util
2017-06-06 15:33:35 sda               0.00    84.00    0.00  237.00     0.00 27804.00   234.63     0.81    3.41    0.00    3.41   1.64  38.80
2017-06-06 15:33:35 scd0              0.00     0.00    0.00    0.00     0.00     0.00     0.00     0.00    0.00    0.00    0.00   0.00   0.00
2017-06-06 15:33:35 
2017-06-06 15:33:36 Device:         rrqm/s   wrqm/s     r/s     w/s    rkB/s    wkB/s avgrq-sz avgqu-sz   await r_await w_await  svctm  %util
2017-06-06 15:33:36 sda               0.00    69.00    0.00  206.00     0.00 28096.00   272.78     0.58    2.80    0.00    2.80   1.44  29.60
2017-06-06 15:33:36 scd0              0.00     0.00    0.00    0.00     0.00     0.00     0.00     0.00    0.00    0.00    0.00   0.00   0.00
2017-06-06 15:33:36 
2017-06-06 15:33:37 Device:         rrqm/s   wrqm/s     r/s     w/s    rkB/s    wkB/s avgrq-sz avgqu-sz   await r_await w_await  svctm  %util
2017-06-06 15:33:37 sda               0.00    64.00    6.00  204.00     3.00 28356.00   270.09     0.74    3.50    0.00    3.61   1.64  34.40
2017-06-06 15:33:37 scd0              0.00     0.00    0.00    0.00     0.00     0.00     0.00     0.00    0.00    0.00    0.00   0.00   0.00
2017-06-06 15:33:37 
2017-06-06 15:33:38 Device:         rrqm/s   wrqm/s     r/s     w/s    rkB/s    wkB/s avgrq-sz avgqu-sz   await r_await w_await  svctm  %util
2017-06-06 15:33:38 sda               0.00    83.00    0.00  239.00     0.00 25380.00   212.38     0.54    2.26    0.00    2.26   1.47  35.20
2017-06-06 15:33:38 scd0              0.00     0.00    0.00    0.00     0.00     0.00     0.00     0.00    0.00    0.00    0.00   0.00   0.00
2017-06-06 15:33:38 
2017-06-06 15:33:39 Device:         rrqm/s   wrqm/s     r/s     w/s    rkB/s    wkB/s avgrq-sz avgqu-sz   await r_await w_await  svctm  %util
2017-06-06 15:33:39 sda               0.00    71.00    0.00  214.00     0.00 27356.00   255.66     0.71    3.31    0.00    3.31   1.53  32.80
2017-06-06 15:33:39 scd0              0.00     0.00    0.00    0.00     0.00     0.00     0.00     0.00    0.00    0.00    0.00   0.00   0.00
2017-06-06 15:33:39 
2017-06-06 15:33:40 Device:         rrqm/s   wrqm/s     r/s     w/s    rkB/s    wkB/s avgrq-sz avgqu-sz   await r_await w_await  svctm  %util
2017-06-06 15:33:40 sda               0.00    72.00    0.00  219.00     0.00 28988.00   264.73     0.73    3.34    0.00    3.34   1.53  33.60
2017-06-06 15:33:40 scd0              0.00     0.00    0.00    0.00     0.00     0.00     0.00     0.00    0.00    0.00    0.00   0.00   0.00
2017-06-06 15:33:40 
2017-06-06 15:33:41 Device:         rrqm/s   wrqm/s     r/s     w/s    rkB/s    wkB/s avgrq-sz avgqu-sz   await r_await w_await  svctm  %util
2017-06-06 15:33:41 sda               0.00    63.00    0.00  203.00     0.00 27480.00   270.74     0.76    3.72    0.00    3.72   1.62  32.80
2017-06-06 15:33:41 scd0              0.00     0.00    0.00    0.00     0.00     0.00     0.00     0.00    0.00    0.00    0.00   0.00   0.00
2017-06-06 15:33:41 
2017-06-06 15:33:42 Device:         rrqm/s   wrqm/s     r/s     w/s    rkB/s    wkB/s avgrq-sz avgqu-sz   await r_await w_await  svctm  %util
2017-06-06 15:33:42 sda               0.00    69.00    0.00  218.00     0.00 24468.00   224.48     0.80    3.21    0.00    3.21   1.58  34.40
2017-06-06 15:33:42 scd0              0.00     0.00    0.00    0.00     0.00     0.00     0.00     0.00    0.00    0.00    0.00   0.00   0.00
2017-06-06 15:33:42 
2017-06-06 15:33:43 Device:         rrqm/s   wrqm/s     r/s     w/s    rkB/s    wkB/s avgrq-sz avgqu-sz   await r_await w_await  svctm  %util
2017-06-06 15:33:43 sda               0.00   107.00    1.00  231.00     4.00 28560.00   246.24     1.05    4.93    0.00    4.95   1.67  38.80
2017-06-06 15:33:43 scd0              0.00     0.00    0.00    0.00     0.00     0.00     0.00     0.00    0.00    0.00    0.00   0.00   0.00
2017-06-06 15:33:43 
2017-06-06 15:33:44 Device:         rrqm/s   wrqm/s     r/s     w/s    rkB/s    wkB/s avgrq-sz avgqu-sz   await r_await w_await  svctm  %util
2017-06-06 15:33:44 sda               0.00    59.00    0.00  189.00     0.00 27552.00   291.56     1.05    5.54    0.00    5.54   2.01  38.00
2017-06-06 15:33:44 scd0              0.00     0.00    0.00    0.00     0.00     0.00     0.00     0.00    0.00    0.00    0.00   0.00   0.00
2017-06-06 15:33:44 
2017-06-06 15:33:45 Device:         rrqm/s   wrqm/s     r/s     w/s    rkB/s    wkB/s avgrq-sz avgqu-sz   await r_await w_await  svctm  %util
2017-06-06 15:33:45 sda               0.00    48.00    0.00  154.00     0.00 21536.00   279.69     0.56    3.66    0.00    3.66   1.92  29.60
2017-06-06 15:33:45 scd0              0.00     0.00    0.00    0.00     0.00     0.00     0.00     0.00    0.00    0.00    0.00   0.00   0.00
2017-06-06 15:33:45 
2017-06-06 15:33:46 Device:         rrqm/s   wrqm/s     r/s     w/s    rkB/s    wkB/s avgrq-sz avgqu-sz   await r_await w_await  svctm  %util
2017-06-06 15:33:46 sda               0.00    90.00    0.00  271.00     0.00 27144.00   200.32     0.78    2.88    0.00    2.88   1.46  39.60
2017-06-06 15:33:46 scd0              0.00     0.00    0.00    0.00     0.00     0.00     0.00     0.00    0.00    0.00    0.00   0.00   0.00
2017-06-06 15:33:46 
2017-06-06 15:33:47 Device:         rrqm/s   wrqm/s     r/s     w/s    rkB/s    wkB/s avgrq-sz avgqu-sz   await r_await w_await  svctm  %util
2017-06-06 15:33:47 sda               0.00    65.00    0.00  190.00     0.00 27885.00   293.53     0.70    3.68    0.00    3.68   1.73  32.80
2017-06-06 15:33:47 scd0              0.00     0.00    0.00    0.00     0.00     0.00     0.00     0.00    0.00    0.00    0.00   0.00   0.00
2017-06-06 15:33:47 
2017-06-06 15:33:48 Device:         rrqm/s   wrqm/s     r/s     w/s    rkB/s    wkB/s avgrq-sz avgqu-sz   await r_await w_await  svctm  %util
2017-06-06 15:33:48 sda               0.00    84.00    0.00  259.00     0.00 31348.00   242.07     0.92    3.54    0.00    3.54   1.53  39.60
2017-06-06 15:33:48 scd0              0.00     0.00    0.00    0.00     0.00     0.00     0.00     0.00    0.00    0.00    0.00   0.00   0.00
2017-06-06 15:33:48 
2017-06-06 15:33:49 Device:         rrqm/s   wrqm/s     r/s     w/s    rkB/s    wkB/s avgrq-sz avgqu-sz   await r_await w_await  svctm  %util
2017-06-06 15:33:49 sda               0.00    85.00    0.00  252.00     0.00 32880.00   260.95     0.81    3.22    0.00    3.22   1.73  43.60
2017-06-06 15:33:49 scd0              0.00     0.00    0.00    0.00     0.00     0.00     0.00     0.00    0.00    0.00    0.00   0.00   0.00
2017-06-06 15:33:49 
2017-06-06 15:33:50 Device:         rrqm/s   wrqm/s     r/s     w/s    rkB/s    wkB/s avgrq-sz avgqu-sz   await r_await w_await  svctm  %util
2017-06-06 15:33:50 sda               0.00    80.00    0.00  264.00     0.00 32728.00   247.94     0.92    3.48    0.00    3.48   1.56  41.20
2017-06-06 15:33:50 scd0              0.00     0.00    0.00    0.00     0.00     0.00     0.00     0.00    0.00    0.00    0.00   0.00   0.00
2017-06-06 15:33:50 
2017-06-06 15:33:51 Device:         rrqm/s   wrqm/s     r/s     w/s    rkB/s    wkB/s avgrq-sz avgqu-sz   await r_await w_await  svctm  %util
2017-06-06 15:33:51 sda               0.00    72.00    0.00  218.00     0.00 27364.00   251.05     0.61    2.79    0.00    2.79   1.50  32.80
2017-06-06 15:33:51 scd0              0.00     0.00    0.00    0.00     0.00     0.00     0.00     0.00    0.00    0.00    0.00   0.00   0.00
2017-06-06 15:33:51 
2017-06-06 15:33:52 Device:         rrqm/s   wrqm/s     r/s     w/s    rkB/s    wkB/s avgrq-sz avgqu-sz   await r_await w_await  svctm  %util
2017-06-06 15:33:52 sda               0.00    61.00    0.00  195.00     0.00 29608.00   303.67     0.89    4.57    0.00    4.57   1.85  36.00
2017-06-06 15:33:52 scd0              0.00     0.00    0.00    0.00     0.00     0.00     0.00     0.00    0.00    0.00    0.00   0.00   0.00
2017-06-06 15:33:52 
2017-06-06 15:33:53 Device:         rrqm/s   wrqm/s     r/s     w/s    rkB/s    wkB/s avgrq-sz avgqu-sz   await r_await w_await  svctm  %util
2017-06-06 15:33:53 sda               0.00    81.00    0.00  237.00     0.00 30596.00   258.19     0.82    3.44    0.00    3.44   1.67  39.60
2017-06-06 15:33:53 scd0              0.00     0.00    0.00    0.00     0.00     0.00     0.00     0.00    0.00    0.00    0.00   0.00   0.00
2017-06-06 15:33:53 
2017-06-06 15:33:54 Device:         rrqm/s   wrqm/s     r/s     w/s    rkB/s    wkB/s avgrq-sz avgqu-sz   await r_await w_await  svctm  %util
2017-06-06 15:33:54 sda               0.00    66.00    0.00  196.00     0.00 28856.00   294.45     0.76    3.86    0.00    3.86   1.82  35.60
2017-06-06 15:33:54 scd0              0.00     0.00    0.00    0.00     0.00     0.00     0.00     0.00    0.00    0.00    0.00   0.00   0.00
2017-06-06 15:33:54 
2017-06-06 15:33:55 Device:         rrqm/s   wrqm/s     r/s     w/s    rkB/s    wkB/s avgrq-sz avgqu-sz   await r_await w_await  svctm  %util
2017-06-06 15:33:55 sda               0.00    75.00    0.00  222.00     0.00 29076.00   261.95     0.68    3.06    0.00    3.06   1.51  33.60
2017-06-06 15:33:55 scd0              0.00     0.00    0.00    0.00     0.00     0.00     0.00     0.00    0.00    0.00    0.00   0.00   0.00
2017-06-06 15:33:55 
2017-06-06 15:33:56 Device:         rrqm/s   wrqm/s     r/s     w/s    rkB/s    wkB/s avgrq-sz avgqu-sz   await r_await w_await  svctm  %util
2017-06-06 15:33:56 sda               0.00    65.00    0.00  216.00     0.00 23572.00   218.26     0.66    3.06    0.00    3.06   1.57  34.00
2017-06-06 15:33:56 scd0              0.00     0.00    0.00    0.00     0.00     0.00     0.00     0.00    0.00    0.00    0.00   0.00   0.00
2017-06-06 15:33:56 
2017-06-06 15:33:57 Device:         rrqm/s   wrqm/s     r/s     w/s    rkB/s    wkB/s avgrq-sz avgqu-sz   await r_await w_await  svctm  %util
2017-06-06 15:33:57 sda               0.00    71.00    0.00  222.00     0.00 27952.00   251.82     0.84    3.77    0.00    3.77   1.73  38.40
2017-06-06 15:33:57 scd0              0.00     0.00    0.00    0.00     0.00     0.00     0.00     0.00    0.00    0.00    0.00   0.00   0.00
2017-06-06 15:33:57 
2017-06-06 15:33:58 Device:         rrqm/s   wrqm/s     r/s     w/s    rkB/s    wkB/s avgrq-sz avgqu-sz   await r_await w_await  svctm  %util
2017-06-06 15:33:58 sda               0.00    75.00    0.00  245.00     0.00 30372.00   247.93     1.26    5.16    0.00    5.16   1.68  41.20
2017-06-06 15:33:58 scd0              0.00     0.00    0.00    0.00     0.00     0.00     0.00     0.00    0.00    0.00    0.00   0.00   0.00
2017-06-06 15:33:58 
2017-06-06 15:33:59 Device:         rrqm/s   wrqm/s     r/s     w/s    rkB/s    wkB/s avgrq-sz avgqu-sz   await r_await w_await  svctm  %util
2017-06-06 15:33:59 sda               0.00    98.00    0.00  185.00     0.00 26760.00   289.30     0.70    3.42    0.00    3.42   1.82  33.60
2017-06-06 15:33:59 scd0              0.00     0.00    0.00    0.00     0.00     0.00     0.00     0.00    0.00    0.00    0.00   0.00   0.00
2017-06-06 15:33:59 
2017-06-06 15:34:00 Device:         rrqm/s   wrqm/s     r/s     w/s    rkB/s    wkB/s avgrq-sz avgqu-sz   await r_await w_await  svctm  %util
2017-06-06 15:34:00 sda               0.00    89.00    0.00  264.00     0.00 31704.00   240.18     0.79    3.27    0.00    3.27   1.58  41.60
2017-06-06 15:34:00 scd0              0.00     0.00    0.00    0.00     0.00     0.00     0.00     0.00    0.00    0.00    0.00   0.00   0.00
2017-06-06 15:34:00 
2017-06-06 15:34:01 Device:         rrqm/s   wrqm/s     r/s     w/s    rkB/s    wkB/s avgrq-sz avgqu-sz   await r_await w_await  svctm  %util
2017-06-06 15:34:01 sda               0.00    71.00    0.00  218.00     0.00 31888.00   292.55     0.85    3.89    0.00    3.89   1.83  40.00
2017-06-06 15:34:01 scd0              0.00     0.00    0.00    0.00     0.00     0.00     0.00     0.00    0.00    0.00    0.00   0.00   0.00
2017-06-06 15:34:01 
2017-06-06 15:34:02 Device:         rrqm/s   wrqm/s     r/s     w/s    rkB/s    wkB/s avgrq-sz avgqu-sz   await r_await w_await  svctm  %util
2017-06-06 15:34:02 sda               0.00   100.00   36.00  252.00   748.00 31860.00   226.44     1.00    3.49    4.33    3.37   1.49  42.80
2017-06-06 15:34:02 scd0              0.00     0.00    0.00    0.00     0.00     0.00     0.00     0.00    0.00    0.00    0.00   0.00   0.00
2017-06-06 15:34:02 
2017-06-06 15:34:03 Device:         rrqm/s   wrqm/s     r/s     w/s    rkB/s    wkB/s avgrq-sz avgqu-sz   await r_await w_await  svctm  %util
2017-06-06 15:34:03 sda               0.00    72.00    0.00  221.00     0.00 30128.00   272.65     0.88    3.98    0.00    3.98   1.86  41.20
2017-06-06 15:34:03 scd0              0.00     0.00    0.00    0.00     0.00     0.00     0.00     0.00    0.00    0.00    0.00   0.00   0.00
2017-06-06 15:34:03 
2017-06-06 15:34:04 Device:         rrqm/s   wrqm/s     r/s     w/s    rkB/s    wkB/s avgrq-sz avgqu-sz   await r_await w_await  svctm  %util
2017-06-06 15:34:04 sda               0.00    71.00    0.00  220.00     0.00 29344.00   266.76     0.82    3.75    0.00    3.75   1.64  36.00
2017-06-06 15:34:04 scd0              0.00     0.00    0.00    0.00     0.00     0.00     0.00     0.00    0.00    0.00    0.00   0.00   0.00
2017-06-06 15:34:04 
2017-06-06 15:34:05 Device:         rrqm/s   wrqm/s     r/s     w/s    rkB/s    wkB/s avgrq-sz avgqu-sz   await r_await w_await  svctm  %util
2017-06-06 15:34:05 sda               0.00    76.00    0.00  231.00     0.00 31212.00   270.23     0.88    3.79    0.00    3.79   1.77  40.80
2017-06-06 15:34:05 scd0              0.00     0.00    0.00    0.00     0.00     0.00     0.00     0.00    0.00    0.00    0.00   0.00   0.00
2017-06-06 15:34:05 
2017-06-06 15:34:06 Device:         rrqm/s   wrqm/s     r/s     w/s    rkB/s    wkB/s avgrq-sz avgqu-sz   await r_await w_await  svctm  %util
2017-06-06 15:34:06 sda               0.00    68.00    0.00  227.00     0.00 25232.00   222.31     0.72    3.17    0.00    3.17   1.66  37.60
2017-06-06 15:34:06 scd0              0.00     0.00    0.00    0.00     0.00     0.00     0.00     0.00    0.00    0.00    0.00   0.00   0.00
2017-06-06 15:34:06 
2017-06-06 15:34:07 Device:         rrqm/s   wrqm/s     r/s     w/s    rkB/s    wkB/s avgrq-sz avgqu-sz   await r_await w_await  svctm  %util
2017-06-06 15:34:07 sda               0.00    54.00    0.00  170.00     0.00 26940.00   316.94     0.83    4.87    0.00    4.87   2.09  35.60
2017-06-06 15:34:07 scd0              0.00     0.00    0.00    0.00     0.00     0.00     0.00     0.00    0.00    0.00    0.00   0.00   0.00
2017-06-06 15:34:07 
2017-06-06 15:34:08 Device:         rrqm/s   wrqm/s     r/s     w/s    rkB/s    wkB/s avgrq-sz avgqu-sz   await r_await w_await  svctm  %util
2017-06-06 15:34:08 sda               0.00    87.00    0.00  247.00     0.00 29452.00   238.48     0.80    3.22    0.00    3.22   1.54  38.00
2017-06-06 15:34:08 scd0              0.00     0.00    0.00    0.00     0.00     0.00     0.00     0.00    0.00    0.00    0.00   0.00   0.00
2017-06-06 15:34:08 
2017-06-06 15:34:09 Device:         rrqm/s   wrqm/s     r/s     w/s    rkB/s    wkB/s avgrq-sz avgqu-sz   await r_await w_await  svctm  %util
2017-06-06 15:34:09 sda               0.00    72.00    0.00  216.00     0.00 28932.00   267.89     0.81    3.74    0.00    3.74   1.67  36.00
2017-06-06 15:34:09 scd0              0.00     0.00    0.00    0.00     0.00     0.00     0.00     0.00    0.00    0.00    0.00   0.00   0.00
2017-06-06 15:34:09 
2017-06-06 15:34:10 Device:         rrqm/s   wrqm/s     r/s     w/s    rkB/s    wkB/s avgrq-sz avgqu-sz   await r_await w_await  svctm  %util
2017-06-06 15:34:10 sda               0.00   106.00    0.00  247.00     0.00 30336.00   245.64     0.77    3.11    0.00    3.11   1.62  40.00
2017-06-06 15:34:10 scd0              0.00     0.00    0.00    0.00     0.00     0.00     0.00     0.00    0.00    0.00    0.00   0.00   0.00
2017-06-06 15:34:10 
2017-06-06 15:34:11 Device:         rrqm/s   wrqm/s     r/s     w/s    rkB/s    wkB/s avgrq-sz avgqu-sz   await r_await w_await  svctm  %util
2017-06-06 15:34:11 sda               0.00   179.00   16.00  233.00    96.00 23816.00   192.06     0.68    2.75    0.25    2.92   1.59  39.60
2017-06-06 15:34:11 scd0              0.00     0.00    0.00    0.00     0.00     0.00     0.00     0.00    0.00    0.00    0.00   0.00   0.00
2017-06-06 15:34:11 
2017-06-06 15:34:12 Device:         rrqm/s   wrqm/s     r/s     w/s    rkB/s    wkB/s avgrq-sz avgqu-sz   await r_await w_await  svctm  %util
2017-06-06 15:34:12 sda               0.00    81.00    0.00  241.00     0.00 29716.00   246.61     0.75    3.10    0.00    3.10   1.58  38.00
2017-06-06 15:34:12 scd0              0.00     0.00    0.00    0.00     0.00     0.00     0.00     0.00    0.00    0.00    0.00   0.00   0.00
2017-06-06 15:34:12 
2017-06-06 15:34:13 Device:         rrqm/s   wrqm/s     r/s     w/s    rkB/s    wkB/s avgrq-sz avgqu-sz   await r_await w_await  svctm  %util
2017-06-06 15:34:13 sda               0.00    77.00    0.00  242.00     0.00 29540.00   244.13     1.96    8.10    0.00    8.10   1.49  36.00
2017-06-06 15:34:13 scd0              0.00     0.00    0.00    0.00     0.00     0.00     0.00     0.00    0.00    0.00    0.00   0.00   0.00
2017-06-06 15:34:13 
2017-06-06 15:34:14 Device:         rrqm/s   wrqm/s     r/s     w/s    rkB/s    wkB/s avgrq-sz avgqu-sz   await r_await w_await  svctm  %util
2017-06-06 15:34:14 sda               0.00    73.00    0.00  232.00     0.00 29128.00   251.10     0.82    3.52    0.00    3.52   1.62  37.60
2017-06-06 15:34:14 scd0              0.00     0.00    0.00    0.00     0.00     0.00     0.00     0.00    0.00    0.00    0.00   0.00   0.00
2017-06-06 15:34:14 
2017-06-06 15:34:15 Device:         rrqm/s   wrqm/s     r/s     w/s    rkB/s    wkB/s avgrq-sz avgqu-sz   await r_await w_await  svctm  %util
2017-06-06 15:34:15 sda               0.00    64.00    0.00  190.00     0.00 28440.00   299.37     0.74    3.87    0.00    3.87   1.83  34.80
2017-06-06 15:34:15 scd0              0.00     0.00    0.00    0.00     0.00     0.00     0.00     0.00    0.00    0.00    0.00   0.00   0.00
2017-06-06 15:34:15 
2017-06-06 15:34:16 Device:         rrqm/s   wrqm/s     r/s     w/s    rkB/s    wkB/s avgrq-sz avgqu-sz   await r_await w_await  svctm  %util
2017-06-06 15:34:16 sda               0.00    68.00    4.00  207.00     2.00 28652.00   271.60     0.81    3.85    1.00    3.90   1.61  34.00
2017-06-06 15:34:16 scd0              0.00     0.00    0.00    0.00     0.00     0.00     0.00     0.00    0.00    0.00    0.00   0.00   0.00
2017-06-06 15:34:16 
2017-06-06 15:34:17 Device:         rrqm/s   wrqm/s     r/s     w/s    rkB/s    wkB/s avgrq-sz avgqu-sz   await r_await w_await  svctm  %util
2017-06-06 15:34:17 sda               0.00    83.00    0.00  241.00     0.00 28992.00   240.60     0.87    3.63    0.00    3.63   1.59  38.40
2017-06-06 15:34:17 scd0              0.00     0.00    0.00    0.00     0.00     0.00     0.00     0.00    0.00    0.00    0.00   0.00   0.00
2017-06-06 15:34:17 
2017-06-06 15:34:18 Device:         rrqm/s   wrqm/s     r/s     w/s    rkB/s    wkB/s avgrq-sz avgqu-sz   await r_await w_await  svctm  %util
2017-06-06 15:34:18 sda               0.00    64.00    0.00  187.00     0.00 24580.00   262.89     0.64    3.42    0.00    3.42   1.80  33.60
2017-06-06 15:34:18 scd0              0.00     0.00    0.00    0.00     0.00     0.00     0.00     0.00    0.00    0.00    0.00   0.00   0.00
2017-06-06 15:34:18 
2017-06-06 15:34:19 Device:         rrqm/s   wrqm/s     r/s     w/s    rkB/s    wkB/s avgrq-sz avgqu-sz   await r_await w_await  svctm  %util
2017-06-06 15:34:19 sda               0.00    67.00    0.00  215.00     0.00 26516.00   246.66     0.94    4.37    0.00    4.37   1.79  38.40
2017-06-06 15:34:19 scd0              0.00     0.00    0.00    0.00     0.00     0.00     0.00     0.00    0.00    0.00    0.00   0.00   0.00
2017-06-06 15:34:19 
2017-06-06 15:34:20 Device:         rrqm/s   wrqm/s     r/s     w/s    rkB/s    wkB/s avgrq-sz avgqu-sz   await r_await w_await  svctm  %util
2017-06-06 15:34:20 sda               0.00    76.00    0.00  217.00     0.00 29528.00   272.15     0.70    3.24    0.00    3.24   1.77  38.40
2017-06-06 15:34:20 scd0              0.00     0.00    0.00    0.00     0.00     0.00     0.00     0.00    0.00    0.00    0.00   0.00   0.00
2017-06-06 15:34:20 
2017-06-06 15:34:21 Device:         rrqm/s   wrqm/s     r/s     w/s    rkB/s    wkB/s avgrq-sz avgqu-sz   await r_await w_await  svctm  %util
2017-06-06 15:34:21 sda               0.00    69.00    0.00  221.00     0.00 31000.00   280.54     0.84    3.80    0.00    3.80   1.68  37.20
2017-06-06 15:34:21 scd0              0.00     0.00    0.00    0.00     0.00     0.00     0.00     0.00    0.00    0.00    0.00   0.00   0.00
2017-06-06 15:34:21 
2017-06-06 15:34:22 Device:         rrqm/s   wrqm/s     r/s     w/s    rkB/s    wkB/s avgrq-sz avgqu-sz   await r_await w_await  svctm  %util
2017-06-06 15:34:22 sda               0.00    60.00    0.00  193.00     0.00 28836.00   298.82     1.01    5.22    0.00    5.22   2.18  42.00
2017-06-06 15:34:22 scd0              0.00     0.00    0.00    0.00     0.00     0.00     0.00     0.00    0.00    0.00    0.00   0.00   0.00
2017-06-06 15:34:22 
2017-06-06 15:34:23 Device:         rrqm/s   wrqm/s     r/s     w/s    rkB/s    wkB/s avgrq-sz avgqu-sz   await r_await w_await  svctm  %util
2017-06-06 15:34:23 sda               0.00    67.00    0.00  203.00     0.00 28676.00   282.52     0.77    3.80    0.00    3.80   1.79  36.40
2017-06-06 15:34:23 scd0              0.00     0.00    0.00    0.00     0.00     0.00     0.00     0.00    0.00    0.00    0.00   0.00   0.00
2017-06-06 15:34:23 
2017-06-06 15:34:24 Device:         rrqm/s   wrqm/s     r/s     w/s    rkB/s    wkB/s avgrq-sz avgqu-sz   await r_await w_await  svctm  %util
2017-06-06 15:34:24 sda               0.00    58.00    0.00  181.00     0.00 26940.00   297.68     0.83    4.57    0.00    4.57   1.66  30.00
2017-06-06 15:34:24 scd0              0.00     0.00    0.00    0.00     0.00     0.00     0.00     0.00    0.00    0.00    0.00   0.00   0.00
2017-06-06 15:34:24 
2017-06-06 15:34:25 Device:         rrqm/s   wrqm/s     r/s     w/s    rkB/s    wkB/s avgrq-sz avgqu-sz   await r_await w_await  svctm  %util
2017-06-06 15:34:25 sda               0.00    87.00    0.00  247.00     0.00 30400.00   246.15     0.74    3.00    0.00    3.00   1.65  40.80
2017-06-06 15:34:25 scd0              0.00     0.00    0.00    0.00     0.00     0.00     0.00     0.00    0.00    0.00    0.00   0.00   0.00
2017-06-06 15:34:25 
2017-06-06 15:34:26 Device:         rrqm/s   wrqm/s     r/s     w/s    rkB/s    wkB/s avgrq-sz avgqu-sz   await r_await w_await  svctm  %util
2017-06-06 15:34:26 sda               0.00    76.00    0.00  251.00     0.00 28432.00   226.55     0.82    3.27    0.00    3.27   1.59  40.00
2017-06-06 15:34:26 scd0              0.00     0.00    0.00    0.00     0.00     0.00     0.00     0.00    0.00    0.00    0.00   0.00   0.00
2017-06-06 15:34:26 
2017-06-06 15:34:27 Device:         rrqm/s   wrqm/s     r/s     w/s    rkB/s    wkB/s avgrq-sz avgqu-sz   await r_await w_await  svctm  %util
2017-06-06 15:34:27 sda               0.00    64.00    0.00  189.00     0.00 29928.00   316.70     0.73    3.85    0.00    3.85   1.90  36.00
2017-06-06 15:34:27 scd0              0.00     0.00    0.00    0.00     0.00     0.00     0.00     0.00    0.00    0.00    0.00   0.00   0.00
2017-06-06 15:34:27 
2017-06-06 15:34:28 Device:         rrqm/s   wrqm/s     r/s     w/s    rkB/s    wkB/s avgrq-sz avgqu-sz   await r_await w_await  svctm  %util
2017-06-06 15:34:28 sda               0.00    61.00    0.00  182.00     0.00 25808.00   283.60     0.80    4.37    0.00    4.37   2.04  37.20
2017-06-06 15:34:28 scd0              0.00     0.00    0.00    0.00     0.00     0.00     0.00     0.00    0.00    0.00    0.00   0.00   0.00
2017-06-06 15:34:28 
2017-06-06 15:34:29 Device:         rrqm/s   wrqm/s     r/s     w/s    rkB/s    wkB/s avgrq-sz avgqu-sz   await r_await w_await  svctm  %util
2017-06-06 15:34:29 sda               0.00    91.00    0.00  230.00     0.00 29240.00   254.26     0.88    3.81    0.00    3.81   1.83  42.00
2017-06-06 15:34:29 scd0              0.00     0.00    0.00    0.00     0.00     0.00     0.00     0.00    0.00    0.00    0.00   0.00   0.00
2017-06-06 15:34:29 
2017-06-06 15:34:30 Device:         rrqm/s   wrqm/s     r/s     w/s    rkB/s    wkB/s avgrq-sz avgqu-sz   await r_await w_await  svctm  %util
2017-06-06 15:34:30 sda               0.00    70.00    0.00  199.00     0.00 24412.00   245.35     0.54    2.73    0.00    2.73   1.73  34.40
2017-06-06 15:34:30 scd0              0.00     0.00    0.00    0.00     0.00     0.00     0.00     0.00    0.00    0.00    0.00   0.00   0.00
2017-06-06 15:34:30 
2017-06-06 15:34:31 Device:         rrqm/s   wrqm/s     r/s     w/s    rkB/s    wkB/s avgrq-sz avgqu-sz   await r_await w_await  svctm  %util
2017-06-06 15:34:31 sda               0.00    80.00    0.00  241.00     0.00 30732.00   255.04     0.76    3.15    0.00    3.15   1.68  40.40
2017-06-06 15:34:31 scd0              0.00     0.00    0.00    0.00     0.00     0.00     0.00     0.00    0.00    0.00    0.00   0.00   0.00
2017-06-06 15:34:31 
2017-06-06 15:34:32 Device:         rrqm/s   wrqm/s     r/s     w/s    rkB/s    wkB/s avgrq-sz avgqu-sz   await r_await w_await  svctm  %util
2017-06-06 15:34:32 sda               0.00    79.00    0.00  242.00     0.00 30668.00   253.45     0.86    3.57    0.00    3.57   1.64  39.60
2017-06-06 15:34:32 scd0              0.00     0.00    0.00    0.00     0.00     0.00     0.00     0.00    0.00    0.00    0.00   0.00   0.00
2017-06-06 15:34:32 
2017-06-06 15:34:33 Device:         rrqm/s   wrqm/s     r/s     w/s    rkB/s    wkB/s avgrq-sz avgqu-sz   await r_await w_await  svctm  %util
2017-06-06 15:34:33 sda               0.00    66.34    0.00  194.06     0.00 30693.07   316.33     0.76    3.94    0.00    3.94   1.71  33.27
2017-06-06 15:34:33 scd0              0.00     0.00    0.00    0.00     0.00     0.00     0.00     0.00    0.00    0.00    0.00   0.00   0.00
2017-06-06 15:34:33 
2017-06-06 15:34:34 Device:         rrqm/s   wrqm/s     r/s     w/s    rkB/s    wkB/s avgrq-sz avgqu-sz   await r_await w_await  svctm  %util
2017-06-06 15:34:34 sda               0.00    83.00    0.00  248.00     0.00 31676.00   255.45     0.83    3.35    0.00    3.35   1.52  37.60
2017-06-06 15:34:34 scd0              0.00     0.00    0.00    0.00     0.00     0.00     0.00     0.00    0.00    0.00    0.00   0.00   0.00
2017-06-06 15:34:34 
2017-06-06 15:34:35 Device:         rrqm/s   wrqm/s     r/s     w/s    rkB/s    wkB/s avgrq-sz avgqu-sz   await r_await w_await  svctm  %util
2017-06-06 15:34:35 sda               0.00    68.00    0.00  215.00     0.00 30268.00   281.56     0.78    3.61    0.00    3.61   1.77  38.00
2017-06-06 15:34:35 scd0              0.00     0.00    0.00    0.00     0.00     0.00     0.00     0.00    0.00    0.00    0.00   0.00   0.00
2017-06-06 15:34:35 
2017-06-06 15:34:36 Device:         rrqm/s   wrqm/s     r/s     w/s    rkB/s    wkB/s avgrq-sz avgqu-sz   await r_await w_await  svctm  %util
2017-06-06 15:34:36 sda               0.00    66.00    0.00  182.00     0.00 29156.00   320.40     0.68    3.76    0.00    3.76   1.85  33.60
2017-06-06 15:34:36 scd0              0.00     0.00    0.00    0.00     0.00     0.00     0.00     0.00    0.00    0.00    0.00   0.00   0.00
2017-06-06 15:34:36 
2017-06-06 15:34:37 Device:         rrqm/s   wrqm/s     r/s     w/s    rkB/s    wkB/s avgrq-sz avgqu-sz   await r_await w_await  svctm  %util
2017-06-06 15:34:37 sda               0.00    80.00    0.00  250.00     0.00 30112.00   240.90     0.86    3.46    0.00    3.46   1.71  42.80
2017-06-06 15:34:37 scd0              0.00     0.00    0.00    0.00     0.00     0.00     0.00     0.00    0.00    0.00    0.00   0.00   0.00
2017-06-06 15:34:37 
2017-06-06 15:34:38 Device:         rrqm/s   wrqm/s     r/s     w/s    rkB/s    wkB/s avgrq-sz avgqu-sz   await r_await w_await  svctm  %util
2017-06-06 15:34:38 sda               0.00    71.00    0.00  199.00     0.00 24644.00   247.68     0.75    3.76    0.00    3.76   1.89  37.60
2017-06-06 15:34:38 scd0              0.00     0.00    0.00    0.00     0.00     0.00     0.00     0.00    0.00    0.00    0.00   0.00   0.00
2017-06-06 15:34:38 
2017-06-06 15:34:39 Device:         rrqm/s   wrqm/s     r/s     w/s    rkB/s    wkB/s avgrq-sz avgqu-sz   await r_await w_await  svctm  %util
2017-06-06 15:34:39 sda               0.00    70.00    0.00  198.00     0.00 29168.00   294.63     0.76    3.84    0.00    3.84   1.84  36.40
2017-06-06 15:34:39 scd0              0.00     0.00    0.00    0.00     0.00     0.00     0.00     0.00    0.00    0.00    0.00   0.00   0.00
2017-06-06 15:34:39 
2017-06-06 15:34:40 Device:         rrqm/s   wrqm/s     r/s     w/s    rkB/s    wkB/s avgrq-sz avgqu-sz   await r_await w_await  svctm  %util
2017-06-06 15:34:40 sda               0.00    58.00    0.00  187.00     0.00 26808.00   286.72     0.81    4.32    0.00    4.32   1.93  36.00
2017-06-06 15:34:40 scd0              0.00     0.00    0.00    0.00     0.00     0.00     0.00     0.00    0.00    0.00    0.00   0.00   0.00
2017-06-06 15:34:40 
2017-06-06 15:34:41 Device:         rrqm/s   wrqm/s     r/s     w/s    rkB/s    wkB/s avgrq-sz avgqu-sz   await r_await w_await  svctm  %util
2017-06-06 15:34:41 sda               0.00    54.00    0.00  168.00     0.00 21456.00   255.43     0.46    2.76    0.00    2.76   1.71  28.80
2017-06-06 15:34:41 scd0              0.00     0.00    0.00    0.00     0.00     0.00     0.00     0.00    0.00    0.00    0.00   0.00   0.00
2017-06-06 15:34:41 
2017-06-06 15:34:42 Device:         rrqm/s   wrqm/s     r/s     w/s    rkB/s    wkB/s avgrq-sz avgqu-sz   await r_await w_await  svctm  %util
2017-06-06 15:34:42 sda               0.00    80.00    2.00  244.00     8.00 28116.00   228.65     0.86    3.50    6.00    3.48   1.54  38.00
2017-06-06 15:34:42 scd0              0.00     0.00    0.00    0.00     0.00     0.00     0.00     0.00    0.00    0.00    0.00   0.00   0.00
2017-06-06 15:34:42 
2017-06-06 15:34:43 Device:         rrqm/s   wrqm/s     r/s     w/s    rkB/s    wkB/s avgrq-sz avgqu-sz   await r_await w_await  svctm  %util
2017-06-06 15:34:43 sda               0.00   100.00    0.00  249.00     0.00 28896.00   232.10     1.39    5.59    0.00    5.59   1.54  38.40
2017-06-06 15:34:43 scd0              0.00     0.00    0.00    0.00     0.00     0.00     0.00     0.00    0.00    0.00    0.00   0.00   0.00
2017-06-06 15:34:43 
2017-06-06 15:34:44 Device:         rrqm/s   wrqm/s     r/s     w/s    rkB/s    wkB/s avgrq-sz avgqu-sz   await r_await w_await  svctm  %util
2017-06-06 15:34:44 sda               0.00   117.00    0.00  261.00     0.00 30128.00   230.87     0.73    2.80    0.00    2.80   1.59  41.60
2017-06-06 15:34:44 scd0              0.00     0.00    0.00    0.00     0.00     0.00     0.00     0.00    0.00    0.00    0.00   0.00   0.00
2017-06-06 15:34:44 
2017-06-06 15:34:45 Device:         rrqm/s   wrqm/s     r/s     w/s    rkB/s    wkB/s avgrq-sz avgqu-sz   await r_await w_await  svctm  %util
2017-06-06 15:34:45 sda               0.00   249.00    0.00  303.00     0.00 31792.00   209.85     1.07    3.54    0.00    3.54   1.61  48.80
2017-06-06 15:34:45 scd0              0.00     0.00    0.00    0.00     0.00     0.00     0.00     0.00    0.00    0.00    0.00   0.00   0.00
2017-06-06 15:34:45 
2017-06-06 15:34:46 Device:         rrqm/s   wrqm/s     r/s     w/s    rkB/s    wkB/s avgrq-sz avgqu-sz   await r_await w_await  svctm  %util
2017-06-06 15:34:46 sda               0.00    66.00    0.00  220.00     0.00 30368.00   276.07     0.93    4.22    0.00    4.22   1.71  37.60
2017-06-06 15:34:46 scd0              0.00     0.00    0.00    0.00     0.00     0.00     0.00     0.00    0.00    0.00    0.00   0.00   0.00
2017-06-06 15:34:46 
2017-06-06 15:34:47 Device:         rrqm/s   wrqm/s     r/s     w/s    rkB/s    wkB/s avgrq-sz avgqu-sz   await r_await w_await  svctm  %util
2017-06-06 15:34:47 sda               0.00    71.00    0.00  193.00     0.00 30372.00   314.74     0.75    3.88    0.00    3.88   1.99  38.40
2017-06-06 15:34:47 scd0              0.00     0.00    0.00    0.00     0.00     0.00     0.00     0.00    0.00    0.00    0.00   0.00   0.00
2017-06-06 15:34:47 
2017-06-06 15:34:48 Device:         rrqm/s   wrqm/s     r/s     w/s    rkB/s    wkB/s avgrq-sz avgqu-sz   await r_await w_await  svctm  %util
2017-06-06 15:34:48 sda              60.00    73.00   46.00  214.00   424.00 28060.00   219.11     0.86    3.31    2.43    3.50   1.52  39.60
2017-06-06 15:34:48 scd0              0.00     0.00    0.00    0.00     0.00     0.00     0.00     0.00    0.00    0.00    0.00   0.00   0.00
2017-06-06 15:34:48 
2017-06-06 15:34:49 Device:         rrqm/s   wrqm/s     r/s     w/s    rkB/s    wkB/s avgrq-sz avgqu-sz   await r_await w_await  svctm  %util
2017-06-06 15:34:49 sda               0.00    65.00    0.00  200.00     0.00 26868.00   268.68     0.68    3.40    0.00    3.40   2.00  40.00
2017-06-06 15:34:49 scd0              0.00     0.00    0.00    0.00     0.00     0.00     0.00     0.00    0.00    0.00    0.00   0.00   0.00
2017-06-06 15:34:49 
2017-06-06 15:34:50 Device:         rrqm/s   wrqm/s     r/s     w/s    rkB/s    wkB/s avgrq-sz avgqu-sz   await r_await w_await  svctm  %util
2017-06-06 15:34:50 sda               0.00    80.00    1.00  244.00     4.00 29168.00   238.14     0.87    3.56    0.00    3.57   1.78  43.60
2017-06-06 15:34:50 scd0              0.00     0.00    0.00    0.00     0.00     0.00     0.00     0.00    0.00    0.00    0.00   0.00   0.00
2017-06-06 15:34:50 
2017-06-06 15:34:51 Device:         rrqm/s   wrqm/s     r/s     w/s    rkB/s    wkB/s avgrq-sz avgqu-sz   await r_await w_await  svctm  %util
2017-06-06 15:34:51 sda               0.00    67.00    1.00  163.00     4.00 28292.00   345.07     0.72    4.39    0.00    4.42   2.12  34.80
2017-06-06 15:34:51 scd0              0.00     0.00    0.00    0.00     0.00     0.00     0.00     0.00    0.00    0.00    0.00   0.00   0.00
2017-06-06 15:34:51 
2017-06-06 15:34:52 Device:         rrqm/s   wrqm/s     r/s     w/s    rkB/s    wkB/s avgrq-sz avgqu-sz   await r_await w_await  svctm  %util
2017-06-06 15:34:52 sda               0.00   122.00    6.00  276.00     3.00 31176.00   221.13     1.16    4.10   16.00    3.84   1.59  44.80
2017-06-06 15:34:52 scd0              0.00     0.00    0.00    0.00     0.00     0.00     0.00     0.00    0.00    0.00    0.00   0.00   0.00
2017-06-06 15:34:52 
2017-06-06 15:34:53 Device:         rrqm/s   wrqm/s     r/s     w/s    rkB/s    wkB/s avgrq-sz avgqu-sz   await r_await w_await  svctm  %util
2017-06-06 15:34:53 sda               0.00    80.00    0.00  231.00     0.00 30780.00   266.49     0.80    3.45    0.00    3.45   1.80  41.60
2017-06-06 15:34:53 scd0              0.00     0.00    0.00    0.00     0.00     0.00     0.00     0.00    0.00    0.00    0.00   0.00   0.00
2017-06-06 15:34:53 
2017-06-06 15:34:54 Device:         rrqm/s   wrqm/s     r/s     w/s    rkB/s    wkB/s avgrq-sz avgqu-sz   await r_await w_await  svctm  %util
2017-06-06 15:34:54 sda               0.00    79.00    0.00  226.00     0.00 32184.00   284.81     0.71    3.13    0.00    3.13   1.58  35.60
2017-06-06 15:34:54 scd0              0.00     0.00    0.00    0.00     0.00     0.00     0.00     0.00    0.00    0.00    0.00   0.00   0.00
2017-06-06 15:34:54 
2017-06-06 15:34:55 Device:         rrqm/s   wrqm/s     r/s     w/s    rkB/s    wkB/s avgrq-sz avgqu-sz   await r_await w_await  svctm  %util
2017-06-06 15:34:55 sda               0.00    75.00    0.00  232.00     0.00 31784.00   274.00     0.84    3.60    0.00    3.60   1.69  39.20
2017-06-06 15:34:55 scd0              0.00     0.00    0.00    0.00     0.00     0.00     0.00     0.00    0.00    0.00    0.00   0.00   0.00
2017-06-06 15:34:55 
2017-06-06 15:34:56 Device:         rrqm/s   wrqm/s     r/s     w/s    rkB/s    wkB/s avgrq-sz avgqu-sz   await r_await w_await  svctm  %util
2017-06-06 15:34:56 sda               0.00    76.00    0.00  216.00     0.00 33780.00   312.78     0.78    3.59    0.00    3.59   1.93  41.60
2017-06-06 15:34:56 scd0              0.00     0.00    0.00    0.00     0.00     0.00     0.00     0.00    0.00    0.00    0.00   0.00   0.00
2017-06-06 15:34:56 
2017-06-06 15:34:57 Device:         rrqm/s   wrqm/s     r/s     w/s    rkB/s    wkB/s avgrq-sz avgqu-sz   await r_await w_await  svctm  %util
2017-06-06 15:34:57 sda               0.00    73.00    0.00  223.00     0.00 33800.00   303.14     0.97    4.34    0.00    4.34   1.79  40.00
2017-06-06 15:34:57 scd0              0.00     0.00    0.00    0.00     0.00     0.00     0.00     0.00    0.00    0.00    0.00   0.00   0.00
2017-06-06 15:34:57 
2017-06-06 15:34:58 Device:         rrqm/s   wrqm/s     r/s     w/s    rkB/s    wkB/s avgrq-sz avgqu-sz   await r_await w_await  svctm  %util
2017-06-06 15:34:58 sda               0.00    63.00    0.00  204.00     0.00 27896.00   273.49     0.74    3.65    0.00    3.65   1.84  37.60
2017-06-06 15:34:58 scd0              0.00     0.00    0.00    0.00     0.00     0.00     0.00     0.00    0.00    0.00    0.00   0.00   0.00
2017-06-06 15:34:58 
2017-06-06 15:34:59 Device:         rrqm/s   wrqm/s     r/s     w/s    rkB/s    wkB/s avgrq-sz avgqu-sz   await r_await w_await  svctm  %util
2017-06-06 15:34:59 sda               0.00    76.00    0.00  219.00     0.00 26976.00   246.36     0.73    3.34    0.00    3.34   1.72  37.60
2017-06-06 15:34:59 scd0              0.00     0.00    0.00    0.00     0.00     0.00     0.00     0.00    0.00    0.00    0.00   0.00   0.00
2017-06-06 15:34:59 
2017-06-06 15:35:00 Device:         rrqm/s   wrqm/s     r/s     w/s    rkB/s    wkB/s avgrq-sz avgqu-sz   await r_await w_await  svctm  %util
2017-06-06 15:35:00 sda               0.00    69.00    0.00  210.00     0.00 30208.00   287.70     0.87    4.13    0.00    4.13   1.83  38.40
2017-06-06 15:35:00 scd0              0.00     0.00    0.00    0.00     0.00     0.00     0.00     0.00    0.00    0.00    0.00   0.00   0.00
2017-06-06 15:35:00 
2017-06-06 15:35:01 Device:         rrqm/s   wrqm/s     r/s     w/s    rkB/s    wkB/s avgrq-sz avgqu-sz   await r_await w_await  svctm  %util
2017-06-06 15:35:01 sda               0.00    62.00    0.00  194.00     0.00 27236.00   280.78     0.84    4.35    0.00    4.35   1.84  35.60
2017-06-06 15:35:01 scd0              0.00     0.00    0.00    0.00     0.00     0.00     0.00     0.00    0.00    0.00    0.00   0.00   0.00
2017-06-06 15:35:01 
2017-06-06 15:35:02 Device:         rrqm/s   wrqm/s     r/s     w/s    rkB/s    wkB/s avgrq-sz avgqu-sz   await r_await w_await  svctm  %util
2017-06-06 15:35:02 sda               0.00    87.00    0.00  208.00     0.00 27992.00   269.15     0.66    3.19    0.00    3.19   1.67  34.80
2017-06-06 15:35:02 scd0              0.00     0.00    0.00    0.00     0.00     0.00     0.00     0.00    0.00    0.00    0.00   0.00   0.00
2017-06-06 15:35:02 
2017-06-06 15:35:03 Device:         rrqm/s   wrqm/s     r/s     w/s    rkB/s    wkB/s avgrq-sz avgqu-sz   await r_await w_await  svctm  %util
2017-06-06 15:35:03 sda               0.00    79.00    0.00  223.00     0.00 29228.00   262.13     0.72    3.23    0.00    3.23   1.67  37.20
2017-06-06 15:35:03 scd0              0.00     0.00    0.00    0.00     0.00     0.00     0.00     0.00    0.00    0.00    0.00   0.00   0.00
2017-06-06 15:35:03 
2017-06-06 15:35:04 Device:         rrqm/s   wrqm/s     r/s     w/s    rkB/s    wkB/s avgrq-sz avgqu-sz   await r_await w_await  svctm  %util
2017-06-06 15:35:04 sda               0.00    79.00    0.00  245.00     0.00 25932.00   211.69     0.62    2.55    0.00    2.55   1.60  39.20
2017-06-06 15:35:04 scd0              0.00     0.00    0.00    0.00     0.00     0.00     0.00     0.00    0.00    0.00    0.00   0.00   0.00
2017-06-06 15:35:04 
2017-06-06 15:35:05 Device:         rrqm/s   wrqm/s     r/s     w/s    rkB/s    wkB/s avgrq-sz avgqu-sz   await r_await w_await  svctm  %util
2017-06-06 15:35:05 sda               0.00    68.32    0.00  197.03     0.00 29710.89   301.59     0.75    3.82    0.00    3.82   2.03  40.00
2017-06-06 15:35:05 scd0              0.00     0.00    0.00    0.00     0.00     0.00     0.00     0.00    0.00    0.00    0.00   0.00   0.00
2017-06-06 15:35:05 
2017-06-06 15:35:06 Device:         rrqm/s   wrqm/s     r/s     w/s    rkB/s    wkB/s avgrq-sz avgqu-sz   await r_await w_await  svctm  %util
2017-06-06 15:35:06 sda               0.00    83.00    0.00  248.00     0.00 30592.00   246.71     0.95    3.81    0.00    3.81   1.74  43.20
2017-06-06 15:35:06 scd0              0.00     0.00    0.00    0.00     0.00     0.00     0.00     0.00    0.00    0.00    0.00   0.00   0.00
2017-06-06 15:35:06 
2017-06-06 15:35:07 Device:         rrqm/s   wrqm/s     r/s     w/s    rkB/s    wkB/s avgrq-sz avgqu-sz   await r_await w_await  svctm  %util
2017-06-06 15:35:07 sda               0.00    85.00    0.00  249.00     0.00 32756.00   263.10     0.81    3.28    0.00    3.28   1.56  38.80
2017-06-06 15:35:07 scd0              0.00     0.00    0.00    0.00     0.00     0.00     0.00     0.00    0.00    0.00    0.00   0.00   0.00
2017-06-06 15:35:07 
2017-06-06 15:35:08 Device:         rrqm/s   wrqm/s     r/s     w/s    rkB/s    wkB/s avgrq-sz avgqu-sz   await r_await w_await  svctm  %util
2017-06-06 15:35:08 sda               0.00    80.00    0.00  219.00     0.00 33408.00   305.10     0.77    3.51    0.00    3.51   1.79  39.20
2017-06-06 15:35:08 scd0              0.00     0.00    0.00    0.00     0.00     0.00     0.00     0.00    0.00    0.00    0.00   0.00   0.00
2017-06-06 15:35:08 
2017-06-06 15:35:09 Device:         rrqm/s   wrqm/s     r/s     w/s    rkB/s    wkB/s avgrq-sz avgqu-sz   await r_await w_await  svctm  %util
2017-06-06 15:35:09 sda               0.00    77.00    0.00  211.00     0.00 26560.00   251.75     0.72    3.39    0.00    3.39   1.73  36.40
2017-06-06 15:35:09 scd0              0.00     0.00    0.00    0.00     0.00     0.00     0.00     0.00    0.00    0.00    0.00   0.00   0.00
2017-06-06 15:35:09 
2017-06-06 15:35:10 Device:         rrqm/s   wrqm/s     r/s     w/s    rkB/s    wkB/s avgrq-sz avgqu-sz   await r_await w_await  svctm  %util
2017-06-06 15:35:10 sda               0.00   120.00    0.00  256.00     0.00 32760.00   255.94     0.99    3.86    0.00    3.86   1.72  44.00
2017-06-06 15:35:10 scd0              0.00     0.00    0.00    0.00     0.00     0.00     0.00     0.00    0.00    0.00    0.00   0.00   0.00
2017-06-06 15:35:10 
2017-06-06 15:35:11 Device:         rrqm/s   wrqm/s     r/s     w/s    rkB/s    wkB/s avgrq-sz avgqu-sz   await r_await w_await  svctm  %util
2017-06-06 15:35:11 sda               0.00    42.00    0.00  114.00     0.00  7604.00   133.40     0.19    1.65    0.00    1.65   1.65  18.80
2017-06-06 15:35:11 scd0              0.00     0.00    0.00    0.00     0.00     0.00     0.00     0.00    0.00    0.00    0.00   0.00   0.00
2017-06-06 15:35:11 
2017-06-06 15:35:12 Device:         rrqm/s   wrqm/s     r/s     w/s    rkB/s    wkB/s avgrq-sz avgqu-sz   await r_await w_await  svctm  %util
2017-06-06 15:35:12 sda               0.00    54.00    0.00  167.00     0.00 30888.00   369.92     1.07    6.40    0.00    6.40   2.49  41.60
2017-06-06 15:35:12 scd0              0.00     0.00    0.00    0.00     0.00     0.00     0.00     0.00    0.00    0.00    0.00   0.00   0.00
2017-06-06 15:35:12 
2017-06-06 15:35:13 Device:         rrqm/s   wrqm/s     r/s     w/s    rkB/s    wkB/s avgrq-sz avgqu-sz   await r_await w_await  svctm  %util
2017-06-06 15:35:13 sda               3.00   103.00   11.00  308.00    64.00 40020.00   251.31     1.70    5.34    0.73    5.51   1.63  52.00
2017-06-06 15:35:13 scd0              0.00     0.00    0.00    0.00     0.00     0.00     0.00     0.00    0.00    0.00    0.00   0.00   0.00
2017-06-06 15:35:13 
2017-06-06 15:35:14 Device:         rrqm/s   wrqm/s     r/s     w/s    rkB/s    wkB/s avgrq-sz avgqu-sz   await r_await w_await  svctm  %util
2017-06-06 15:35:14 sda               0.00    73.00    0.00  214.00     0.00 26676.00   249.31     0.55    2.56    0.00    2.56   1.68  36.00
2017-06-06 15:35:14 scd0              0.00     0.00    0.00    0.00     0.00     0.00     0.00     0.00    0.00    0.00    0.00   0.00   0.00
2017-06-06 15:35:14 
2017-06-06 15:35:15 Device:         rrqm/s   wrqm/s     r/s     w/s    rkB/s    wkB/s avgrq-sz avgqu-sz   await r_await w_await  svctm  %util
2017-06-06 15:35:15 sda               0.00    76.00    0.00  211.00     0.00 28704.00   272.08     0.62    2.94    0.00    2.94   1.63  34.40
2017-06-06 15:35:15 scd0              0.00     0.00    0.00    0.00     0.00     0.00     0.00     0.00    0.00    0.00    0.00   0.00   0.00
2017-06-06 15:35:15 
2017-06-06 15:35:16 Device:         rrqm/s   wrqm/s     r/s     w/s    rkB/s    wkB/s avgrq-sz avgqu-sz   await r_await w_await  svctm  %util
2017-06-06 15:35:16 sda               0.00    75.00    0.00  219.00     0.00 27948.00   255.23     0.74    3.40    0.00    3.40   1.63  35.60
2017-06-06 15:35:16 scd0              0.00     0.00    0.00    0.00     0.00     0.00     0.00     0.00    0.00    0.00    0.00   0.00   0.00
2017-06-06 15:35:16 
2017-06-06 15:35:17 Device:         rrqm/s   wrqm/s     r/s     w/s    rkB/s    wkB/s avgrq-sz avgqu-sz   await r_await w_await  svctm  %util
2017-06-06 15:35:17 sda               0.00    69.00    0.00  204.00     0.00 29440.00   288.63     0.77    3.75    0.00    3.75   1.86  38.00
2017-06-06 15:35:17 scd0              0.00     0.00    0.00    0.00     0.00     0.00     0.00     0.00    0.00    0.00    0.00   0.00   0.00
2017-06-06 15:35:17 
2017-06-06 15:35:18 Device:         rrqm/s   wrqm/s     r/s     w/s    rkB/s    wkB/s avgrq-sz avgqu-sz   await r_await w_await  svctm  %util
2017-06-06 15:35:18 sda               0.00    84.00    0.00  232.00     0.00 33464.00   288.48     0.70    3.05    0.00    3.05   1.69  39.20
2017-06-06 15:35:18 scd0              0.00     0.00    0.00    0.00     0.00     0.00     0.00     0.00    0.00    0.00    0.00   0.00   0.00
2017-06-06 15:35:18 
2017-06-06 15:35:19 Device:         rrqm/s   wrqm/s     r/s     w/s    rkB/s    wkB/s avgrq-sz avgqu-sz   await r_await w_await  svctm  %util
2017-06-06 15:35:19 sda               0.00    78.00    0.00  225.00     0.00 30480.00   270.93     0.74    3.32    0.00    3.32   1.67  37.60
2017-06-06 15:35:19 scd0              0.00     0.00    0.00    0.00     0.00     0.00     0.00     0.00    0.00    0.00    0.00   0.00   0.00
2017-06-06 15:35:19 
2017-06-06 15:35:20 Device:         rrqm/s   wrqm/s     r/s     w/s    rkB/s    wkB/s avgrq-sz avgqu-sz   await r_await w_await  svctm  %util
2017-06-06 15:35:20 sda               0.00    70.00    0.00  203.00     0.00 28192.00   277.75     0.76    3.72    0.00    3.72   1.85  37.60
2017-06-06 15:35:20 scd0              0.00     0.00    0.00    0.00     0.00     0.00     0.00     0.00    0.00    0.00    0.00   0.00   0.00
2017-06-06 15:35:20 
2017-06-06 15:35:21 Device:         rrqm/s   wrqm/s     r/s     w/s    rkB/s    wkB/s avgrq-sz avgqu-sz   await r_await w_await  svctm  %util
2017-06-06 15:35:21 sda               0.00    81.00    0.00  236.00     0.00 29376.00   248.95     0.60    2.51    0.00    2.51   1.58  37.20
2017-06-06 15:35:21 scd0              0.00     0.00    0.00    0.00     0.00     0.00     0.00     0.00    0.00    0.00    0.00   0.00   0.00
2017-06-06 15:35:21 
2017-06-06 15:35:22 Device:         rrqm/s   wrqm/s     r/s     w/s    rkB/s    wkB/s avgrq-sz avgqu-sz   await r_await w_await  svctm  %util
2017-06-06 15:35:22 sda               0.00    69.00    0.00  207.00     0.00 30020.00   290.05     0.86    4.23    0.00    4.23   1.89  39.20
2017-06-06 15:35:22 scd0              0.00     0.00    0.00    0.00     0.00     0.00     0.00     0.00    0.00    0.00    0.00   0.00   0.00
2017-06-06 15:35:22 
2017-06-06 15:35:23 Device:         rrqm/s   wrqm/s     r/s     w/s    rkB/s    wkB/s avgrq-sz avgqu-sz   await r_await w_await  svctm  %util
2017-06-06 15:35:23 sda               0.00    69.00    0.00  198.00     0.00 23924.00   241.66     0.71    3.54    0.00    3.54   1.92  38.00
2017-06-06 15:35:23 scd0              0.00     0.00    0.00    0.00     0.00     0.00     0.00     0.00    0.00    0.00    0.00   0.00   0.00
2017-06-06 15:35:23 
2017-06-06 15:35:24 Device:         rrqm/s   wrqm/s     r/s     w/s    rkB/s    wkB/s avgrq-sz avgqu-sz   await r_await w_await  svctm  %util
2017-06-06 15:35:24 sda               0.00    78.00    0.00  247.00     0.00 35932.00   290.95     0.84    3.45    0.00    3.45   1.65  40.80
2017-06-06 15:35:24 scd0              0.00     0.00    0.00    0.00     0.00     0.00     0.00     0.00    0.00    0.00    0.00   0.00   0.00
2017-06-06 15:35:24 
2017-06-06 15:35:25 Device:         rrqm/s   wrqm/s     r/s     w/s    rkB/s    wkB/s avgrq-sz avgqu-sz   await r_await w_await  svctm  %util
2017-06-06 15:35:25 sda               0.00    72.00    0.00  215.00     0.00 30288.00   281.75     0.77    3.57    0.00    3.57   1.86  40.00
2017-06-06 15:35:25 scd0              0.00     0.00    0.00    0.00     0.00     0.00     0.00     0.00    0.00    0.00    0.00   0.00   0.00
2017-06-06 15:35:25 
2017-06-06 15:35:26 Device:         rrqm/s   wrqm/s     r/s     w/s    rkB/s    wkB/s avgrq-sz avgqu-sz   await r_await w_await  svctm  %util
2017-06-06 15:35:26 sda               0.00    87.00    0.00  255.00     0.00 32232.00   252.80     0.62    2.45    0.00    2.45   1.55  39.60
2017-06-06 15:35:26 scd0              0.00     0.00    0.00    0.00     0.00     0.00     0.00     0.00    0.00    0.00    0.00   0.00   0.00
2017-06-06 15:35:26 
2017-06-06 15:35:27 Device:         rrqm/s   wrqm/s     r/s     w/s    rkB/s    wkB/s avgrq-sz avgqu-sz   await r_await w_await  svctm  %util
2017-06-06 15:35:27 sda               0.00    66.00    0.00  199.00     0.00 29672.00   298.21     0.80    4.02    0.00    4.02   1.93  38.40
2017-06-06 15:35:27 scd0              0.00     0.00    0.00    0.00     0.00     0.00     0.00     0.00    0.00    0.00    0.00   0.00   0.00
2017-06-06 15:35:27 
2017-06-06 15:35:28 Device:         rrqm/s   wrqm/s     r/s     w/s    rkB/s    wkB/s avgrq-sz avgqu-sz   await r_await w_await  svctm  %util
2017-06-06 15:35:28 sda               0.00    77.00    0.00  209.00     0.00 30332.00   290.26     0.72    3.44    0.00    3.44   1.80  37.60
2017-06-06 15:35:28 scd0              0.00     0.00    0.00    0.00     0.00     0.00     0.00     0.00    0.00    0.00    0.00   0.00   0.00
2017-06-06 15:35:28 
2017-06-06 15:35:29 Device:         rrqm/s   wrqm/s     r/s     w/s    rkB/s    wkB/s avgrq-sz avgqu-sz   await r_await w_await  svctm  %util
2017-06-06 15:35:29 sda               0.00    77.00    0.00  215.00     0.00 28400.00   264.19     0.60    2.79    0.00    2.79   1.54  33.20
2017-06-06 15:35:29 scd0              0.00     0.00    0.00    0.00     0.00     0.00     0.00     0.00    0.00    0.00    0.00   0.00   0.00
2017-06-06 15:35:29 
2017-06-06 15:35:30 Device:         rrqm/s   wrqm/s     r/s     w/s    rkB/s    wkB/s avgrq-sz avgqu-sz   await r_await w_await  svctm  %util
2017-06-06 15:35:30 sda               0.00    65.00    0.00  187.00     0.00 30436.00   325.52     0.50    2.70    0.00    2.70   1.75  32.80
2017-06-06 15:35:30 scd0              0.00     0.00    0.00    0.00     0.00     0.00     0.00     0.00    0.00    0.00    0.00   0.00   0.00
2017-06-06 15:35:30 
2017-06-06 15:35:31 Device:         rrqm/s   wrqm/s     r/s     w/s    rkB/s    wkB/s avgrq-sz avgqu-sz   await r_await w_await  svctm  %util
2017-06-06 15:35:31 sda               0.00    62.00    0.00  179.00     0.00 26308.00   293.94     0.72    3.87    0.00    3.87   1.92  34.40
2017-06-06 15:35:31 scd0              0.00     0.00    0.00    0.00     0.00     0.00     0.00     0.00    0.00    0.00    0.00   0.00   0.00
2017-06-06 15:35:31 
2017-06-06 15:35:32 Device:         rrqm/s   wrqm/s     r/s     w/s    rkB/s    wkB/s avgrq-sz avgqu-sz   await r_await w_await  svctm  %util
2017-06-06 15:35:32 sda               0.00    85.00    0.00  248.00     0.00 32936.00   265.61     0.74    3.13    0.00    3.13   1.71  42.40
2017-06-06 15:35:32 scd0              0.00     0.00    0.00    0.00     0.00     0.00     0.00     0.00    0.00    0.00    0.00   0.00   0.00
2017-06-06 15:35:32 
2017-06-06 15:35:33 Device:         rrqm/s   wrqm/s     r/s     w/s    rkB/s    wkB/s avgrq-sz avgqu-sz   await r_await w_await  svctm  %util
2017-06-06 15:35:33 sda               0.00    76.00    6.00  219.00     3.00 29208.00   259.65     0.77    3.43    3.33    3.43   1.71  38.40
2017-06-06 15:35:33 scd0              0.00     0.00    0.00    0.00     0.00     0.00     0.00     0.00    0.00    0.00    0.00   0.00   0.00
2017-06-06 15:35:33 
2017-06-06 15:35:34 Device:         rrqm/s   wrqm/s     r/s     w/s    rkB/s    wkB/s avgrq-sz avgqu-sz   await r_await w_await  svctm  %util
2017-06-06 15:35:34 sda               0.00    54.00    0.00  147.00     0.00 12360.00   168.16     0.26    1.77    0.00    1.77   1.36  20.00
2017-06-06 15:35:34 scd0              0.00     0.00    0.00    0.00     0.00     0.00     0.00     0.00    0.00    0.00    0.00   0.00   0.00
2017-06-06 15:35:34 
2017-06-06 15:35:35 Device:         rrqm/s   wrqm/s     r/s     w/s    rkB/s    wkB/s avgrq-sz avgqu-sz   await r_await w_await  svctm  %util
2017-06-06 15:35:35 sda               0.00   101.00    0.00  302.00     0.00 41648.00   275.81     0.96    3.18    0.00    3.18   1.67  50.40
2017-06-06 15:35:35 scd0              0.00     0.00    0.00    0.00     0.00     0.00     0.00     0.00    0.00    0.00    0.00   0.00   0.00
2017-06-06 15:35:35 
2017-06-06 15:35:36 Device:         rrqm/s   wrqm/s     r/s     w/s    rkB/s    wkB/s avgrq-sz avgqu-sz   await r_await w_await  svctm  %util
2017-06-06 15:35:36 sda               0.00    91.00    1.00  216.00     4.00 24192.00   223.00     0.57    2.60    4.00    2.59   1.60  34.80
2017-06-06 15:35:36 scd0              0.00     0.00    0.00    0.00     0.00     0.00     0.00     0.00    0.00    0.00    0.00   0.00   0.00
2017-06-06 15:35:36 
2017-06-06 15:35:37 Device:         rrqm/s   wrqm/s     r/s     w/s    rkB/s    wkB/s avgrq-sz avgqu-sz   await r_await w_await  svctm  %util
2017-06-06 15:35:37 sda               0.00    77.00    0.00  235.00     0.00 38764.00   329.91     0.98    4.19    0.00    4.19   1.82  42.80
2017-06-06 15:35:37 scd0              0.00     0.00    0.00    0.00     0.00     0.00     0.00     0.00    0.00    0.00    0.00   0.00   0.00
2017-06-06 15:35:37 
2017-06-06 15:35:38 Device:         rrqm/s   wrqm/s     r/s     w/s    rkB/s    wkB/s avgrq-sz avgqu-sz   await r_await w_await  svctm  %util
2017-06-06 15:35:38 sda               0.00    57.00    0.00  166.00     0.00 22164.00   267.04     0.60    3.59    0.00    3.59   1.83  30.40
2017-06-06 15:35:38 scd0              0.00     0.00    0.00    0.00     0.00     0.00     0.00     0.00    0.00    0.00    0.00   0.00   0.00
2017-06-06 15:35:38 
2017-06-06 15:35:39 Device:         rrqm/s   wrqm/s     r/s     w/s    rkB/s    wkB/s avgrq-sz avgqu-sz   await r_await w_await  svctm  %util
2017-06-06 15:35:39 sda               0.00    83.00    0.00  219.00     0.00 30884.00   282.05     0.70    3.20    0.00    3.20   1.70  37.20
2017-06-06 15:35:39 scd0              0.00     0.00    0.00    0.00     0.00     0.00     0.00     0.00    0.00    0.00    0.00   0.00   0.00
2017-06-06 15:35:39 
2017-06-06 15:35:40 Device:         rrqm/s   wrqm/s     r/s     w/s    rkB/s    wkB/s avgrq-sz avgqu-sz   await r_await w_await  svctm  %util
2017-06-06 15:35:40 sda               0.00    82.00    0.00  234.00     0.00 31288.00   267.42     0.61    2.60    0.00    2.60   1.54  36.00
2017-06-06 15:35:40 scd0              0.00     0.00    0.00    0.00     0.00     0.00     0.00     0.00    0.00    0.00    0.00   0.00   0.00
2017-06-06 15:35:40 
2017-06-06 15:35:41 Device:         rrqm/s   wrqm/s     r/s     w/s    rkB/s    wkB/s avgrq-sz avgqu-sz   await r_await w_await  svctm  %util
2017-06-06 15:35:41 sda               0.00    46.00    0.00  130.00     0.00 20204.00   310.83     0.48    3.57    0.00    3.57   1.66  21.60
2017-06-06 15:35:41 scd0              0.00     0.00    0.00    0.00     0.00     0.00     0.00     0.00    0.00    0.00    0.00   0.00   0.00
2017-06-06 15:35:41 
2017-06-06 15:35:42 Device:         rrqm/s   wrqm/s     r/s     w/s    rkB/s    wkB/s avgrq-sz avgqu-sz   await r_await w_await  svctm  %util
2017-06-06 15:35:42 sda               0.00    72.00    0.00  230.00     0.00 33728.00   293.29     0.78    3.43    0.00    3.43   1.74  40.00
2017-06-06 15:35:42 scd0              0.00     0.00    0.00    0.00     0.00     0.00     0.00     0.00    0.00    0.00    0.00   0.00   0.00
2017-06-06 15:35:42 
2017-06-06 15:35:43 Device:         rrqm/s   wrqm/s     r/s     w/s    rkB/s    wkB/s avgrq-sz avgqu-sz   await r_await w_await  svctm  %util
2017-06-06 15:35:43 sda               0.00   107.00    0.00  269.00     0.00 28808.00   214.19     1.04    3.88    0.00    3.88   1.35  36.40
2017-06-06 15:35:43 scd0              0.00     0.00    0.00    0.00     0.00     0.00     0.00     0.00    0.00    0.00    0.00   0.00   0.00
2017-06-06 15:35:43 
2017-06-06 15:35:44 Device:         rrqm/s   wrqm/s     r/s     w/s    rkB/s    wkB/s avgrq-sz avgqu-sz   await r_await w_await  svctm  %util
2017-06-06 15:35:44 sda               0.00    79.00    0.00  241.00     0.00 29656.00   246.11     0.98    4.07    0.00    4.07   1.73  41.60
2017-06-06 15:35:44 scd0              0.00     0.00    0.00    0.00     0.00     0.00     0.00     0.00    0.00    0.00    0.00   0.00   0.00
2017-06-06 15:35:44 
2017-06-06 15:35:45 Device:         rrqm/s   wrqm/s     r/s     w/s    rkB/s    wkB/s avgrq-sz avgqu-sz   await r_await w_await  svctm  %util
2017-06-06 15:35:45 sda               0.00    74.00    0.00  215.00     0.00 26732.00   248.67     0.55    2.53    0.00    2.53   1.71  36.80
2017-06-06 15:35:45 scd0              0.00     0.00    0.00    0.00     0.00     0.00     0.00     0.00    0.00    0.00    0.00   0.00   0.00
2017-06-06 15:35:45 
2017-06-06 15:35:46 Device:         rrqm/s   wrqm/s     r/s     w/s    rkB/s    wkB/s avgrq-sz avgqu-sz   await r_await w_await  svctm  %util
2017-06-06 15:35:46 sda               0.00    62.00    0.00  185.00     0.00 24628.00   266.25     0.62    3.39    0.00    3.39   1.82  33.60
2017-06-06 15:35:46 scd0              0.00     0.00    0.00    0.00     0.00     0.00     0.00     0.00    0.00    0.00    0.00   0.00   0.00
2017-06-06 15:35:46 
2017-06-06 15:35:47 Device:         rrqm/s   wrqm/s     r/s     w/s    rkB/s    wkB/s avgrq-sz avgqu-sz   await r_await w_await  svctm  %util
2017-06-06 15:35:47 sda               0.00    81.00    0.00  254.00     0.00 30696.00   241.70     0.79    3.13    0.00    3.13   1.50  38.00
2017-06-06 15:35:47 scd0              0.00     0.00    0.00    0.00     0.00     0.00     0.00     0.00    0.00    0.00    0.00   0.00   0.00
2017-06-06 15:35:47 
2017-06-06 15:35:48 Device:         rrqm/s   wrqm/s     r/s     w/s    rkB/s    wkB/s avgrq-sz avgqu-sz   await r_await w_await  svctm  %util
2017-06-06 15:35:48 sda               0.00    67.00    0.00  188.00     0.00 29912.00   318.21     0.59    3.13    0.00    3.13   1.96  36.80
2017-06-06 15:35:48 scd0              0.00     0.00    0.00    0.00     0.00     0.00     0.00     0.00    0.00    0.00    0.00   0.00   0.00
2017-06-06 15:35:48 
2017-06-06 15:35:49 Device:         rrqm/s   wrqm/s     r/s     w/s    rkB/s    wkB/s avgrq-sz avgqu-sz   await r_await w_await  svctm  %util
2017-06-06 15:35:49 sda               0.00    75.00    0.00  213.00     0.00 29328.00   275.38     0.59    2.76    0.00    2.76   1.54  32.80
2017-06-06 15:35:49 scd0              0.00     0.00    0.00    0.00     0.00     0.00     0.00     0.00    0.00    0.00    0.00   0.00   0.00
2017-06-06 15:35:49 
2017-06-06 15:35:50 Device:         rrqm/s   wrqm/s     r/s     w/s    rkB/s    wkB/s avgrq-sz avgqu-sz   await r_await w_await  svctm  %util
2017-06-06 15:35:50 sda               0.00    68.00    0.00  208.00     0.00 31188.00   299.88     0.77    3.71    0.00    3.71   1.69  35.20
2017-06-06 15:35:50 scd0              0.00     0.00    0.00    0.00     0.00     0.00     0.00     0.00    0.00    0.00    0.00   0.00   0.00
2017-06-06 15:35:50 
2017-06-06 15:35:51 Device:         rrqm/s   wrqm/s     r/s     w/s    rkB/s    wkB/s avgrq-sz avgqu-sz   await r_await w_await  svctm  %util
2017-06-06 15:35:51 sda               0.00    61.00    0.00  165.00     0.00 17636.00   213.77     0.41    2.30    0.00    2.30   1.65  27.20
2017-06-06 15:35:51 scd0              0.00     0.00    0.00    0.00     0.00     0.00     0.00     0.00    0.00    0.00    0.00   0.00   0.00
2017-06-06 15:35:51 
2017-06-06 15:35:52 Device:         rrqm/s   wrqm/s     r/s     w/s    rkB/s    wkB/s avgrq-sz avgqu-sz   await r_await w_await  svctm  %util
2017-06-06 15:35:52 sda               0.00    83.00    0.00  230.00     0.00 36404.00   316.56     0.76    3.39    0.00    3.39   1.83  42.00
2017-06-06 15:35:52 scd0              0.00     0.00    0.00    0.00     0.00     0.00     0.00     0.00    0.00    0.00    0.00   0.00   0.00
2017-06-06 15:35:52 
2017-06-06 15:35:53 Device:         rrqm/s   wrqm/s     r/s     w/s    rkB/s    wkB/s avgrq-sz avgqu-sz   await r_await w_await  svctm  %util
2017-06-06 15:35:53 sda               0.00    72.00    0.00  227.00     0.00 24536.00   216.18     0.52    2.31    0.00    2.31   1.53  34.80
2017-06-06 15:35:53 scd0              0.00     0.00    0.00    0.00     0.00     0.00     0.00     0.00    0.00    0.00    0.00   0.00   0.00
2017-06-06 15:35:53 
2017-06-06 15:35:54 Device:         rrqm/s   wrqm/s     r/s     w/s    rkB/s    wkB/s avgrq-sz avgqu-sz   await r_await w_await  svctm  %util
2017-06-06 15:35:54 sda               0.00    79.00    0.00  227.00     0.00 37920.00   334.10     0.88    3.86    0.00    3.86   1.83  41.60
2017-06-06 15:35:54 scd0              0.00     0.00    0.00    0.00     0.00     0.00     0.00     0.00    0.00    0.00    0.00   0.00   0.00
2017-06-06 15:35:54 
2017-06-06 15:35:55 Device:         rrqm/s   wrqm/s     r/s     w/s    rkB/s    wkB/s avgrq-sz avgqu-sz   await r_await w_await  svctm  %util
2017-06-06 15:35:55 sda               0.00    52.00    0.00  130.00     0.00 14676.00   225.78     0.36    2.80    0.00    2.80   1.88  24.40
2017-06-06 15:35:55 scd0              0.00     0.00    0.00    0.00     0.00     0.00     0.00     0.00    0.00    0.00    0.00   0.00   0.00
2017-06-06 15:35:55 
2017-06-06 15:35:56 Device:         rrqm/s   wrqm/s     r/s     w/s    rkB/s    wkB/s avgrq-sz avgqu-sz   await r_await w_await  svctm  %util
2017-06-06 15:35:56 sda               0.00    77.00    0.00  228.00     0.00 38508.00   337.79     1.08    4.74    0.00    4.74   2.05  46.80
2017-06-06 15:35:56 scd0              0.00     0.00    0.00    0.00     0.00     0.00     0.00     0.00    0.00    0.00    0.00   0.00   0.00
2017-06-06 15:35:56 
2017-06-06 15:35:57 Device:         rrqm/s   wrqm/s     r/s     w/s    rkB/s    wkB/s avgrq-sz avgqu-sz   await r_await w_await  svctm  %util
2017-06-06 15:35:57 sda               0.00    40.00    0.00  114.00     0.00 10872.00   190.74     0.22    2.00    0.00    2.00   1.58  18.00
2017-06-06 15:35:57 scd0              0.00     0.00    0.00    0.00     0.00     0.00     0.00     0.00    0.00    0.00    0.00   0.00   0.00
2017-06-06 15:35:57 
2017-06-06 15:35:58 Device:         rrqm/s   wrqm/s     r/s     w/s    rkB/s    wkB/s avgrq-sz avgqu-sz   await r_await w_await  svctm  %util
2017-06-06 15:35:58 sda               0.00    64.00    0.00  274.00     0.00 31364.00   228.93     3.15   10.50    0.00   10.50   1.65  45.20
2017-06-06 15:35:58 scd0              0.00     0.00    0.00    0.00     0.00     0.00     0.00     0.00    0.00    0.00    0.00   0.00   0.00
2017-06-06 15:35:58 
2017-06-06 15:35:59 Device:         rrqm/s   wrqm/s     r/s     w/s    rkB/s    wkB/s avgrq-sz avgqu-sz   await r_await w_await  svctm  %util
2017-06-06 15:35:59 sda               0.00    44.00    0.00  124.00     0.00 10512.00   169.55     0.38    4.35    0.00    4.35   1.58  19.60
2017-06-06 15:35:59 scd0              0.00     0.00    0.00    0.00     0.00     0.00     0.00     0.00    0.00    0.00    0.00   0.00   0.00
2017-06-06 15:35:59 
2017-06-06 15:36:00 Device:         rrqm/s   wrqm/s     r/s     w/s    rkB/s    wkB/s avgrq-sz avgqu-sz   await r_await w_await  svctm  %util
2017-06-06 15:36:00 sda               0.00   106.00    1.00  324.00    16.00 25256.00   155.52     3.92   12.41    0.00   12.44   1.30  42.40
2017-06-06 15:36:00 scd0              0.00     0.00    0.00    0.00     0.00     0.00     0.00     0.00    0.00    0.00    0.00   0.00   0.00
2017-06-06 15:36:00 
2017-06-06 15:36:01 Device:         rrqm/s   wrqm/s     r/s     w/s    rkB/s    wkB/s avgrq-sz avgqu-sz   await r_await w_await  svctm  %util
2017-06-06 15:36:01 sda               0.00    42.00    1.00  410.00    16.00 28640.00   139.45    10.74   23.35    0.00   23.40   1.35  55.60
2017-06-06 15:36:01 scd0              0.00     0.00    0.00    0.00     0.00     0.00     0.00     0.00    0.00    0.00    0.00   0.00   0.00
2017-06-06 15:36:01 
2017-06-06 15:36:02 Device:         rrqm/s   wrqm/s     r/s     w/s    rkB/s    wkB/s avgrq-sz avgqu-sz   await r_await w_await  svctm  %util
2017-06-06 15:36:02 sda               0.00    47.00    2.00  160.00    32.00  8472.00   104.99     1.86   18.57    4.00   18.75   1.26  20.40
2017-06-06 15:36:02 scd0              0.00     0.00    0.00    0.00     0.00     0.00     0.00     0.00    0.00    0.00    0.00   0.00   0.00
2017-06-06 15:36:02 
2017-06-06 15:36:03 Device:         rrqm/s   wrqm/s     r/s     w/s    rkB/s    wkB/s avgrq-sz avgqu-sz   await r_await w_await  svctm  %util
2017-06-06 15:36:03 sda               0.00    49.00    0.00  314.00     0.00 24672.00   157.15     5.28   16.82    0.00   16.82   1.35  42.40
2017-06-06 15:36:03 scd0              0.00     0.00    0.00    0.00     0.00     0.00     0.00     0.00    0.00    0.00    0.00   0.00   0.00
2017-06-06 15:36:03 
2017-06-06 15:36:04 Device:         rrqm/s   wrqm/s     r/s     w/s    rkB/s    wkB/s avgrq-sz avgqu-sz   await r_await w_await  svctm  %util
2017-06-06 15:36:04 sda               0.00    38.00    0.00  303.00     0.00 19828.00   130.88     5.95   19.63    0.00   19.63   1.35  40.80
2017-06-06 15:36:04 scd0              0.00     0.00    0.00    0.00     0.00     0.00     0.00     0.00    0.00    0.00    0.00   0.00   0.00
2017-06-06 15:36:04 
2017-06-06 15:36:05 Device:         rrqm/s   wrqm/s     r/s     w/s    rkB/s    wkB/s avgrq-sz avgqu-sz   await r_await w_await  svctm  %util
2017-06-06 15:36:05 sda               0.00    53.00    0.00  348.00     0.00 30344.00   174.39     5.57   14.92    0.00   14.92   1.43  49.60
2017-06-06 15:36:05 scd0              0.00     0.00    0.00    0.00     0.00     0.00     0.00     0.00    0.00    0.00    0.00   0.00   0.00
2017-06-06 15:36:05 
2017-06-06 15:36:06 Device:         rrqm/s   wrqm/s     r/s     w/s    rkB/s    wkB/s avgrq-sz avgqu-sz   await r_await w_await  svctm  %util
2017-06-06 15:36:06 sda               0.00    51.00    0.00  340.00     0.00 26736.00   157.27     6.19   18.00    0.00   18.00   1.39  47.20
2017-06-06 15:36:06 scd0              0.00     0.00    0.00    0.00     0.00     0.00     0.00     0.00    0.00    0.00    0.00   0.00   0.00
2017-06-06 15:36:06 
2017-06-06 15:36:07 Device:         rrqm/s   wrqm/s     r/s     w/s    rkB/s    wkB/s avgrq-sz avgqu-sz   await r_await w_await  svctm  %util
2017-06-06 15:36:07 sda               0.00    76.00    0.00  330.00     0.00 19320.00   117.09     6.03   19.62    0.00   19.62   1.31  43.20
2017-06-06 15:36:07 scd0              0.00     0.00    0.00    0.00     0.00     0.00     0.00     0.00    0.00    0.00    0.00   0.00   0.00
2017-06-06 15:36:07 
2017-06-06 15:36:08 Device:         rrqm/s   wrqm/s     r/s     w/s    rkB/s    wkB/s avgrq-sz avgqu-sz   await r_await w_await  svctm  %util
2017-06-06 15:36:08 sda               0.00    81.00    0.00  296.00     0.00 23548.00   159.11     4.61   15.59    0.00   15.59   1.49  44.00
2017-06-06 15:36:08 scd0              0.00     0.00    0.00    0.00     0.00     0.00     0.00     0.00    0.00    0.00    0.00   0.00   0.00
2017-06-06 15:36:08 
2017-06-06 15:36:09 Device:         rrqm/s   wrqm/s     r/s     w/s    rkB/s    wkB/s avgrq-sz avgqu-sz   await r_await w_await  svctm  %util
2017-06-06 15:36:09 sda               0.00   181.00    1.00  311.00    16.00 17296.00   110.97     3.34   10.71    0.00   10.74   1.28  40.00
2017-06-06 15:36:09 scd0              0.00     0.00    0.00    0.00     0.00     0.00     0.00     0.00    0.00    0.00    0.00   0.00   0.00
2017-06-06 15:36:09 
2017-06-06 15:36:10 Device:         rrqm/s   wrqm/s     r/s     w/s    rkB/s    wkB/s avgrq-sz avgqu-sz   await r_await w_await  svctm  %util
2017-06-06 15:36:10 sda               0.00   120.00    0.00  331.00     0.00 27220.00   164.47     4.91   14.49    0.00   14.49   1.46  48.40
2017-06-06 15:36:10 scd0              0.00     0.00    0.00    0.00     0.00     0.00     0.00     0.00    0.00    0.00    0.00   0.00   0.00
2017-06-06 15:36:10 
2017-06-06 15:36:11 Device:         rrqm/s   wrqm/s     r/s     w/s    rkB/s    wkB/s avgrq-sz avgqu-sz   await r_await w_await  svctm  %util
2017-06-06 15:36:11 sda               0.00    42.00    0.00  324.00     0.00 21412.00   132.17     4.61   14.57    0.00   14.57   1.35  43.60
2017-06-06 15:36:11 scd0              0.00     0.00    0.00    0.00     0.00     0.00     0.00     0.00    0.00    0.00    0.00   0.00   0.00
2017-06-06 15:36:11 
2017-06-06 15:36:12 Device:         rrqm/s   wrqm/s     r/s     w/s    rkB/s    wkB/s avgrq-sz avgqu-sz   await r_await w_await  svctm  %util
2017-06-06 15:36:12 sda               0.00    39.00    0.00  100.00     0.00 10484.00   209.68     0.27    2.72    0.00    2.72   1.72  17.20
2017-06-06 15:36:12 scd0              0.00     0.00    0.00    0.00     0.00     0.00     0.00     0.00    0.00    0.00    0.00   0.00   0.00
2017-06-06 15:36:12 
2017-06-06 15:36:13 Device:         rrqm/s   wrqm/s     r/s     w/s    rkB/s    wkB/s avgrq-sz avgqu-sz   await r_await w_await  svctm  %util
2017-06-06 15:36:13 sda               0.00    53.00    0.00  149.00     0.00  6460.00    86.71     1.03    6.90    0.00    6.90   1.42  21.20
2017-06-06 15:36:13 scd0              0.00     0.00    0.00    0.00     0.00     0.00     0.00     0.00    0.00    0.00    0.00   0.00   0.00
2017-06-06 15:36:13 
2017-06-06 15:36:14 Device:         rrqm/s   wrqm/s     r/s     w/s    rkB/s    wkB/s avgrq-sz avgqu-sz   await r_await w_await  svctm  %util
2017-06-06 15:36:14 sda               0.00    77.00    1.00  397.00    16.00 32428.00   163.04     7.21   18.13    8.00   18.16   1.48  58.80
2017-06-06 15:36:14 scd0              0.00     0.00    0.00    0.00     0.00     0.00     0.00     0.00    0.00    0.00    0.00   0.00   0.00
2017-06-06 15:36:14 
2017-06-06 15:36:15 Device:         rrqm/s   wrqm/s     r/s     w/s    rkB/s    wkB/s avgrq-sz avgqu-sz   await r_await w_await  svctm  %util
2017-06-06 15:36:15 sda               0.00    58.00    0.00  402.00     0.00 30692.00   152.70     8.16   20.29    0.00   20.29   1.31  52.80
2017-06-06 15:36:15 scd0              0.00     0.00    0.00    0.00     0.00     0.00     0.00     0.00    0.00    0.00    0.00   0.00   0.00
2017-06-06 15:36:15 
2017-06-06 15:36:16 Device:         rrqm/s   wrqm/s     r/s     w/s    rkB/s    wkB/s avgrq-sz avgqu-sz   await r_await w_await  svctm  %util
2017-06-06 15:36:16 sda               0.00   183.17    1.98  406.93     0.99 26376.24   129.01     8.12   19.86    2.00   19.95   1.31  53.47
2017-06-06 15:36:16 scd0              0.00     0.00    0.00    0.00     0.00     0.00     0.00     0.00    0.00    0.00    0.00   0.00   0.00
2017-06-06 15:36:16 
2017-06-06 15:36:17 Device:         rrqm/s   wrqm/s     r/s     w/s    rkB/s    wkB/s avgrq-sz avgqu-sz   await r_await w_await  svctm  %util
2017-06-06 15:36:17 sda               0.00    50.00    0.00  325.00     0.00 23464.00   144.39     5.00   15.40    0.00   15.40   1.35  44.00
2017-06-06 15:36:17 scd0              0.00     0.00    0.00    0.00     0.00     0.00     0.00     0.00    0.00    0.00    0.00   0.00   0.00
2017-06-06 15:36:17 
2017-06-06 15:36:18 Device:         rrqm/s   wrqm/s     r/s     w/s    rkB/s    wkB/s avgrq-sz avgqu-sz   await r_await w_await  svctm  %util
2017-06-06 15:36:18 sda               0.00    59.00    0.00  340.00     0.00 27132.00   159.60     6.02   17.72    0.00   17.72   1.45  49.20
2017-06-06 15:36:18 scd0              0.00     0.00    0.00    0.00     0.00     0.00     0.00     0.00    0.00    0.00    0.00   0.00   0.00
2017-06-06 15:36:18 
2017-06-06 15:36:19 Device:         rrqm/s   wrqm/s     r/s     w/s    rkB/s    wkB/s avgrq-sz avgqu-sz   await r_await w_await  svctm  %util
2017-06-06 15:36:19 sda               0.00    44.00    0.00  333.00     0.00 21804.00   130.95     7.12   21.41    0.00   21.41   1.39  46.40
2017-06-06 15:36:19 scd0              0.00     0.00    0.00    0.00     0.00     0.00     0.00     0.00    0.00    0.00    0.00   0.00   0.00
2017-06-06 15:36:19 
2017-06-06 15:36:20 Device:         rrqm/s   wrqm/s     r/s     w/s    rkB/s    wkB/s avgrq-sz avgqu-sz   await r_await w_await  svctm  %util
2017-06-06 15:36:20 sda               0.00    73.00    0.00  278.00     0.00 21572.00   155.19     6.20   22.32    0.00   22.32   1.60  44.40
2017-06-06 15:36:20 scd0              0.00     0.00    0.00    0.00     0.00     0.00     0.00     0.00    0.00    0.00    0.00   0.00   0.00
2017-06-06 15:36:20 
2017-06-06 15:36:21 Device:         rrqm/s   wrqm/s     r/s     w/s    rkB/s    wkB/s avgrq-sz avgqu-sz   await r_await w_await  svctm  %util
2017-06-06 15:36:21 sda               0.00    78.00    0.00  269.00     0.00 18744.00   139.36     3.31   11.75    0.00   11.75   1.41  38.00
2017-06-06 15:36:21 scd0              0.00     0.00    0.00    0.00     0.00     0.00     0.00     0.00    0.00    0.00    0.00   0.00   0.00
2017-06-06 15:36:21 
2017-06-06 15:36:22 Device:         rrqm/s   wrqm/s     r/s     w/s    rkB/s    wkB/s avgrq-sz avgqu-sz   await r_await w_await  svctm  %util
2017-06-06 15:36:22 sda               0.00   212.00    4.00  426.00    28.00 27004.00   125.73     5.26   12.60    1.00   12.70   1.25  53.60
2017-06-06 15:36:22 scd0              0.00     0.00    0.00    0.00     0.00     0.00     0.00     0.00    0.00    0.00    0.00   0.00   0.00
2017-06-06 15:36:22 
2017-06-06 15:36:23 Device:         rrqm/s   wrqm/s     r/s     w/s    rkB/s    wkB/s avgrq-sz avgqu-sz   await r_await w_await  svctm  %util
2017-06-06 15:36:23 sda               0.00    62.00    0.00  391.00     0.00 24444.00   125.03     6.69   17.10    0.00   17.10   1.21  47.20
2017-06-06 15:36:23 scd0              0.00     0.00    0.00    0.00     0.00     0.00     0.00     0.00    0.00    0.00    0.00   0.00   0.00
2017-06-06 15:36:23 
2017-06-06 15:36:24 Device:         rrqm/s   wrqm/s     r/s     w/s    rkB/s    wkB/s avgrq-sz avgqu-sz   await r_await w_await  svctm  %util
2017-06-06 15:36:24 sda               0.00    50.00    0.00  237.00     0.00 20628.00   174.08     3.28   12.29    0.00   12.29   1.55  36.80
2017-06-06 15:36:24 scd0              0.00     0.00    0.00    0.00     0.00     0.00     0.00     0.00    0.00    0.00    0.00   0.00   0.00
2017-06-06 15:36:24 
2017-06-06 15:36:25 Device:         rrqm/s   wrqm/s     r/s     w/s    rkB/s    wkB/s avgrq-sz avgqu-sz   await r_await w_await  svctm  %util
2017-06-06 15:36:25 sda               0.00    36.00    0.00  253.00     0.00 20308.00   160.54     3.91   16.89    0.00   16.89   1.45  36.80
2017-06-06 15:36:25 scd0              0.00     0.00    0.00    0.00     0.00     0.00     0.00     0.00    0.00    0.00    0.00   0.00   0.00
2017-06-06 15:36:25 
2017-06-06 15:36:26 Device:         rrqm/s   wrqm/s     r/s     w/s    rkB/s    wkB/s avgrq-sz avgqu-sz   await r_await w_await  svctm  %util
2017-06-06 15:36:26 sda               0.00    55.00    0.00  342.00     0.00 29100.00   170.18     4.73   13.84    0.00   13.84   1.45  49.60
2017-06-06 15:36:26 scd0              0.00     0.00    0.00    0.00     0.00     0.00     0.00     0.00    0.00    0.00    0.00   0.00   0.00
2017-06-06 15:36:26 
2017-06-06 15:36:27 Device:         rrqm/s   wrqm/s     r/s     w/s    rkB/s    wkB/s avgrq-sz avgqu-sz   await r_await w_await  svctm  %util
2017-06-06 15:36:27 sda               0.00    76.00    1.00  315.00    16.00 19072.00   120.81     6.79   18.13    0.00   18.18   1.28  40.40
2017-06-06 15:36:27 scd0              0.00     0.00    0.00    0.00     0.00     0.00     0.00     0.00    0.00    0.00    0.00   0.00   0.00
2017-06-06 15:36:27 
2017-06-06 15:36:28 Device:         rrqm/s   wrqm/s     r/s     w/s    rkB/s    wkB/s avgrq-sz avgqu-sz   await r_await w_await  svctm  %util
2017-06-06 15:36:28 sda               0.00   196.00    0.00  339.00     0.00 24456.00   144.28     5.06   18.04    0.00   18.04   1.37  46.40
2017-06-06 15:36:28 scd0              0.00     0.00    0.00    0.00     0.00     0.00     0.00     0.00    0.00    0.00    0.00   0.00   0.00
2017-06-06 15:36:28 
2017-06-06 15:36:29 Device:         rrqm/s   wrqm/s     r/s     w/s    rkB/s    wkB/s avgrq-sz avgqu-sz   await r_await w_await  svctm  %util
2017-06-06 15:36:29 sda               0.00    68.00    0.00  352.00     0.00 26772.00   152.11     6.18   17.57    0.00   17.57   1.35  47.60
2017-06-06 15:36:29 scd0              0.00     0.00    0.00    0.00     0.00     0.00     0.00     0.00    0.00    0.00    0.00   0.00   0.00
2017-06-06 15:36:29 
2017-06-06 15:36:30 Device:         rrqm/s   wrqm/s     r/s     w/s    rkB/s    wkB/s avgrq-sz avgqu-sz   await r_await w_await  svctm  %util
2017-06-06 15:36:30 sda               0.00    56.00    1.00  312.00    16.00 20908.00   133.70     4.22   13.48    0.00   13.53   1.37  42.80
2017-06-06 15:36:30 scd0              0.00     0.00    0.00    0.00     0.00     0.00     0.00     0.00    0.00    0.00    0.00   0.00   0.00
2017-06-06 15:36:30 
2017-06-06 15:36:31 Device:         rrqm/s   wrqm/s     r/s     w/s    rkB/s    wkB/s avgrq-sz avgqu-sz   await r_await w_await  svctm  %util
2017-06-06 15:36:31 sda               0.00    44.00    0.00  309.00     0.00 19288.00   124.84     5.75   18.42    0.00   18.42   1.44  44.40
2017-06-06 15:36:31 scd0              0.00     0.00    0.00    0.00     0.00     0.00     0.00     0.00    0.00    0.00    0.00   0.00   0.00
2017-06-06 15:36:31 
2017-06-06 15:36:32 Device:         rrqm/s   wrqm/s     r/s     w/s    rkB/s    wkB/s avgrq-sz avgqu-sz   await r_await w_await  svctm  %util
2017-06-06 15:36:32 sda               0.00    88.00    1.00  347.00    16.00 30268.00   174.05     7.11   20.59    0.00   20.65   1.45  50.40
2017-06-06 15:36:32 scd0              0.00     0.00    0.00    0.00     0.00     0.00     0.00     0.00    0.00    0.00    0.00   0.00   0.00
2017-06-06 15:36:32 
2017-06-06 15:36:33 Device:         rrqm/s   wrqm/s     r/s     w/s    rkB/s    wkB/s avgrq-sz avgqu-sz   await r_await w_await  svctm  %util
2017-06-06 15:36:33 sda               0.00    55.00    0.00  341.00     0.00 28184.00   165.30     5.50   16.14    0.00   16.14   1.38  47.20
2017-06-06 15:36:33 scd0              0.00     0.00    0.00    0.00     0.00     0.00     0.00     0.00    0.00    0.00    0.00   0.00   0.00
2017-06-06 15:36:33 
2017-06-06 15:36:34 Device:         rrqm/s   wrqm/s     r/s     w/s    rkB/s    wkB/s avgrq-sz avgqu-sz   await r_await w_await  svctm  %util
2017-06-06 15:36:34 sda               0.00   195.00    0.00  481.00     0.00 32452.00   134.94     9.70   20.16    0.00   20.16   1.28  61.60
2017-06-06 15:36:34 scd0              0.00     0.00    0.00    0.00     0.00     0.00     0.00     0.00    0.00    0.00    0.00   0.00   0.00
2017-06-06 15:36:34 
2017-06-06 15:36:35 Device:         rrqm/s   wrqm/s     r/s     w/s    rkB/s    wkB/s avgrq-sz avgqu-sz   await r_await w_await  svctm  %util
2017-06-06 15:36:35 sda               0.00    55.00    0.00  356.00     0.00 27256.00   153.12     6.18   17.37    0.00   17.37   1.36  48.40
2017-06-06 15:36:35 scd0              0.00     0.00    0.00    0.00     0.00     0.00     0.00     0.00    0.00    0.00    0.00   0.00   0.00
2017-06-06 15:36:35 
2017-06-06 15:36:36 Device:         rrqm/s   wrqm/s     r/s     w/s    rkB/s    wkB/s avgrq-sz avgqu-sz   await r_await w_await  svctm  %util
2017-06-06 15:36:36 sda               0.00    50.00    0.00  165.00     0.00 32964.00   399.56     0.58    3.49    0.00    3.49   2.01  33.20
2017-06-06 15:36:36 scd0              0.00     0.00    0.00    0.00     0.00     0.00     0.00     0.00    0.00    0.00    0.00   0.00   0.00
2017-06-06 15:36:36 
2017-06-06 15:36:37 Device:         rrqm/s   wrqm/s     r/s     w/s    rkB/s    wkB/s avgrq-sz avgqu-sz   await r_await w_await  svctm  %util
2017-06-06 15:36:37 sda               0.00    53.00    0.00  150.00     0.00 35788.00   477.17     0.69    4.59    0.00    4.59   2.32  34.80
2017-06-06 15:36:37 scd0              0.00     0.00    0.00    0.00     0.00     0.00     0.00     0.00    0.00    0.00    0.00   0.00   0.00
2017-06-06 15:36:37 
2017-06-06 15:36:38 Device:         rrqm/s   wrqm/s     r/s     w/s    rkB/s    wkB/s avgrq-sz avgqu-sz   await r_await w_await  svctm  %util
2017-06-06 15:36:38 sda               0.00    63.00    0.00  177.00     0.00 32572.00   368.05     0.73    4.11    0.00    4.11   2.15  38.00
2017-06-06 15:36:38 scd0              0.00     0.00    0.00    0.00     0.00     0.00     0.00     0.00    0.00    0.00    0.00   0.00   0.00
2017-06-06 15:36:38 
2017-06-06 15:36:39 Device:         rrqm/s   wrqm/s     r/s     w/s    rkB/s    wkB/s avgrq-sz avgqu-sz   await r_await w_await  svctm  %util
2017-06-06 15:36:39 sda               0.00    62.00    0.00  163.00     0.00 36788.00   451.39     0.71    4.34    0.00    4.34   2.33  38.00
2017-06-06 15:36:39 scd0              0.00     0.00    0.00    0.00     0.00     0.00     0.00     0.00    0.00    0.00    0.00   0.00   0.00
2017-06-06 15:36:39 
2017-06-06 15:36:40 Device:         rrqm/s   wrqm/s     r/s     w/s    rkB/s    wkB/s avgrq-sz avgqu-sz   await r_await w_await  svctm  %util
2017-06-06 15:36:40 sda               0.00    52.00    0.00  148.00     0.00 35032.00   473.41     0.62    4.16    0.00    4.16   2.65  39.20
2017-06-06 15:36:40 scd0              0.00     0.00    0.00    0.00     0.00     0.00     0.00     0.00    0.00    0.00    0.00   0.00   0.00
2017-06-06 15:36:40 
2017-06-06 15:36:41 Device:         rrqm/s   wrqm/s     r/s     w/s    rkB/s    wkB/s avgrq-sz avgqu-sz   await r_await w_await  svctm  %util
2017-06-06 15:36:41 sda               0.00    51.00    0.00  198.00     0.00 35904.00   362.67     1.32    6.69    0.00    6.69   2.26  44.80
2017-06-06 15:36:41 scd0              0.00     0.00    0.00    0.00     0.00     0.00     0.00     0.00    0.00    0.00    0.00   0.00   0.00
2017-06-06 15:36:41 
2017-06-06 15:36:42 Device:         rrqm/s   wrqm/s     r/s     w/s    rkB/s    wkB/s avgrq-sz avgqu-sz   await r_await w_await  svctm  %util
2017-06-06 15:36:42 sda               0.00    53.00    0.00  140.00     0.00 36068.00   515.26     0.68    4.91    0.00    4.91   2.86  40.00
2017-06-06 15:36:42 scd0              0.00     0.00    0.00    0.00     0.00     0.00     0.00     0.00    0.00    0.00    0.00   0.00   0.00
2017-06-06 15:36:42 
2017-06-06 15:36:43 Device:         rrqm/s   wrqm/s     r/s     w/s    rkB/s    wkB/s avgrq-sz avgqu-sz   await r_await w_await  svctm  %util
2017-06-0