2017-06-08 09:37:35 Linux 4.4.0-78-generic (ubuntu) 	Thursday 08 June 2017 	_x86_64_	(16 CPU)
2017-06-08 09:37:35 
2017-06-08 09:37:35 Device:         rrqm/s   wrqm/s     r/s     w/s    rkB/s    wkB/s avgrq-sz avgqu-sz   await r_await w_await  svctm  %util
2017-06-08 09:37:35 sda               0.19   187.85    0.81  783.23    19.91 14484.04    37.00     2.14    2.73    6.28    2.73   0.79  61.99
2017-06-08 09:37:35 scd0              0.00     0.00    0.00    0.00     0.00     0.00     6.46     0.00    0.21    0.21    0.00   0.21   0.00
2017-06-08 09:37:35 
2017-06-08 09:37:36 Device:         rrqm/s   wrqm/s     r/s     w/s    rkB/s    wkB/s avgrq-sz avgqu-sz   await r_await w_await  svctm  %util
2017-06-08 09:37:36 sda               0.00     0.00    0.00    0.00     0.00     0.00     0.00     0.00    0.00    0.00    0.00   0.00   0.00
2017-06-08 09:37:36 scd0              0.00     0.00    0.00    0.00     0.00     0.00     0.00     0.00    0.00    0.00    0.00   0.00   0.00
2017-06-08 09:37:36 
2017-06-08 09:37:37 Device:         rrqm/s   wrqm/s     r/s     w/s    rkB/s    wkB/s avgrq-sz avgqu-sz   await r_await w_await  svctm  %util
2017-06-08 09:37:37 sda               0.00     0.00    0.00    0.00     0.00     0.00     0.00     0.00    0.00    0.00    0.00   0.00   0.00
2017-06-08 09:37:37 scd0              0.00     0.00    0.00    0.00     0.00     0.00     0.00     0.00    0.00    0.00    0.00   0.00   0.00
2017-06-08 09:37:37 
2017-06-08 09:37:38 Device:         rrqm/s   wrqm/s     r/s     w/s    rkB/s    wkB/s avgrq-sz avgqu-sz   await r_await w_await  svctm  %util
2017-06-08 09:37:38 sda               0.00     0.00    0.00    0.00     0.00     0.00     0.00     0.00    0.00    0.00    0.00   0.00   0.00
2017-06-08 09:37:38 scd0              0.00     0.00    0.00    0.00     0.00     0.00     0.00     0.00    0.00    0.00    0.00   0.00   0.00
2017-06-08 09:37:38 
2017-06-08 09:37:39 Device:         rrqm/s   wrqm/s     r/s     w/s    rkB/s    wkB/s avgrq-sz avgqu-sz   await r_await w_await  svctm  %util
2017-06-08 09:37:39 sda               0.00     6.00    0.00    2.00     0.00    32.00    32.00     0.00    2.00    0.00    2.00   2.00   0.40
2017-06-08 09:37:39 scd0              0.00     0.00    0.00    0.00     0.00     0.00     0.00     0.00    0.00    0.00    0.00   0.00   0.00
2017-06-08 09:37:39 
2017-06-08 09:37:40 Device:         rrqm/s   wrqm/s     r/s     w/s    rkB/s    wkB/s avgrq-sz avgqu-sz   await r_await w_await  svctm  %util
2017-06-08 09:37:40 sda               0.00     0.00    0.00    0.00     0.00     0.00     0.00     0.00    0.00    0.00    0.00   0.00   0.00
2017-06-08 09:37:40 scd0              0.00     0.00    0.00    0.00     0.00     0.00     0.00     0.00    0.00    0.00    0.00   0.00   0.00
2017-06-08 09:37:40 
2017-06-08 09:37:41 Device:         rrqm/s   wrqm/s     r/s     w/s    rkB/s    wkB/s avgrq-sz avgqu-sz   await r_await w_await  svctm  %util
2017-06-08 09:37:41 sda               0.00     0.00    0.00    0.00     0.00     0.00     0.00     0.00    0.00    0.00    0.00   0.00   0.00
2017-06-08 09:37:41 scd0              0.00     0.00    0.00    0.00     0.00     0.00     0.00     0.00    0.00    0.00    0.00   0.00   0.00
2017-06-08 09:37:41 
2017-06-08 09:37:42 Device:         rrqm/s   wrqm/s     r/s     w/s    rkB/s    wkB/s avgrq-sz avgqu-sz   await r_await w_await  svctm  %util
2017-06-08 09:37:42 sda               0.00     0.00    0.00    0.00     0.00     0.00     0.00     0.00    0.00    0.00    0.00   0.00   0.00
2017-06-08 09:37:42 scd0              0.00     0.00    0.00    0.00     0.00     0.00     0.00     0.00    0.00    0.00    0.00   0.00   0.00
2017-06-08 09:37:42 
2017-06-08 09:37:43 Device:         rrqm/s   wrqm/s     r/s     w/s    rkB/s    wkB/s avgrq-sz avgqu-sz   await r_await w_await  svctm  %util
2017-06-08 09:37:43 sda               0.00     0.00    0.00    0.00     0.00     0.00     0.00     0.00    0.00    0.00    0.00   0.00   0.00
2017-06-08 09:37:43 scd0              0.00     0.00    0.00    0.00     0.00     0.00     0.00     0.00    0.00    0.00    0.00   0.00   0.00
2017-06-08 09:37:43 
2017-06-08 09:37:44 Device:         rrqm/s   wrqm/s     r/s     w/s    rkB/s    wkB/s avgrq-sz avgqu-sz   await r_await w_await  svctm  %util
2017-06-08 09:37:44 sda               0.00     1.00    0.00   17.00     0.00    72.00     8.47     0.10    6.12    0.00    6.12   0.47   0.80
2017-06-08 09:37:44 scd0              0.00     0.00    0.00    0.00     0.00     0.00     0.00     0.00    0.00    0.00    0.00   0.00   0.00
2017-06-08 09:37:44 
2017-06-08 09:37:45 Device:         rrqm/s   wrqm/s     r/s     w/s    rkB/s    wkB/s avgrq-sz avgqu-sz   await r_await w_await  svctm  %util
2017-06-08 09:37:45 sda               0.00     0.00    0.00    0.00     0.00     0.00     0.00     0.00    0.00    0.00    0.00   0.00   0.00
2017-06-08 09:37:45 scd0              0.00     0.00    0.00    0.00     0.00     0.00     0.00     0.00    0.00    0.00    0.00   0.00   0.00
2017-06-08 09:37:45 
2017-06-08 09:37:46 Device:         rrqm/s   wrqm/s     r/s     w/s    rkB/s    wkB/s avgrq-sz avgqu-sz   await r_await w_await  svctm  %util
2017-06-08 09:37:46 sda               0.00     6.00    0.00    2.00     0.00    32.00    32.00     0.00    2.00    0.00    2.00   2.00   0.40
2017-06-08 09:37:46 scd0              0.00     0.00    0.00    0.00     0.00     0.00     0.00     0.00    0.00    0.00    0.00   0.00   0.00
2017-06-08 09:37:46 
2017-06-08 09:37:47 Device:         rrqm/s   wrqm/s     r/s     w/s    rkB/s    wkB/s avgrq-sz avgqu-sz   await r_await w_await  svctm  %util
2017-06-08 09:37:47 sda               0.00     0.00    0.00    0.00     0.00     0.00     0.00     0.00    0.00    0.00    0.00   0.00   0.00
2017-06-08 09:37:47 scd0              0.00     0.00    0.00    0.00     0.00     0.00     0.00     0.00    0.00    0.00    0.00   0.00   0.00
2017-06-08 09:37:47 
2017-06-08 09:37:48 Device:         rrqm/s   wrqm/s     r/s     w/s    rkB/s    wkB/s avgrq-sz avgqu-sz   await r_await w_await  svctm  %util
2017-06-08 09:37:48 sda               0.00     0.00    0.00    0.00     0.00     0.00     0.00     0.00    0.00    0.00    0.00   0.00   0.00
2017-06-08 09:37:48 scd0              0.00     0.00    0.00    0.00     0.00     0.00     0.00     0.00    0.00    0.00    0.00   0.00   0.00
2017-06-08 09:37:48 
2017-06-08 09:37:49 Device:         rrqm/s   wrqm/s     r/s     w/s    rkB/s    wkB/s avgrq-sz avgqu-sz   await r_await w_await  svctm  %util
2017-06-08 09:37:49 sda               0.00     0.00    0.00    0.00     0.00     0.00     0.00     0.00    0.00    0.00    0.00   0.00   0.00
2017-06-08 09:37:49 scd0              0.00     0.00    0.00    0.00     0.00     0.00     0.00     0.00    0.00    0.00    0.00   0.00   0.00
2017-06-08 09:37:49 
2017-06-08 09:37:50 Device:         rrqm/s   wrqm/s     r/s     w/s    rkB/s    wkB/s avgrq-sz avgqu-sz   await r_await w_await  svctm  %util
2017-06-08 09:37:50 sda               0.00     0.00    0.00    0.00     0.00     0.00     0.00     0.00    0.00    0.00    0.00   0.00   0.00
2017-06-08 09:37:50 scd0              0.00     0.00    0.00    0.00     0.00     0.00     0.00     0.00    0.00    0.00    0.00   0.00   0.00
2017-06-08 09:37:50 
2017-06-08 09:37:51 Device:         rrqm/s   wrqm/s     r/s     w/s    rkB/s    wkB/s avgrq-sz avgqu-sz   await r_await w_await  svctm  %util
2017-06-08 09:37:51 sda               0.00     0.00    0.00    0.00     0.00     0.00     0.00     0.00    0.00    0.00    0.00   0.00   0.00
2017-06-08 09:37:51 scd0              0.00     0.00    0.00    0.00     0.00     0.00     0.00     0.00    0.00    0.00    0.00   0.00   0.00
2017-06-08 09:37:51 
2017-06-08 09:37:52 Device:         rrqm/s   wrqm/s     r/s     w/s    rkB/s    wkB/s avgrq-sz avgqu-sz   await r_await w_await  svctm  %util
2017-06-08 09:37:52 sda               0.00     0.00    0.00    0.00     0.00     0.00     0.00     0.00    0.00    0.00    0.00   0.00   0.00
2017-06-08 09:37:52 scd0              0.00     0.00    0.00    0.00     0.00     0.00     0.00     0.00    0.00    0.00    0.00   0.00   0.00
2017-06-08 09:37:52 
2017-06-08 09:37:53 Device:         rrqm/s   wrqm/s     r/s     w/s    rkB/s    wkB/s avgrq-sz avgqu-sz   await r_await w_await  svctm  %util
2017-06-08 09:37:53 sda               0.00     0.00    0.00    0.00     0.00     0.00     0.00     0.00    0.00    0.00    0.00   0.00   0.00
2017-06-08 09:37:53 scd0              0.00     0.00    0.00    0.00     0.00     0.00     0.00     0.00    0.00    0.00    0.00   0.00   0.00
2017-06-08 09:37:53 
2017-06-08 09:37:54 Device:         rrqm/s   wrqm/s     r/s     w/s    rkB/s    wkB/s avgrq-sz avgqu-sz   await r_await w_await  svctm  %util
2017-06-08 09:37:54 sda               0.00     0.00    0.00    0.00     0.00     0.00     0.00     0.00    0.00    0.00    0.00   0.00   0.00
2017-06-08 09:37:54 scd0              0.00     0.00    0.00    0.00     0.00     0.00     0.00     0.00    0.00    0.00    0.00   0.00   0.00
2017-06-08 09:37:54 
2017-06-08 09:37:55 Device:         rrqm/s   wrqm/s     r/s     w/s    rkB/s    wkB/s avgrq-sz avgqu-sz   await r_await w_await  svctm  %util
2017-06-08 09:37:55 sda               0.00     0.00    0.00    0.00     0.00     0.00     0.00     0.00    0.00    0.00    0.00   0.00   0.00
2017-06-08 09:37:55 scd0              0.00     0.00    0.00    0.00     0.00     0.00     0.00     0.00    0.00    0.00    0.00   0.00   0.00
2017-06-08 09:37:55 
2017-06-08 09:37:56 Device:         rrqm/s   wrqm/s     r/s     w/s    rkB/s    wkB/s avgrq-sz avgqu-sz   await r_await w_await  svctm  %util
2017-06-08 09:37:56 sda               0.00     0.00    0.00    0.00     0.00     0.00     0.00     0.00    0.00    0.00    0.00   0.00   0.00
2017-06-08 09:37:56 scd0              0.00     0.00    0.00    0.00     0.00     0.00     0.00     0.00    0.00    0.00    0.00   0.00   0.00
2017-06-08 09:37:56 
2017-06-08 09:37:57 Device:         rrqm/s   wrqm/s     r/s     w/s    rkB/s    wkB/s avgrq-sz avgqu-sz   await r_await w_await  svctm  %util
2017-06-08 09:37:57 sda               0.00     0.00    3.00    0.00    48.00     0.00    32.00     0.01    2.67    2.67    0.00   2.67   0.80
2017-06-08 09:37:57 scd0              0.00     0.00    0.00    0.00     0.00     0.00     0.00     0.00    0.00    0.00    0.00   0.00   0.00
2017-06-08 09:37:57 
2017-06-08 09:37:58 Device:         rrqm/s   wrqm/s     r/s     w/s    rkB/s    wkB/s avgrq-sz avgqu-sz   await r_await w_await  svctm  %util
2017-06-08 09:37:58 sda               0.00    79.00    3.00  158.00    48.00 19124.00   238.16     0.26    1.61    2.67    1.59   1.44  23.20
2017-06-08 09:37:58 scd0              0.00     0.00    0.00    0.00     0.00     0.00     0.00     0.00    0.00    0.00    0.00   0.00   0.00
2017-06-08 09:37:58 
2017-06-08 09:37:59 Device:         rrqm/s   wrqm/s     r/s     w/s    rkB/s    wkB/s avgrq-sz avgqu-sz   await r_await w_await  svctm  %util
2017-06-08 09:37:59 sda               0.00   289.00    1.00  522.00     8.00 59392.00   227.15     3.05    5.83    8.00    5.82   1.54  80.40
2017-06-08 09:37:59 scd0              0.00     0.00    0.00    0.00     0.00     0.00     0.00     0.00    0.00    0.00    0.00   0.00   0.00
2017-06-08 09:37:59 
2017-06-08 09:38:00 Device:         rrqm/s   wrqm/s     r/s     w/s    rkB/s    wkB/s avgrq-sz avgqu-sz   await r_await w_await  svctm  %util
2017-06-08 09:38:00 sda               0.00   192.00    0.00  661.00     0.00 55724.00   168.61     3.91    5.92    0.00    5.92   1.25  82.80
2017-06-08 09:38:00 scd0              0.00     0.00    0.00    0.00     0.00     0.00     0.00     0.00    0.00    0.00    0.00   0.00   0.00
2017-06-08 09:38:00 
2017-06-08 09:38:01 Device:         rrqm/s   wrqm/s     r/s     w/s    rkB/s    wkB/s avgrq-sz avgqu-sz   await r_await w_await  svctm  %util
2017-06-08 09:38:01 sda               0.00   103.00    0.00  636.00     0.00 47172.00   148.34     4.22    6.64    0.00    6.64   1.29  82.00
2017-06-08 09:38:01 scd0              0.00     0.00    0.00    0.00     0.00     0.00     0.00     0.00    0.00    0.00    0.00   0.00   0.00
2017-06-08 09:38:01 
2017-06-08 09:38:02 Device:         rrqm/s   wrqm/s     r/s     w/s    rkB/s    wkB/s avgrq-sz avgqu-sz   await r_await w_await  svctm  %util
2017-06-08 09:38:02 sda               0.00   176.00    0.00  572.00     0.00 56008.00   195.83     1.38    2.41    0.00    2.41   1.38  79.20
2017-06-08 09:38:02 scd0              0.00     0.00    0.00    0.00     0.00     0.00     0.00     0.00    0.00    0.00    0.00   0.00   0.00
2017-06-08 09:38:02 
2017-06-08 09:38:03 Device:         rrqm/s   wrqm/s     r/s     w/s    rkB/s    wkB/s avgrq-sz avgqu-sz   await r_await w_await  svctm  %util
2017-06-08 09:38:03 sda               0.00   239.00    0.00  681.00     0.00 53916.00   158.34     2.12    3.10    0.00    3.10   1.13  77.20
2017-06-08 09:38:03 scd0              0.00     0.00    0.00    0.00     0.00     0.00     0.00     0.00    0.00    0.00    0.00   0.00   0.00
2017-06-08 09:38:03 
2017-06-08 09:38:04 Device:         rrqm/s   wrqm/s     r/s     w/s    rkB/s    wkB/s avgrq-sz avgqu-sz   await r_await w_await  svctm  %util
2017-06-08 09:38:04 sda               0.00   280.00    0.00  718.00     0.00 48784.00   135.89     1.04    1.47    0.00    1.47   1.08  77.60
2017-06-08 09:38:04 scd0              0.00     0.00    0.00    0.00     0.00     0.00     0.00     0.00    0.00    0.00    0.00   0.00   0.00
2017-06-08 09:38:04 
2017-06-08 09:38:05 Device:         rrqm/s   wrqm/s     r/s     w/s    rkB/s    wkB/s avgrq-sz avgqu-sz   await r_await w_await  svctm  %util
2017-06-08 09:38:05 sda               0.00   135.00    0.00  707.00     0.00 61320.00   173.47     1.36    1.93    0.00    1.93   1.09  77.20
2017-06-08 09:38:05 scd0              0.00     0.00    0.00    0.00     0.00     0.00     0.00     0.00    0.00    0.00    0.00   0.00   0.00
2017-06-08 09:38:05 
2017-06-08 09:38:06 Device:         rrqm/s   wrqm/s     r/s     w/s    rkB/s    wkB/s avgrq-sz avgqu-sz   await r_await w_await  svctm  %util
2017-06-08 09:38:06 sda               0.00   182.00    0.00  437.00     0.00 70104.00   320.84     1.25    2.81    0.00    2.81   1.71  74.80
2017-06-08 09:38:06 scd0              0.00     0.00    0.00    0.00     0.00     0.00     0.00     0.00    0.00    0.00    0.00   0.00   0.00
2017-06-08 09:38:06 
2017-06-08 09:38:07 Device:         rrqm/s   wrqm/s     r/s     w/s    rkB/s    wkB/s avgrq-sz avgqu-sz   await r_await w_await  svctm  %util
2017-06-08 09:38:07 sda               0.00   124.00    0.00  418.00     0.00 81852.00   391.64     1.92    4.59    0.00    4.59   1.93  80.80
2017-06-08 09:38:07 scd0              0.00     0.00    0.00    0.00     0.00     0.00     0.00     0.00    0.00    0.00    0.00   0.00   0.00
2017-06-08 09:38:07 
2017-06-08 09:38:08 Device:         rrqm/s   wrqm/s     r/s     w/s    rkB/s    wkB/s avgrq-sz avgqu-sz   await r_await w_await  svctm  %util
2017-06-08 09:38:08 sda               0.00   195.00    0.00  582.00     0.00 57336.00   197.03     1.07    1.86    0.00    1.86   1.31  76.00
2017-06-08 09:38:08 scd0              0.00     0.00    0.00    0.00     0.00     0.00     0.00     0.00    0.00    0.00    0.00   0.00   0.00
2017-06-08 09:38:08 
2017-06-08 09:38:09 Device:         rrqm/s   wrqm/s     r/s     w/s    rkB/s    wkB/s avgrq-sz avgqu-sz   await r_await w_await  svctm  %util
2017-06-08 09:38:09 sda               0.00   202.00    0.00  692.00     0.00 47760.00   138.03     1.41    2.06    0.00    2.06   1.21  83.60
2017-06-08 09:38:09 scd0              0.00     0.00    0.00    0.00     0.00     0.00     0.00     0.00    0.00    0.00    0.00   0.00   0.00
2017-06-08 09:38:09 
2017-06-08 09:38:10 Device:         rrqm/s   wrqm/s     r/s     w/s    rkB/s    wkB/s avgrq-sz avgqu-sz   await r_await w_await  svctm  %util
2017-06-08 09:38:10 sda               0.00   127.00    0.00  576.00     0.00 68944.00   239.39     1.20    2.00    0.00    2.00   1.33  76.40
2017-06-08 09:38:10 scd0              0.00     0.00    0.00    0.00     0.00     0.00     0.00     0.00    0.00    0.00    0.00   0.00   0.00
2017-06-08 09:38:10 
2017-06-08 09:38:11 Device:         rrqm/s   wrqm/s     r/s     w/s    rkB/s    wkB/s avgrq-sz avgqu-sz   await r_await w_await  svctm  %util
2017-06-08 09:38:11 sda               0.00   188.00    0.00  486.00     0.00 67584.00   278.12     1.36    2.91    0.00    2.91   1.55  75.20
2017-06-08 09:38:11 scd0              0.00     0.00    0.00    0.00     0.00     0.00     0.00     0.00    0.00    0.00    0.00   0.00   0.00
2017-06-08 09:38:11 
2017-06-08 09:38:12 Device:         rrqm/s   wrqm/s     r/s     w/s    rkB/s    wkB/s avgrq-sz avgqu-sz   await r_await w_await  svctm  %util
2017-06-08 09:38:12 sda               0.00   130.00    0.00  610.00     0.00 66904.00   219.36     1.42    2.33    0.00    2.33   1.30  79.60
2017-06-08 09:38:12 scd0              0.00     0.00    0.00    0.00     0.00     0.00     0.00     0.00    0.00    0.00    0.00   0.00   0.00
2017-06-08 09:38:12 
2017-06-08 09:38:13 Device:         rrqm/s   wrqm/s     r/s     w/s    rkB/s    wkB/s avgrq-sz avgqu-sz   await r_await w_await  svctm  %util
2017-06-08 09:38:13 sda               0.00   209.00    0.00  590.00     0.00 65692.00   222.68     1.11    1.88    0.00    1.88   1.25  74.00
2017-06-08 09:38:13 scd0              0.00     0.00    0.00    0.00     0.00     0.00     0.00     0.00    0.00    0.00    0.00   0.00   0.00
2017-06-08 09:38:13 
2017-06-08 09:38:14 Device:         rrqm/s   wrqm/s     r/s     w/s    rkB/s    wkB/s avgrq-sz avgqu-sz   await r_await w_await  svctm  %util
2017-06-08 09:38:14 sda               0.00   173.00    0.00  526.00     0.00 67484.00   256.59     1.37    2.62    0.00    2.62   1.50  78.80
2017-06-08 09:38:14 scd0              0.00     0.00    0.00    0.00     0.00     0.00     0.00     0.00    0.00    0.00    0.00   0.00   0.00
2017-06-08 09:38:14 
2017-06-08 09:38:15 Device:         rrqm/s   wrqm/s     r/s     w/s    rkB/s    wkB/s avgrq-sz avgqu-sz   await r_await w_await  svctm  %util
2017-06-08 09:38:15 sda               0.00   232.00    1.00  693.00     4.00 49864.00   143.71     1.07    1.54    0.00    1.55   1.16  80.80
2017-06-08 09:38:15 scd0              0.00     0.00    0.00    0.00     0.00     0.00     0.00     0.00    0.00    0.00    0.00   0.00   0.00
2017-06-08 09:38:15 
2017-06-08 09:38:16 Device:         rrqm/s   wrqm/s     r/s     w/s    rkB/s    wkB/s avgrq-sz avgqu-sz   await r_await w_await  svctm  %util
2017-06-08 09:38:16 sda               0.00   198.00    0.00  554.00     0.00 62204.00   224.56     1.22    2.19    0.00    2.19   1.39  76.80
2017-06-08 09:38:16 scd0              0.00     0.00    0.00    0.00     0.00     0.00     0.00     0.00    0.00    0.00    0.00   0.00   0.00
2017-06-08 09:38:16 
2017-06-08 09:38:17 Device:         rrqm/s   wrqm/s     r/s     w/s    rkB/s    wkB/s avgrq-sz avgqu-sz   await r_await w_await  svctm  %util
2017-06-08 09:38:17 sda               0.00   127.00    0.00  622.00     0.00 63308.00   203.56     1.70    2.73    0.00    2.73   1.32  82.00
2017-06-08 09:38:17 scd0              0.00     0.00    0.00    0.00     0.00     0.00     0.00     0.00    0.00    0.00    0.00   0.00   0.00
2017-06-08 09:38:17 
2017-06-08 09:38:18 Device:         rrqm/s   wrqm/s     r/s     w/s    rkB/s    wkB/s avgrq-sz avgqu-sz   await r_await w_await  svctm  %util
2017-06-08 09:38:18 sda               0.00   116.00    1.00  396.00     4.00 79204.00   399.03     1.65    4.16    4.00    4.16   2.05  81.20
2017-06-08 09:38:18 scd0              0.00     0.00    0.00    0.00     0.00     0.00     0.00     0.00    0.00    0.00    0.00   0.00   0.00
2017-06-08 09:38:18 
2017-06-08 09:38:19 Device:         rrqm/s   wrqm/s     r/s     w/s    rkB/s    wkB/s avgrq-sz avgqu-sz   await r_await w_await  svctm  %util
2017-06-08 09:38:19 sda               0.00   207.00    0.00  655.00     0.00 71052.00   216.95     3.25    4.94    0.00    4.94   1.29  84.40
2017-06-08 09:38:19 scd0              0.00     0.00    0.00    0.00     0.00     0.00     0.00     0.00    0.00    0.00    0.00   0.00   0.00
2017-06-08 09:38:19 
2017-06-08 09:38:20 Device:         rrqm/s   wrqm/s     r/s     w/s    rkB/s    wkB/s avgrq-sz avgqu-sz   await r_await w_await  svctm  %util
2017-06-08 09:38:20 sda               0.00   146.00    0.00  592.00     0.00 74764.00   252.58     1.91    3.21    0.00    3.21   1.34  79.60
2017-06-08 09:38:20 scd0              0.00     0.00    0.00    0.00     0.00     0.00     0.00     0.00    0.00    0.00    0.00   0.00   0.00
2017-06-08 09:38:20 
2017-06-08 09:38:21 Device:         rrqm/s   wrqm/s     r/s     w/s    rkB/s    wkB/s avgrq-sz avgqu-sz   await r_await w_await  svctm  %util
2017-06-08 09:38:21 sda               0.00   259.00    0.00  567.00     0.00 74664.00   263.37     1.82    3.25    0.00    3.25   1.42  80.40
2017-06-08 09:38:21 scd0              0.00     0.00    0.00    0.00     0.00     0.00     0.00     0.00    0.00    0.00    0.00   0.00   0.00
2017-06-08 09:38:21 
2017-06-08 09:38:22 Device:         rrqm/s   wrqm/s     r/s     w/s    rkB/s    wkB/s avgrq-sz avgqu-sz   await r_await w_await  svctm  %util
2017-06-08 09:38:22 sda               0.00    96.00    0.00  418.00     0.00 72768.00   348.17     1.80    4.32    0.00    4.32   1.97  82.40
2017-06-08 09:38:22 scd0              0.00     0.00    0.00    0.00     0.00     0.00     0.00     0.00    0.00    0.00    0.00   0.00   0.00
2017-06-08 09:38:22 
2017-06-08 09:38:23 Device:         rrqm/s   wrqm/s     r/s     w/s    rkB/s    wkB/s avgrq-sz avgqu-sz   await r_await w_await  svctm  %util
2017-06-08 09:38:23 sda               0.00   115.00    0.00  473.00     0.00 77200.00   326.43     2.14    4.52    0.00    4.52   1.78  84.40
2017-06-08 09:38:23 scd0              0.00     0.00    0.00    0.00     0.00     0.00     0.00     0.00    0.00    0.00    0.00   0.00   0.00
2017-06-08 09:38:23 
2017-06-08 09:38:24 Device:         rrqm/s   wrqm/s     r/s     w/s    rkB/s    wkB/s avgrq-sz avgqu-sz   await r_await w_await  svctm  %util
2017-06-08 09:38:24 sda               0.00   109.00    0.00  465.00     0.00 77824.00   334.73     2.58    5.56    0.00    5.56   1.79  83.20
2017-06-08 09:38:24 scd0              0.00     0.00    0.00    0.00     0.00     0.00     0.00     0.00    0.00    0.00    0.00   0.00   0.00
2017-06-08 09:38:24 
2017-06-08 09:38:25 Device:         rrqm/s   wrqm/s     r/s     w/s    rkB/s    wkB/s avgrq-sz avgqu-sz   await r_await w_await  svctm  %util
2017-06-08 09:38:25 sda               0.00   106.00    0.00  562.00     0.00 57904.00   206.06     1.38    2.26    0.00    2.26   1.45  81.60
2017-06-08 09:38:25 scd0              0.00     0.00    0.00    0.00     0.00     0.00     0.00     0.00    0.00    0.00    0.00   0.00   0.00
2017-06-08 09:38:25 
2017-06-08 09:38:26 Device:         rrqm/s   wrqm/s     r/s     w/s    rkB/s    wkB/s avgrq-sz avgqu-sz   await r_await w_await  svctm  %util
2017-06-08 09:38:26 sda               0.00   125.00    0.00  525.00     0.00 71044.00   270.64     1.62    3.28    0.00    3.28   1.54  80.80
2017-06-08 09:38:26 scd0              0.00     0.00    0.00    0.00     0.00     0.00     0.00     0.00    0.00    0.00    0.00   0.00   0.00
2017-06-08 09:38:26 
2017-06-08 09:38:27 Device:         rrqm/s   wrqm/s     r/s     w/s    rkB/s    wkB/s avgrq-sz avgqu-sz   await r_await w_await  svctm  %util
2017-06-08 09:38:27 sda               0.00   123.00    0.00  393.00     0.00 83628.00   425.59     1.78    4.54    0.00    4.54   2.06  80.80
2017-06-08 09:38:27 scd0              0.00     0.00    0.00    0.00     0.00     0.00     0.00     0.00    0.00    0.00    0.00   0.00   0.00
2017-06-08 09:38:27 
2017-06-08 09:38:28 Device:         rrqm/s   wrqm/s     r/s     w/s    rkB/s    wkB/s avgrq-sz avgqu-sz   await r_await w_await  svctm  %util
2017-06-08 09:38:28 sda               0.00   122.00    0.00  658.00     0.00 68016.00   206.74     1.44    2.19    0.00    2.19   1.26  82.80
2017-06-08 09:38:28 scd0              0.00     0.00    0.00    0.00     0.00     0.00     0.00     0.00    0.00    0.00    0.00   0.00   0.00
2017-06-08 09:38:28 
2017-06-08 09:38:29 Device:         rrqm/s   wrqm/s     r/s     w/s    rkB/s    wkB/s avgrq-sz avgqu-sz   await r_await w_await  svctm  %util
2017-06-08 09:38:29 sda               0.00   143.00    0.00  448.00     0.00 81440.00   363.57     1.59    3.55    0.00    3.55   1.81  81.20
2017-06-08 09:38:29 scd0              0.00     0.00    0.00    0.00     0.00     0.00     0.00     0.00    0.00    0.00    0.00   0.00   0.00
2017-06-08 09:38:29 
2017-06-08 09:38:30 Device:         rrqm/s   wrqm/s     r/s     w/s    rkB/s    wkB/s avgrq-sz avgqu-sz   await r_await w_await  svctm  %util
2017-06-08 09:38:30 sda               0.00   133.00    0.00  599.00     0.00 61616.00   205.73     1.41    2.36    0.00    2.36   1.36  81.20
2017-06-08 09:38:30 scd0              0.00     0.00    0.00    0.00     0.00     0.00     0.00     0.00    0.00    0.00    0.00   0.00   0.00
2017-06-08 09:38:30 
2017-06-08 09:38:31 Device:         rrqm/s   wrqm/s     r/s     w/s    rkB/s    wkB/s avgrq-sz avgqu-sz   await r_await w_await  svctm  %util
2017-06-08 09:38:31 sda               0.00   114.00    0.00  510.00     0.00 76832.00   301.30     1.75    3.44    0.00    3.44   1.61  82.00
2017-06-08 09:38:31 scd0              0.00     0.00    0.00    0.00     0.00     0.00     0.00     0.00    0.00    0.00    0.00   0.00   0.00
2017-06-08 09:38:31 
2017-06-08 09:38:32 Device:         rrqm/s   wrqm/s     r/s     w/s    rkB/s    wkB/s avgrq-sz avgqu-sz   await r_await w_await  svctm  %util
2017-06-08 09:38:32 sda               0.00   121.00    1.00  372.00     4.00 84148.00   451.22     1.65    4.40    0.00    4.41   2.06  76.80
2017-06-08 09:38:32 scd0              0.00     0.00    0.00    0.00     0.00     0.00     0.00     0.00    0.00    0.00    0.00   0.00   0.00
2017-06-08 09:38:32 
2017-06-08 09:38:33 Device:         rrqm/s   wrqm/s     r/s     w/s    rkB/s    wkB/s avgrq-sz avgqu-sz   await r_await w_await  svctm  %util
2017-06-08 09:38:33 sda               0.00   139.00    0.00  484.00     0.00 81712.00   337.65     2.02    4.20    0.00    4.20   1.74  84.00
2017-06-08 09:38:33 scd0              0.00     0.00    0.00    0.00     0.00     0.00     0.00     0.00    0.00    0.00    0.00   0.00   0.00
2017-06-08 09:38:33 
2017-06-08 09:38:34 Device:         rrqm/s   wrqm/s     r/s     w/s    rkB/s    wkB/s avgrq-sz avgqu-sz   await r_await w_await  svctm  %util
2017-06-08 09:38:34 sda               0.00   134.00    0.00  582.00     0.00 70144.00   241.04     1.73    2.98    0.00    2.98   1.36  79.20
2017-06-08 09:38:34 scd0              0.00     0.00    0.00    0.00     0.00     0.00     0.00     0.00    0.00    0.00    0.00   0.00   0.00
2017-06-08 09:38:34 
2017-06-08 09:38:35 Device:         rrqm/s   wrqm/s     r/s     w/s    rkB/s    wkB/s avgrq-sz avgqu-sz   await r_await w_await  svctm  %util
2017-06-08 09:38:35 sda               0.00   136.00    0.00  447.00     0.00 90512.00   404.98     2.07    4.64    0.00    4.64   1.88  84.00
2017-06-08 09:38:35 scd0              0.00     0.00    0.00    0.00     0.00     0.00     0.00     0.00    0.00    0.00    0.00   0.00   0.00
2017-06-08 09:38:35 
2017-06-08 09:38:36 Device:         rrqm/s   wrqm/s     r/s     w/s    rkB/s    wkB/s avgrq-sz avgqu-sz   await r_await w_await  svctm  %util
2017-06-08 09:38:36 sda               0.00   114.00    0.00  476.00     0.00 78540.00   330.00     1.80    3.77    0.00    3.77   1.77  84.40
2017-06-08 09:38:36 scd0              0.00     0.00    0.00    0.00     0.00     0.00     0.00     0.00    0.00    0.00    0.00   0.00   0.00
2017-06-08 09:38:36 
2017-06-08 09:38:37 Device:         rrqm/s   wrqm/s     r/s     w/s    rkB/s    wkB/s avgrq-sz avgqu-sz   await r_await w_await  svctm  %util
2017-06-08 09:38:37 sda               0.00   108.00    0.00  503.00     0.00 71744.00   285.26     2.02    4.02    0.00    4.02   1.65  82.80
2017-06-08 09:38:37 scd0              0.00     0.00    0.00    0.00     0.00     0.00     0.00     0.00    0.00    0.00    0.00   0.00   0.00
2017-06-08 09:38:37 
2017-06-08 09:38:38 Device:         rrqm/s   wrqm/s     r/s     w/s    rkB/s    wkB/s avgrq-sz avgqu-sz   await r_await w_await  svctm  %util
2017-06-08 09:38:38 sda               0.00   127.00    0.00  592.00     0.00 72608.00   245.30     1.58    2.68    0.00    2.68   1.42  84.00
2017-06-08 09:38:38 scd0              0.00     0.00    0.00    0.00     0.00     0.00     0.00     0.00    0.00    0.00    0.00   0.00   0.00
2017-06-08 09:38:38 
2017-06-08 09:38:39 Device:         rrqm/s   wrqm/s     r/s     w/s    rkB/s    wkB/s avgrq-sz avgqu-sz   await r_await w_await  svctm  %util
2017-06-08 09:38:39 sda               0.00   122.00    0.00  487.00     0.00 78840.00   323.78     1.87    3.82    0.00    3.82   1.68  82.00
2017-06-08 09:38:39 scd0              0.00     0.00    0.00    0.00     0.00     0.00     0.00     0.00    0.00    0.00    0.00   0.00   0.00
2017-06-08 09:38:39 
2017-06-08 09:38:40 Device:         rrqm/s   wrqm/s     r/s     w/s    rkB/s    wkB/s avgrq-sz avgqu-sz   await r_await w_await  svctm  %util
2017-06-08 09:38:40 sda               0.00   119.00    0.00  464.00     0.00 84672.00   364.97     1.64    3.54    0.00    3.54   1.73  80.40
2017-06-08 09:38:40 scd0              0.00     0.00    0.00    0.00     0.00     0.00     0.00     0.00    0.00    0.00    0.00   0.00   0.00
2017-06-08 09:38:40 
2017-06-08 09:38:41 Device:         rrqm/s   wrqm/s     r/s     w/s    rkB/s    wkB/s avgrq-sz avgqu-sz   await r_await w_await  svctm  %util
2017-06-08 09:38:41 sda               0.00   120.00    0.00  465.00     0.00 82024.00   352.79     1.78    3.82    0.00    3.82   1.76  82.00
2017-06-08 09:38:41 scd0              0.00     0.00    0.00    0.00     0.00     0.00     0.00     0.00    0.00    0.00    0.00   0.00   0.00
2017-06-08 09:38:41 
2017-06-08 09:38:42 Device:         rrqm/s   wrqm/s     r/s     w/s    rkB/s    wkB/s avgrq-sz avgqu-sz   await r_await w_await  svctm  %util
2017-06-08 09:38:42 sda               0.00   134.00    0.00  530.00     0.00 70464.00   265.90     2.30    4.33    0.00    4.33   1.44  76.40
2017-06-08 09:38:42 scd0              0.00     0.00    0.00    0.00     0.00     0.00     0.00     0.00    0.00    0.00    0.00   0.00   0.00
2017-06-08 09:38:42 
2017-06-08 09:38:43 Device:         rrqm/s   wrqm/s     r/s     w/s    rkB/s    wkB/s avgrq-sz avgqu-sz   await r_await w_await  svctm  %util
2017-06-08 09:38:43 sda               0.00   101.00    0.00  329.00     0.00 85504.00   519.78     2.06    6.29    0.00    6.29   2.35  77.20
2017-06-08 09:38:43 scd0              0.00     0.00    0.00    0.00     0.00     0.00     0.00     0.00    0.00    0.00    0.00   0.00   0.00
2017-06-08 09:38:43 
2017-06-08 09:38:44 Device:         rrqm/s   wrqm/s     r/s     w/s    rkB/s    wkB/s avgrq-sz avgqu-sz   await r_await w_await  svctm  %util
2017-06-08 09:38:44 sda               0.00   140.00    0.00  596.00     0.00 75056.00   251.87     2.06    3.46    0.00    3.46   1.38  82.00
2017-06-08 09:38:44 scd0              0.00     0.00    0.00    0.00     0.00     0.00     0.00     0.00    0.00    0.00    0.00   0.00   0.00
2017-06-08 09:38:44 
2017-06-08 09:38:45 Device:         rrqm/s   wrqm/s     r/s     w/s    rkB/s    wkB/s avgrq-sz avgqu-sz   await r_await w_await  svctm  %util
2017-06-08 09:38:45 sda               0.00   117.00    0.00  509.00     0.00 78428.00   308.17     3.44    6.77    0.00    6.77   1.67  85.20
2017-06-08 09:38:45 scd0              0.00     0.00    0.00    0.00     0.00     0.00     0.00     0.00    0.00    0.00    0.00   0.00   0.00
2017-06-08 09:38:45 
2017-06-08 09:38:46 Device:         rrqm/s   wrqm/s     r/s     w/s    rkB/s    wkB/s avgrq-sz avgqu-sz   await r_await w_await  svctm  %util
2017-06-08 09:38:46 sda               0.00   230.00    0.00  681.00     0.00 51304.00   150.67     1.08    1.59    0.00    1.59   1.13  77.20
2017-06-08 09:38:46 scd0              0.00     0.00    0.00    0.00     0.00     0.00     0.00     0.00    0.00    0.00    0.00   0.00   0.00
2017-06-08 09:38:46 
2017-06-08 09:38:47 Device:         rrqm/s   wrqm/s     r/s     w/s    rkB/s    wkB/s avgrq-sz avgqu-sz   await r_await w_await  svctm  %util
2017-06-08 09:38:47 sda               0.00   143.00    0.00  525.00     0.00 76520.00   291.50     1.93    3.65    0.00    3.65   1.63  85.60
2017-06-08 09:38:47 scd0              0.00     0.00    0.00    0.00     0.00     0.00     0.00     0.00    0.00    0.00    0.00   0.00   0.00
2017-06-08 09:38:47 
2017-06-08 09:38:48 Device:         rrqm/s   wrqm/s     r/s     w/s    rkB/s    wkB/s avgrq-sz avgqu-sz   await r_await w_await  svctm  %util
2017-06-08 09:38:48 sda               0.00   111.00    1.00  551.00     4.00 71272.00   258.25     3.21    5.81    4.00    5.81   1.50  82.80
2017-06-08 09:38:48 scd0              0.00     0.00    0.00    0.00     0.00     0.00     0.00     0.00    0.00    0.00    0.00   0.00   0.00
2017-06-08 09:38:48 
2017-06-08 09:38:49 Device:         rrqm/s   wrqm/s     r/s     w/s    rkB/s    wkB/s avgrq-sz avgqu-sz   await r_await w_await  svctm  %util
2017-06-08 09:38:49 sda               0.00   152.00    0.00  553.00     0.00 85972.00   310.93     2.88    5.23    0.00    5.23   1.53  84.80
2017-06-08 09:38:49 scd0              0.00     0.00    0.00    0.00     0.00     0.00     0.00     0.00    0.00    0.00    0.00   0.00   0.00
2017-06-08 09:38:49 
2017-06-08 09:38:50 Device:         rrqm/s   wrqm/s     r/s     w/s    rkB/s    wkB/s avgrq-sz avgqu-sz   await r_await w_await  svctm  %util
2017-06-08 09:38:50 sda               0.00   122.00    0.00  529.00     0.00 83316.00   314.99     2.07    3.92    0.00    3.92   1.61  85.20
2017-06-08 09:38:50 scd0              0.00     0.00    0.00    0.00     0.00     0.00     0.00     0.00    0.00    0.00    0.00   0.00   0.00
2017-06-08 09:38:50 
2017-06-08 09:38:51 Device:         rrqm/s   wrqm/s     r/s     w/s    rkB/s    wkB/s avgrq-sz avgqu-sz   await r_await w_await  svctm  %util
2017-06-08 09:38:51 sda               0.00   111.00    0.00  606.00     0.00 74488.00   245.83     3.24    5.35    0.00    5.35   1.40  84.80
2017-06-08 09:38:51 scd0              0.00     0.00    0.00    0.00     0.00     0.00     0.00     0.00    0.00    0.00    0.00   0.00   0.00
2017-06-08 09:38:51 
2017-06-08 09:38:52 Device:         rrqm/s   wrqm/s     r/s     w/s    rkB/s    wkB/s avgrq-sz avgqu-sz   await r_await w_await  svctm  %util
2017-06-08 09:38:52 sda               0.00   127.00    3.00  480.00    12.00 83244.00   344.75     2.07    4.20    4.00    4.20   1.79  86.40
2017-06-08 09:38:52 scd0              0.00     0.00    0.00    0.00     0.00     0.00     0.00     0.00    0.00    0.00    0.00   0.00   0.00
2017-06-08 09:38:52 
2017-06-08 09:38:53 Device:         rrqm/s   wrqm/s     r/s     w/s    rkB/s    wkB/s avgrq-sz avgqu-sz   await r_await w_await  svctm  %util
2017-06-08 09:38:53 sda               0.00   137.00    0.00  498.00     0.00 82884.00   332.87     1.83    3.75    0.00    3.75   1.61  80.40
2017-06-08 09:38:53 scd0              0.00     0.00    0.00    0.00     0.00     0.00     0.00     0.00    0.00    0.00    0.00   0.00   0.00
2017-06-08 09:38:53 
2017-06-08 09:38:54 Device:         rrqm/s   wrqm/s     r/s     w/s    rkB/s    wkB/s avgrq-sz avgqu-sz   await r_await w_await  svctm  %util
2017-06-08 09:38:54 sda               0.00   124.00    0.00  575.00     0.00 76616.00   266.49     3.18    5.52    0.00    5.52   1.49  85.60
2017-06-08 09:38:54 scd0              0.00     0.00    0.00    0.00     0.00     0.00     0.00     0.00    0.00    0.00    0.00   0.00   0.00
2017-06-08 09:38:54 
2017-06-08 09:38:55 Device:         rrqm/s   wrqm/s     r/s     w/s    rkB/s    wkB/s avgrq-sz avgqu-sz   await r_await w_await  svctm  %util
2017-06-08 09:38:55 sda               0.00   141.00    0.00  437.00     0.00 81716.00   373.99     2.25    5.16    0.00    5.16   1.89  82.40
2017-06-08 09:38:55 scd0              0.00     0.00    0.00    0.00     0.00     0.00     0.00     0.00    0.00    0.00    0.00   0.00   0.00
2017-06-08 09:38:55 
2017-06-08 09:38:56 Device:         rrqm/s   wrqm/s     r/s     w/s    rkB/s    wkB/s avgrq-sz avgqu-sz   await r_await w_await  svctm  %util
2017-06-08 09:38:56 sda               0.00    88.12    0.00  517.82     0.00 61849.50   238.88     1.46    2.81    0.00    2.81   1.51  78.42
2017-06-08 09:38:56 scd0              0.00     0.00    0.00    0.00     0.00     0.00     0.00     0.00    0.00    0.00    0.00   0.00   0.00
2017-06-08 09:38:56 
2017-06-08 09:38:57 Device:         rrqm/s   wrqm/s     r/s     w/s    rkB/s    wkB/s avgrq-sz avgqu-sz   await r_await w_await  svctm  %util
2017-06-08 09:38:57 sda               0.00   108.00    0.00  507.00     0.00 77404.00   305.34     3.36    6.45    0.00    6.45   1.74  88.40
2017-06-08 09:38:57 scd0              0.00     0.00    0.00    0.00     0.00     0.00     0.00     0.00    0.00    0.00    0.00   0.00   0.00
2017-06-08 09:38:57 
2017-06-08 09:38:58 Device:         rrqm/s   wrqm/s     r/s     w/s    rkB/s    wkB/s avgrq-sz avgqu-sz   await r_await w_await  svctm  %util
2017-06-08 09:38:58 sda               0.00   117.00    0.00  455.00     0.00 82636.00   363.24     1.89    4.38    0.00    4.38   1.83  83.20
2017-06-08 09:38:58 scd0              0.00     0.00    0.00    0.00     0.00     0.00     0.00     0.00    0.00    0.00    0.00   0.00   0.00
2017-06-08 09:38:58 
2017-06-08 09:38:59 Device:         rrqm/s   wrqm/s     r/s     w/s    rkB/s    wkB/s avgrq-sz avgqu-sz   await r_await w_await  svctm  %util
2017-06-08 09:38:59 sda               0.00   111.00    0.00  615.00     0.00 70352.00   228.79     1.84    2.93    0.00    2.93   1.31  80.40
2017-06-08 09:38:59 scd0              0.00     0.00    0.00    0.00     0.00     0.00     0.00     0.00    0.00    0.00    0.00   0.00   0.00
2017-06-08 09:38:59 
2017-06-08 09:39:00 Device:         rrqm/s   wrqm/s     r/s     w/s    rkB/s    wkB/s avgrq-sz avgqu-sz   await r_await w_await  svctm  %util
2017-06-08 09:39:00 sda               0.00   123.00   55.00  491.00  1216.00 75644.00   281.54     3.50    6.48    3.85    6.78   1.63  88.80
2017-06-08 09:39:00 scd0              0.00     0.00    0.00    0.00     0.00     0.00     0.00     0.00    0.00    0.00    0.00   0.00   0.00
2017-06-08 09:39:00 
2017-06-08 09:39:01 Device:         rrqm/s   wrqm/s     r/s     w/s    rkB/s    wkB/s avgrq-sz avgqu-sz   await r_await w_await  svctm  %util
2017-06-08 09:39:01 sda               0.00   138.00   77.00  529.00  1392.00 72960.00   245.39     1.64    2.68    2.08    2.77   1.35  81.60
2017-06-08 09:39:01 scd0              0.00     0.00    0.00    0.00     0.00     0.00     0.00     0.00    0.00    0.00    0.00   0.00   0.00
2017-06-08 09:39:01 
2017-06-08 09:39:02 Device:         rrqm/s   wrqm/s     r/s     w/s    rkB/s    wkB/s avgrq-sz avgqu-sz   await r_await w_await  svctm  %util
2017-06-08 09:39:02 sda               0.00   100.00   19.00  735.00   304.00 47184.00   125.96     8.45   11.23    4.63   11.40   1.21  91.20
2017-06-08 09:39:02 scd0              0.00     0.00    0.00    0.00     0.00     0.00     0.00     0.00    0.00    0.00    0.00   0.00   0.00
2017-06-08 09:39:02 
2017-06-08 09:39:03 Device:         rrqm/s   wrqm/s     r/s     w/s    rkB/s    wkB/s avgrq-sz avgqu-sz   await r_await w_await  svctm  %util
2017-06-08 09:39:03 sda               0.00   120.00   49.00  682.00   848.00 57040.00   158.38     4.63    6.30    2.29    6.59   1.19  87.20
2017-06-08 09:39:03 scd0              0.00     0.00    0.00    0.00     0.00     0.00     0.00     0.00    0.00    0.00    0.00   0.00   0.00
2017-06-08 09:39:03 
2017-06-08 09:39:04 Device:         rrqm/s   wrqm/s     r/s     w/s    rkB/s    wkB/s avgrq-sz avgqu-sz   await r_await w_await  svctm  %util
2017-06-08 09:39:04 sda               0.00    99.00   32.00  584.00   528.00 52640.00   172.62     5.14    8.36    2.75    8.66   1.42  87.60
2017-06-08 09:39:04 scd0              0.00     0.00    0.00    0.00     0.00     0.00     0.00     0.00    0.00    0.00    0.00   0.00   0.00
2017-06-08 09:39:04 
2017-06-08 09:39:05 Device:         rrqm/s   wrqm/s     r/s     w/s    rkB/s    wkB/s avgrq-sz avgqu-sz   await r_await w_await  svctm  %util
2017-06-08 09:39:05 sda               0.00   105.00   37.00  668.00   736.00 53504.00   153.87     6.07    8.62    3.57    8.90   1.26  88.80
2017-06-08 09:39:05 scd0              0.00     0.00    0.00    0.00     0.00     0.00     0.00     0.00    0.00    0.00    0.00   0.00   0.00
2017-06-08 09:39:05 
2017-06-08 09:39:06 Device:         rrqm/s   wrqm/s     r/s     w/s    rkB/s    wkB/s avgrq-sz avgqu-sz   await r_await w_await  svctm  %util
2017-06-08 09:39:06 sda               0.00   107.00   41.00  589.00   736.00 57860.00   186.02     4.76    7.47    2.73    7.80   1.37  86.00
2017-06-08 09:39:06 scd0              0.00     0.00    0.00    0.00     0.00     0.00     0.00     0.00    0.00    0.00    0.00   0.00   0.00
2017-06-08 09:39:06 
2017-06-08 09:39:07 Device:         rrqm/s   wrqm/s     r/s     w/s    rkB/s    wkB/s avgrq-sz avgqu-sz   await r_await w_await  svctm  %util
2017-06-08 09:39:07 sda               0.00   111.00   25.00  863.00   512.00 42320.00    96.47     9.30   10.48    2.88   10.70   1.06  94.40
2017-06-08 09:39:07 scd0              0.00     0.00    0.00    0.00     0.00     0.00     0.00     0.00    0.00    0.00    0.00   0.00   0.00
2017-06-08 09:39:07 
2017-06-08 09:39:08 Device:         rrqm/s   wrqm/s     r/s     w/s    rkB/s    wkB/s avgrq-sz avgqu-sz   await r_await w_await  svctm  %util
2017-06-08 09:39:08 sda               0.00   164.00   91.00  571.00  1744.00 66148.00   205.11     2.83    4.28    1.98    4.64   1.35  89.60
2017-06-08 09:39:08 scd0              0.00     0.00    0.00    0.00     0.00     0.00     0.00     0.00    0.00    0.00    0.00   0.00   0.00
2017-06-08 09:39:08 
2017-06-08 09:39:09 Device:         rrqm/s   wrqm/s     r/s     w/s    rkB/s    wkB/s avgrq-sz avgqu-sz   await r_await w_await  svctm  %util
2017-06-08 09:39:09 sda               0.00   264.00   24.00  824.00   464.00 48476.00   115.42     4.58    5.45    4.67    5.48   1.07  90.40
2017-06-08 09:39:09 scd0              0.00     0.00    0.00    0.00     0.00     0.00     0.00     0.00    0.00    0.00    0.00   0.00   0.00
2017-06-08 09:39:09 
2017-06-08 09:39:10 Device:         rrqm/s   wrqm/s     r/s     w/s    rkB/s    wkB/s avgrq-sz avgqu-sz   await r_await w_await  svctm  %util
2017-06-08 09:39:10 sda               0.00   115.00   39.00  780.00   784.00 48796.00   121.07     3.91    4.77    2.67    4.88   1.10  90.40
2017-06-08 09:39:10 scd0              0.00     0.00    0.00    0.00     0.00     0.00     0.00     0.00    0.00    0.00    0.00   0.00   0.00
2017-06-08 09:39:10 
2017-06-08 09:39:11 Device:         rrqm/s   wrqm/s     r/s     w/s    rkB/s    wkB/s avgrq-sz avgqu-sz   await r_await w_await  svctm  %util
2017-06-08 09:39:11 sda               0.00   124.00    6.00  693.00   112.00 62944.00   180.42     3.40    4.88    5.33    4.88   1.27  88.80
2017-06-08 09:39:11 scd0              0.00     0.00    0.00    0.00     0.00     0.00     0.00     0.00    0.00    0.00    0.00   0.00   0.00
2017-06-08 09:39:11 
2017-06-08 09:39:12 Device:         rrqm/s   wrqm/s     r/s     w/s    rkB/s    wkB/s avgrq-sz avgqu-sz   await r_await w_await  svctm  %util
2017-06-08 09:39:12 sda               0.00   237.00   13.00 1045.00   272.00 33420.00    63.69     2.11    2.00    2.15    1.99   0.82  86.80
2017-06-08 09:39:12 scd0              0.00     0.00    0.00    0.00     0.00     0.00     0.00     0.00    0.00    0.00    0.00   0.00   0.00
2017-06-08 09:39:12 
2017-06-08 09:39:13 Device:         rrqm/s   wrqm/s     r/s     w/s    rkB/s    wkB/s avgrq-sz avgqu-sz   await r_await w_await  svctm  %util
2017-06-08 09:39:13 sda               0.00   245.00   14.00  999.00   240.00 37676.00    74.86     2.02    1.98    1.43    1.99   0.88  88.80
2017-06-08 09:39:13 scd0              0.00     0.00    0.00    0.00     0.00     0.00     0.00     0.00    0.00    0.00    0.00   0.00   0.00
2017-06-08 09:39:13 
2017-06-08 09:39:14 Device:         rrqm/s   wrqm/s     r/s     w/s    rkB/s    wkB/s avgrq-sz avgqu-sz   await r_await w_await  svctm  %util
2017-06-08 09:39:14 sda               0.00    95.00    0.00  741.00     0.00 55780.00   150.55     2.56    3.47    0.00    3.47   1.15  85.20
2017-06-08 09:39:14 scd0              0.00     0.00    0.00    0.00     0.00     0.00     0.00     0.00    0.00    0.00    0.00   0.00   0.00
2017-06-08 09:39:14 
2017-06-08 09:39:15 Device:         rrqm/s   wrqm/s     r/s     w/s    rkB/s    wkB/s avgrq-sz avgqu-sz   await r_await w_await  svctm  %util
2017-06-08 09:39:15 sda               0.00   120.00   31.00  595.00   544.00 58396.00   188.31     2.50    3.99    3.23    4.03   1.47  92.00
2017-06-08 09:39:15 scd0              0.00     0.00    0.00    0.00     0.00     0.00     0.00     0.00    0.00    0.00    0.00   0.00   0.00
2017-06-08 09:39:15 
2017-06-08 09:39:16 Device:         rrqm/s   wrqm/s     r/s     w/s    rkB/s    wkB/s avgrq-sz avgqu-sz   await r_await w_await  svctm  %util
2017-06-08 09:39:16 sda               0.00   102.00   51.00  792.00  1104.00 41064.00   100.04     3.68    4.33    3.06    4.41   1.09  91.60
2017-06-08 09:39:16 scd0              0.00     0.00    0.00    0.00     0.00     0.00     0.00     0.00    0.00    0.00    0.00   0.00   0.00
2017-06-08 09:39:16 
2017-06-08 09:39:17 Device:         rrqm/s   wrqm/s     r/s     w/s    rkB/s    wkB/s avgrq-sz avgqu-sz   await r_await w_await  svctm  %util
2017-06-08 09:39:17 sda               0.00   145.00   41.00  675.00   832.00 55320.00   156.85     3.06    4.32    1.27    4.50   1.22  87.60
2017-06-08 09:39:17 scd0              0.00     0.00    0.00    0.00     0.00     0.00     0.00     0.00    0.00    0.00    0.00   0.00   0.00
2017-06-08 09:39:17 
2017-06-08 09:39:18 Device:         rrqm/s   wrqm/s     r/s     w/s    rkB/s    wkB/s avgrq-sz avgqu-sz   await r_await w_await  svctm  %util
2017-06-08 09:39:18 sda               0.00   115.00   50.00  780.00  1008.00 48960.00   120.40     3.04    3.67    2.72    3.73   1.07  89.20
2017-06-08 09:39:18 scd0              0.00     0.00    0.00    0.00     0.00     0.00     0.00     0.00    0.00    0.00    0.00   0.00   0.00
2017-06-08 09:39:18 
2017-06-08 09:39:19 Device:         rrqm/s   wrqm/s     r/s     w/s    rkB/s    wkB/s avgrq-sz avgqu-sz   await r_await w_await  svctm  %util
2017-06-08 09:39:19 sda               0.00   174.00   56.00  759.00  1072.00 51876.00   129.93     3.67    4.50    1.79    4.70   1.11  90.80
2017-06-08 09:39:19 scd0              0.00     0.00    0.00    0.00     0.00     0.00     0.00     0.00    0.00    0.00    0.00   0.00   0.00
2017-06-08 09:39:19 
2017-06-08 09:39:20 Device:         rrqm/s   wrqm/s     r/s     w/s    rkB/s    wkB/s avgrq-sz avgqu-sz   await r_await w_await  svctm  %util
2017-06-08 09:39:20 sda               0.00   210.00   22.00  905.00   352.00 43944.00    95.57     4.22    4.54    2.00    4.61   1.01  93.60
2017-06-08 09:39:20 scd0              0.00     0.00    0.00    0.00     0.00     0.00     0.00     0.00    0.00    0.00    0.00   0.00   0.00
2017-06-08 09:39:20 
2017-06-08 09:39:21 Device:         rrqm/s   wrqm/s     r/s     w/s    rkB/s    wkB/s avgrq-sz avgqu-sz   await r_await w_await  svctm  %util
2017-06-08 09:39:21 sda               0.00   111.00   20.00  874.00   432.00 42388.00    95.79     3.26    3.64    1.80    3.68   1.03  92.00
2017-06-08 09:39:21 scd0              0.00     0.00    0.00    0.00     0.00     0.00     0.00     0.00    0.00    0.00    0.00   0.00   0.00
2017-06-08 09:39:21 
2017-06-08 09:39:22 Device:         rrqm/s   wrqm/s     r/s     w/s    rkB/s    wkB/s avgrq-sz avgqu-sz   await r_await w_await  svctm  %util
2017-06-08 09:39:22 sda               0.00   183.00   24.00  821.00   544.00 54900.00   131.23     3.62    4.27    3.33    4.30   1.08  91.60
2017-06-08 09:39:22 scd0              0.00     0.00    0.00    0.00     0.00     0.00     0.00     0.00    0.00    0.00    0.00   0.00   0.00
2017-06-08 09:39:22 
2017-06-08 09:39:23 Device:         rrqm/s   wrqm/s     r/s     w/s    rkB/s    wkB/s avgrq-sz avgqu-sz   await r_await w_await  svctm  %util
2017-06-08 09:39:23 sda               0.00   164.00   18.00  886.00   416.00 43632.00    97.45     3.88    4.31    2.00    4.36   1.03  92.80
2017-06-08 09:39:23 scd0              0.00     0.00    0.00    0.00     0.00     0.00     0.00     0.00    0.00    0.00    0.00   0.00   0.00
2017-06-08 09:39:23 
2017-06-08 09:39:24 Device:         rrqm/s   wrqm/s     r/s     w/s    rkB/s    wkB/s avgrq-sz avgqu-sz   await r_await w_await  svctm  %util
2017-06-08 09:39:24 sda               0.00   131.00   32.00  719.00   592.00 48060.00   129.57     2.75    3.44    4.88    3.37   1.15  86.00
2017-06-08 09:39:24 scd0              0.00     0.00    0.00    0.00     0.00     0.00     0.00     0.00    0.00    0.00    0.00   0.00   0.00
2017-06-08 09:39:24 
2017-06-08 09:39:25 Device:         rrqm/s   wrqm/s     r/s     w/s    rkB/s    wkB/s avgrq-sz avgqu-sz   await r_await w_await  svctm  %util
2017-06-08 09:39:25 sda               0.00   251.00    2.00 1056.00    32.00 44932.00    85.00     4.96    4.86    0.00    4.87   0.92  97.20
2017-06-08 09:39:25 scd0              0.00     0.00    0.00    0.00     0.00     0.00     0.00     0.00    0.00    0.00    0.00   0.00   0.00
2017-06-08 09:39:25 
2017-06-08 09:39:26 Device:         rrqm/s   wrqm/s     r/s     w/s    rkB/s    wkB/s avgrq-sz avgqu-sz   await r_await w_await  svctm  %util
2017-06-08 09:39:26 sda               0.00   129.00   37.00  799.00   784.00 42292.00   103.05     3.27    3.80    6.16    3.69   1.11  92.80
2017-06-08 09:39:26 scd0              0.00     0.00    0.00    0.00     0.00     0.00     0.00     0.00    0.00    0.00    0.00   0.00   0.00
2017-06-08 09:39:26 
2017-06-08 09:39:27 Device:         rrqm/s   wrqm/s     r/s     w/s    rkB/s    wkB/s avgrq-sz avgqu-sz   await r_await w_await  svctm  %util
2017-06-08 09:39:27 sda               0.00   135.00   33.00  864.00   656.00 49960.00   112.86     3.15    3.62    3.39    3.63   1.01  90.80
2017-06-08 09:39:27 scd0              0.00     0.00    0.00    0.00     0.00     0.00     0.00     0.00    0.00    0.00    0.00   0.00   0.00
2017-06-08 09:39:27 
2017-06-08 09:39:28 Device:         rrqm/s   wrqm/s     r/s     w/s    rkB/s    wkB/s avgrq-sz avgqu-sz   await r_await w_await  svctm  %util
2017-06-08 09:39:28 sda               0.00   139.00    8.00  848.00   144.00 51044.00   119.60     2.98    3.45    1.50    3.47   1.05  90.00
2017-06-08 09:39:28 scd0              0.00     0.00    0.00    0.00     0.00     0.00     0.00     0.00    0.00    0.00    0.00   0.00   0.00
2017-06-08 09:39:28 
2017-06-08 09:39:29 Device:         rrqm/s   wrqm/s     r/s     w/s    rkB/s    wkB/s avgrq-sz avgqu-sz   await r_await w_await  svctm  %util
2017-06-08 09:39:29 sda               0.00   168.00   18.00  905.00   400.00 46452.00   101.52     3.33    3.63    3.78    3.63   1.01  93.20
2017-06-08 09:39:29 scd0              0.00     0.00    0.00    0.00     0.00     0.00     0.00     0.00    0.00    0.00    0.00   0.00   0.00
2017-06-08 09:39:29 
2017-06-08 09:39:30 Device:         rrqm/s   wrqm/s     r/s     w/s    rkB/s    wkB/s avgrq-sz avgqu-sz   await r_await w_await  svctm  %util
2017-06-08 09:39:30 sda               0.00   122.00    0.00  739.00     0.00 59596.00   161.29     2.34    3.17    0.00    3.17   1.19  87.60
2017-06-08 09:39:30 scd0              0.00     0.00    0.00    0.00     0.00     0.00     0.00     0.00    0.00    0.00    0.00   0.00   0.00
2017-06-08 09:39:30 
2017-06-08 09:39:31 Device:         rrqm/s   wrqm/s     r/s     w/s    rkB/s    wkB/s avgrq-sz avgqu-sz   await r_await w_await  svctm  %util
2017-06-08 09:39:31 sda               0.00   132.00    0.00  802.00     0.00 59956.00   149.52     3.10    3.83    0.00    3.83   1.08  86.80
2017-06-08 09:39:31 scd0              0.00     0.00    0.00    0.00     0.00     0.00     0.00     0.00    0.00    0.00    0.00   0.00   0.00
2017-06-08 09:39:31 
2017-06-08 09:39:32 Device:         rrqm/s   wrqm/s     r/s     w/s    rkB/s    wkB/s avgrq-sz avgqu-sz   await r_await w_await  svctm  %util
2017-06-08 09:39:32 sda               0.00   104.00    0.00  785.00     0.00 53736.00   136.91     2.64    3.38    0.00    3.38   1.05  82.40
2017-06-08 09:39:32 scd0              0.00     0.00    0.00    0.00     0.00     0.00     0.00     0.00    0.00    0.00    0.00   0.00   0.00
2017-06-08 09:39:32 
2017-06-08 09:39:33 Device:         rrqm/s   wrqm/s     r/s     w/s    rkB/s    wkB/s avgrq-sz avgqu-sz   await r_await w_await  svctm  %util
2017-06-08 09:39:33 sda               0.00   109.00    0.00  613.00     0.00 59904.00   195.45     2.02    3.33    0.00    3.33   1.27  77.60
2017-06-08 09:39:33 scd0              0.00     0.00    0.00    0.00     0.00     0.00     0.00     0.00    0.00    0.00    0.00   0.00   0.00
2017-06-08 09:39:33 
2017-06-08 09:39:34 Device:         rrqm/s   wrqm/s     r/s     w/s    rkB/s    wkB/s avgrq-sz avgqu-sz   await r_await w_await  svctm  %util
2017-06-08 09:39:34 sda               0.00   106.00    0.00  561.00     0.00 55700.00   198.57     2.29    4.09    0.00    4.09   1.22  68.40
2017-06-08 09:39:34 scd0              0.00     0.00    0.00    0.00     0.00     0.00     0.00     0.00    0.00    0.00    0.00   0.00   0.00
2017-06-08 09:39:34 
2017-06-08 09:39:35 Device:         rrqm/s   wrqm/s     r/s     w/s    rkB/s    wkB/s avgrq-sz avgqu-sz   await r_await w_await  svctm  %util
2017-06-08 09:39:35 sda               0.00    82.00    0.00  323.00     0.00 48064.00   297.61     1.10    3.42    0.00    3.42   1.59  51.20
2017-06-08 09:39:35 scd0              0.00     0.00    0.00    0.00     0.00     0.00     0.00     0.00    0.00    0.00    0.00   0.00   0.00
2017-06-08 09:39:35 
2017-06-08 09:39:36 Device:         rrqm/s   wrqm/s     r/s     w/s    rkB/s    wkB/s avgrq-sz avgqu-sz   await r_await w_await  svctm  %util
2017-06-08 09:39:36 sda               0.00    86.00    0.00  310.00     0.00 55384.00   357.32     1.09    3.52    0.00    3.52   1.81  56.00
2017-06-08 09:39:36 scd0              0.00     0.00    0.00    0.00     0.00     0.00     0.00     0.00    0.00    0.00    0.00   0.00   0.00
2017-06-08 09:39:36 
2017-06-08 09:39:37 Device:         rrqm/s   wrqm/s     r/s     w/s    rkB/s    wkB/s avgrq-sz avgqu-sz   await r_await w_await  svctm  %util
2017-06-08 09:39:37 sda               0.00   216.00    0.00  383.00     0.00 42628.00   222.60     1.91    4.99    0.00    4.99   1.43  54.80
2017-06-08 09:39:37 scd0              0.00     0.00    0.00    0.00     0.00     0.00     0.00     0.00    0.00    0.00    0.00   0.00   0.00
2017-06-08 09:39:37 
2017-06-08 09:39:38 Device:         rrqm/s   wrqm/s     r/s     w/s    rkB/s    wkB/s avgrq-sz avgqu-sz   await r_await w_await  svctm  %util
2017-06-08 09:39:38 sda               0.00    76.00    0.00  329.00     0.00 50800.00   308.81     1.18    3.55    0.00    3.55   1.63  53.60
2017-06-08 09:39:38 scd0              0.00     0.00    0.00    0.00     0.00     0.00     0.00     0.00    0.00    0.00    0.00   0.00   0.00
2017-06-08 09:39:38 
2017-06-08 09:39:39 Device:         rrqm/s   wrqm/s     r/s     w/s    rkB/s    wkB/s avgrq-sz avgqu-sz   await r_await w_await  svctm  %util
2017-06-08 09:39:39 sda               0.00    82.00    0.00  317.00     0.00 53628.00   338.35     1.22    3.89    0.00    3.89   1.65  52.40
2017-06-08 09:39:39 scd0              0.00     0.00    0.00    0.00     0.00     0.00     0.00     0.00    0.00    0.00    0.00   0.00   0.00
2017-06-08 09:39:39 
2017-06-08 09:39:40 Device:         rrqm/s   wrqm/s     r/s     w/s    rkB/s    wkB/s avgrq-sz avgqu-sz   await r_await w_await  svctm  %util
2017-06-08 09:39:40 sda               0.00    69.00    0.00  281.00     0.00 51100.00   363.70     1.06    3.73    0.00    3.73   1.65  46.40
2017-06-08 09:39:40 scd0              0.00     0.00    0.00    0.00     0.00     0.00     0.00     0.00    0.00    0.00    0.00   0.00   0.00
2017-06-08 09:39:40 
2017-06-08 09:39:41 Device:         rrqm/s   wrqm/s     r/s     w/s    rkB/s    wkB/s avgrq-sz avgqu-sz   await r_await w_await  svctm  %util
2017-06-08 09:39:41 sda               0.00    72.00    0.00  356.00     0.00 51004.00   286.54     1.63    4.60    0.00    4.60   1.48  52.80
2017-06-08 09:39:41 scd0              0.00     0.00    0.00    0.00     0.00     0.00     0.00     0.00    0.00    0.00    0.00   0.00   0.00
2017-06-08 09:39:41 
2017-06-08 09:39:42 Device:         rrqm/s   wrqm/s     r/s     w/s    rkB/s    wkB/s avgrq-sz avgqu-sz   await r_await w_await  svctm  %util
2017-06-08 09:39:42 sda               0.00    92.00    0.00  322.00     0.00 49240.00   305.84     1.03    3.20    0.00    3.20   1.55  50.00
2017-06-08 09:39:42 scd0              0.00     0.00    0.00    0.00     0.00     0.00     0.00     0.00    0.00    0.00    0.00   0.00   0.00
2017-06-08 09:39:42 
2017-06-08 09:39:43 Device:         rrqm/s   wrqm/s     r/s     w/s    rkB/s    wkB/s avgrq-sz avgqu-sz   await r_await w_await  svctm  %util
2017-06-08 09:39:43 sda               0.00    80.00    0.00  275.00     0.00 48740.00   354.47     0.72    2.63    0.00    2.63   1.75  48.00
2017-06-08 09:39:43 scd0              0.00     0.00    0.00    0.00     0.00     0.00     0.00     0.00    0.00    0.00    0.00   0.00   0.00
2017-06-08 09:39:43 
2017-06-08 09:39:44 Device:         rrqm/s   wrqm/s     r/s     w/s    rkB/s    wkB/s avgrq-sz avgqu-sz   await r_await w_await  svctm  %util
2017-06-08 09:39:44 sda               0.00    83.00    0.00  251.00     0.00 46000.00   366.53     0.60    2.41    0.00    2.41   1.56  39.20
2017-06-08 09:39:44 scd0              0.00     0.00    0.00    0.00     0.00     0.00     0.00     0.00    0.00    0.00    0.00   0.00   0.00
2017-06-08 09:39:44 
2017-06-08 09:39:45 Device:         rrqm/s   wrqm/s     r/s     w/s    rkB/s    wkB/s avgrq-sz avgqu-sz   await r_await w_await  svctm  %util
2017-06-08 09:39:45 sda               0.00    82.00    0.00  267.00     0.00 46252.00   346.46     0.72    2.49    0.00    2.49   1.53  40.80
2017-06-08 09:39:45 scd0              0.00     0.00    0.00    0.00     0.00     0.00     0.00     0.00    0.00    0.00    0.00   0.00   0.00
2017-06-08 09:39:45 
2017-06-08 09:39:46 Device:         rrqm/s   wrqm/s     r/s     w/s    rkB/s    wkB/s avgrq-sz avgqu-sz   await r_await w_await  svctm  %util
2017-06-08 09:39:46 sda               0.00    86.00    0.00  302.00     0.00 49972.00   330.94     0.78    2.78    0.00    2.78   1.51  45.60
2017-06-08 09:39:46 scd0              0.00     0.00    0.00    0.00     0.00     0.00     0.00     0.00    0.00    0.00    0.00   0.00   0.00
2017-06-08 09:39:46 
2017-06-08 09:39:47 Device:         rrqm/s   wrqm/s     r/s     w/s    rkB/s    wkB/s avgrq-sz avgqu-sz   await r_await w_await  svctm  %util
2017-06-08 09:39:47 sda               0.00    80.00    0.00  309.00     0.00 40668.00   263.22     1.26    4.09    0.00    4.09   1.45  44.80
2017-06-08 09:39:47 scd0              0.00     0.00    0.00    0.00     0.00     0.00     0.00     0.00    0.00    0.00    0.00   0.00   0.00
2017-06-08 09:39:47 
2017-06-08 09:39:48 Device:         rrqm/s   wrqm/s     r/s     w/s    rkB/s    wkB/s avgrq-sz avgqu-sz   await r_await w_await  svctm  %util
2017-06-08 09:39:48 sda               0.00    82.00    0.00  266.00     0.00 48148.00   362.02     0.69    2.57    0.00    2.57   1.68  44.80
2017-06-08 09:39:48 scd0              0.00     0.00    0.00    0.00     0.00     0.00     0.00     0.00    0.00    0.00    0.00   0.00   0.00
2017-06-08 09:39:48 
2017-06-08 09:39:49 Device:         rrqm/s   wrqm/s     r/s     w/s    rkB/s    wkB/s avgrq-sz avgqu-sz   await r_await w_await  svctm  %util
2017-06-08 09:39:49 sda               0.00    90.00    0.00  297.00     0.00 51952.00   349.85     1.22    4.12    0.00    4.12   1.68  50.00
2017-06-08 09:39:49 scd0              0.00     0.00    0.00    0.00     0.00     0.00     0.00     0.00    0.00    0.00    0.00   0.00   0.00
2017-06-08 09:39:49 
2017-06-08 09:39:50 Device:         rrqm/s   wrqm/s     r/s     w/s    rkB/s    wkB/s avgrq-sz avgqu-sz   await r_await w_await  svctm  %util
2017-06-08 09:39:50 sda               0.00    85.00    0.00  254.00     0.00 46136.00   363.28     0.61    2.41    0.00    2.41   1.59  40.40
2017-06-08 09:39:50 scd0              0.00     0.00    0.00    0.00     0.00     0.00     0.00     0.00    0.00    0.00    0.00   0.00   0.00
2017-06-08 09:39:50 
2017-06-08 09:39:51 Device:         rrqm/s   wrqm/s     r/s     w/s    rkB/s    wkB/s avgrq-sz avgqu-sz   await r_await w_await  svctm  %util
2017-06-08 09:39:51 sda               0.00    13.00    0.00   79.00     0.00 13844.00   350.48     0.31    4.00    0.00    4.00   1.37  10.80
2017-06-08 09:39:51 scd0              0.00     0.00    0.00    0.00     0.00     0.00     0.00     0.00    0.00    0.00    0.00   0.00   0.00
2017-06-08 09:39:51 
2017-06-08 09:39:52 Device:         rrqm/s   wrqm/s     r/s     w/s    rkB/s    wkB/s avgrq-sz avgqu-sz   await r_await w_await  svctm  %util
2017-06-08 09:39:52 sda               0.00    11.00    0.00   25.00     0.00  7048.00   563.84     0.06    2.56    0.00    2.56   1.76   4.40
2017-06-08 09:39:52 scd0              0.00     0.00    0.00    0.00     0.00     0.00     0.00     0.00    0.00    0.00    0.00   0.00   0.00
2017-06-08 09:39:52 
2017-06-08 09:39:53 Device:         rrqm/s   wrqm/s     r/s     w/s    rkB/s    wkB/s avgrq-sz avgqu-sz   await r_await w_await  svctm  %util
2017-06-08 09:39:53 sda               0.00     8.00    0.00   24.00     0.00  6984.00   582.00     0.08    3.50    0.00    3.50   2.17   5.20
2017-06-08 09:39:53 scd0              0.00     0.00    0.00    0.00     0.00     0.00     0.00     0.00    0.00    0.00    0.00   0.00   0.00
2017-06-08 09:39:53 
2017-06-08 09:39:54 Device:         rrqm/s   wrqm/s     r/s     w/s    rkB/s    wkB/s avgrq-sz avgqu-sz   await r_await w_await  svctm  %util
2017-06-08 09:39:54 sda               0.00    12.00    0.00   46.00     0.00 13404.00   582.78     0.14    3.04    0.00    3.04   1.83   8.40
2017-06-08 09:39:54 scd0              0.00     0.00    0.00    0.00     0.00     0.00     0.00     0.00    0.00    0.00    0.00   0.00   0.00
2017-06-08 09:39:54 
2017-06-08 09:39:55 Device:         rrqm/s   wrqm/s     r/s     w/s    rkB/s    wkB/s avgrq-sz avgqu-sz   await r_await w_await  svctm  %util
2017-06-08 09:39:55 sda               0.00    39.00    0.00  157.00     0.00 37348.00   475.77     0.57    3.64    0.00    3.64   1.78  28.00
2017-06-08 09:39:55 scd0              0.00     0.00    0.00    0.00     0.00     0.00     0.00     0.00    0.00    0.00    0.00   0.00   0.00
2017-06-08 09:39:55 
2017-06-08 09:39:56 Device:         rrqm/s   wrqm/s     r/s     w/s    rkB/s    wkB/s avgrq-sz avgqu-sz   await r_await w_await  svctm  %util
2017-06-08 09:39:56 sda               0.00    15.00    0.00   62.00     0.00  7028.00   226.71     0.24    3.81    0.00    3.81   1.16   7.20
2017-06-08 09:39:56 scd0              0.00     0.00    0.00    0.00     0.00     0.00     0.00     0.00    0.00    0.00    0.00   0.00   0.00
2017-06-08 09:39:56 
2017-06-08 09:39:57 Device:         rrqm/s   wrqm/s     r/s     w/s    rkB/s    wkB/s avgrq-sz avgqu-sz   await r_await w_await  svctm  %util
2017-06-08 09:39:57 sda               0.00    26.00    0.00  239.00     0.00 13444.00   112.50     1.52    6.36    0.00    6.36   1.07  25.60
2017-06-08 09:39:57 scd0              0.00     0.00    0.00    0.00     0.00     0.00     0.00     0.00    0.00    0.00    0.00   0.00   0.00
2017-06-08 09:39:57 
2017-06-08 09:39:58 Device:         rrqm/s   wrqm/s     r/s     w/s    rkB/s    wkB/s avgrq-sz avgqu-sz   await r_await w_await  svctm  %util
2017-06-08 09:39:58 sda               0.00    13.00    0.00   39.00     0.00  3188.00   163.49     0.43    2.77    0.00    2.77   1.54   6.00
2017-06-08 09:39:58 scd0              0.00     0.00    0.00    0.00     0.00     0.00     0.00     0.00    0.00    0.00    0.00   0.00   0.00
2017-06-08 09:39:58 
2017-06-08 09:39:59 Device:         rrqm/s   wrqm/s     r/s     w/s    rkB/s    wkB/s avgrq-sz avgqu-sz   await r_await w_await  svctm  %util
2017-06-08 09:39:59 sda               0.00    12.00    0.00  104.00     0.00  4232.00    81.38     0.50    7.92    0.00    7.92   1.08  11.20
2017-06-08 09:39:59 scd0              0.00     0.00    0.00    0.00     0.00     0.00     0.00     0.00    0.00    0.00    0.00   0.00   0.00
2017-06-08 09:39:59 
2017-06-08 09:40:00 Device:         rrqm/s   wrqm/s     r/s     w/s    rkB/s    wkB/s avgrq-sz avgqu-sz   await r_await w_await  svctm  %util
2017-06-08 09:40:00 sda               0.00    21.00    0.00  157.00     0.00  6972.00    88.82     0.94    6.01    0.00    6.01   0.94  14.80
2017-06-08 09:40:00 scd0              0.00     0.00    0.00    0.00     0.00     0.00     0.00     0.00    0.00    0.00    0.00   0.00   0.00
2017-06-08 09:40:00 
2017-06-08 09:40:01 Device:         rrqm/s   wrqm/s     r/s     w/s    rkB/s    wkB/s avgrq-sz avgqu-sz   await r_await w_await  svctm  %util
2017-06-08 09:40:01 sda               0.00    41.00    0.00  172.00     0.00  7040.00    81.86     0.76    4.44    0.00    4.44   1.02  17.60
2017-06-08 09:40:01 scd0              0.00     0.00    0.00    0.00     0.00     0.00     0.00     0.00    0.00    0.00    0.00   0.00   0.00
2017-06-08 09:40:01 
2017-06-08 09:40:02 Device:         rrqm/s   wrqm/s     r/s     w/s    rkB/s    wkB/s avgrq-sz avgqu-sz   await r_await w_await  svctm  %util
2017-06-08 09:40:02 sda               0.00    59.00    0.00  214.00     0.00  7244.00    67.70     0.76    3.55    0.00    3.55   0.82  17.60
2017-06-08 09:40:02 scd0              0.00     0.00    0.00    0.00     0.00     0.00     0.00     0.00    0.00    0.00    0.00   0.00   0.00
2017-06-08 09:40:02 
2017-06-08 09:40:03 Device:         rrqm/s   wrqm/s     r/s     w/s    rkB/s    wkB/s avgrq-sz avgqu-sz   await r_await w_await  svctm  %util
2017-06-08 09:40:03 sda               0.00   110.00    0.00  254.00     0.00  7652.00    60.25     0.88    3.46    0.00    3.46   0.77  19.60
2017-06-08 09:40:03 scd0              0.00     0.00    0.00    0.00     0.00     0.00     0.00     0.00    0.00    0.00    0.00   0.00   0.00
2017-06-08 09:40:03 
2017-06-08 09:40:04 Device:         rrqm/s   wrqm/s     r/s     w/s    rkB/s    wkB/s avgrq-sz avgqu-sz   await r_await w_await  svctm  %util
2017-06-08 09:40:04 sda               0.00    76.00    0.00  246.00     0.00  7364.00    59.87     1.26    5.14    0.00    5.14   0.85  20.80
2017-06-08 09:40:04 scd0              0.00     0.00    0.00    0.00     0.00     0.00     0.00     0.00    0.00    0.00    0.00   0.00   0.00
2017-06-08 09:40:04 
2017-06-08 09:40:05 Device:         rrqm/s   wrqm/s     r/s     w/s    rkB/s    wkB/s avgrq-sz avgqu-sz   await r_await w_await  svctm  %util
2017-06-08 09:40:05 sda               0.00    33.00    0.00  482.00     0.00 16180.00    67.14     1.92    3.98    0.00    3.98   0.84  40.40
2017-06-08 09:40:05 scd0              0.00     0.00    0.00    0.00     0.00     0.00     0.00     0.00    0.00    0.00    0.00   0.00   0.00
2017-06-08 09:40:05 
2017-06-08 09:40:06 Device:         rrqm/s   wrqm/s     r/s     w/s    rkB/s    wkB/s avgrq-sz avgqu-sz   await r_await w_await  svctm  %util
2017-06-08 09:40:06 sda               0.00     6.00    0.00   28.00     0.00   768.00    54.86     0.03    1.14    0.00    1.14   0.57   1.60
2017-06-08 09:40:06 scd0              0.00     0.00    0.00    0.00     0.00     0.00     0.00     0.00    0.00    0.00    0.00   0.00   0.00
2017-06-08 09:40:06 
2017-06-08 09:40:07 Device:         rrqm/s   wrqm/s     r/s     w/s    rkB/s    wkB/s avgrq-sz avgqu-sz   await r_await w_await  svctm  %util
2017-06-08 09:40:07 sda               0.00    18.00    0.00  211.00     0.00  6960.00    65.97     0.66    3.11    0.00    3.11   0.83  17.60
2017-06-08 09:40:07 scd0              0.00     0.00    0.00    0.00     0.00     0.00     0.00     0.00    0.00    0.00    0.00   0.00   0.00
2017-06-08 09:40:07 
2017-06-08 09:40:08 Device:         rrqm/s   wrqm/s     r/s     w/s    rkB/s    wkB/s avgrq-sz avgqu-sz   await r_await w_await  svctm  %util
2017-06-08 09:40:08 sda               0.00    19.00    0.00  190.00     0.00  6940.00    73.05     0.80    4.23    0.00    4.23   0.95  18.00
2017-06-08 09:40:08 scd0              0.00     0.00    0.00    0.00     0.00     0.00     0.00     0.00    0.00    0.00    0.00   0.00   0.00
2017-06-08 09:40:08 
2017-06-08 09:40:09 Device:         rrqm/s   wrqm/s     r/s     w/s    rkB/s    wkB/s avgrq-sz avgqu-sz   await r_await w_await  svctm  %util
2017-06-08 09:40:09 sda               0.00    22.00    0.00  214.00     0.00  6892.00    64.41     0.79    3.68    0.00    3.68   0.90  19.20
2017-06-08 09:40:09 scd0              0.00     0.00    0.00    0.00     0.00     0.00     0.00     0.00    0.00    0.00    0.00   0.00   0.00
2017-06-08 09:40:09 
2017-06-08 09:40:10 Device:         rrqm/s   wrqm/s     r/s     w/s    rkB/s    wkB/s avgrq-sz avgqu-sz   await r_await w_await  svctm  %util
2017-06-08 09:40:10 sda               0.00    19.00    0.00  219.00     0.00  6880.00    62.83     0.90    4.11    0.00    4.11   0.91  20.00
2017-06-08 09:40:10 scd0              0.00     0.00    0.00    0.00     0.00     0.00     0.00     0.00    0.00    0.00    0.00   0.00   0.00
2017-06-08 09:40:10 
2017-06-08 09:40:11 Device:         rrqm/s   wrqm/s     r/s     w/s    rkB/s    wkB/s avgrq-sz avgqu-sz   await r_await w_await  svctm  %util
2017-06-08 09:40:11 sda               0.00    20.00    0.00  208.00     0.00  6908.00    66.42     0.77    3.71    0.00    3.71   0.90  18.80
2017-06-08 09:40:11 scd0              0.00     0.00    0.00    0.00     0.00     0.00     0.00     0.00    0.00    0.00    0.00   0.00   0.00
2017-06-08 09:40:11 
2017-06-08 09:40:12 Device:         rrqm/s   wrqm/s     r/s     w/s    rkB/s    wkB/s avgrq-sz avgqu-sz   await r_await w_await  svctm  %util
2017-06-08 09:40:12 sda               0.00    23.00    0.00  214.00     0.00  6840.00    63.93     0.73    3.40    0.00    3.40   0.86  18.40
2017-06-08 09:40:12 scd0              0.00     0.00    0.00    0.00     0.00     0.00     0.00     0.00    0.00    0.00    0.00   0.00   0.00
2017-06-08 09:40:12 
2017-06-08 09:40:13 Device:         rrqm/s   wrqm/s     r/s     w/s    rkB/s    wkB/s avgrq-sz avgqu-sz   await r_await w_await  svctm  %util
2017-06-08 09:40:13 sda               0.00    17.00    0.00  159.00     0.00  5724.00    72.00     0.77    4.88    0.00    4.88   0.96  15.20
2017-06-08 09:40:13 scd0              0.00     0.00    0.00    0.00     0.00     0.00     0.00     0.00    0.00    0.00    0.00   0.00   0.00
2017-06-08 09:40:13 
2017-06-08 09:40:14 Device:         rrqm/s   wrqm/s     r/s     w/s    rkB/s    wkB/s avgrq-sz avgqu-sz   await r_await w_await  svctm  %util
2017-06-08 09:40:14 sda               0.00    19.00    0.00  241.00     0.00  7184.00    59.62     1.00    4.15    0.00    4.15   0.86  20.80
2017-06-08 09:40:14 scd0              0.00     0.00    0.00    0.00     0.00     0.00     0.00     0.00    0.00    0.00    0.00   0.00   0.00
2017-06-08 09:40:14 
2017-06-08 09:40:15 Device:         rrqm/s   wrqm/s     r/s     w/s    rkB/s    wkB/s avgrq-sz avgqu-sz   await r_await w_await  svctm  %util
2017-06-08 09:40:15 sda               0.00    13.00    0.00   69.00     0.00  2828.00    81.97     0.16    2.32    0.00    2.32   0.87   6.00
2017-06-08 09:40:15 scd0              0.00     0.00    0.00    0.00     0.00     0.00     0.00     0.00    0.00    0.00    0.00   0.00   0.00
2017-06-08 09:40:15 
2017-06-08 09:40:16 Device:         rrqm/s   wrqm/s     r/s     w/s    rkB/s    wkB/s avgrq-sz avgqu-sz   await r_await w_await  svctm  %util
2017-06-08 09:40:16 sda               0.00    42.00    0.00  694.00     0.00 20104.00    57.94     3.95    5.69    0.00    5.69   0.92  63.60
2017-06-08 09:40:16 scd0              0.00     0.00    0.00    0.00     0.00     0.00     0.00     0.00    0.00    0.00    0.00   0.00   0.00
2017-06-08 09:40:16 
2017-06-08 09:40:17 Device:         rrqm/s   wrqm/s     r/s     w/s    rkB/s    wkB/s avgrq-sz avgqu-sz   await r_await w_await  svctm  %util
2017-06-08 09:40:17 sda               0.00    18.00    0.00  215.00     0.00  6820.00    63.44     1.06    4.91    0.00    4.91   1.00  21.60
2017-06-08 09:40:17 scd0              0.00     0.00    0.00    0.00     0.00     0.00     0.00     0.00    0.00    0.00    0.00   0.00   0.00
2017-06-08 09:40:17 
2017-06-08 09:40:18 Device:         rrqm/s   wrqm/s     r/s     w/s    rkB/s    wkB/s avgrq-sz avgqu-sz   await r_await w_await  svctm  %util
2017-06-08 09:40:18 sda               0.00    18.00    0.00  176.00     0.00  6280.00    71.36     0.73    4.09    0.00    4.09   0.93  16.40
2017-06-08 09:40:18 scd0              0.00     0.00    0.00    0.00     0.00     0.00     0.00     0.00    0.00    0.00    0.00   0.00   0.00
2017-06-08 09:40:18 
2017-06-08 09:40:19 Device:         rrqm/s   wrqm/s     r/s     w/s    rkB/s    wkB/s avgrq-sz avgqu-sz   await r_await w_await  svctm  %util
2017-06-08 09:40:19 sda               0.00    48.00    0.00   97.00     0.00  3368.00    69.44     0.36    3.84    0.00    3.84   0.82   8.00
2017-06-08 09:40:19 scd0              0.00     0.00    0.00    0.00     0.00     0.00     0.00     0.00    0.00    0.00    0.00   0.00   0.00
2017-06-08 09:40:19 
2017-06-08 09:40:20 Device:         rrqm/s   wrqm/s     r/s     w/s    rkB/s    wkB/s avgrq-sz avgqu-sz   await r_await w_await  svctm  %util
2017-06-08 09:40:20 sda               0.00    11.00    0.00  199.00     0.00  4556.00    45.79     0.97    4.88    0.00    4.88   0.82  16.40
2017-06-08 09:40:20 scd0              0.00     0.00    0.00    0.00     0.00     0.00     0.00     0.00    0.00    0.00    0.00   0.00   0.00
2017-06-08 09:40:20 
2017-06-08 09:40:21 Device:         rrqm/s   wrqm/s     r/s     w/s    rkB/s    wkB/s avgrq-sz avgqu-sz   await r_await w_await  svctm  %util
2017-06-08 09:40:21 sda               0.00    49.00    0.00  254.00     0.00  7076.00    55.72     1.23    4.85    0.00    4.85   0.88  22.40
2017-06-08 09:40:21 scd0              0.00     0.00    0.00    0.00     0.00     0.00     0.00     0.00    0.00    0.00    0.00   0.00   0.00
2017-06-08 09:40:21 
2017-06-08 09:40:22 Device:         rrqm/s   wrqm/s     r/s     w/s    rkB/s    wkB/s avgrq-sz avgqu-sz   await r_await w_await  svctm  %util
2017-06-08 09:40:22 sda               0.00    31.00    0.00  228.00     0.00  6800.00    59.65     0.75    3.28    0.00    3.28   0.88  20.00
2017-06-08 09:40:22 scd0              0.00     0.00    0.00    0.00     0.00     0.00     0.00     0.00    0.00    0.00    0.00   0.00   0.00
2017-06-08 09:40:22 
2017-06-08 09:40:23 Device:         rrqm/s   wrqm/s     r/s     w/s    rkB/s    wkB/s avgrq-sz avgqu-sz   await r_await w_await  svctm  %util
2017-06-08 09:40:23 sda               0.00    18.00    0.00  228.00     0.00  6688.00    58.67     0.88    3.86    0.00    3.86   0.84  19.20
2017-06-08 09:40:23 scd0              0.00     0.00    0.00    0.00     0.00     0.00     0.00     0.00    0.00    0.00    0.00   0.00   0.00
2017-06-08 09:40:23 
2017-06-08 09:40:24 Device:         rrqm/s   wrqm/s     r/s     w/s    rkB/s    wkB/s avgrq-sz avgqu-sz   await r_await w_await  svctm  %util
2017-06-08 09:40:24 sda               0.00    31.00    0.00  233.00     0.00  6752.00    57.96     0.82    3.50    0.00    3.50   0.88  20.40
2017-06-08 09:40:24 scd0              0.00     0.00    0.00    0.00     0.00     0.00     0.00     0.00    0.00    0.00    0.00   0.00   0.00
2017-06-08 09:40:24 
2017-06-08 09:40:25 Device:         rrqm/s   wrqm/s     r/s     w/s    rkB/s    wkB/s avgrq-sz avgqu-sz   await r_await w_await  svctm  %util
2017-06-08 09:40:25 sda               0.00    32.00    0.00  462.00     0.00 13952.00    60.40     2.25    4.85    0.00    4.85   0.94  43.60
2017-06-08 09:40:25 scd0              0.00     0.00    0.00    0.00     0.00     0.00     0.00     0.00    0.00    0.00    0.00   0.00   0.00
2017-06-08 09:40:25 
2017-06-08 09:40:26 Device:         rrqm/s   wrqm/s     r/s     w/s    rkB/s    wkB/s avgrq-sz avgqu-sz   await r_await w_await  svctm  %util
2017-06-08 09:40:26 sda               0.00    21.00    0.00  329.00     0.00  9160.00    55.68     1.51    4.62    0.00    4.62   0.88  28.80
2017-06-08 09:40:26 scd0              0.00     0.00    0.00    0.00     0.00     0.00     0.00     0.00    0.00    0.00    0.00   0.00   0.00
2017-06-08 09:40:26 
2017-06-08 09:40:27 Device:         rrqm/s   wrqm/s     r/s     w/s    rkB/s    wkB/s avgrq-sz avgqu-sz   await r_await w_await  svctm  %util
2017-06-08 09:40:27 sda               0.00    15.84    0.00  233.66     0.00  6455.45    55.25     1.15    4.93    0.00    4.93   0.90  20.99
2017-06-08 09:40:27 scd0              0.00     0.00    0.00    0.00     0.00     0.00     0.00     0.00    0.00    0.00    0.00   0.00   0.00
2017-06-08 09:40:27 
2017-06-08 09:40:28 Device:         rrqm/s   wrqm/s     r/s     w/s    rkB/s    wkB/s avgrq-sz avgqu-sz   await r_await w_await  svctm  %util
2017-06-08 09:40:28 sda               0.00    13.00    0.00  232.00     0.00  6496.00    56.00     1.00    4.31    0.00    4.31   0.95  22.00
2017-06-08 09:40:28 scd0              0.00     0.00    0.00    0.00     0.00     0.00     0.00     0.00    0.00    0.00    0.00   0.00   0.00
2017-06-08 09:40:28 
2017-06-08 09:40:29 Device:         rrqm/s   wrqm/s     r/s     w/s    rkB/s    wkB/s avgrq-sz avgqu-sz   await r_await w_await  svctm  %util
2017-06-08 09:40:29 sda               0.00    11.00    0.00  230.00     0.00  6488.00    56.42     1.38    5.98    0.00    5.98   1.01  23.20
2017-06-08 09:40:29 scd0              0.00     0.00    0.00    0.00     0.00     0.00     0.00     0.00    0.00    0.00    0.00   0.00   0.00
2017-06-08 09:40:29 
2017-06-08 09:40:30 Device:         rrqm/s   wrqm/s     r/s     w/s    rkB/s    wkB/s avgrq-sz avgqu-sz   await r_await w_await  svctm  %util
2017-06-08 09:40:30 sda               0.00    31.00    0.00  230.00     0.00  6508.00    56.59     1.30    5.67    0.00    5.67   1.06  24.40
2017-06-08 09:40:30 scd0              0.00     0.00    0.00    0.00     0.00     0.00     0.00     0.00    0.00    0.00    0.00   0.00   0.00
2017-06-08 09:40:30 
2017-06-08 09:40:31 Device:         rrqm/s   wrqm/s     r/s     w/s    rkB/s    wkB/s avgrq-sz avgqu-sz   await r_await w_await  svctm  %util
2017-06-08 09:40:31 sda               0.00    13.00    0.00   65.00     0.00  2784.00    85.66     0.24    3.45    0.00    3.45   0.98   6.40
2017-06-08 09:40:31 scd0              0.00     0.00    0.00    0.00     0.00     0.00     0.00     0.00    0.00    0.00    0.00   0.00   0.00
2017-06-08 09:40:31 
2017-06-08 09:40:32 Device:         rrqm/s   wrqm/s     r/s     w/s    rkB/s    wkB/s avgrq-sz avgqu-sz   await r_await w_await  svctm  %util
2017-06-08 09:40:32 sda               0.00     6.00    0.00  183.00     0.00  3828.00    41.84     1.14    6.34    0.00    6.34   0.87  16.00
2017-06-08 09:40:32 scd0              0.00     0.00    0.00    0.00     0.00     0.00     0.00     0.00    0.00    0.00    0.00   0.00   0.00
2017-06-08 09:40:32 
2017-06-08 09:40:33 Device:         rrqm/s   wrqm/s     r/s     w/s    rkB/s    wkB/s avgrq-sz avgqu-sz   await r_await w_await  svctm  %util
2017-06-08 09:40:33 sda               0.00    10.00    0.00  236.00     0.00  6484.00    54.95     1.30    5.51    0.00    5.51   0.95  22.40
2017-06-08 09:40:33 scd0              0.00     0.00    0.00    0.00     0.00     0.00     0.00     0.00    0.00    0.00    0.00   0.00   0.00
2017-06-08 09:40:33 
2017-06-08 09:40:34 Device:         rrqm/s   wrqm/s     r/s     w/s    rkB/s    wkB/s avgrq-sz avgqu-sz   await r_await w_await  svctm  %util
2017-06-08 09:40:34 sda               0.00    14.00    0.00  236.00     0.00  6296.00    53.36     1.41    5.97    0.00    5.97   0.95  22.40
2017-06-08 09:40:34 scd0              0.00     0.00    0.00    0.00     0.00     0.00     0.00     0.00    0.00    0.00    0.00   0.00   0.00
2017-06-08 09:40:34 
2017-06-08 09:40:35 Device:         rrqm/s   wrqm/s     r/s     w/s    rkB/s    wkB/s avgrq-sz avgqu-sz   await r_await w_await  svctm  %util
2017-06-08 09:40:35 sda               0.00     6.00    0.00   26.00     0.00   552.00    42.46     0.07    2.62    0.00    2.62   1.08   2.80
2017-06-08 09:40:35 scd0              0.00     0.00    0.00    0.00     0.00     0.00     0.00     0.00    0.00    0.00    0.00   0.00   0.00
2017-06-08 09:40:35 
2017-06-08 09:40:36 Device:         rrqm/s   wrqm/s     r/s     w/s    rkB/s    wkB/s avgrq-sz avgqu-sz   await r_await w_await  svctm  %util
2017-06-08 09:40:36 sda               0.00     1.00    0.00    3.00     0.00    16.00    10.67     0.00    0.00    0.00    0.00   0.00   0.00
2017-06-08 09:40:36 scd0              0.00     0.00    0.00    0.00     0.00     0.00     0.00     0.00    0.00    0.00    0.00   0.00   0.00
2017-06-08 09:40:36 
2017-06-08 09:40:37 Device:         rrqm/s   wrqm/s     r/s     w/s    rkB/s    wkB/s avgrq-sz avgqu-sz   await r_await w_await  svctm  %util
2017-06-08 09:40:37 sda               0.00     0.00    0.00    0.00     0.00     0.00     0.00     0.00    0.00    0.00    0.00   0.00   0.00
2017-06-08 09:40:37 scd0              0.00     0.00    0.00    0.00     0.00     0.00     0.00     0.00    0.00    0.00    0.00   0.00   0.00
2017-06-08 09:40:37 
2017-06-08 09:40:38 Device:         rrqm/s   wrqm/s     r/s     w/s    rkB/s    wkB/s avgrq-sz avgqu-sz   await r_await w_await  svctm  %util
2017-06-08 09:40:38 sda               0.00     0.00    0.00    0.00     0.00     0.00     0.00     0.00    0.00    0.00    0.00   0.00   0.00
2017-06-08 09:40:38 scd0              0.00     0.00    0.00    0.00     0.00     0.00     0.00     0.00    0.00    0.00    0.00   0.00   0.00
2017-06-08 09:40:38 
2017-06-08 09:40:39 Device:         rrqm/s   wrqm/s     r/s     w/s    rkB/s    wkB/s avgrq-sz avgqu-sz   await r_await w_await  svctm  %util
2017-06-08 09:40:39 sda               0.00     0.00    0.00    1.00     0.00     4.00     8.00     0.00    0.00    0.00    0.00   0.00   0.00
2017-06-08 09:40:39 scd0              0.00     0.00    0.00    0.00     0.00     0.00     0.00     0.00    0.00    0.00    0.00   0.00   0.00
2017-06-08 09:40:39 
2017-06-08 09:40:40 Device:         rrqm/s   wrqm/s     r/s     w/s    rkB/s    wkB/s avgrq-sz avgqu-sz   await r_await w_await  svctm  %util
2017-06-08 09:40:40 sda               0.00     0.00    0.00    0.00     0.00     0.00     0.00     0.00    0.00    0.00    0.00   0.00   0.00
2017-06-08 09:40:40 scd0              0.00     0.00    0.00    0.00     0.00     0.00     0.00     0.00    0.00    0.00    0.00   0.00   0.00
2017-06-08 09:40:40 
2017-06-08 09:40:41 Device:         rrqm/s   wrqm/s     r/s     w/s    rkB/s    wkB/s avgrq-sz avgqu-sz   await r_await w_await  svctm  %util
2017-06-08 09:40:41 sda               0.00     0.00    0.00    0.00     0.00     0.00     0.00     0.00    0.00    0.00    0.00   0.00   0.00
2017-06-08 09:40:41 scd0              0.00     0.00    0.00    0.00     0.00     0.00     0.00     0.00    0.00    0.00    0.00   0.00   0.00
2017-06-08 09:40:41 
2017-06-08 09:40:42 Device:         rrqm/s   wrqm/s     r/s     w/s    rkB/s    wkB/s avgrq-sz avgqu-sz   await r_await w_await  svctm  %util
2017-06-08 09:40:42 sda               0.00     0.00    0.00    0.00     0.00     0.00     0.00     0.00    0.00    0.00    0.00   0.00   0.00
2017-06-08 09:40:42 scd0              0.00     0.00    0.00    0.00     0.00     0.00     0.00     0.00    0.00    0.00    0.00   0.00   0.00
2017-06-08 09:40:42 
2017-06-08 09:40:43 Device:         rrqm/s   wrqm/s     r/s     w/s    rkB/s    wkB/s avgrq-sz avgqu-sz   await r_await w_await  svctm  %util
2017-06-08 09:40:43 sda               0.00     0.00    0.00    0.00     0.00     0.00     0.00     0.00    0.00    0.00    0.00   0.00   0.00
2017-06-08 09:40:43 scd0              0.00     0.00    0.00    0.00     0.00     0.00     0.00     0.00    0.00    0.00    0.00   0.00   0.00
2017-06-08 09:40:43 
2017-06-08 09:40:44 Device:         rrqm/s   wrqm/s     r/s     w/s    rkB/s    wkB/s avgrq-sz avgqu-sz   await r_await w_await  svctm  %util
2017-06-08 09:40:44 sda               0.00    10.00    0.00    3.00     0.00    64.00    42.67     0.00    1.33    0.00    1.33   1.33   0.40
2017-06-08 09:40:44 scd0              0.00     0.00    0.00    0.00     0.00     0.00     0.00     0.00    0.00    0.00    0.00   0.00   0.00
2017-06-08 09:40:44 
2017-06-08 09:40:45 Device:         rrqm/s   wrqm/s     r/s     w/s    rkB/s    wkB/s avgrq-sz avgqu-sz   await r_await w_await  svctm  %util
2017-06-08 09:40:45 sda               0.00    12.00    0.00   23.00     0.00   444.00    38.61     0.05    2.09    0.00    2.09   0.87   2.00
2017-06-08 09:40:45 scd0              0.00     0.00    0.00    0.00     0.00     0.00     0.00     0.00    0.00    0.00    0.00   0.00   0.00
2017-06-08 09:40:45 
2017-06-08 09:40:46 Device:         rrqm/s   wrqm/s     r/s     w/s    rkB/s    wkB/s avgrq-sz avgqu-sz   await r_await w_await  svctm  %util
2017-06-08 09:40:46 sda               0.00     1.00    0.00    3.00     0.00    16.00    10.67     0.00    0.00    0.00    0.00   0.00   0.00
2017-06-08 09:40:46 scd0              0.00     0.00    0.00    0.00     0.00     0.00     0.00     0.00    0.00    0.00    0.00   0.00   0.00
2017-06-08 09:40:46 
2017-06-08 09:40:47 Device:         rrqm/s   wrqm/s     r/s     w/s    rkB/s 